TDR Style initialized

Processing MakeAllDCdata.C+("root://cmseos.fnal.gov//store/user/lpcsusyhad/SusyRA2Analysis2015/Skims/Run2ProductionV16","signal","input/input_RA2bin_DC_data.txt","input/input_sets_DC_data.txt","datacards/data_althemveto/")...
signal
MET_2018D_ra2bin2018HEM
--------------------------------------------------------
Selection: ra2bin2018HEM
Selector      Raw # Events  Abs. Eff. (%)  Rel. Eff. (%)
NEventProc          278321
HLT                 259684          93.30          93.30
METFilter           258238          92.78          99.44
Blind               258238          92.78         100.00
ExtraFilter         166747          59.91          64.57
RA2Bin               26677           9.58          16.00
MET_2018D_ra2bin2018HEM-alt1
-------------------------------------------------------------
Selection: ra2bin2018HEM-alt1
Selector           Raw # Events  Abs. Eff. (%)  Rel. Eff. (%)
NEventProc               278321
HLT                      259684          93.30          93.30
METFilter                258238          92.78          99.44
Blind                    258238          92.78         100.00
ExtraFilter              208466          74.90          80.73
DeltaPhiExtended         166668          59.88          79.95
RA2Bin                    27274           9.80          16.36
MET_2018D_ra2bin2018HEM-alt2
--------------------------------------------------------
Selection: ra2bin2018HEM-alt2
Selector      Raw # Events  Abs. Eff. (%)  Rel. Eff. (%)
NEventProc          278321
HLT                 259684          93.30          93.30
METFilter           258238          92.78          99.44
Blind               258238          92.78         100.00
ExtraFilter         208466          74.90          80.73
HEMDPhiVeto         158224          56.85          75.90
RA2Bin               26052           9.36          16.47
RA2bin yield:
data2018HEM_ra2bin2018HEM: 26677.00 +/- 163.33
data2018HEM_ra2bin2018HEM-alt1: 27274.00 +/- 165.15
data2018HEM_ra2bin2018HEM-alt2: 26052.00 +/- 161.41

