
Processing ../src/RA2bin_driver.C...
...using style 'Plain'
gJets data filename = ../datFiles/gJets_2018v16_DRRun2wt_signal.dat, lumi = 21.1
../datFiles/DR_Run2v16_HT17wt_ZptWt_noPU_DRRun2wt_signal.dat
DRscaleErr = 0.0069, DY0bPurErr = 0.0109, DYtrigEffErr = 0, LeptonSFerr = 0.0213, btagSFerr = 0.005
1  Ngobs = 37229  ZgR = 0.416 (0.5%)  gEtrg =  1 (0.7+/-2%)  gSF =  1 (4.5%)  gFdir = 0.969 (+0.2-0.2+/-30%)  gPur = 0.932 (1.9%)  ZgDR = 1.0016 (+1.28-1.1%)
2  Ngobs = 2201  ZgR = 0.409 (0.9%)  gEtrg =  1 (0.7+/-2%)  gSF =  1 (4.5%)  gFdir = 0.973 (+0.4-0.4+/-30%)  gPur = 0.932 (1.9%)  ZgDR = 1.0016 (+1.32-1.1%)
3  Ngobs = 114  ZgR = 0.465 (3.6%)  gEtrg =  1 (0.7+/-2%)  gSF =  1 (4.2%)  gFdir = 0.979 (+0.5-0.5+/-30%)  gPur = 0.931 (1.9%)  ZgDR = 1.0016 (+5-4.15%)
4  Ngobs = 32148  ZgR = 0.428 (0.4%)  gEtrg =  1 (0.7+/-2%)  gSF =  1 (4.3%)  gFdir = 0.977 (+0.2-0.2+/-30%)  gPur = 0.944 (1.4%)  ZgDR = 1.0016 (+1.07-0.64%)
5  Ngobs = 6078  ZgR = 0.421 (0.6%)  gEtrg =  1 (0.7+/-2%)  gSF =  1 (4.3%)  gFdir = 0.969 (+0.2-0.2+/-30%)  gPur = 0.944 (1.4%)  ZgDR = 1.0016 (+1.32-0.95%)
6  Ngobs = 292  ZgR = 0.423 (2.4%)  gEtrg =  1 (0.7+/-2%)  gSF =  1 (4.2%)  gFdir = 0.978 (+0.3-0.3+/-30%)  gPur = 0.944 (1.4%)  ZgDR = 1.0016 (+5-4.15%)
7  Ngobs = 2624  ZgR = 0.429 (0.8%)  gEtrg =  1 (0.6+/-2%)  gSF =  1 (4.1%)  gFdir = 0.985 (+0.2-0.2+/-30%)  gPur = 0.965 (0.9%)  ZgDR = 1.0016 (+5.31-5.03%)
8  Ngobs = 83  ZgR = 0.411 (4.3%)  gEtrg =  1 (0.6+/-2%)  gSF =  1 (4%)  gFdir = 0.984 (+0.4-0.4+/-30%)  gPur = 0.967 (0.8%)  ZgDR = 1.0016 (+5.31-5.03%)
9  Ngobs = 404  ZgR = 0.537 (2%)  gEtrg =  1 (0.6+/-2%)  gSF =  1 (3.9%)  gFdir = 0.989 (+0.2-0.2+/-30%)  gPur = 0.967 (0.8%)  ZgDR = 1.0016 (+8.79-8.35%)
10  Ngobs = 18  ZgR = 0.604 (10.8%)  gEtrg =  1 (0.6+/-2%)  gSF =  1 (3.7%)  gFdir = 0.991 (+0.6-0.6+/-30%)  gPur = 0.969 (0.7%)  ZgDR = 1.0016 (+8.79-8.35%)
11  Ngobs = 6507  ZgR = 0.426 (1%)  gEtrg =  1 (0.7+/-2%)  gSF =  1 (4.5%)  gFdir = 0.924 (+0.8-0.8+/-30%)  gPur = 0.932 (2%)  ZgDR = 1.0016 (+2.91-2.7%)
12  Ngobs = 1752  ZgR = 0.397 (1.1%)  gEtrg =  1 (0.7+/-2%)  gSF =  1 (4.5%)  gFdir = 0.901 (+1-1+/-30%)  gPur = 0.932 (1.9%)  ZgDR = 1.0016 (+2.91-2.7%)
13  Ngobs = 149  ZgR = 0.436 (3.7%)  gEtrg =  1 (0.7+/-2%)  gSF =  1 (4.4%)  gFdir = 0.945 (+0.8-0.8+/-30%)  gPur = 0.932 (1.9%)  ZgDR = 1.0016 (+5-4.15%)
14  Ngobs = 5216  ZgR = 0.418 (1%)  gEtrg =  1 (0.7+/-2%)  gSF =  1 (4.4%)  gFdir = 0.949 (+0.6-0.6+/-30%)  gPur = 0.943 (1.4%)  ZgDR = 1.0016 (+2.91-2.7%)
15  Ngobs = 4077  ZgR = 0.408 (0.7%)  gEtrg =  1 (0.7+/-2%)  gSF =  1 (4.4%)  gFdir = 0.928 (+0.5-0.5+/-30%)  gPur = 0.944 (1.4%)  ZgDR = 1.0016 (+2.91-2.7%)
16  Ngobs = 300  ZgR = 0.41 (2.4%)  gEtrg =  1 (0.7+/-2%)  gSF =  1 (4.3%)  gFdir = 0.932 (+0.7-0.7+/-30%)  gPur = 0.944 (1.4%)  ZgDR = 1.0016 (+5-4.15%)
17  Ngobs = 749  ZgR = 0.391 (1.6%)  gEtrg =  1 (0.6+/-2%)  gSF =  1 (4.1%)  gFdir = 0.966 (+0.4-0.4+/-30%)  gPur = 0.965 (0.9%)  ZgDR = 1.0016 (+5.31-5.03%)
18  Ngobs = 112  ZgR = 0.373 (4.3%)  gEtrg =  1 (0.6+/-2%)  gSF =  1 (4.2%)  gFdir = 0.952 (+0.8-0.8+/-30%)  gPur = 0.965 (0.9%)  ZgDR = 1.0016 (+5.31-5.03%)
19  Ngobs = 151  ZgR = 0.482 (3.6%)  gEtrg =  1 (0.6+/-2%)  gSF =  1 (3.9%)  gFdir = 0.969 (+0.5-0.5+/-30%)  gPur = 0.967 (0.8%)  ZgDR = 1.0016 (+8.79-8.35%)
20  Ngobs = 13  ZgR = 0.434 (10.4%)  gEtrg =  1 (0.6+/-2%)  gSF =  1 (4%)  gFdir = 0.951 (+1.9-1.9+/-30%)  gPur = 0.969 (0.7%)  ZgDR = 1.0016 (+8.79-8.35%)
21  Ngobs = 397  ZgR = 0.465 (4.3%)  gEtrg =  1 (0.7+/-2%)  gSF =  1 (4.5%)  gFdir = 0.907 (+3.8-3.8+/-30%)  gPur = 0.933 (2%)  ZgDR = 1.0016 (+6.58-6.31%)
22  Ngobs = 429  ZgR = 0.403 (2.6%)  gEtrg =  1 (0.7+/-2%)  gSF =  1 (4.6%)  gFdir = 0.871 (+2.5-2.5+/-30%)  gPur = 0.932 (2%)  ZgDR = 1.0016 (+6.58-6.31%)
23  Ngobs = 48  ZgR = 0.447 (6.6%)  gEtrg =  1 (0.7+/-2%)  gSF =  1 (4.7%)  gFdir = 0.888 (+3.3-3.3+/-30%)  gPur = 0.93 (1.9%)  ZgDR = 1.0016 (+6.58-6.31%)
24  Ngobs = 286  ZgR = 0.443 (4.7%)  gEtrg =  1 (0.7+/-2%)  gSF =  1 (4.7%)  gFdir = 0.973 (+1.6-1.6+/-30%)  gPur = 0.943 (1.4%)  ZgDR = 1.0016 (+6.58-6.31%)
25  Ngobs = 766  ZgR = 0.4 (1.9%)  gEtrg =  1 (0.7+/-2%)  gSF =  1 (4.4%)  gFdir = 0.893 (+1.4-1.4+/-30%)  gPur = 0.943 (1.4%)  ZgDR = 1.0016 (+6.58-6.31%)
26  Ngobs = 102  ZgR = 0.403 (4.3%)  gEtrg =  1 (0.7+/-2%)  gSF =  1 (4.4%)  gFdir = 0.888 (+1.6-1.6+/-30%)  gPur = 0.943 (1.4%)  ZgDR = 1.0016 (+6.58-6.31%)
27  Ngobs = 91  ZgR = 0.361 (4.8%)  gEtrg =  1 (0.7+/-2%)  gSF =  1 (4.1%)  gFdir = 0.929 (+2.2-2.2+/-30%)  gPur = 0.963 (0.9%)  ZgDR = 1.0016 (+6.58-6.31%)
28  Ngobs = 26  ZgR = 0.351 (7.7%)  gEtrg =  1 (0.6+/-2%)  gSF =  1 (4%)  gFdir = 0.872 (+3-3+/-30%)  gPur = 0.964 (0.9%)  ZgDR = 1.0016 (+6.58-6.31%)
29  Ngobs = 16  ZgR = 0.389 (9.8%)  gEtrg =  1 (0.7+/-2%)  gSF =  1 (3.8%)  gFdir = 0.943 (+1.9-1.9+/-30%)  gPur = 0.964 (0.9%)  ZgDR = 1.0016 (+8.79-8.35%)
30  Ngobs = 4  ZgR = 0.409 (20.5%)  gEtrg =  1 (0.6+/-2%)  gSF =  1 (3.7%)  gFdir = 0.852 (+13-13+/-30%)  gPur = 0.969 (0.7%)  ZgDR = 1.0016 (+8.79-8.35%)
31  Ngobs = 35  ZgR = 0.403 (2.6%)  gEtrg =  1 (0.7+/-2%)  gSF =  1 (4.5%)  gFdir = 0.922 (+4.7-4.7+/-30%)  gPur = 0.931 (1.9%)  ZgDR = 1.0016 (+10.38-9.99%)
32  Ngobs = 12  ZgR = 0.447 (6.6%)  gEtrg =  1 (0.6+/-2%)  gSF =  1 (4.4%)  gFdir = 0.762 (+12.6-12.6+/-30%)  gPur = 0.929 (1.8%)  ZgDR = 1.0016 (+10.38-9.99%)
33  Ngobs = 68  ZgR = 0.4 (1.9%)  gEtrg =  1 (0.8+/-2%)  gSF =  1 (4.6%)  gFdir = 0.948 (+2.5-2.5+/-30%)  gPur = 0.943 (1.5%)  ZgDR = 1.0016 (+10.38-9.99%)
34  Ngobs = 14  ZgR = 0.403 (4.3%)  gEtrg =  1 (0.7+/-2%)  gSF =  1 (4.6%)  gFdir = 0.862 (+3.6-3.6+/-30%)  gPur = 0.944 (1.4%)  ZgDR = 1.0016 (+10.38-9.99%)
35  Ngobs = 10  ZgR = 0.361 (4.8%)  gEtrg =  1 (0.6+/-2%)  gSF =  1 (4.4%)  gFdir = 0.81 (+17.6-17.6+/-30%)  gPur = 0.965 (0.9%)  ZgDR = 1.0016 (+10.38-9.99%)
36  Ngobs = 8  ZgR = 0.351 (7.7%)  gEtrg =  1 (0.6+/-2%)  gSF =  1 (3.8%)  gFdir = 0.772 (+7.7-7.7+/-30%)  gPur = 0.969 (0.7%)  ZgDR = 1.0016 (+10.38-9.99%)
37  Ngobs = 2  ZgR = 0.389 (9.8%)  gEtrg =  1 (0.6+/-2%)  gSF =  1 (3.8%)  gFdir = 0.838 (+12.4-12.4+/-30%)  gPur = 0.969 (0.7%)  ZgDR = 1.0016 (+10.38-9.99%)
38  Ngobs = 4  ZgR = 0.409 (20.5%)  gEtrg =  1 (0.6+/-2%)  gSF =  1 (2.8%)  gFdir = 0.898 (+11.4-12.5+/-30%)  gPur = 0.969 (0.7%)  ZgDR = 1.0016 (+10.38-9.99%)
39  Ngobs = 1  ZgR = 0.403 (2.6%)  gEtrg =  1 (1.2+/-2%)  gSF =  1 (4.5%)  gFdir = 0.922 (+4.7-4.7+/-30%)  gPur = 0.944 (2.4%)  ZgDR = 1.0016 (+14.09-13.56%)
40  Ngobs = 0  ZgR = 0.447 (6.6%)  gEtrg =  1 (0+/-2%)  gSF =  1 (3.9%)  gFdir = 0.762 (+12.6-12.6+/-30%)  gPur = 1 (0%)  ZgDR = 1.0016 (+14.09-13.56%)
41  Ngobs = 2  ZgR = 0.4 (1.9%)  gEtrg =  1 (0.6+/-2%)  gSF =  1 (3.4%)  gFdir = 0.948 (+2.5-2.5+/-30%)  gPur = 0.946 (1.3%)  ZgDR = 1.0016 (+14.09-13.56%)
42  Ngobs = 4  ZgR = 0.403 (4.3%)  gEtrg =  1 (0.7+/-2%)  gSF =  1 (3.5%)  gFdir = 0.862 (+3.6-3.6+/-30%)  gPur = 0.943 (1.5%)  ZgDR = 1.0016 (+14.09-13.56%)
43  Ngobs = 0  ZgR = 0.361 (4.8%)  gEtrg =  1 (0+/-2%)  gSF =  1 (4%)  gFdir = 0.81 (+17.6-17.6+/-30%)  gPur = 1 (0%)  ZgDR = 1.0016 (+14.09-13.56%)
44  Ngobs = 2  ZgR = 0.351 (7.7%)  gEtrg =  1 (0.6+/-2%)  gSF =  1 (3.8%)  gFdir = 0.772 (+7.7-7.7+/-30%)  gPur = 0.969 (0.7%)  ZgDR = 1.0016 (+14.09-13.56%)
45  Ngobs = 0  ZgR = 0.389 (9.8%)  gEtrg =  1 (0+/-2%)  gSF =  1 (0%)  gFdir = 0.838 (+12.4-12.4+/-30%)  gPur = 1 (0%)  ZgDR = 1.0016 (+14.09-13.56%)
46  Ngobs = 0  ZgR = 0.409 (20.5%)  gEtrg =  1 (0+/-2%)  gSF =  1 (2.6%)  gFdir = 0.898 (+11.4-12.5+/-30%)  gPur = 1 (0%)  ZgDR = 1.0016 (+14.09-13.56%)

1  DYvalue = 1  DYstat = 0  DYMCstat = 0  DYsysNjUp = 0  DYsysNjLow = 0  DYsysKin = 0  DYsysPur = 0.0109
2  DYvalue = 1  DYstat = 0  DYMCstat = 0  DYsysNjUp = 0  DYsysNjLow = 0  DYsysKin = 0  DYsysPur = 0.0109
3  DYvalue = 1  DYstat = 0  DYMCstat = 0  DYsysNjUp = 0  DYsysNjLow = 0  DYsysKin = 0  DYsysPur = 0.0109
4  DYvalue = 1  DYstat = 0  DYMCstat = 0  DYsysNjUp = 0  DYsysNjLow = 0  DYsysKin = 0  DYsysPur = 0.0109
5  DYvalue = 1  DYstat = 0  DYMCstat = 0  DYsysNjUp = 0  DYsysNjLow = 0  DYsysKin = 0  DYsysPur = 0.0109
6  DYvalue = 1  DYstat = 0  DYMCstat = 0  DYsysNjUp = 0  DYsysNjLow = 0  DYsysKin = 0  DYsysPur = 0.0109
7  DYvalue = 1  DYstat = 0  DYMCstat = 0  DYsysNjUp = 0  DYsysNjLow = 0  DYsysKin = 0  DYsysPur = 0.0109
8  DYvalue = 1  DYstat = 0  DYMCstat = 0  DYsysNjUp = 0  DYsysNjLow = 0  DYsysKin = 0  DYsysPur = 0.0109
9  DYvalue = 1  DYstat = 0  DYMCstat = 0  DYsysNjUp = 0  DYsysNjLow = 0  DYsysKin = 0  DYsysPur = 0.0109
10  DYvalue = 1  DYstat = 0  DYMCstat = 0  DYsysNjUp = 0  DYsysNjLow = 0  DYsysKin = 0  DYsysPur = 0.0109
11  DYvalue = 0.096  DYstat = 0.041  DYMCstat = 0  DYsysNjUp = 0  DYsysNjLow = 0  DYsysKin = 0.15  DYsysPur = 0.0122
12  DYvalue = 0.1034  DYstat = 0.041  DYMCstat = 0  DYsysNjUp = 0  DYsysNjLow = 0  DYsysKin = 0.15  DYsysPur = 0.0122
13  DYvalue = 0.1036  DYstat = 0.041  DYMCstat = 0  DYsysNjUp = 0  DYsysNjLow = 0  DYsysKin = 0.15  DYsysPur = 0.0122
14  DYvalue = 0.0958  DYstat = 0.041  DYMCstat = 0  DYsysNjUp = 0  DYsysNjLow = 0  DYsysKin = 0.15  DYsysPur = 0.0122
15  DYvalue = 0.1023  DYstat = 0.041  DYMCstat = 0  DYsysNjUp = 0  DYsysNjLow = 0  DYsysKin = 0.15  DYsysPur = 0.0122
16  DYvalue = 0.1037  DYstat = 0.041  DYMCstat = 0  DYsysNjUp = 0  DYsysNjLow = 0  DYsysKin = 0.15  DYsysPur = 0.0122
17  DYvalue = 0.0977  DYstat = 0.041  DYMCstat = 0  DYsysNjUp = 0  DYsysNjLow = 0  DYsysKin = 0.15  DYsysPur = 0.0122
18  DYvalue = 0.1027  DYstat = 0.041  DYMCstat = 0  DYsysNjUp = 0  DYsysNjLow = 0  DYsysKin = 0.15  DYsysPur = 0.0122
19  DYvalue = 0.0972  DYstat = 0.041  DYMCstat = 0  DYsysNjUp = 0  DYsysNjLow = 0  DYsysKin = 0.15  DYsysPur = 0.0122
20  DYvalue = 0.1017  DYstat = 0.041  DYMCstat = 0  DYsysNjUp = 0  DYsysNjLow = 0  DYsysKin = 0.15  DYsysPur = 0.0122
21  DYvalue = 0.0101  DYstat = 0.1185  DYMCstat = 0  DYsysNjUp = 0  DYsysNjLow = 0  DYsysKin = 0.3  DYsysPur = 0.023
22  DYvalue = 0.0132  DYstat = 0.1185  DYMCstat = 0  DYsysNjUp = 0  DYsysNjLow = 0  DYsysKin = 0.3  DYsysPur = 0.023
23  DYvalue = 0.0133  DYstat = 0.1185  DYMCstat = 0  DYsysNjUp = 0  DYsysNjLow = 0  DYsysKin = 0.3  DYsysPur = 0.023
24  DYvalue = 0.01  DYstat = 0.1185  DYMCstat = 0  DYsysNjUp = 0  DYsysNjLow = 0  DYsysKin = 0.3  DYsysPur = 0.023
25  DYvalue = 0.0128  DYstat = 0.1185  DYMCstat = 0  DYsysNjUp = 0  DYsysNjLow = 0  DYsysKin = 0.3  DYsysPur = 0.023
26  DYvalue = 0.0134  DYstat = 0.1185  DYMCstat = 0  DYsysNjUp = 0  DYsysNjLow = 0  DYsysKin = 0.3  DYsysPur = 0.023
27  DYvalue = 0.0108  DYstat = 0.1185  DYMCstat = 0  DYsysNjUp = 0  DYsysNjLow = 0  DYsysKin = 0.3  DYsysPur = 0.023
28  DYvalue = 0.0129  DYstat = 0.1185  DYMCstat = 0  DYsysNjUp = 0  DYsysNjLow = 0  DYsysKin = 0.3  DYsysPur = 0.023
29  DYvalue = 0.0106  DYstat = 0.1185  DYMCstat = 0  DYsysNjUp = 0  DYsysNjLow = 0  DYsysKin = 0.3  DYsysPur = 0.023
30  DYvalue = 0.0125  DYstat = 0.1185  DYMCstat = 0  DYsysNjUp = 0  DYsysNjLow = 0  DYsysKin = 0.3  DYsysPur = 0.023
31  DYvalue = 1  DYstat = 0  DYMCstat = 0  DYsysNjUp = 0  DYsysNjLow = 0  DYsysKin = 0  DYsysPur = 0.0112
32  DYvalue = 1  DYstat = 0  DYMCstat = 0  DYsysNjUp = 0  DYsysNjLow = 0  DYsysKin = 0  DYsysPur = 0.0112
33  DYvalue = 1  DYstat = 0  DYMCstat = 0  DYsysNjUp = 0  DYsysNjLow = 0  DYsysKin = 0  DYsysPur = 0.0112
34  DYvalue = 1  DYstat = 0  DYMCstat = 0  DYsysNjUp = 0  DYsysNjLow = 0  DYsysKin = 0  DYsysPur = 0.0112
35  DYvalue = 1  DYstat = 0  DYMCstat = 0  DYsysNjUp = 0  DYsysNjLow = 0  DYsysKin = 0  DYsysPur = 0.0112
36  DYvalue = 1  DYstat = 0  DYMCstat = 0  DYsysNjUp = 0  DYsysNjLow = 0  DYsysKin = 0  DYsysPur = 0.0112
37  DYvalue = 1  DYstat = 0  DYMCstat = 0  DYsysNjUp = 0  DYsysNjLow = 0  DYsysKin = 0  DYsysPur = 0.0112
38  DYvalue = 1  DYstat = 0  DYMCstat = 0  DYsysNjUp = 0  DYsysNjLow = 0  DYsysKin = 0  DYsysPur = 0.0112
39  DYvalue = 1  DYstat = 0  DYMCstat = 0  DYsysNjUp = 0  DYsysNjLow = 0  DYsysKin = 0  DYsysPur = 0.0112
40  DYvalue = 1  DYstat = 0  DYMCstat = 0  DYsysNjUp = 0  DYsysNjLow = 0  DYsysKin = 0  DYsysPur = 0.0112
41  DYvalue = 0.1905  DYstat = 0.0621  DYMCstat = 0  DYsysNjUp = 0  DYsysNjLow = 0  DYsysKin = 0.15  DYsysPur = 0.0145
42  DYvalue = 0.2023  DYstat = 0.0621  DYMCstat = 0  DYsysNjUp = 0  DYsysNjLow = 0  DYsysKin = 0.15  DYsysPur = 0.0145
43  DYvalue = 0.2123  DYstat = 0.0621  DYMCstat = 0  DYsysNjUp = 0  DYsysNjLow = 0  DYsysKin = 0.15  DYsysPur = 0.0145
44  DYvalue = 0.19  DYstat = 0.0621  DYMCstat = 0  DYsysNjUp = 0  DYsysNjLow = 0  DYsysKin = 0.15  DYsysPur = 0.0145
45  DYvalue = 0.2019  DYstat = 0.0621  DYMCstat = 0  DYsysNjUp = 0  DYsysNjLow = 0  DYsysKin = 0.15  DYsysPur = 0.0145
46  DYvalue = 0.2106  DYstat = 0.0621  DYMCstat = 0  DYsysNjUp = 0  DYsysNjLow = 0  DYsysKin = 0.15  DYsysPur = 0.0145
47  DYvalue = 0.1952  DYstat = 0.0621  DYMCstat = 0  DYsysNjUp = 0  DYsysNjLow = 0  DYsysKin = 0.15  DYsysPur = 0.0145
48  DYvalue = 0.2074  DYstat = 0.0621  DYMCstat = 0  DYsysNjUp = 0  DYsysNjLow = 0  DYsysKin = 0.15  DYsysPur = 0.0145
49  DYvalue = 0.1941  DYstat = 0.0621  DYMCstat = 0  DYsysNjUp = 0  DYsysNjLow = 0  DYsysKin = 0.15  DYsysPur = 0.0145
50  DYvalue = 0.2242  DYstat = 0.0621  DYMCstat = 0  DYsysNjUp = 0  DYsysNjLow = 0  DYsysKin = 0.15  DYsysPur = 0.0145
51  DYvalue = 0.0289  DYstat = 0.1397  DYMCstat = 0  DYsysNjUp = 0  DYsysNjLow = 0  DYsysKin = 0.15  DYsysPur = 0.0336
52  DYvalue = 0.0334  DYstat = 0.1397  DYMCstat = 0  DYsysNjUp = 0  DYsysNjLow = 0  DYsysKin = 0.15  DYsysPur = 0.0336
53  DYvalue = 0.0371  DYstat = 0.1397  DYMCstat = 0  DYsysNjUp = 0  DYsysNjLow = 0  DYsysKin = 0.15  DYsysPur = 0.0336
54  DYvalue = 0.0287  DYstat = 0.1397  DYMCstat = 0  DYsysNjUp = 0  DYsysNjLow = 0  DYsysKin = 0.15  DYsysPur = 0.0336
55  DYvalue = 0.0332  DYstat = 0.1397  DYMCstat = 0  DYsysNjUp = 0  DYsysNjLow = 0  DYsysKin = 0.15  DYsysPur = 0.0336
56  DYvalue = 0.0365  DYstat = 0.1397  DYMCstat = 0  DYsysNjUp = 0  DYsysNjLow = 0  DYsysKin = 0.15  DYsysPur = 0.0336
57  DYvalue = 0.0307  DYstat = 0.1397  DYMCstat = 0  DYsysNjUp = 0  DYsysNjLow = 0  DYsysKin = 0.15  DYsysPur = 0.0336
58  DYvalue = 0.0353  DYstat = 0.1397  DYMCstat = 0  DYsysNjUp = 0  DYsysNjLow = 0  DYsysKin = 0.15  DYsysPur = 0.0336
59  DYvalue = 0.0303  DYstat = 0.1397  DYMCstat = 0  DYsysNjUp = 0  DYsysNjLow = 0  DYsysKin = 0.15  DYsysPur = 0.0336
60  DYvalue = 0.0416  DYstat = 0.1397  DYMCstat = 0  DYsysNjUp = 0  DYsysNjLow = 0  DYsysKin = 0.15  DYsysPur = 0.0336
61  DYvalue = 0.0028  DYstat = 0.4479  DYMCstat = 0  DYsysNjUp = 0  DYsysNjLow = 0  DYsysKin = 0.3  DYsysPur = 0.0336
62  DYvalue = 0.003  DYstat = 0.4479  DYMCstat = 0  DYsysNjUp = 0  DYsysNjLow = 0  DYsysKin = 0.3  DYsysPur = 0.0336
63  DYvalue = 0.0032  DYstat = 0.4479  DYMCstat = 0  DYsysNjUp = 0  DYsysNjLow = 0  DYsysKin = 0.3  DYsysPur = 0.0336
64  DYvalue = 0.0028  DYstat = 0.4479  DYMCstat = 0  DYsysNjUp = 0  DYsysNjLow = 0  DYsysKin = 0.3  DYsysPur = 0.0336
65  DYvalue = 0.003  DYstat = 0.4479  DYMCstat = 0  DYsysNjUp = 0  DYsysNjLow = 0  DYsysKin = 0.3  DYsysPur = 0.0336
66  DYvalue = 0.0032  DYstat = 0.4479  DYMCstat = 0  DYsysNjUp = 0  DYsysNjLow = 0  DYsysKin = 0.3  DYsysPur = 0.0336
67  DYvalue = 0.0029  DYstat = 0.4479  DYMCstat = 0  DYsysNjUp = 0  DYsysNjLow = 0  DYsysKin = 0.3  DYsysPur = 0.0336
68  DYvalue = 0.0031  DYstat = 0.4479  DYMCstat = 0  DYsysNjUp = 0  DYsysNjLow = 0  DYsysKin = 0.3  DYsysPur = 0.0336
69  DYvalue = 0.0029  DYstat = 0.4479  DYMCstat = 0  DYsysNjUp = 0  DYsysNjLow = 0  DYsysKin = 0.3  DYsysPur = 0.0336
70  DYvalue = 0.0035  DYstat = 0.4479  DYMCstat = 0  DYsysNjUp = 0  DYsysNjLow = 0  DYsysKin = 0.3  DYsysPur = 0.0336
71  DYvalue = 1  DYstat = 0  DYMCstat = 0  DYsysNjUp = 0  DYsysNjLow = 0  DYsysKin = 0  DYsysPur = 0.0141
72  DYvalue = 1  DYstat = 0  DYMCstat = 0  DYsysNjUp = 0  DYsysNjLow = 0  DYsysKin = 0  DYsysPur = 0.0141
73  DYvalue = 1  DYstat = 0  DYMCstat = 0  DYsysNjUp = 0  DYsysNjLow = 0  DYsysKin = 0  DYsysPur = 0.0141
74  DYvalue = 1  DYstat = 0  DYMCstat = 0  DYsysNjUp = 0  DYsysNjLow = 0  DYsysKin = 0  DYsysPur = 0.0141
75  DYvalue = 1  DYstat = 0  DYMCstat = 0  DYsysNjUp = 0  DYsysNjLow = 0  DYsysKin = 0  DYsysPur = 0.0141
76  DYvalue = 1  DYstat = 0  DYMCstat = 0  DYsysNjUp = 0  DYsysNjLow = 0  DYsysKin = 0  DYsysPur = 0.0141
77  DYvalue = 1  DYstat = 0  DYMCstat = 0  DYsysNjUp = 0  DYsysNjLow = 0  DYsysKin = 0  DYsysPur = 0.0141
78  DYvalue = 1  DYstat = 0  DYMCstat = 0  DYsysNjUp = 0  DYsysNjLow = 0  DYsysKin = 0  DYsysPur = 0.0141
79  DYvalue = 1  DYstat = 0  DYMCstat = 0  DYsysNjUp = 0  DYsysNjLow = 0  DYsysKin = 0  DYsysPur = 0.0141
80  DYvalue = 1  DYstat = 0  DYMCstat = 0  DYsysNjUp = 0  DYsysNjLow = 0  DYsysKin = 0  DYsysPur = 0.0141
81  DYvalue = 0.2003  DYstat = 0.176  DYMCstat = 0  DYsysNjUp = 0  DYsysNjLow = 0  DYsysKin = 0.15  DYsysPur = 0.0245
82  DYvalue = 0.202  DYstat = 0.176  DYMCstat = 0  DYsysNjUp = 0  DYsysNjLow = 0  DYsysKin = 0.15  DYsysPur = 0.0245
83  DYvalue = 0.2034  DYstat = 0.176  DYMCstat = 0  DYsysNjUp = 0  DYsysNjLow = 0  DYsysKin = 0.15  DYsysPur = 0.0245
84  DYvalue = 0.1995  DYstat = 0.176  DYMCstat = 0  DYsysNjUp = 0  DYsysNjLow = 0  DYsysKin = 0.15  DYsysPur = 0.0245
85  DYvalue = 0.2015  DYstat = 0.176  DYMCstat = 0  DYsysNjUp = 0  DYsysNjLow = 0  DYsysKin = 0.15  DYsysPur = 0.0245
86  DYvalue = 0.2025  DYstat = 0.176  DYMCstat = 0  DYsysNjUp = 0  DYsysNjLow = 0  DYsysKin = 0.15  DYsysPur = 0.0245
87  DYvalue = 0.1997  DYstat = 0.176  DYMCstat = 0  DYsysNjUp = 0  DYsysNjLow = 0  DYsysKin = 0.15  DYsysPur = 0.0245
88  DYvalue = 0.2024  DYstat = 0.176  DYMCstat = 0  DYsysNjUp = 0  DYsysNjLow = 0  DYsysKin = 0.15  DYsysPur = 0.0245
89  DYvalue = 0.202  DYstat = 0.176  DYMCstat = 0  DYsysNjUp = 0  DYsysNjLow = 0  DYsysKin = 0.15  DYsysPur = 0.0245
90  DYvalue = 0.196  DYstat = 0.176  DYMCstat = 0  DYsysNjUp = 0  DYsysNjLow = 0  DYsysKin = 0.15  DYsysPur = 0.0245
91  DYvalue = 0.0866  DYstat = 0.2468  DYMCstat = 0  DYsysNjUp = 0  DYsysNjLow = 0  DYsysKin = 0.15  DYsysPur = 0.0484
92  DYvalue = 0.0901  DYstat = 0.2468  DYMCstat = 0  DYsysNjUp = 0  DYsysNjLow = 0  DYsysKin = 0.15  DYsysPur = 0.0484
93  DYvalue = 0.093  DYstat = 0.2468  DYMCstat = 0  DYsysNjUp = 0  DYsysNjLow = 0  DYsysKin = 0.15  DYsysPur = 0.0484
94  DYvalue = 0.0851  DYstat = 0.2468  DYMCstat = 0  DYsysNjUp = 0  DYsysNjLow = 0  DYsysKin = 0.15  DYsysPur = 0.0484
95  DYvalue = 0.0891  DYstat = 0.2468  DYMCstat = 0  DYsysNjUp = 0  DYsysNjLow = 0  DYsysKin = 0.15  DYsysPur = 0.0484
96  DYvalue = 0.0912  DYstat = 0.2468  DYMCstat = 0  DYsysNjUp = 0  DYsysNjLow = 0  DYsysKin = 0.15  DYsysPur = 0.0484
97  DYvalue = 0.0854  DYstat = 0.2468  DYMCstat = 0  DYsysNjUp = 0  DYsysNjLow = 0  DYsysKin = 0.15  DYsysPur = 0.0484
98  DYvalue = 0.0909  DYstat = 0.2468  DYMCstat = 0  DYsysNjUp = 0  DYsysNjLow = 0  DYsysKin = 0.15  DYsysPur = 0.0484
99  DYvalue = 0.09  DYstat = 0.2468  DYMCstat = 0  DYsysNjUp = 0  DYsysNjLow = 0  DYsysKin = 0.15  DYsysPur = 0.0484
100  DYvalue = 0.0781  DYstat = 0.2468  DYMCstat = 0  DYsysNjUp = 0  DYsysNjLow = 0  DYsysKin = 0.15  DYsysPur = 0.0484
101  DYvalue = 0.0097  DYstat = 0.7109  DYMCstat = 0  DYsysNjUp = 0  DYsysNjLow = 0  DYsysKin = 0.3  DYsysPur = 0.0484
102  DYvalue = 0.0112  DYstat = 0.7109  DYMCstat = 0  DYsysNjUp = 0  DYsysNjLow = 0  DYsysKin = 0.3  DYsysPur = 0.0484
103  DYvalue = 0.0125  DYstat = 0.7109  DYMCstat = 0  DYsysNjUp = 0  DYsysNjLow = 0  DYsysKin = 0.3  DYsysPur = 0.0484
104  DYvalue = 0.0091  DYstat = 0.7109  DYMCstat = 0  DYsysNjUp = 0  DYsysNjLow = 0  DYsysKin = 0.3  DYsysPur = 0.0484
105  DYvalue = 0.0108  DYstat = 0.7109  DYMCstat = 0  DYsysNjUp = 0  DYsysNjLow = 0  DYsysKin = 0.3  DYsysPur = 0.0484
106  DYvalue = 0.0117  DYstat = 0.7109  DYMCstat = 0  DYsysNjUp = 0  DYsysNjLow = 0  DYsysKin = 0.3  DYsysPur = 0.0484
107  DYvalue = 0.0092  DYstat = 0.7109  DYMCstat = 0  DYsysNjUp = 0  DYsysNjLow = 0  DYsysKin = 0.3  DYsysPur = 0.0484
108  DYvalue = 0.0116  DYstat = 0.7109  DYMCstat = 0  DYsysNjUp = 0  DYsysNjLow = 0  DYsysKin = 0.3  DYsysPur = 0.0484
109  DYvalue = 0.0112  DYstat = 0.7109  DYMCstat = 0  DYsysNjUp = 0  DYsysNjLow = 0  DYsysKin = 0.3  DYsysPur = 0.0484
110  DYvalue = 0.0061  DYstat = 0.7109  DYMCstat = 0  DYsysNjUp = 0  DYsysNjLow = 0  DYsysKin = 0.3  DYsysPur = 0.0484
111  DYvalue = 1  DYstat = 0  DYMCstat = 0  DYsysNjUp = 0  DYsysNjLow = 0  DYsysKin = 0  DYsysPur = 0.0141
112  DYvalue = 1  DYstat = 0  DYMCstat = 0  DYsysNjUp = 0  DYsysNjLow = 0  DYsysKin = 0  DYsysPur = 0.0141
113  DYvalue = 1  DYstat = 0  DYMCstat = 0  DYsysNjUp = 0  DYsysNjLow = 0  DYsysKin = 0  DYsysPur = 0.0141
114  DYvalue = 1  DYstat = 0  DYMCstat = 0  DYsysNjUp = 0  DYsysNjLow = 0  DYsysKin = 0  DYsysPur = 0.0141
115  DYvalue = 1  DYstat = 0  DYMCstat = 0  DYsysNjUp = 0  DYsysNjLow = 0  DYsysKin = 0  DYsysPur = 0.0141
116  DYvalue = 1  DYstat = 0  DYMCstat = 0  DYsysNjUp = 0  DYsysNjLow = 0  DYsysKin = 0  DYsysPur = 0.0141
117  DYvalue = 1  DYstat = 0  DYMCstat = 0  DYsysNjUp = 0  DYsysNjLow = 0  DYsysKin = 0  DYsysPur = 0.0141
118  DYvalue = 1  DYstat = 0  DYMCstat = 0  DYsysNjUp = 0  DYsysNjLow = 0  DYsysKin = 0  DYsysPur = 0.0141
119  DYvalue = 0.4406  DYstat = 0.4935  DYMCstat = 0  DYsysNjUp = 0  DYsysNjLow = 0  DYsysKin = 0.15  DYsysPur = 0.0245
120  DYvalue = 0.4463  DYstat = 0.4935  DYMCstat = 0  DYsysNjUp = 0  DYsysNjLow = 0  DYsysKin = 0.15  DYsysPur = 0.0245
121  DYvalue = 0.4378  DYstat = 0.4935  DYMCstat = 0  DYsysNjUp = 0  DYsysNjLow = 0  DYsysKin = 0.15  DYsysPur = 0.0245
122  DYvalue = 0.4554  DYstat = 0.4935  DYMCstat = 0  DYsysNjUp = 0  DYsysNjLow = 0  DYsysKin = 0.15  DYsysPur = 0.0245
123  DYvalue = 0.4445  DYstat = 0.4935  DYMCstat = 0  DYsysNjUp = 0  DYsysNjLow = 0  DYsysKin = 0.15  DYsysPur = 0.0245
124  DYvalue = 0.435  DYstat = 0.4935  DYMCstat = 0  DYsysNjUp = 0  DYsysNjLow = 0  DYsysKin = 0.15  DYsysPur = 0.0245
125  DYvalue = 0.4554  DYstat = 0.4935  DYMCstat = 0  DYsysNjUp = 0  DYsysNjLow = 0  DYsysKin = 0.15  DYsysPur = 0.0245
126  DYvalue = 0.4418  DYstat = 0.4935  DYMCstat = 0  DYsysNjUp = 0  DYsysNjLow = 0  DYsysKin = 0.15  DYsysPur = 0.0245
127  DYvalue = 0.0794  DYstat = 1.0377  DYMCstat = 0  DYsysNjUp = 0  DYsysNjLow = 0  DYsysKin = 0.15  DYsysPur = 0.0484
128  DYvalue = 0.0686  DYstat = 1.0377  DYMCstat = 0  DYsysNjUp = 0  DYsysNjLow = 0  DYsysKin = 0.15  DYsysPur = 0.0484
129  DYvalue = 0.0847  DYstat = 1.0377  DYMCstat = 0  DYsysNjUp = 0  DYsysNjLow = 0  DYsysKin = 0.15  DYsysPur = 0.0484
130  DYvalue = 0.0514  DYstat = 1.0377  DYMCstat = 0  DYsysNjUp = 0  DYsysNjLow = 0  DYsysKin = 0.15  DYsysPur = 0.0484
131  DYvalue = 0.072  DYstat = 1.0377  DYMCstat = 0  DYsysNjUp = 0  DYsysNjLow = 0  DYsysKin = 0.15  DYsysPur = 0.0484
132  DYvalue = 0.09  DYstat = 1.0377  DYMCstat = 0  DYsysNjUp = 0  DYsysNjLow = 0  DYsysKin = 0.15  DYsysPur = 0.0484
133  DYvalue = 0.0514  DYstat = 1.0377  DYMCstat = 0  DYsysNjUp = 0  DYsysNjLow = 0  DYsysKin = 0.15  DYsysPur = 0.0484
134  DYvalue = 0.0772  DYstat = 1.0377  DYMCstat = 0  DYsysNjUp = 0  DYsysNjLow = 0  DYsysKin = 0.15  DYsysPur = 0.0484
135  DYvalue = 0  DYstat = 1  DYMCstat = 0  DYsysNjUp = 0  DYsysNjLow = 0  DYsysKin = 0.3  DYsysPur = 0.0484
136  DYvalue = 0  DYstat = 1  DYMCstat = 0  DYsysNjUp = 0  DYsysNjLow = 0  DYsysKin = 0.3  DYsysPur = 0.0484
137  DYvalue = 0  DYstat = 1  DYMCstat = 0  DYsysNjUp = 0  DYsysNjLow = 0  DYsysKin = 0.3  DYsysPur = 0.0484
138  DYvalue = 0  DYstat = 1  DYMCstat = 0  DYsysNjUp = 0  DYsysNjLow = 0  DYsysKin = 0.3  DYsysPur = 0.0484
139  DYvalue = 0  DYstat = 1  DYMCstat = 0  DYsysNjUp = 0  DYsysNjLow = 0  DYsysKin = 0.3  DYsysPur = 0.0484
140  DYvalue = 0  DYstat = 1  DYMCstat = 0  DYsysNjUp = 0  DYsysNjLow = 0  DYsysKin = 0.3  DYsysPur = 0.0484
141  DYvalue = 0  DYstat = 1  DYMCstat = 0  DYsysNjUp = 0  DYsysNjLow = 0  DYsysKin = 0.3  DYsysPur = 0.0484
142  DYvalue = 0  DYstat = 1  DYMCstat = 0  DYsysNjUp = 0  DYsysNjLow = 0  DYsysKin = 0.3  DYsysPur = 0.0484
143  DYvalue = 1  DYstat = 0  DYMCstat = 0  DYsysNjUp = 0  DYsysNjLow = 0  DYsysKin = 0  DYsysPur = 0.0141
144  DYvalue = 1  DYstat = 0  DYMCstat = 0  DYsysNjUp = 0  DYsysNjLow = 0  DYsysKin = 0  DYsysPur = 0.0141
145  DYvalue = 1  DYstat = 0  DYMCstat = 0  DYsysNjUp = 0  DYsysNjLow = 0  DYsysKin = 0  DYsysPur = 0.0141
146  DYvalue = 1  DYstat = 0  DYMCstat = 0  DYsysNjUp = 0  DYsysNjLow = 0  DYsysKin = 0  DYsysPur = 0.0141
147  DYvalue = 1  DYstat = 0  DYMCstat = 0  DYsysNjUp = 0  DYsysNjLow = 0  DYsysKin = 0  DYsysPur = 0.0141
148  DYvalue = 1  DYstat = 0  DYMCstat = 0  DYsysNjUp = 0  DYsysNjLow = 0  DYsysKin = 0  DYsysPur = 0.0141
149  DYvalue = 1  DYstat = 0  DYMCstat = 0  DYsysNjUp = 0  DYsysNjLow = 0  DYsysKin = 0  DYsysPur = 0.0141
150  DYvalue = 1  DYstat = 0  DYMCstat = 0  DYsysNjUp = 0  DYsysNjLow = 0  DYsysKin = 0  DYsysPur = 0.0141
151  DYvalue = 0  DYstat = 1  DYMCstat = 0  DYsysNjUp = 0  DYsysNjLow = 0  DYsysKin = 0.15  DYsysPur = 0.0245
152  DYvalue = 0  DYstat = 1  DYMCstat = 0  DYsysNjUp = 0  DYsysNjLow = 0  DYsysKin = 0.15  DYsysPur = 0.0245
153  DYvalue = 0  DYstat = 1  DYMCstat = 0  DYsysNjUp = 0  DYsysNjLow = 0  DYsysKin = 0.15  DYsysPur = 0.0245
154  DYvalue = 0  DYstat = 1  DYMCstat = 0  DYsysNjUp = 0  DYsysNjLow = 0  DYsysKin = 0.15  DYsysPur = 0.0245
155  DYvalue = 0  DYstat = 1  DYMCstat = 0  DYsysNjUp = 0  DYsysNjLow = 0  DYsysKin = 0.15  DYsysPur = 0.0245
156  DYvalue = 0  DYstat = 1  DYMCstat = 0  DYsysNjUp = 0  DYsysNjLow = 0  DYsysKin = 0.15  DYsysPur = 0.0245
157  DYvalue = 0  DYstat = 1  DYMCstat = 0  DYsysNjUp = 0  DYsysNjLow = 0  DYsysKin = 0.15  DYsysPur = 0.0245
158  DYvalue = 0  DYstat = 1  DYMCstat = 0  DYsysNjUp = 0  DYsysNjLow = 0  DYsysKin = 0.15  DYsysPur = 0.0245
159  DYvalue = 0  DYstat = 1  DYMCstat = 0  DYsysNjUp = 0  DYsysNjLow = 0  DYsysKin = 0.15  DYsysPur = 0.0484
160  DYvalue = 0  DYstat = 1  DYMCstat = 0  DYsysNjUp = 0  DYsysNjLow = 0  DYsysKin = 0.15  DYsysPur = 0.0484
161  DYvalue = 0  DYstat = 1  DYMCstat = 0  DYsysNjUp = 0  DYsysNjLow = 0  DYsysKin = 0.15  DYsysPur = 0.0484
162  DYvalue = 0  DYstat = 1  DYMCstat = 0  DYsysNjUp = 0  DYsysNjLow = 0  DYsysKin = 0.15  DYsysPur = 0.0484
163  DYvalue = 0  DYstat = 1  DYMCstat = 0  DYsysNjUp = 0  DYsysNjLow = 0  DYsysKin = 0.15  DYsysPur = 0.0484
164  DYvalue = 0  DYstat = 1  DYMCstat = 0  DYsysNjUp = 0  DYsysNjLow = 0  DYsysKin = 0.15  DYsysPur = 0.0484
165  DYvalue = 0  DYstat = 1  DYMCstat = 0  DYsysNjUp = 0  DYsysNjLow = 0  DYsysKin = 0.15  DYsysPur = 0.0484
166  DYvalue = 0  DYstat = 1  DYMCstat = 0  DYsysNjUp = 0  DYsysNjLow = 0  DYsysKin = 0.15  DYsysPur = 0.0484
167  DYvalue = 0.4336  DYstat = 1.2247  DYMCstat = 0  DYsysNjUp = 0  DYsysNjLow = 0  DYsysKin = 0.3  DYsysPur = 0.0484
168  DYvalue = 0.4336  DYstat = 1.2247  DYMCstat = 0  DYsysNjUp = 0  DYsysNjLow = 0  DYsysKin = 0.3  DYsysPur = 0.0484
169  DYvalue = 0.4336  DYstat = 1.2247  DYMCstat = 0  DYsysNjUp = 0  DYsysNjLow = 0  DYsysKin = 0.3  DYsysPur = 0.0484
170  DYvalue = 0.4336  DYstat = 1.2247  DYMCstat = 0  DYsysNjUp = 0  DYsysNjLow = 0  DYsysKin = 0.3  DYsysPur = 0.0484
171  DYvalue = 0.4336  DYstat = 1.2247  DYMCstat = 0  DYsysNjUp = 0  DYsysNjLow = 0  DYsysKin = 0.3  DYsysPur = 0.0484
172  DYvalue = 0.4336  DYstat = 1.2247  DYMCstat = 0  DYsysNjUp = 0  DYsysNjLow = 0  DYsysKin = 0.3  DYsysPur = 0.0484
173  DYvalue = 0.4336  DYstat = 1.2247  DYMCstat = 0  DYsysNjUp = 0  DYsysNjLow = 0  DYsysKin = 0.3  DYsysPur = 0.0484
174  DYvalue = 0.4336  DYstat = 1.2247  DYMCstat = 0  DYsysNjUp = 0  DYsysNjLow = 0  DYsysKin = 0.3  DYsysPur = 0.0484


Initializing input file ../plots/histograms/ZinvMCttzMC174bin_2018v16_HT17_ZptWt.root
hzvvgJNobs,  binLabel(135) = zvvgJNobs_NJets3_MHT0_HT1
hzvvgJEtrgErr,  binLabel(135) = zvvgJEtrgErr_MHT0
hzvvgJPurErr,  binLabel(135) = zvvgJPurErr
hzvvNbCorrelUp,  binLabel(135) = zvvNbCorrelUp_NJets3_MHT0_HT1
hzvvNbCorrelLow,  binLabel(135) = zvvNbCorrelLow_NJets3_MHT0_HT1
hzvvScaleErr,  binLabel(135) = zvvScaleErr
hzvvDYstat,  binLabel(135) = zvvDYstat_NJets3_BTags3
hzvvDYMCerrUp,  binLabel(135) = zvvDYMCerrUp_NJets4_BTags3
hzvvDYMCerrLow,  binLabel(135) = zvvDYMCerrLow_NJets4_BTags3
hzvvDYsysKin,  binLabel(135) = zvvDYsysKin_NJets3_BTags3_MHT0_HT1
hzvvDYsysPur,  binLabel(135) = zvvDYsysPur_NJets2_BTags2
iJet 0 Var (err nominal, eff):  gEtrg (0.007, 4.0479e-05)  gFdir (0.00980369, 0.00207851)  gFdir (0.00980369, 0.0020789)  gPur (0.019, 0.00278717) 
iJet 0 Var (err nominal, eff):  gEtrg (0.007, 4.0479e-05)  gFdir (0.00923588, 0.00264632)  gFdir (0.00923588, 0.00264671)  gPur (0.019, 0.00278717) 
iJet 0 Var (err nominal, eff):  gEtrg (0.007, 4.0479e-05)  gFdir (0.00814931, 0.00373289)  gFdir (0.00814931, 0.00373328)  gPur (0.019, 0.00278717) 
iJet 0 Var (err nominal, eff):  gEtrg (0.007, 4.0479e-05)  gFdir (0.00734016, 0.00454204)  gFdir (0.00734016, 0.00454242)  gPur (0.014, 0.00221283) 
iJet 0 Var (err nominal, eff):  gEtrg (0.007, 4.0479e-05)  gFdir (0.00980369, 0.00207851)  gFdir (0.00980369, 0.0020789)  gPur (0.014, 0.00221283) 
iJet 0 Var (err nominal, eff):  gEtrg (0.007, 4.0479e-05)  gFdir (0.00738525, 0.00449695)  gFdir (0.00738525, 0.00449734)  gPur (0.014, 0.00221283) 
iJet 0 Var (err nominal, eff):  gEtrg (0.006, 0.000959521)  gFdir (0.00498712, 0.00689509)  gFdir (0.00498712, 0.00689547)  gPur (0.009, 0.00721283) 
iJet 0 Var (err nominal, eff):  gEtrg (0.006, 0.000959521)  gFdir (0.00630835, 0.00557385)  gFdir (0.00630835, 0.00557424)  gPur (0.008, 0.00821283) 
iJet 0 Var (err nominal, eff):  gEtrg (0.006, 0.000959521)  gFdir (0.00389019, 0.00799201)  gFdir (0.00389019, 0.0079924)  gPur (0.008, 0.00821283) 
iJet 0 Var (err nominal, eff):  gEtrg (0.006, 0.000959521)  gFdir (0.00658961, 0.00529259)  gFdir (0.00658961, 0.00529298)  gPur (0.007, 0.00921283) 
iJet 1 Var (err nominal, eff):  gEtrg (0.007, 4.0479e-05)  gFdir (0.0259398, 0.0140576)  gFdir (0.0259398, 0.0140572)  gPur (0.02, 0.00378717) 
iJet 1 Var (err nominal, eff):  gEtrg (0.007, 4.0479e-05)  gFdir (0.0344468, 0.0225646)  gFdir (0.0344468, 0.0225643)  gPur (0.019, 0.00278717) 
iJet 1 Var (err nominal, eff):  gEtrg (0.007, 4.0479e-05)  gFdir (0.0192058, 0.0073236)  gFdir (0.0192058, 0.00732322)  gPur (0.019, 0.00278717) 
iJet 1 Var (err nominal, eff):  gEtrg (0.007, 4.0479e-05)  gFdir (0.0172025, 0.0053203)  gFdir (0.0172025, 0.00531991)  gPur (0.014, 0.00221283) 
iJet 1 Var (err nominal, eff):  gEtrg (0.007, 4.0479e-05)  gFdir (0.0238069, 0.0119247)  gFdir (0.0238069, 0.0119243)  gPur (0.014, 0.00221283) 
iJet 1 Var (err nominal, eff):  gEtrg (0.007, 4.0479e-05)  gFdir (0.0229805, 0.0110983)  gFdir (0.0229805, 0.0110979)  gPur (0.014, 0.00221283) 
iJet 1 Var (err nominal, eff):  gEtrg (0.006, 0.000959521)  gFdir (0.0112913, 0.000590947)  gFdir (0.0112913, 0.000591332)  gPur (0.009, 0.00721283) 
iJet 1 Var (err nominal, eff):  gEtrg (0.006, 0.000959521)  gFdir (0.0171113, 0.00522912)  gFdir (0.0171113, 0.00522874)  gPur (0.009, 0.00721283) 
iJet 1 Var (err nominal, eff):  gEtrg (0.006, 0.000959521)  gFdir (0.0108218, 0.00106036)  gFdir (0.0108218, 0.00106074)  gPur (0.008, 0.00821283) 
iJet 1 Var (err nominal, eff):  gEtrg (0.006, 0.000959521)  gFdir (0.0244935, 0.0126113)  gFdir (0.0244935, 0.0126109)  gPur (0.007, 0.00921283) 
iJet 2 Var (err nominal, eff):  gEtrg (0.007, 4.0479e-05)  gFdir (0.0488899, 0.0370077)  gFdir (0.0488899, 0.0370073)  gPur (0.02, 0.00378717) 
iJet 2 Var (err nominal, eff):  gEtrg (0.007, 4.0479e-05)  gFdir (0.0509821, 0.0390999)  gFdir (0.0509821, 0.0390995)  gPur (0.02, 0.00378717) 
iJet 2 Var (err nominal, eff):  gEtrg (0.007, 4.0479e-05)  gFdir (0.0502066, 0.0383244)  gFdir (0.0502066, 0.038324)  gPur (0.019, 0.00278717) 
iJet 2 Var (err nominal, eff):  gEtrg (0.007, 4.0479e-05)  gFdir (0.0180361, 0.00615391)  gFdir (0.0180361, 0.00615353)  gPur (0.014, 0.00221283) 
iJet 2 Var (err nominal, eff):  gEtrg (0.007, 4.0479e-05)  gFdir (0.0385763, 0.0266941)  gFdir (0.0385763, 0.0266937)  gPur (0.014, 0.00221283) 
iJet 2 Var (err nominal, eff):  gEtrg (0.007, 4.0479e-05)  gFdir (0.0410817, 0.0291995)  gFdir (0.0410817, 0.0291991)  gPur (0.014, 0.00221283) 
iJet 2 Var (err nominal, eff):  gEtrg (0.007, 4.0479e-05)  gFdir (0.0317756, 0.0198934)  gFdir (0.0317756, 0.019893)  gPur (0.009, 0.00721283) 
iJet 2 Var (err nominal, eff):  gEtrg (0.006, 0.000959521)  gFdir (0.0532845, 0.0414023)  gFdir (0.0532845, 0.0414019)  gPur (0.009, 0.00721283) 
iJet 2 Var (err nominal, eff):  gEtrg (0.007, 4.0479e-05)  gFdir (0.0262646, 0.0143824)  gFdir (0.0262646, 0.014382)  gPur (0.009, 0.00721283) 
iJet 2 Var (err nominal, eff):  gEtrg (0.006, 0.000959521)  gFdir (0.140056, 0.128174)  gFdir (0.140056, 0.128174)  gPur (0.007, 0.00921283) 
iJet 3 Var (err nominal, eff):  gEtrg (0.007, 4.0479e-05)  gFdir (0.0534146, 0.0415324)  gFdir (0.0534146, 0.0415321)  gPur (0.019, 0.00278717) 
iJet 3 Var (err nominal, eff):  gEtrg (0.006, 0.000959521)  gFdir (0.157022, 0.14514)  gFdir (0.157022, 0.145139)  gPur (0.018, 0.00178717) 
iJet 3 Var (err nominal, eff):  gEtrg (0.008, 0.00104048)  gFdir (0.0299297, 0.0180475)  gFdir (0.0299297, 0.0180472)  gPur (0.015, 0.00121283) 
iJet 3 Var (err nominal, eff):  gEtrg (0.007, 4.0479e-05)  gFdir (0.0600223, 0.0481401)  gFdir (0.0600223, 0.0481397)  gPur (0.014, 0.00221283) 
iJet 3 Var (err nominal, eff):  gEtrg (0.006, 0.000959521)  gFdir (0.189547, 0.177665)  gFdir (0.189547, 0.177664)  gPur (0.009, 0.00721283) 
iJet 3 Var (err nominal, eff):  gEtrg (0.006, 0.000959521)  gFdir (0.117385, 0.105502)  gFdir (0.117385, 0.105502)  gPur (0.007, 0.00921283) 
iJet 3 Var (err nominal, eff):  gEtrg (0.006, 0.000959521)  gFdir (0.136892, 0.12501)  gFdir (0.136892, 0.12501)  gPur (0.007, 0.00921283) 
iJet 3 Var (err nominal, eff):  gEtrg (0.006, 0.000959521)  gFdir (0.118984, 0.107102)  gFdir (0.129561, 0.117679)  gPur (0.007, 0.00921283) 
iJet 4 Var (err nominal, eff):  gEtrg (0.012, 0.00504048)  gFdir (0.0534146, 0.0415324)  gFdir (0.0534146, 0.0415321)  gPur (0.024, 0.00778717) 
iJet 4 Var (err nominal, eff):  gEtrg (0, 0.00695952)  gFdir (0.157022, 0.14514)  gFdir (0.157022, 0.145139)  gPur (0, 0.0162128) 
iJet 4 Var (err nominal, eff):  gEtrg (0.006, 0.000959521)  gFdir (0.0299297, 0.0180475)  gFdir (0.0299297, 0.0180472)  gPur (0.013, 0.00321283) 
iJet 4 Var (err nominal, eff):  gEtrg (0.007, 4.0479e-05)  gFdir (0.0600223, 0.0481401)  gFdir (0.0600223, 0.0481397)  gPur (0.015, 0.00121283) 
iJet 4 Var (err nominal, eff):  gEtrg (0, 0.00695952)  gFdir (0.189547, 0.177665)  gFdir (0.189547, 0.177664)  gPur (0, 0.0162128) 
iJet 4 Var (err nominal, eff):  gEtrg (0.006, 0.000959521)  gFdir (0.117385, 0.105502)  gFdir (0.117385, 0.105502)  gPur (0.007, 0.00921283) 
iJet 4 Var (err nominal, eff):  gEtrg (0, 0.00695952)  gFdir (0.136892, 0.12501)  gFdir (0.136892, 0.12501)  gPur (0, 0.0162128) 
iJet 4 Var (err nominal, eff):  gEtrg (0, 0.00695952)  gFdir (0.118984, 0.107102)  gFdir (0.129561, 0.117679)  gPur (0, 0.0162128) 
Info in <TCanvas::Print>: pdf file ZinvBGpred.pdf has been created
Info in <TCanvas::Print>: pdf file errorComponents.pdf has been created
