
Processing ../src/RA2bin_driver.C...
...using style 'Plain'
gJets data filename = ../datFiles/gJets_2018HEMv16_HT17wt_ZptWt_DRRun2wt_signal.dat, lumi = 38.3
../datFiles/DR_Run2v16_HT17wt_ZptWt_DRRun2wt_noPU_signal.dat
DRscaleErr = 0.0069, DY0bPurErr = 0.0112, DYtrigEffErr = 0.0061, LeptonSFerr = 0.05, btagSFerr = 0.005
1  Ngobs = 63108  ZgR = 0.416 (0.5%)  gEtrg =  1 (0.7+/-2%)  gSF =  0.974 (6.7%)  gFdir = 0.969 (+0.2-0.2+/-30%)  gPur = 0.941 (1.7%)  ZgDR = 1.0016 (+1.44-1.29%)
2  Ngobs = 3492  ZgR = 0.408 (1%)  gEtrg =  1 (0.7+/-2%)  gSF =  0.974 (6.7%)  gFdir = 0.973 (+0.4-0.4+/-30%)  gPur = 0.941 (1.7%)  ZgDR = 1.0016 (+1.44-1.29%)
3  Ngobs = 192  ZgR = 0.466 (3.7%)  gEtrg =  1 (0.7+/-2%)  gSF =  0.974 (6.7%)  gFdir = 0.979 (+0.5-0.5+/-30%)  gPur = 0.94 (1.7%)  ZgDR = 1.0016 (+4.97-4.03%)
4  Ngobs = 54361  ZgR = 0.428 (0.4%)  gEtrg =  1 (0.7+/-2%)  gSF =  0.974 (6.7%)  gFdir = 0.977 (+0.2-0.2+/-30%)  gPur = 0.952 (1.2%)  ZgDR = 1.0016 (+1.1-0.63%)
5  Ngobs = 10474  ZgR = 0.42 (0.6%)  gEtrg =  1 (0.7+/-2%)  gSF =  0.974 (6.7%)  gFdir = 0.969 (+0.2-0.2+/-30%)  gPur = 0.952 (1.2%)  ZgDR = 1.0016 (+1.3-0.93%)
6  Ngobs = 474  ZgR = 0.42 (2.4%)  gEtrg =  1 (0.7+/-2%)  gSF =  0.974 (6.7%)  gFdir = 0.978 (+0.3-0.3+/-30%)  gPur = 0.952 (1.2%)  ZgDR = 1.0016 (+4.97-4.03%)
7  Ngobs = 4393  ZgR = 0.429 (0.9%)  gEtrg =  1 (0.6+/-2%)  gSF =  0.974 (6.7%)  gFdir = 0.985 (+0.2-0.2+/-30%)  gPur = 0.962 (0.9%)  ZgDR = 1.0016 (+5.93-5.68%)
8  Ngobs = 152  ZgR = 0.406 (4.4%)  gEtrg =  1 (0.7+/-2%)  gSF =  0.974 (6.7%)  gFdir = 0.984 (+0.4-0.4+/-30%)  gPur = 0.961 (1%)  ZgDR = 1.0016 (+5.93-5.68%)
9  Ngobs = 695  ZgR = 0.535 (2.1%)  gEtrg =  1 (0.6+/-2%)  gSF =  0.974 (6.7%)  gFdir = 0.989 (+0.2-0.2+/-30%)  gPur = 0.967 (0.8%)  ZgDR = 1.0016 (+9.83-9.44%)
10  Ngobs = 23  ZgR = 0.602 (11%)  gEtrg =  1 (0.6+/-2%)  gSF =  0.974 (6.7%)  gFdir = 0.991 (+0.6-0.6+/-30%)  gPur = 0.97 (0.7%)  ZgDR = 1.0016 (+9.83-9.44%)
11  Ngobs = 10608  ZgR = 0.426 (1%)  gEtrg =  1 (0.7+/-2%)  gSF =  0.974 (6.7%)  gFdir = 0.924 (+0.8-0.8+/-30%)  gPur = 0.942 (1.7%)  ZgDR = 1.0016 (+2.88-2.68%)
12  Ngobs = 2961  ZgR = 0.396 (1.1%)  gEtrg =  1 (0.7+/-2%)  gSF =  0.974 (6.7%)  gFdir = 0.901 (+1-1+/-30%)  gPur = 0.942 (1.7%)  ZgDR = 1.0016 (+2.88-2.68%)
13  Ngobs = 206  ZgR = 0.432 (3.8%)  gEtrg =  1 (0.7+/-2%)  gSF =  0.974 (6.7%)  gFdir = 0.945 (+0.8-0.8+/-30%)  gPur = 0.941 (1.7%)  ZgDR = 1.0016 (+4.97-4.03%)
14  Ngobs = 8267  ZgR = 0.418 (1%)  gEtrg =  1 (0.7+/-2%)  gSF =  0.974 (6.7%)  gFdir = 0.949 (+0.6-0.6+/-30%)  gPur = 0.952 (1.2%)  ZgDR = 1.0016 (+2.88-2.68%)
15  Ngobs = 6885  ZgR = 0.407 (0.7%)  gEtrg =  1 (0.7+/-2%)  gSF =  0.974 (6.7%)  gFdir = 0.928 (+0.5-0.5+/-30%)  gPur = 0.952 (1.2%)  ZgDR = 1.0016 (+2.88-2.68%)
16  Ngobs = 544  ZgR = 0.411 (2.5%)  gEtrg =  1 (0.7+/-2%)  gSF =  0.974 (6.7%)  gFdir = 0.932 (+0.7-0.7+/-30%)  gPur = 0.952 (1.2%)  ZgDR = 1.0016 (+4.97-4.03%)
17  Ngobs = 1249  ZgR = 0.389 (1.6%)  gEtrg =  1 (0.6+/-2%)  gSF =  0.974 (6.7%)  gFdir = 0.966 (+0.4-0.4+/-30%)  gPur = 0.961 (1%)  ZgDR = 1.0016 (+5.93-5.68%)
18  Ngobs = 149  ZgR = 0.375 (4.4%)  gEtrg =  1 (0.6+/-2%)  gSF =  0.974 (6.7%)  gFdir = 0.952 (+0.8-0.8+/-30%)  gPur = 0.962 (0.9%)  ZgDR = 1.0016 (+5.93-5.68%)
19  Ngobs = 259  ZgR = 0.482 (3.7%)  gEtrg =  1 (0.6+/-2%)  gSF =  0.974 (6.7%)  gFdir = 0.969 (+0.5-0.5+/-30%)  gPur = 0.967 (0.8%)  ZgDR = 1.0016 (+9.83-9.44%)
20  Ngobs = 29  ZgR = 0.434 (10.7%)  gEtrg =  1 (0.6+/-2%)  gSF =  0.974 (6.7%)  gFdir = 0.951 (+1.9-1.9+/-30%)  gPur = 0.97 (0.7%)  ZgDR = 1.0016 (+9.83-9.44%)
21  Ngobs = 546  ZgR = 0.462 (4.6%)  gEtrg =  1 (0.8+/-2%)  gSF =  0.974 (6.7%)  gFdir = 0.907 (+3.8-3.8+/-30%)  gPur = 0.943 (1.7%)  ZgDR = 1.0016 (+6.52-6.25%)
22  Ngobs = 667  ZgR = 0.403 (2.8%)  gEtrg =  1 (0.7+/-2%)  gSF =  0.974 (6.7%)  gFdir = 0.871 (+2.5-2.5+/-30%)  gPur = 0.942 (1.7%)  ZgDR = 1.0016 (+6.52-6.25%)
23  Ngobs = 75  ZgR = 0.443 (6.9%)  gEtrg =  1 (0.7+/-2%)  gSF =  0.974 (6.7%)  gFdir = 0.888 (+3.3-3.3+/-30%)  gPur = 0.941 (1.7%)  ZgDR = 1.0016 (+6.52-6.25%)
24  Ngobs = 420  ZgR = 0.441 (5%)  gEtrg =  1 (0.7+/-2%)  gSF =  0.974 (6.7%)  gFdir = 0.973 (+1.6-1.6+/-30%)  gPur = 0.952 (1.2%)  ZgDR = 1.0016 (+6.52-6.25%)
25  Ngobs = 1188  ZgR = 0.397 (2%)  gEtrg =  1 (0.7+/-2%)  gSF =  0.974 (6.7%)  gFdir = 0.893 (+1.4-1.4+/-30%)  gPur = 0.952 (1.2%)  ZgDR = 1.0016 (+6.52-6.25%)
26  Ngobs = 216  ZgR = 0.397 (4.5%)  gEtrg =  1 (0.7+/-2%)  gSF =  0.974 (6.7%)  gFdir = 0.888 (+1.6-1.6+/-30%)  gPur = 0.952 (1.2%)  ZgDR = 1.0016 (+6.52-6.25%)
27  Ngobs = 170  ZgR = 0.363 (5.1%)  gEtrg =  1 (0.6+/-2%)  gSF =  0.974 (6.7%)  gFdir = 0.929 (+2.2-2.2+/-30%)  gPur = 0.961 (1%)  ZgDR = 1.0016 (+6.52-6.25%)
28  Ngobs = 65  ZgR = 0.358 (8.1%)  gEtrg =  1 (0.7+/-2%)  gSF =  0.974 (6.7%)  gFdir = 0.872 (+3-3+/-30%)  gPur = 0.96 (1%)  ZgDR = 1.0016 (+6.52-6.25%)
29  Ngobs = 36  ZgR = 0.399 (10.3%)  gEtrg =  1 (0.6+/-2%)  gSF =  0.974 (6.7%)  gFdir = 0.943 (+1.9-1.9+/-30%)  gPur = 0.97 (0.7%)  ZgDR = 1.0016 (+9.83-9.44%)
30  Ngobs = 15  ZgR = 0.397 (21.2%)  gEtrg =  1 (0.6+/-2%)  gSF =  0.974 (6.7%)  gFdir = 0.852 (+13-13+/-30%)  gPur = 0.965 (0.9%)  ZgDR = 1.0016 (+9.83-9.44%)
31  Ngobs = 57  ZgR = 0.403 (2.8%)  gEtrg =  1 (0.7+/-2%)  gSF =  0.974 (6.7%)  gFdir = 0.922 (+4.7-4.7+/-30%)  gPur = 0.942 (1.7%)  ZgDR = 1.0016 (+10.29-9.9%)
32  Ngobs = 14  ZgR = 0.443 (6.9%)  gEtrg =  1 (0.9+/-2%)  gSF =  0.974 (6.7%)  gFdir = 0.762 (+12.6-12.6+/-30%)  gPur = 0.946 (1.7%)  ZgDR = 1.0016 (+10.29-9.9%)
33  Ngobs = 92  ZgR = 0.397 (2%)  gEtrg =  1 (0.7+/-2%)  gSF =  0.974 (6.7%)  gFdir = 0.948 (+2.5-2.5+/-30%)  gPur = 0.952 (1.2%)  ZgDR = 1.0016 (+10.29-9.9%)
34  Ngobs = 44  ZgR = 0.397 (4.5%)  gEtrg =  1 (0.7+/-2%)  gSF =  0.974 (6.7%)  gFdir = 0.862 (+3.6-3.6+/-30%)  gPur = 0.952 (1.2%)  ZgDR = 1.0016 (+10.29-9.9%)
35  Ngobs = 11  ZgR = 0.363 (5.1%)  gEtrg =  1 (0.6+/-2%)  gSF =  0.974 (6.7%)  gFdir = 0.81 (+17.6-17.6+/-30%)  gPur = 0.97 (0.7%)  ZgDR = 1.0016 (+10.29-9.9%)
36  Ngobs = 16  ZgR = 0.358 (8.1%)  gEtrg =  1 (0.6+/-2%)  gSF =  0.974 (6.7%)  gFdir = 0.772 (+7.7-7.7+/-30%)  gPur = 0.97 (0.7%)  ZgDR = 1.0016 (+10.29-9.9%)
37  Ngobs = 3  ZgR = 0.399 (10.3%)  gEtrg =  1 (0.6+/-2%)  gSF =  0.974 (6.7%)  gFdir = 0.838 (+12.4-12.4+/-30%)  gPur = 0.97 (0.7%)  ZgDR = 1.0016 (+10.29-9.9%)
38  Ngobs = 4  ZgR = 0.397 (21.2%)  gEtrg =  1 (0.7+/-2%)  gSF =  0.974 (6.7%)  gFdir = 0.898 (+11.4-12.5+/-30%)  gPur = 0.95 (1.4%)  ZgDR = 1.0016 (+10.29-9.9%)
39  Ngobs = 4  ZgR = 0.403 (2.8%)  gEtrg =  1 (0.9+/-2%)  gSF =  0.974 (6.7%)  gFdir = 0.922 (+4.7-4.7+/-30%)  gPur = 0.948 (1.7%)  ZgDR = 1.0016 (+13.96-13.43%)
40  Ngobs = 1  ZgR = 0.443 (6.9%)  gEtrg =  1 (0.6+/-2%)  gSF =  0.974 (6.7%)  gFdir = 0.762 (+12.6-12.6+/-30%)  gPur = 0.936 (1.6%)  ZgDR = 1.0016 (+13.96-13.43%)
41  Ngobs = 5  ZgR = 0.397 (2%)  gEtrg =  1 (0.7+/-2%)  gSF =  0.974 (6.7%)  gFdir = 0.948 (+2.5-2.5+/-30%)  gPur = 0.952 (1.2%)  ZgDR = 1.0016 (+13.96-13.43%)
42  Ngobs = 4  ZgR = 0.397 (4.5%)  gEtrg =  1 (0.6+/-2%)  gSF =  0.974 (6.7%)  gFdir = 0.862 (+3.6-3.6+/-30%)  gPur = 0.953 (1.1%)  ZgDR = 1.0016 (+13.96-13.43%)
43  Ngobs = 0  ZgR = 0.363 (5.1%)  gEtrg =  1 (0+/-2%)  gSF =  0.974 (6.7%)  gFdir = 0.81 (+17.6-17.6+/-30%)  gPur = 1 (0%)  ZgDR = 1.0016 (+13.96-13.43%)
44  Ngobs = 1  ZgR = 0.358 (8.1%)  gEtrg =  1 (1.2+/-2%)  gSF =  0.974 (6.7%)  gFdir = 0.772 (+7.7-7.7+/-30%)  gPur = 0.892 (3.6%)  ZgDR = 1.0016 (+13.96-13.43%)
45  Ngobs = 0  ZgR = 0.399 (10.3%)  gEtrg =  1 (0+/-2%)  gSF =  0.974 (6.7%)  gFdir = 0.838 (+12.4-12.4+/-30%)  gPur = 1 (0%)  ZgDR = 1.0016 (+13.96-13.43%)
46  Ngobs = 0  ZgR = 0.397 (21.2%)  gEtrg =  1 (0+/-2%)  gSF =  0.974 (6.7%)  gFdir = 0.898 (+11.4-12.5+/-30%)  gPur = 1 (0%)  ZgDR = 1.0016 (+13.96-13.43%)

1  DYvalue = 1  DYstat = 0  DYMCstat = 0  DYsysNjUp = 0  DYsysNjLow = 0  DYsysKin = 0  DYsysPur = 0.0109
2  DYvalue = 1  DYstat = 0  DYMCstat = 0  DYsysNjUp = 0  DYsysNjLow = 0  DYsysKin = 0  DYsysPur = 0.0109
3  DYvalue = 1  DYstat = 0  DYMCstat = 0  DYsysNjUp = 0  DYsysNjLow = 0  DYsysKin = 0  DYsysPur = 0.0109
4  DYvalue = 1  DYstat = 0  DYMCstat = 0  DYsysNjUp = 0  DYsysNjLow = 0  DYsysKin = 0  DYsysPur = 0.0109
5  DYvalue = 1  DYstat = 0  DYMCstat = 0  DYsysNjUp = 0  DYsysNjLow = 0  DYsysKin = 0  DYsysPur = 0.0109
6  DYvalue = 1  DYstat = 0  DYMCstat = 0  DYsysNjUp = 0  DYsysNjLow = 0  DYsysKin = 0  DYsysPur = 0.0109
7  DYvalue = 1  DYstat = 0  DYMCstat = 0  DYsysNjUp = 0  DYsysNjLow = 0  DYsysKin = 0  DYsysPur = 0.0109
8  DYvalue = 1  DYstat = 0  DYMCstat = 0  DYsysNjUp = 0  DYsysNjLow = 0  DYsysKin = 0  DYsysPur = 0.0109
9  DYvalue = 1  DYstat = 0  DYMCstat = 0  DYsysNjUp = 0  DYsysNjLow = 0  DYsysKin = 0  DYsysPur = 0.0109
10  DYvalue = 1  DYstat = 0  DYMCstat = 0  DYsysNjUp = 0  DYsysNjLow = 0  DYsysKin = 0  DYsysPur = 0.0109
11  DYvalue = 0.0886  DYstat = 0.0323  DYMCstat = 0  DYsysNjUp = 0  DYsysNjLow = 0  DYsysKin = 0.07  DYsysPur = 0.0122
12  DYvalue = 0.1043  DYstat = 0.0323  DYMCstat = 0  DYsysNjUp = 0  DYsysNjLow = 0  DYsysKin = 0.07  DYsysPur = 0.0122
13  DYvalue = 0.1051  DYstat = 0.0323  DYMCstat = 0  DYsysNjUp = 0  DYsysNjLow = 0  DYsysKin = 0.07  DYsysPur = 0.0122
14  DYvalue = 0.0885  DYstat = 0.0323  DYMCstat = 0  DYsysNjUp = 0  DYsysNjLow = 0  DYsysKin = 0.07  DYsysPur = 0.0122
15  DYvalue = 0.1031  DYstat = 0.0323  DYMCstat = 0  DYsysNjUp = 0  DYsysNjLow = 0  DYsysKin = 0.07  DYsysPur = 0.0122
16  DYvalue = 0.1076  DYstat = 0.0323  DYMCstat = 0  DYsysNjUp = 0  DYsysNjLow = 0  DYsysKin = 0.07  DYsysPur = 0.0122
17  DYvalue = 0.0924  DYstat = 0.0323  DYMCstat = 0  DYsysNjUp = 0  DYsysNjLow = 0  DYsysKin = 0.07  DYsysPur = 0.0122
18  DYvalue = 0.1029  DYstat = 0.0323  DYMCstat = 0  DYsysNjUp = 0  DYsysNjLow = 0  DYsysKin = 0.07  DYsysPur = 0.0122
19  DYvalue = 0.0937  DYstat = 0.0323  DYMCstat = 0  DYsysNjUp = 0  DYsysNjLow = 0  DYsysKin = 0.07  DYsysPur = 0.0122
20  DYvalue = 0.102  DYstat = 0.0323  DYMCstat = 0  DYsysNjUp = 0  DYsysNjLow = 0  DYsysKin = 0.07  DYsysPur = 0.0122
21  DYvalue = 0.0094  DYstat = 0.0937  DYMCstat = 0  DYsysNjUp = 0  DYsysNjLow = 0  DYsysKin = 0.1  DYsysPur = 0.023
22  DYvalue = 0.0127  DYstat = 0.0937  DYMCstat = 0  DYsysNjUp = 0  DYsysNjLow = 0  DYsysKin = 0.1  DYsysPur = 0.023
23  DYvalue = 0.0129  DYstat = 0.0937  DYMCstat = 0  DYsysNjUp = 0  DYsysNjLow = 0  DYsysKin = 0.1  DYsysPur = 0.023
24  DYvalue = 0.0093  DYstat = 0.0937  DYMCstat = 0  DYsysNjUp = 0  DYsysNjLow = 0  DYsysKin = 0.1  DYsysPur = 0.023
25  DYvalue = 0.0125  DYstat = 0.0937  DYMCstat = 0  DYsysNjUp = 0  DYsysNjLow = 0  DYsysKin = 0.1  DYsysPur = 0.023
26  DYvalue = 0.0135  DYstat = 0.0937  DYMCstat = 0  DYsysNjUp = 0  DYsysNjLow = 0  DYsysKin = 0.1  DYsysPur = 0.023
27  DYvalue = 0.0102  DYstat = 0.0937  DYMCstat = 0  DYsysNjUp = 0  DYsysNjLow = 0  DYsysKin = 0.1  DYsysPur = 0.023
28  DYvalue = 0.0124  DYstat = 0.0937  DYMCstat = 0  DYsysNjUp = 0  DYsysNjLow = 0  DYsysKin = 0.1  DYsysPur = 0.023
29  DYvalue = 0.0104  DYstat = 0.0937  DYMCstat = 0  DYsysNjUp = 0  DYsysNjLow = 0  DYsysKin = 0.1  DYsysPur = 0.023
30  DYvalue = 0.0122  DYstat = 0.0937  DYMCstat = 0  DYsysNjUp = 0  DYsysNjLow = 0  DYsysKin = 0.1  DYsysPur = 0.023
31  DYvalue = 1  DYstat = 0  DYMCstat = 0  DYsysNjUp = 0  DYsysNjLow = 0  DYsysKin = 0  DYsysPur = 0.0112
32  DYvalue = 1  DYstat = 0  DYMCstat = 0  DYsysNjUp = 0  DYsysNjLow = 0  DYsysKin = 0  DYsysPur = 0.0112
33  DYvalue = 1  DYstat = 0  DYMCstat = 0  DYsysNjUp = 0  DYsysNjLow = 0  DYsysKin = 0  DYsysPur = 0.0112
34  DYvalue = 1  DYstat = 0  DYMCstat = 0  DYsysNjUp = 0  DYsysNjLow = 0  DYsysKin = 0  DYsysPur = 0.0112
35  DYvalue = 1  DYstat = 0  DYMCstat = 0  DYsysNjUp = 0  DYsysNjLow = 0  DYsysKin = 0  DYsysPur = 0.0112
36  DYvalue = 1  DYstat = 0  DYMCstat = 0  DYsysNjUp = 0  DYsysNjLow = 0  DYsysKin = 0  DYsysPur = 0.0112
37  DYvalue = 1  DYstat = 0  DYMCstat = 0  DYsysNjUp = 0  DYsysNjLow = 0  DYsysKin = 0  DYsysPur = 0.0112
38  DYvalue = 1  DYstat = 0  DYMCstat = 0  DYsysNjUp = 0  DYsysNjLow = 0  DYsysKin = 0  DYsysPur = 0.0112
39  DYvalue = 1  DYstat = 0  DYMCstat = 0  DYsysNjUp = 0  DYsysNjLow = 0  DYsysKin = 0  DYsysPur = 0.0112
40  DYvalue = 1  DYstat = 0  DYMCstat = 0  DYsysNjUp = 0  DYsysNjLow = 0  DYsysKin = 0  DYsysPur = 0.0112
41  DYvalue = 0.1768  DYstat = 0.0499  DYMCstat = 0  DYsysNjUp = 0  DYsysNjLow = 0  DYsysKin = 0.07  DYsysPur = 0.0144
42  DYvalue = 0.1842  DYstat = 0.0499  DYMCstat = 0  DYsysNjUp = 0  DYsysNjLow = 0  DYsysKin = 0.07  DYsysPur = 0.0144
43  DYvalue = 0.1865  DYstat = 0.0499  DYMCstat = 0  DYsysNjUp = 0  DYsysNjLow = 0  DYsysKin = 0.07  DYsysPur = 0.0144
44  DYvalue = 0.1765  DYstat = 0.0499  DYMCstat = 0  DYsysNjUp = 0  DYsysNjLow = 0  DYsysKin = 0.07  DYsysPur = 0.0144
45  DYvalue = 0.183  DYstat = 0.0499  DYMCstat = 0  DYsysNjUp = 0  DYsysNjLow = 0  DYsysKin = 0.07  DYsysPur = 0.0144
46  DYvalue = 0.1888  DYstat = 0.0499  DYMCstat = 0  DYsysNjUp = 0  DYsysNjLow = 0  DYsysKin = 0.07  DYsysPur = 0.0144
47  DYvalue = 0.1805  DYstat = 0.0499  DYMCstat = 0  DYsysNjUp = 0  DYsysNjLow = 0  DYsysKin = 0.07  DYsysPur = 0.0144
48  DYvalue = 0.1842  DYstat = 0.0499  DYMCstat = 0  DYsysNjUp = 0  DYsysNjLow = 0  DYsysKin = 0.07  DYsysPur = 0.0144
49  DYvalue = 0.1787  DYstat = 0.0499  DYMCstat = 0  DYsysNjUp = 0  DYsysNjLow = 0  DYsysKin = 0.07  DYsysPur = 0.0144
50  DYvalue = 0.1843  DYstat = 0.0499  DYMCstat = 0  DYsysNjUp = 0  DYsysNjLow = 0  DYsysKin = 0.07  DYsysPur = 0.0144
51  DYvalue = 0.0283  DYstat = 0.1122  DYMCstat = 0  DYsysNjUp = 0  DYsysNjLow = 0  DYsysKin = 0.1  DYsysPur = 0.0328
52  DYvalue = 0.0296  DYstat = 0.1122  DYMCstat = 0  DYsysNjUp = 0  DYsysNjLow = 0  DYsysKin = 0.1  DYsysPur = 0.0328
53  DYvalue = 0.0301  DYstat = 0.1122  DYMCstat = 0  DYsysNjUp = 0  DYsysNjLow = 0  DYsysKin = 0.1  DYsysPur = 0.0328
54  DYvalue = 0.0282  DYstat = 0.1122  DYMCstat = 0  DYsysNjUp = 0  DYsysNjLow = 0  DYsysKin = 0.1  DYsysPur = 0.0328
55  DYvalue = 0.0294  DYstat = 0.1122  DYMCstat = 0  DYsysNjUp = 0  DYsysNjLow = 0  DYsysKin = 0.1  DYsysPur = 0.0328
56  DYvalue = 0.0305  DYstat = 0.1122  DYMCstat = 0  DYsysNjUp = 0  DYsysNjLow = 0  DYsysKin = 0.1  DYsysPur = 0.0328
57  DYvalue = 0.029  DYstat = 0.1122  DYMCstat = 0  DYsysNjUp = 0  DYsysNjLow = 0  DYsysKin = 0.1  DYsysPur = 0.0328
58  DYvalue = 0.0296  DYstat = 0.1122  DYMCstat = 0  DYsysNjUp = 0  DYsysNjLow = 0  DYsysKin = 0.1  DYsysPur = 0.0328
59  DYvalue = 0.0286  DYstat = 0.1122  DYMCstat = 0  DYsysNjUp = 0  DYsysNjLow = 0  DYsysKin = 0.1  DYsysPur = 0.0328
60  DYvalue = 0.0297  DYstat = 0.1122  DYMCstat = 0  DYsysNjUp = 0  DYsysNjLow = 0  DYsysKin = 0.1  DYsysPur = 0.0328
61  DYvalue = 0.0016  DYstat = 0.4476  DYMCstat = 0  DYsysNjUp = 0  DYsysNjLow = 0  DYsysKin = 0.2  DYsysPur = 0.0328
62  DYvalue = 0.0021  DYstat = 0.4476  DYMCstat = 0  DYsysNjUp = 0  DYsysNjLow = 0  DYsysKin = 0.2  DYsysPur = 0.0328
63  DYvalue = 0.0023  DYstat = 0.4476  DYMCstat = 0  DYsysNjUp = 0  DYsysNjLow = 0  DYsysKin = 0.2  DYsysPur = 0.0328
64  DYvalue = 0.0016  DYstat = 0.4476  DYMCstat = 0  DYsysNjUp = 0  DYsysNjLow = 0  DYsysKin = 0.2  DYsysPur = 0.0328
65  DYvalue = 0.0021  DYstat = 0.4476  DYMCstat = 0  DYsysNjUp = 0  DYsysNjLow = 0  DYsysKin = 0.2  DYsysPur = 0.0328
66  DYvalue = 0.0024  DYstat = 0.4476  DYMCstat = 0  DYsysNjUp = 0  DYsysNjLow = 0  DYsysKin = 0.2  DYsysPur = 0.0328
67  DYvalue = 0.0019  DYstat = 0.4476  DYMCstat = 0  DYsysNjUp = 0  DYsysNjLow = 0  DYsysKin = 0.2  DYsysPur = 0.0328
68  DYvalue = 0.0021  DYstat = 0.4476  DYMCstat = 0  DYsysNjUp = 0  DYsysNjLow = 0  DYsysKin = 0.2  DYsysPur = 0.0328
69  DYvalue = 0.0018  DYstat = 0.4476  DYMCstat = 0  DYsysNjUp = 0  DYsysNjLow = 0  DYsysKin = 0.2  DYsysPur = 0.0328
70  DYvalue = 0.0021  DYstat = 0.4476  DYMCstat = 0  DYsysNjUp = 0  DYsysNjLow = 0  DYsysKin = 0.2  DYsysPur = 0.0328
71  DYvalue = 1  DYstat = 0  DYMCstat = 0  DYsysNjUp = 0  DYsysNjLow = 0  DYsysKin = 0  DYsysPur = 0.0141
72  DYvalue = 1  DYstat = 0  DYMCstat = 0  DYsysNjUp = 0  DYsysNjLow = 0  DYsysKin = 0  DYsysPur = 0.0141
73  DYvalue = 1  DYstat = 0  DYMCstat = 0  DYsysNjUp = 0  DYsysNjLow = 0  DYsysKin = 0  DYsysPur = 0.0141
74  DYvalue = 1  DYstat = 0  DYMCstat = 0  DYsysNjUp = 0  DYsysNjLow = 0  DYsysKin = 0  DYsysPur = 0.0141
75  DYvalue = 1  DYstat = 0  DYMCstat = 0  DYsysNjUp = 0  DYsysNjLow = 0  DYsysKin = 0  DYsysPur = 0.0141
76  DYvalue = 1  DYstat = 0  DYMCstat = 0  DYsysNjUp = 0  DYsysNjLow = 0  DYsysKin = 0  DYsysPur = 0.0141
77  DYvalue = 1  DYstat = 0  DYMCstat = 0  DYsysNjUp = 0  DYsysNjLow = 0  DYsysKin = 0  DYsysPur = 0.0141
78  DYvalue = 1  DYstat = 0  DYMCstat = 0  DYsysNjUp = 0  DYsysNjLow = 0  DYsysKin = 0  DYsysPur = 0.0141
79  DYvalue = 1  DYstat = 0  DYMCstat = 0  DYsysNjUp = 0  DYsysNjLow = 0  DYsysKin = 0  DYsysPur = 0.0141
80  DYvalue = 1  DYstat = 0  DYMCstat = 0  DYsysNjUp = 0  DYsysNjLow = 0  DYsysKin = 0  DYsysPur = 0.0141
81  DYvalue = 0.2734  DYstat = 0.1203  DYMCstat = 0  DYsysNjUp = 0  DYsysNjLow = 0  DYsysKin = 0.07  DYsysPur = 0.0247
82  DYvalue = 0.2764  DYstat = 0.1203  DYMCstat = 0  DYsysNjUp = 0  DYsysNjLow = 0  DYsysKin = 0.07  DYsysPur = 0.0247
83  DYvalue = 0.2787  DYstat = 0.1203  DYMCstat = 0  DYsysNjUp = 0  DYsysNjLow = 0  DYsysKin = 0.07  DYsysPur = 0.0247
84  DYvalue = 0.2733  DYstat = 0.1203  DYMCstat = 0  DYsysNjUp = 0  DYsysNjLow = 0  DYsysKin = 0.07  DYsysPur = 0.0247
85  DYvalue = 0.2765  DYstat = 0.1203  DYMCstat = 0  DYsysNjUp = 0  DYsysNjLow = 0  DYsysKin = 0.07  DYsysPur = 0.0247
86  DYvalue = 0.2795  DYstat = 0.1203  DYMCstat = 0  DYsysNjUp = 0  DYsysNjLow = 0  DYsysKin = 0.07  DYsysPur = 0.0247
87  DYvalue = 0.2753  DYstat = 0.1203  DYMCstat = 0  DYsysNjUp = 0  DYsysNjLow = 0  DYsysKin = 0.07  DYsysPur = 0.0247
88  DYvalue = 0.2771  DYstat = 0.1203  DYMCstat = 0  DYsysNjUp = 0  DYsysNjLow = 0  DYsysKin = 0.07  DYsysPur = 0.0247
89  DYvalue = 0.2759  DYstat = 0.1203  DYMCstat = 0  DYsysNjUp = 0  DYsysNjLow = 0  DYsysKin = 0.07  DYsysPur = 0.0247
90  DYvalue = 0.281  DYstat = 0.1203  DYMCstat = 0  DYsysNjUp = 0  DYsysNjLow = 0  DYsysKin = 0.07  DYsysPur = 0.0247
91  DYvalue = 0.0646  DYstat = 0.2119  DYMCstat = 0  DYsysNjUp = 0  DYsysNjLow = 0  DYsysKin = 0.1  DYsysPur = 0.0496
92  DYvalue = 0.0705  DYstat = 0.2119  DYMCstat = 0  DYsysNjUp = 0  DYsysNjLow = 0  DYsysKin = 0.1  DYsysPur = 0.0496
93  DYvalue = 0.0753  DYstat = 0.2119  DYMCstat = 0  DYsysNjUp = 0  DYsysNjLow = 0  DYsysKin = 0.1  DYsysPur = 0.0496
94  DYvalue = 0.0643  DYstat = 0.2119  DYMCstat = 0  DYsysNjUp = 0  DYsysNjLow = 0  DYsysKin = 0.1  DYsysPur = 0.0496
95  DYvalue = 0.0709  DYstat = 0.2119  DYMCstat = 0  DYsysNjUp = 0  DYsysNjLow = 0  DYsysKin = 0.1  DYsysPur = 0.0496
96  DYvalue = 0.0768  DYstat = 0.2119  DYMCstat = 0  DYsysNjUp = 0  DYsysNjLow = 0  DYsysKin = 0.1  DYsysPur = 0.0496
97  DYvalue = 0.0684  DYstat = 0.2119  DYMCstat = 0  DYsysNjUp = 0  DYsysNjLow = 0  DYsysKin = 0.1  DYsysPur = 0.0496
98  DYvalue = 0.0719  DYstat = 0.2119  DYMCstat = 0  DYsysNjUp = 0  DYsysNjLow = 0  DYsysKin = 0.1  DYsysPur = 0.0496
99  DYvalue = 0.0697  DYstat = 0.2119  DYMCstat = 0  DYsysNjUp = 0  DYsysNjLow = 0  DYsysKin = 0.1  DYsysPur = 0.0496
100  DYvalue = 0.0798  DYstat = 0.2119  DYMCstat = 0  DYsysNjUp = 0  DYsysNjLow = 0  DYsysKin = 0.1  DYsysPur = 0.0496
101  DYvalue = 0.0063  DYstat = 0.7094  DYMCstat = 0  DYsysNjUp = 0  DYsysNjLow = 0  DYsysKin = 0.2  DYsysPur = 0.0496
102  DYvalue = 0.0055  DYstat = 0.7094  DYMCstat = 0  DYsysNjUp = 0  DYsysNjLow = 0  DYsysKin = 0.2  DYsysPur = 0.0496
103  DYvalue = 0.0049  DYstat = 0.7094  DYMCstat = 0  DYsysNjUp = 0  DYsysNjLow = 0  DYsysKin = 0.2  DYsysPur = 0.0496
104  DYvalue = 0.0063  DYstat = 0.7094  DYMCstat = 0  DYsysNjUp = 0  DYsysNjLow = 0  DYsysKin = 0.2  DYsysPur = 0.0496
105  DYvalue = 0.0055  DYstat = 0.7094  DYMCstat = 0  DYsysNjUp = 0  DYsysNjLow = 0  DYsysKin = 0.2  DYsysPur = 0.0496
106  DYvalue = 0.0047  DYstat = 0.7094  DYMCstat = 0  DYsysNjUp = 0  DYsysNjLow = 0  DYsysKin = 0.2  DYsysPur = 0.0496
107  DYvalue = 0.0058  DYstat = 0.7094  DYMCstat = 0  DYsysNjUp = 0  DYsysNjLow = 0  DYsysKin = 0.2  DYsysPur = 0.0496
108  DYvalue = 0.0054  DYstat = 0.7094  DYMCstat = 0  DYsysNjUp = 0  DYsysNjLow = 0  DYsysKin = 0.2  DYsysPur = 0.0496
109  DYvalue = 0.0057  DYstat = 0.7094  DYMCstat = 0  DYsysNjUp = 0  DYsysNjLow = 0  DYsysKin = 0.2  DYsysPur = 0.0496
110  DYvalue = 0.0044  DYstat = 0.7094  DYMCstat = 0  DYsysNjUp = 0  DYsysNjLow = 0  DYsysKin = 0.2  DYsysPur = 0.0496
111  DYvalue = 1  DYstat = 0  DYMCstat = 0  DYsysNjUp = 0  DYsysNjLow = 0  DYsysKin = 0  DYsysPur = 0.0141
112  DYvalue = 1  DYstat = 0  DYMCstat = 0  DYsysNjUp = 0  DYsysNjLow = 0  DYsysKin = 0  DYsysPur = 0.0141
113  DYvalue = 1  DYstat = 0  DYMCstat = 0  DYsysNjUp = 0  DYsysNjLow = 0  DYsysKin = 0  DYsysPur = 0.0141
114  DYvalue = 1  DYstat = 0  DYMCstat = 0  DYsysNjUp = 0  DYsysNjLow = 0  DYsysKin = 0  DYsysPur = 0.0141
115  DYvalue = 1  DYstat = 0  DYMCstat = 0  DYsysNjUp = 0  DYsysNjLow = 0  DYsysKin = 0  DYsysPur = 0.0141
116  DYvalue = 1  DYstat = 0  DYMCstat = 0  DYsysNjUp = 0  DYsysNjLow = 0  DYsysKin = 0  DYsysPur = 0.0141
117  DYvalue = 1  DYstat = 0  DYMCstat = 0  DYsysNjUp = 0  DYsysNjLow = 0  DYsysKin = 0  DYsysPur = 0.0141
118  DYvalue = 1  DYstat = 0  DYMCstat = 0  DYsysNjUp = 0  DYsysNjLow = 0  DYsysKin = 0  DYsysPur = 0.0141
119  DYvalue = 0.4115  DYstat = 0.4014  DYMCstat = 0  DYsysNjUp = 0  DYsysNjLow = 0  DYsysKin = 0.07  DYsysPur = 0.0247
120  DYvalue = 0.4809  DYstat = 0.4014  DYMCstat = 0  DYsysNjUp = 0  DYsysNjLow = 0  DYsysKin = 0.07  DYsysPur = 0.0247
121  DYvalue = 0.418  DYstat = 0.4014  DYMCstat = 0  DYsysNjUp = 0  DYsysNjLow = 0  DYsysKin = 0.07  DYsysPur = 0.0247
122  DYvalue = 0.4414  DYstat = 0.4014  DYMCstat = 0  DYsysNjUp = 0  DYsysNjLow = 0  DYsysKin = 0.07  DYsysPur = 0.0247
123  DYvalue = 0.402  DYstat = 0.4014  DYMCstat = 0  DYsysNjUp = 0  DYsysNjLow = 0  DYsysKin = 0.07  DYsysPur = 0.0247
124  DYvalue = 0.4086  DYstat = 0.4014  DYMCstat = 0  DYsysNjUp = 0  DYsysNjLow = 0  DYsysKin = 0.07  DYsysPur = 0.0247
125  DYvalue = 0.4487  DYstat = 0.4014  DYMCstat = 0  DYsysNjUp = 0  DYsysNjLow = 0  DYsysKin = 0.07  DYsysPur = 0.0247
126  DYvalue = 0.3845  DYstat = 0.4014  DYMCstat = 0  DYsysNjUp = 0  DYsysNjLow = 0  DYsysKin = 0.07  DYsysPur = 0.0247
127  DYvalue = 0.154  DYstat = 0.5  DYMCstat = 0  DYsysNjUp = 0  DYsysNjLow = 0  DYsysKin = 0.1  DYsysPur = 0.0496
128  DYvalue = 0.3903  DYstat = 0.5  DYMCstat = 0  DYsysNjUp = 0  DYsysNjLow = 0  DYsysKin = 0.1  DYsysPur = 0.0496
129  DYvalue = 0.176  DYstat = 0.5  DYMCstat = 0  DYsysNjUp = 0  DYsysNjLow = 0  DYsysKin = 0.1  DYsysPur = 0.0496
130  DYvalue = 0.2559  DYstat = 0.5  DYMCstat = 0  DYsysNjUp = 0  DYsysNjLow = 0  DYsysKin = 0.1  DYsysPur = 0.0496
131  DYvalue = 0.1215  DYstat = 0.5  DYMCstat = 0  DYsysNjUp = 0  DYsysNjLow = 0  DYsysKin = 0.1  DYsysPur = 0.0496
132  DYvalue = 0.1439  DYstat = 0.5  DYMCstat = 0  DYsysNjUp = 0  DYsysNjLow = 0  DYsysKin = 0.1  DYsysPur = 0.0496
133  DYvalue = 0.2808  DYstat = 0.5  DYMCstat = 0  DYsysNjUp = 0  DYsysNjLow = 0  DYsysKin = 0.1  DYsysPur = 0.0496
134  DYvalue = 0.0617  DYstat = 0.5  DYMCstat = 0  DYsysNjUp = 0  DYsysNjLow = 0  DYsysKin = 0.1  DYsysPur = 0.0496
135  DYvalue = 0  DYstat = 1  DYMCstat = 0  DYsysNjUp = 0  DYsysNjLow = 0  DYsysKin = 0.2  DYsysPur = 0.0496
136  DYvalue = 0  DYstat = 1  DYMCstat = 0  DYsysNjUp = 0  DYsysNjLow = 0  DYsysKin = 0.2  DYsysPur = 0.0496
137  DYvalue = 0  DYstat = 1  DYMCstat = 0  DYsysNjUp = 0  DYsysNjLow = 0  DYsysKin = 0.2  DYsysPur = 0.0496
138  DYvalue = 0  DYstat = 1  DYMCstat = 0  DYsysNjUp = 0  DYsysNjLow = 0  DYsysKin = 0.2  DYsysPur = 0.0496
139  DYvalue = 0  DYstat = 1  DYMCstat = 0  DYsysNjUp = 0  DYsysNjLow = 0  DYsysKin = 0.2  DYsysPur = 0.0496
140  DYvalue = 0  DYstat = 1  DYMCstat = 0  DYsysNjUp = 0  DYsysNjLow = 0  DYsysKin = 0.2  DYsysPur = 0.0496
141  DYvalue = 0  DYstat = 1  DYMCstat = 0  DYsysNjUp = 0  DYsysNjLow = 0  DYsysKin = 0.2  DYsysPur = 0.0496
142  DYvalue = 0  DYstat = 1  DYMCstat = 0  DYsysNjUp = 0  DYsysNjLow = 0  DYsysKin = 0.2  DYsysPur = 0.0496
143  DYvalue = 1  DYstat = 0  DYMCstat = 0  DYsysNjUp = 0  DYsysNjLow = 0  DYsysKin = 0  DYsysPur = 0.0141
144  DYvalue = 1  DYstat = 0  DYMCstat = 0  DYsysNjUp = 0  DYsysNjLow = 0  DYsysKin = 0  DYsysPur = 0.0141
145  DYvalue = 1  DYstat = 0  DYMCstat = 0  DYsysNjUp = 0  DYsysNjLow = 0  DYsysKin = 0  DYsysPur = 0.0141
146  DYvalue = 1  DYstat = 0  DYMCstat = 0  DYsysNjUp = 0  DYsysNjLow = 0  DYsysKin = 0  DYsysPur = 0.0141
147  DYvalue = 1  DYstat = 0  DYMCstat = 0  DYsysNjUp = 0  DYsysNjLow = 0  DYsysKin = 0  DYsysPur = 0.0141
148  DYvalue = 1  DYstat = 0  DYMCstat = 0  DYsysNjUp = 0  DYsysNjLow = 0  DYsysKin = 0  DYsysPur = 0.0141
149  DYvalue = 1  DYstat = 0  DYMCstat = 0  DYsysNjUp = 0  DYsysNjLow = 0  DYsysKin = 0  DYsysPur = 0.0141
150  DYvalue = 1  DYstat = 0  DYMCstat = 0  DYsysNjUp = 0  DYsysNjLow = 0  DYsysKin = 0  DYsysPur = 0.0141
151  DYvalue = 0.9594  DYstat = 1  DYMCstat = 0  DYsysNjUp = 0  DYsysNjLow = 0  DYsysKin = 0.07  DYsysPur = 0.0247
152  DYvalue = 0.9594  DYstat = 1  DYMCstat = 0  DYsysNjUp = 0  DYsysNjLow = 0  DYsysKin = 0.07  DYsysPur = 0.0247
153  DYvalue = 0.9594  DYstat = 1  DYMCstat = 0  DYsysNjUp = 0  DYsysNjLow = 0  DYsysKin = 0.07  DYsysPur = 0.0247
154  DYvalue = 0.9594  DYstat = 1  DYMCstat = 0  DYsysNjUp = 0  DYsysNjLow = 0  DYsysKin = 0.07  DYsysPur = 0.0247
155  DYvalue = 0.9594  DYstat = 1  DYMCstat = 0  DYsysNjUp = 0  DYsysNjLow = 0  DYsysKin = 0.07  DYsysPur = 0.0247
156  DYvalue = 0.9594  DYstat = 1  DYMCstat = 0  DYsysNjUp = 0  DYsysNjLow = 0  DYsysKin = 0.07  DYsysPur = 0.0247
157  DYvalue = 0.9594  DYstat = 1  DYMCstat = 0  DYsysNjUp = 0  DYsysNjLow = 0  DYsysKin = 0.07  DYsysPur = 0.0247
158  DYvalue = 0.9594  DYstat = 1  DYMCstat = 0  DYsysNjUp = 0  DYsysNjLow = 0  DYsysKin = 0.07  DYsysPur = 0.0247
159  DYvalue = 0  DYstat = 1  DYMCstat = 0  DYsysNjUp = 0  DYsysNjLow = 0  DYsysKin = 0.1  DYsysPur = 0.0496
160  DYvalue = 0  DYstat = 1  DYMCstat = 0  DYsysNjUp = 0  DYsysNjLow = 0  DYsysKin = 0.1  DYsysPur = 0.0496
161  DYvalue = 0  DYstat = 1  DYMCstat = 0  DYsysNjUp = 0  DYsysNjLow = 0  DYsysKin = 0.1  DYsysPur = 0.0496
162  DYvalue = 0  DYstat = 1  DYMCstat = 0  DYsysNjUp = 0  DYsysNjLow = 0  DYsysKin = 0.1  DYsysPur = 0.0496
163  DYvalue = 0  DYstat = 1  DYMCstat = 0  DYsysNjUp = 0  DYsysNjLow = 0  DYsysKin = 0.1  DYsysPur = 0.0496
164  DYvalue = 0  DYstat = 1  DYMCstat = 0  DYsysNjUp = 0  DYsysNjLow = 0  DYsysKin = 0.1  DYsysPur = 0.0496
165  DYvalue = 0  DYstat = 1  DYMCstat = 0  DYsysNjUp = 0  DYsysNjLow = 0  DYsysKin = 0.1  DYsysPur = 0.0496
166  DYvalue = 0  DYstat = 1  DYMCstat = 0  DYsysNjUp = 0  DYsysNjLow = 0  DYsysKin = 0.1  DYsysPur = 0.0496
167  DYvalue = 0  DYstat = 1  DYMCstat = 0  DYsysNjUp = 0  DYsysNjLow = 0  DYsysKin = 0.2  DYsysPur = 0.0496
168  DYvalue = 0  DYstat = 1  DYMCstat = 0  DYsysNjUp = 0  DYsysNjLow = 0  DYsysKin = 0.2  DYsysPur = 0.0496
169  DYvalue = 0  DYstat = 1  DYMCstat = 0  DYsysNjUp = 0  DYsysNjLow = 0  DYsysKin = 0.2  DYsysPur = 0.0496
170  DYvalue = 0  DYstat = 1  DYMCstat = 0  DYsysNjUp = 0  DYsysNjLow = 0  DYsysKin = 0.2  DYsysPur = 0.0496
171  DYvalue = 0  DYstat = 1  DYMCstat = 0  DYsysNjUp = 0  DYsysNjLow = 0  DYsysKin = 0.2  DYsysPur = 0.0496
172  DYvalue = 0  DYstat = 1  DYMCstat = 0  DYsysNjUp = 0  DYsysNjLow = 0  DYsysKin = 0.2  DYsysPur = 0.0496
173  DYvalue = 0  DYstat = 1  DYMCstat = 0  DYsysNjUp = 0  DYsysNjLow = 0  DYsysKin = 0.2  DYsysPur = 0.0496
174  DYvalue = 0  DYstat = 1  DYMCstat = 0  DYsysNjUp = 0  DYsysNjLow = 0  DYsysKin = 0.2  DYsysPur = 0.0496


Initializing input file ../plots/histograms/ZinvMCttzMC174bin_2018HEMv16_HT17_ZptWt.root
hzvvgJNobs,  binLabel(135) = zvvgJNobs_NJets3_MHT0_HT1
hzvvgJEtrgErr,  binLabel(135) = zvvgJEtrgErr_MHT0
hzvvgJPurErr,  binLabel(135) = zvvgJPurErr
hzvvNbCorrelUp,  binLabel(135) = zvvNbCorrelUp_NJets3_MHT0_HT1
hzvvNbCorrelLow,  binLabel(135) = zvvNbCorrelLow_NJets3_MHT0_HT1
hzvvScaleErr,  binLabel(135) = zvvScaleErr
hzvvDYstat,  binLabel(135) = zvvDYstat_NJets3_BTags3
hzvvDYMCerrUp,  binLabel(135) = zvvDYMCerrUp_NJets4_BTags3
hzvvDYMCerrLow,  binLabel(135) = zvvDYMCerrLow_NJets4_BTags3
hzvvDYsysKin,  binLabel(135) = zvvDYsysKin_NJets3_BTags3_MHT0_HT1
hzvvDYsysPur,  binLabel(135) = zvvDYsysPur_NJets2_BTags2
iJet 0 Var (err nominal, eff):  gEtrg (0.007, 3.7556e-05)  gFdir (0.00980369, 0.0019854)  gFdir (0.00980369, 0.00198563)  gPur (0.017, 0.00276196) 
iJet 0 Var (err nominal, eff):  gEtrg (0.007, 3.7556e-05)  gFdir (0.00923588, 0.00255321)  gFdir (0.00923588, 0.00255344)  gPur (0.017, 0.00276196) 
iJet 0 Var (err nominal, eff):  gEtrg (0.007, 3.7556e-05)  gFdir (0.00814931, 0.00363978)  gFdir (0.00814931, 0.00364001)  gPur (0.017, 0.00276196) 
iJet 0 Var (err nominal, eff):  gEtrg (0.007, 3.7556e-05)  gFdir (0.00734016, 0.00444893)  gFdir (0.00734016, 0.00444916)  gPur (0.012, 0.00223805) 
iJet 0 Var (err nominal, eff):  gEtrg (0.007, 3.7556e-05)  gFdir (0.00980369, 0.0019854)  gFdir (0.00980369, 0.00198563)  gPur (0.012, 0.00223805) 
iJet 0 Var (err nominal, eff):  gEtrg (0.007, 3.7556e-05)  gFdir (0.00738525, 0.00440384)  gFdir (0.00738525, 0.00440407)  gPur (0.012, 0.00223805) 
iJet 0 Var (err nominal, eff):  gEtrg (0.006, 0.000962444)  gFdir (0.00498712, 0.00680198)  gFdir (0.00498712, 0.0068022)  gPur (0.009, 0.00523805) 
iJet 0 Var (err nominal, eff):  gEtrg (0.007, 3.7556e-05)  gFdir (0.00630835, 0.00548074)  gFdir (0.00630835, 0.00548097)  gPur (0.01, 0.00423805) 
iJet 0 Var (err nominal, eff):  gEtrg (0.006, 0.000962444)  gFdir (0.00389019, 0.0078989)  gFdir (0.00389019, 0.00789913)  gPur (0.008, 0.00623805) 
iJet 0 Var (err nominal, eff):  gEtrg (0.006, 0.000962444)  gFdir (0.00658961, 0.00519948)  gFdir (0.00658961, 0.00519971)  gPur (0.007, 0.00723805) 
iJet 1 Var (err nominal, eff):  gEtrg (0.007, 3.7556e-05)  gFdir (0.0259398, 0.0141507)  gFdir (0.0259398, 0.0141504)  gPur (0.017, 0.00276196) 
iJet 1 Var (err nominal, eff):  gEtrg (0.007, 3.7556e-05)  gFdir (0.0344468, 0.0226577)  gFdir (0.0344468, 0.0226575)  gPur (0.017, 0.00276196) 
iJet 1 Var (err nominal, eff):  gEtrg (0.007, 3.7556e-05)  gFdir (0.0192058, 0.00741671)  gFdir (0.0192058, 0.00741648)  gPur (0.017, 0.00276196) 
iJet 1 Var (err nominal, eff):  gEtrg (0.007, 3.7556e-05)  gFdir (0.0172025, 0.00541341)  gFdir (0.0172025, 0.00541318)  gPur (0.012, 0.00223805) 
iJet 1 Var (err nominal, eff):  gEtrg (0.007, 3.7556e-05)  gFdir (0.0238069, 0.0120178)  gFdir (0.0238069, 0.0120175)  gPur (0.012, 0.00223805) 
iJet 1 Var (err nominal, eff):  gEtrg (0.007, 3.7556e-05)  gFdir (0.0229805, 0.0111914)  gFdir (0.0229805, 0.0111912)  gPur (0.012, 0.00223805) 
iJet 1 Var (err nominal, eff):  gEtrg (0.006, 0.000962444)  gFdir (0.0112913, 0.000497838)  gFdir (0.0112913, 0.000498066)  gPur (0.01, 0.00423805) 
iJet 1 Var (err nominal, eff):  gEtrg (0.006, 0.000962444)  gFdir (0.0171113, 0.00532223)  gFdir (0.0171113, 0.005322)  gPur (0.009, 0.00523805) 
iJet 1 Var (err nominal, eff):  gEtrg (0.006, 0.000962444)  gFdir (0.0108218, 0.000967249)  gFdir (0.0108218, 0.000967477)  gPur (0.008, 0.00623805) 
iJet 1 Var (err nominal, eff):  gEtrg (0.006, 0.000962444)  gFdir (0.0244935, 0.0127044)  gFdir (0.0244935, 0.0127042)  gPur (0.007, 0.00723805) 
iJet 2 Var (err nominal, eff):  gEtrg (0.008, 0.00103756)  gFdir (0.0488899, 0.0371008)  gFdir (0.0488899, 0.0371006)  gPur (0.017, 0.00276196) 
iJet 2 Var (err nominal, eff):  gEtrg (0.007, 3.7556e-05)  gFdir (0.0509821, 0.039193)  gFdir (0.0509821, 0.0391928)  gPur (0.017, 0.00276196) 
iJet 2 Var (err nominal, eff):  gEtrg (0.007, 3.7556e-05)  gFdir (0.0502066, 0.0384175)  gFdir (0.0502066, 0.0384173)  gPur (0.017, 0.00276196) 
iJet 2 Var (err nominal, eff):  gEtrg (0.007, 3.7556e-05)  gFdir (0.0180361, 0.00624702)  gFdir (0.0180361, 0.0062468)  gPur (0.012, 0.00223805) 
iJet 2 Var (err nominal, eff):  gEtrg (0.007, 3.7556e-05)  gFdir (0.0385763, 0.0267872)  gFdir (0.0385763, 0.026787)  gPur (0.012, 0.00223805) 
iJet 2 Var (err nominal, eff):  gEtrg (0.007, 3.7556e-05)  gFdir (0.0410817, 0.0292926)  gFdir (0.0410817, 0.0292923)  gPur (0.012, 0.00223805) 
iJet 2 Var (err nominal, eff):  gEtrg (0.006, 0.000962444)  gFdir (0.0317756, 0.0199865)  gFdir (0.0317756, 0.0199863)  gPur (0.01, 0.00423805) 
iJet 2 Var (err nominal, eff):  gEtrg (0.007, 3.7556e-05)  gFdir (0.0532845, 0.0414954)  gFdir (0.0532845, 0.0414951)  gPur (0.01, 0.00423805) 
iJet 2 Var (err nominal, eff):  gEtrg (0.006, 0.000962444)  gFdir (0.0262646, 0.0144755)  gFdir (0.0262646, 0.0144752)  gPur (0.007, 0.00723805) 
iJet 2 Var (err nominal, eff):  gEtrg (0.006, 0.000962444)  gFdir (0.140056, 0.128267)  gFdir (0.140056, 0.128267)  gPur (0.009, 0.00523805) 
iJet 3 Var (err nominal, eff):  gEtrg (0.007, 3.7556e-05)  gFdir (0.0534146, 0.0416255)  gFdir (0.0534146, 0.0416253)  gPur (0.017, 0.00276196) 
iJet 3 Var (err nominal, eff):  gEtrg (0.009, 0.00203756)  gFdir (0.157022, 0.145233)  gFdir (0.157022, 0.145232)  gPur (0.017, 0.00276196) 
iJet 3 Var (err nominal, eff):  gEtrg (0.007, 3.7556e-05)  gFdir (0.0299297, 0.0181406)  gFdir (0.0299297, 0.0181404)  gPur (0.012, 0.00223805) 
iJet 3 Var (err nominal, eff):  gEtrg (0.007, 3.7556e-05)  gFdir (0.0600223, 0.0482332)  gFdir (0.0600223, 0.048233)  gPur (0.012, 0.00223805) 
iJet 3 Var (err nominal, eff):  gEtrg (0.006, 0.000962444)  gFdir (0.189547, 0.177758)  gFdir (0.189547, 0.177757)  gPur (0.007, 0.00723805) 
iJet 3 Var (err nominal, eff):  gEtrg (0.006, 0.000962444)  gFdir (0.117385, 0.105595)  gFdir (0.117385, 0.105595)  gPur (0.007, 0.00723805) 
iJet 3 Var (err nominal, eff):  gEtrg (0.006, 0.000962444)  gFdir (0.136892, 0.125103)  gFdir (0.136892, 0.125103)  gPur (0.007, 0.00723805) 
iJet 3 Var (err nominal, eff):  gEtrg (0.007, 3.7556e-05)  gFdir (0.118984, 0.107195)  gFdir (0.129561, 0.117772)  gPur (0.014, 0.000238045) 
iJet 4 Var (err nominal, eff):  gEtrg (0.009, 0.00203756)  gFdir (0.0534146, 0.0416255)  gFdir (0.0534146, 0.0416253)  gPur (0.017, 0.00276196) 
iJet 4 Var (err nominal, eff):  gEtrg (0.006, 0.000962444)  gFdir (0.157022, 0.145233)  gFdir (0.157022, 0.145232)  gPur (0.016, 0.00176196) 
iJet 4 Var (err nominal, eff):  gEtrg (0.007, 3.7556e-05)  gFdir (0.0299297, 0.0181406)  gFdir (0.0299297, 0.0181404)  gPur (0.012, 0.00223805) 
iJet 4 Var (err nominal, eff):  gEtrg (0.006, 0.000962444)  gFdir (0.0600223, 0.0482332)  gFdir (0.0600223, 0.048233)  gPur (0.011, 0.00323805) 
iJet 4 Var (err nominal, eff):  gEtrg (0, 0.00696244)  gFdir (0.189547, 0.177758)  gFdir (0.189547, 0.177757)  gPur (0, 0.014238) 
iJet 4 Var (err nominal, eff):  gEtrg (0.012, 0.00503756)  gFdir (0.117385, 0.105595)  gFdir (0.117385, 0.105595)  gPur (0.036, 0.021762) 
iJet 4 Var (err nominal, eff):  gEtrg (0, 0.00696244)  gFdir (0.136892, 0.125103)  gFdir (0.136892, 0.125103)  gPur (0, 0.014238) 
iJet 4 Var (err nominal, eff):  gEtrg (0, 0.00696244)  gFdir (0.118984, 0.107195)  gFdir (0.129561, 0.117772)  gPur (0, 0.014238) 
Info in <TCanvas::Print>: pdf file ZinvBGpred.pdf has been created
Info in <TCanvas::Print>: pdf file errorComponents.pdf has been created
