
Processing ../src/RA2bin_driver.C...
...using style 'Plain'
gJets data filename = ../datFiles/gJets_2018HEMv16_DRRun2wt_signal.dat, lumi = 38.3
../datFiles/DR_Run2v16_HT17wt_ZptWt_noPU_DRRun2wt_signal.dat
DRscaleErr = 0.0069, DY0bPurErr = 0.0109, DYtrigEffErr = 0, LeptonSFerr = 0.0213, btagSFerr = 0.005
1  Ngobs = 64608  ZgR = 0.415 (0.5%)  gEtrg =  1 (0.7+/-2%)  gSF =  1 (4.5%)  gFdir = 0.969 (+0.2-0.2+/-30%)  gPur = 0.932 (1.9%)  ZgDR = 1.0016 (+1.28-1.1%)
2  Ngobs = 3556  ZgR = 0.408 (0.9%)  gEtrg =  1 (0.7+/-2%)  gSF =  1 (4.5%)  gFdir = 0.973 (+0.4-0.4+/-30%)  gPur = 0.932 (1.9%)  ZgDR = 1.0016 (+1.32-1.1%)
3  Ngobs = 194  ZgR = 0.465 (3.6%)  gEtrg =  1 (0.7+/-2%)  gSF =  1 (4.2%)  gFdir = 0.979 (+0.5-0.5+/-30%)  gPur = 0.931 (1.9%)  ZgDR = 1.0016 (+5-4.15%)
4  Ngobs = 55673  ZgR = 0.428 (0.4%)  gEtrg =  1 (0.7+/-2%)  gSF =  1 (4.3%)  gFdir = 0.977 (+0.2-0.2+/-30%)  gPur = 0.944 (1.4%)  ZgDR = 1.0016 (+1.07-0.64%)
5  Ngobs = 10667  ZgR = 0.421 (0.6%)  gEtrg =  1 (0.7+/-2%)  gSF =  1 (4.3%)  gFdir = 0.969 (+0.2-0.2+/-30%)  gPur = 0.944 (1.4%)  ZgDR = 1.0016 (+1.32-0.95%)
6  Ngobs = 481  ZgR = 0.422 (2.4%)  gEtrg =  1 (0.7+/-2%)  gSF =  1 (4.2%)  gFdir = 0.978 (+0.3-0.3+/-30%)  gPur = 0.944 (1.4%)  ZgDR = 1.0016 (+5-4.15%)
7  Ngobs = 4466  ZgR = 0.43 (0.8%)  gEtrg =  1 (0.6+/-2%)  gSF =  1 (4.1%)  gFdir = 0.985 (+0.2-0.2+/-30%)  gPur = 0.965 (0.9%)  ZgDR = 1.0016 (+5.31-5.03%)
8  Ngobs = 153  ZgR = 0.41 (4.3%)  gEtrg =  1 (0.7+/-2%)  gSF =  1 (4%)  gFdir = 0.984 (+0.4-0.4+/-30%)  gPur = 0.964 (0.9%)  ZgDR = 1.0016 (+5.31-5.03%)
9  Ngobs = 713  ZgR = 0.538 (2%)  gEtrg =  1 (0.6+/-2%)  gSF =  1 (3.9%)  gFdir = 0.989 (+0.2-0.2+/-30%)  gPur = 0.968 (0.8%)  ZgDR = 1.0016 (+8.79-8.35%)
10  Ngobs = 23  ZgR = 0.606 (10.9%)  gEtrg =  1 (0.6+/-2%)  gSF =  1 (3.7%)  gFdir = 0.991 (+0.6-0.6+/-30%)  gPur = 0.969 (0.7%)  ZgDR = 1.0016 (+8.79-8.35%)
11  Ngobs = 11154  ZgR = 0.425 (1%)  gEtrg =  1 (0.7+/-2%)  gSF =  1 (4.5%)  gFdir = 0.924 (+0.8-0.8+/-30%)  gPur = 0.932 (1.9%)  ZgDR = 1.0016 (+2.91-2.7%)
12  Ngobs = 3084  ZgR = 0.397 (1.1%)  gEtrg =  1 (0.7+/-2%)  gSF =  1 (4.5%)  gFdir = 0.901 (+1-1+/-30%)  gPur = 0.932 (2%)  ZgDR = 1.0016 (+2.91-2.7%)
13  Ngobs = 210  ZgR = 0.439 (3.7%)  gEtrg =  1 (0.7+/-2%)  gSF =  1 (4.4%)  gFdir = 0.945 (+0.8-0.8+/-30%)  gPur = 0.932 (1.9%)  ZgDR = 1.0016 (+5-4.15%)
14  Ngobs = 8719  ZgR = 0.418 (1%)  gEtrg =  1 (0.7+/-2%)  gSF =  1 (4.4%)  gFdir = 0.949 (+0.6-0.6+/-30%)  gPur = 0.943 (1.4%)  ZgDR = 1.0016 (+2.91-2.7%)
15  Ngobs = 7178  ZgR = 0.407 (0.7%)  gEtrg =  1 (0.7+/-2%)  gSF =  1 (4.4%)  gFdir = 0.928 (+0.5-0.5+/-30%)  gPur = 0.944 (1.4%)  ZgDR = 1.0016 (+2.91-2.7%)
16  Ngobs = 557  ZgR = 0.41 (2.4%)  gEtrg =  1 (0.7+/-2%)  gSF =  1 (4.3%)  gFdir = 0.932 (+0.7-0.7+/-30%)  gPur = 0.944 (1.4%)  ZgDR = 1.0016 (+5-4.15%)
17  Ngobs = 1300  ZgR = 0.39 (1.6%)  gEtrg =  1 (0.6+/-2%)  gSF =  1 (4.1%)  gFdir = 0.966 (+0.4-0.4+/-30%)  gPur = 0.965 (0.9%)  ZgDR = 1.0016 (+5.31-5.03%)
18  Ngobs = 153  ZgR = 0.375 (4.3%)  gEtrg =  1 (0.6+/-2%)  gSF =  1 (4.2%)  gFdir = 0.952 (+0.8-0.8+/-30%)  gPur = 0.965 (0.9%)  ZgDR = 1.0016 (+5.31-5.03%)
19  Ngobs = 267  ZgR = 0.481 (3.6%)  gEtrg =  1 (0.6+/-2%)  gSF =  1 (3.9%)  gFdir = 0.969 (+0.5-0.5+/-30%)  gPur = 0.968 (0.7%)  ZgDR = 1.0016 (+8.79-8.35%)
20  Ngobs = 29  ZgR = 0.433 (10.4%)  gEtrg =  1 (0.6+/-2%)  gSF =  1 (4%)  gFdir = 0.951 (+1.9-1.9+/-30%)  gPur = 0.969 (0.7%)  ZgDR = 1.0016 (+8.79-8.35%)
21  Ngobs = 600  ZgR = 0.463 (4.3%)  gEtrg =  1 (0.8+/-2%)  gSF =  1 (4.5%)  gFdir = 0.907 (+3.8-3.8+/-30%)  gPur = 0.933 (2%)  ZgDR = 1.0016 (+6.58-6.31%)
22  Ngobs = 713  ZgR = 0.402 (2.6%)  gEtrg =  1 (0.8+/-2%)  gSF =  1 (4.6%)  gFdir = 0.871 (+2.5-2.5+/-30%)  gPur = 0.933 (2%)  ZgDR = 1.0016 (+6.58-6.31%)
23  Ngobs = 79  ZgR = 0.445 (6.7%)  gEtrg =  1 (0.7+/-2%)  gSF =  1 (4.7%)  gFdir = 0.888 (+3.3-3.3+/-30%)  gPur = 0.932 (1.9%)  ZgDR = 1.0016 (+6.58-6.31%)
24  Ngobs = 460  ZgR = 0.444 (4.7%)  gEtrg =  1 (0.7+/-2%)  gSF =  1 (4.7%)  gFdir = 0.973 (+1.6-1.6+/-30%)  gPur = 0.944 (1.4%)  ZgDR = 1.0016 (+6.58-6.31%)
25  Ngobs = 1277  ZgR = 0.4 (1.9%)  gEtrg =  1 (0.7+/-2%)  gSF =  1 (4.4%)  gFdir = 0.893 (+1.4-1.4+/-30%)  gPur = 0.944 (1.4%)  ZgDR = 1.0016 (+6.58-6.31%)
26  Ngobs = 218  ZgR = 0.399 (4.3%)  gEtrg =  1 (0.7+/-2%)  gSF =  1 (4.4%)  gFdir = 0.888 (+1.6-1.6+/-30%)  gPur = 0.944 (1.4%)  ZgDR = 1.0016 (+6.58-6.31%)
27  Ngobs = 179  ZgR = 0.359 (4.9%)  gEtrg =  1 (0.7+/-2%)  gSF =  1 (4.1%)  gFdir = 0.929 (+2.2-2.2+/-30%)  gPur = 0.964 (0.9%)  ZgDR = 1.0016 (+6.58-6.31%)
28  Ngobs = 67  ZgR = 0.343 (7.8%)  gEtrg =  1 (0.7+/-2%)  gSF =  1 (4%)  gFdir = 0.872 (+3-3+/-30%)  gPur = 0.964 (0.9%)  ZgDR = 1.0016 (+6.58-6.31%)
29  Ngobs = 37  ZgR = 0.397 (9.9%)  gEtrg =  1 (0.6+/-2%)  gSF =  1 (3.8%)  gFdir = 0.943 (+1.9-1.9+/-30%)  gPur = 0.969 (0.7%)  ZgDR = 1.0016 (+8.79-8.35%)
30  Ngobs = 16  ZgR = 0.409 (20.5%)  gEtrg =  1 (0.6+/-2%)  gSF =  1 (3.7%)  gFdir = 0.852 (+13-13+/-30%)  gPur = 0.967 (0.8%)  ZgDR = 1.0016 (+8.79-8.35%)
31  Ngobs = 62  ZgR = 0.402 (2.6%)  gEtrg =  1 (0.7+/-2%)  gSF =  1 (4.5%)  gFdir = 0.922 (+4.7-4.7+/-30%)  gPur = 0.933 (2%)  ZgDR = 1.0016 (+10.38-9.99%)
32  Ngobs = 14  ZgR = 0.445 (6.7%)  gEtrg =  1 (0.9+/-2%)  gSF =  1 (4.4%)  gFdir = 0.762 (+12.6-12.6+/-30%)  gPur = 0.935 (2.1%)  ZgDR = 1.0016 (+10.38-9.99%)
33  Ngobs = 104  ZgR = 0.4 (1.9%)  gEtrg =  1 (0.7+/-2%)  gSF =  1 (4.6%)  gFdir = 0.948 (+2.5-2.5+/-30%)  gPur = 0.943 (1.4%)  ZgDR = 1.0016 (+10.38-9.99%)
34  Ngobs = 47  ZgR = 0.399 (4.3%)  gEtrg =  1 (0.7+/-2%)  gSF =  1 (4.6%)  gFdir = 0.862 (+3.6-3.6+/-30%)  gPur = 0.943 (1.4%)  ZgDR = 1.0016 (+10.38-9.99%)
35  Ngobs = 12  ZgR = 0.359 (4.9%)  gEtrg =  1 (0.6+/-2%)  gSF =  1 (4.4%)  gFdir = 0.81 (+17.6-17.6+/-30%)  gPur = 0.969 (0.7%)  ZgDR = 1.0016 (+10.38-9.99%)
36  Ngobs = 17  ZgR = 0.343 (7.8%)  gEtrg =  1 (0.6+/-2%)  gSF =  1 (3.8%)  gFdir = 0.772 (+7.7-7.7+/-30%)  gPur = 0.967 (0.8%)  ZgDR = 1.0016 (+10.38-9.99%)
37  Ngobs = 3  ZgR = 0.397 (9.9%)  gEtrg =  1 (0.6+/-2%)  gSF =  1 (3.8%)  gFdir = 0.838 (+12.4-12.4+/-30%)  gPur = 0.969 (0.7%)  ZgDR = 1.0016 (+10.38-9.99%)
38  Ngobs = 4  ZgR = 0.409 (20.5%)  gEtrg =  1 (0.7+/-2%)  gSF =  1 (2.8%)  gFdir = 0.898 (+11.4-12.5+/-30%)  gPur = 0.959 (1.1%)  ZgDR = 1.0016 (+10.38-9.99%)
39  Ngobs = 4  ZgR = 0.402 (2.6%)  gEtrg =  1 (0.9+/-2%)  gSF =  1 (4.5%)  gFdir = 0.922 (+4.7-4.7+/-30%)  gPur = 0.936 (2.1%)  ZgDR = 1.0016 (+14.09-13.56%)
40  Ngobs = 1  ZgR = 0.445 (6.7%)  gEtrg =  1 (0.6+/-2%)  gSF =  1 (3.9%)  gFdir = 0.762 (+12.6-12.6+/-30%)  gPur = 0.929 (1.8%)  ZgDR = 1.0016 (+14.09-13.56%)
41  Ngobs = 5  ZgR = 0.4 (1.9%)  gEtrg =  1 (0.7+/-2%)  gSF =  1 (3.4%)  gFdir = 0.948 (+2.5-2.5+/-30%)  gPur = 0.944 (1.4%)  ZgDR = 1.0016 (+14.09-13.56%)
42  Ngobs = 6  ZgR = 0.399 (4.3%)  gEtrg =  1 (0.7+/-2%)  gSF =  1 (3.5%)  gFdir = 0.862 (+3.6-3.6+/-30%)  gPur = 0.944 (1.4%)  ZgDR = 1.0016 (+14.09-13.56%)
43  Ngobs = 0  ZgR = 0.359 (4.9%)  gEtrg =  1 (0+/-2%)  gSF =  1 (4%)  gFdir = 0.81 (+17.6-17.6+/-30%)  gPur = 1 (0%)  ZgDR = 1.0016 (+14.09-13.56%)
44  Ngobs = 1  ZgR = 0.343 (7.8%)  gEtrg =  1 (1.2+/-2%)  gSF =  1 (3.8%)  gFdir = 0.772 (+7.7-7.7+/-30%)  gPur = 0.928 (2.3%)  ZgDR = 1.0016 (+14.09-13.56%)
45  Ngobs = 0  ZgR = 0.397 (9.9%)  gEtrg =  1 (0+/-2%)  gSF =  1 (0%)  gFdir = 0.838 (+12.4-12.4+/-30%)  gPur = 1 (0%)  ZgDR = 1.0016 (+14.09-13.56%)
46  Ngobs = 0  ZgR = 0.409 (20.5%)  gEtrg =  1 (0+/-2%)  gSF =  1 (2.6%)  gFdir = 0.898 (+11.4-12.5+/-30%)  gPur = 1 (0%)  ZgDR = 1.0016 (+14.09-13.56%)

1  DYvalue = 1  DYstat = 0  DYMCstat = 0  DYsysNjUp = 0  DYsysNjLow = 0  DYsysKin = 0  DYsysPur = 0.0109
2  DYvalue = 1  DYstat = 0  DYMCstat = 0  DYsysNjUp = 0  DYsysNjLow = 0  DYsysKin = 0  DYsysPur = 0.0109
3  DYvalue = 1  DYstat = 0  DYMCstat = 0  DYsysNjUp = 0  DYsysNjLow = 0  DYsysKin = 0  DYsysPur = 0.0109
4  DYvalue = 1  DYstat = 0  DYMCstat = 0  DYsysNjUp = 0  DYsysNjLow = 0  DYsysKin = 0  DYsysPur = 0.0109
5  DYvalue = 1  DYstat = 0  DYMCstat = 0  DYsysNjUp = 0  DYsysNjLow = 0  DYsysKin = 0  DYsysPur = 0.0109
6  DYvalue = 1  DYstat = 0  DYMCstat = 0  DYsysNjUp = 0  DYsysNjLow = 0  DYsysKin = 0  DYsysPur = 0.0109
7  DYvalue = 1  DYstat = 0  DYMCstat = 0  DYsysNjUp = 0  DYsysNjLow = 0  DYsysKin = 0  DYsysPur = 0.0109
8  DYvalue = 1  DYstat = 0  DYMCstat = 0  DYsysNjUp = 0  DYsysNjLow = 0  DYsysKin = 0  DYsysPur = 0.0109
9  DYvalue = 1  DYstat = 0  DYMCstat = 0  DYsysNjUp = 0  DYsysNjLow = 0  DYsysKin = 0  DYsysPur = 0.0109
10  DYvalue = 1  DYstat = 0  DYMCstat = 0  DYsysNjUp = 0  DYsysNjLow = 0  DYsysKin = 0  DYsysPur = 0.0109
11  DYvalue = 0.0889  DYstat = 0.0319  DYMCstat = 0  DYsysNjUp = 0  DYsysNjLow = 0  DYsysKin = 0.15  DYsysPur = 0.0122
12  DYvalue = 0.1049  DYstat = 0.0319  DYMCstat = 0  DYsysNjUp = 0  DYsysNjLow = 0  DYsysKin = 0.15  DYsysPur = 0.0122
13  DYvalue = 0.1057  DYstat = 0.0319  DYMCstat = 0  DYsysNjUp = 0  DYsysNjLow = 0  DYsysKin = 0.15  DYsysPur = 0.0122
14  DYvalue = 0.0888  DYstat = 0.0319  DYMCstat = 0  DYsysNjUp = 0  DYsysNjLow = 0  DYsysKin = 0.15  DYsysPur = 0.0122
15  DYvalue = 0.1035  DYstat = 0.0319  DYMCstat = 0  DYsysNjUp = 0  DYsysNjLow = 0  DYsysKin = 0.15  DYsysPur = 0.0122
16  DYvalue = 0.1083  DYstat = 0.0319  DYMCstat = 0  DYsysNjUp = 0  DYsysNjLow = 0  DYsysKin = 0.15  DYsysPur = 0.0122
17  DYvalue = 0.0927  DYstat = 0.0319  DYMCstat = 0  DYsysNjUp = 0  DYsysNjLow = 0  DYsysKin = 0.15  DYsysPur = 0.0122
18  DYvalue = 0.1034  DYstat = 0.0319  DYMCstat = 0  DYsysNjUp = 0  DYsysNjLow = 0  DYsysKin = 0.15  DYsysPur = 0.0122
19  DYvalue = 0.094  DYstat = 0.0319  DYMCstat = 0  DYsysNjUp = 0  DYsysNjLow = 0  DYsysKin = 0.15  DYsysPur = 0.0122
20  DYvalue = 0.1023  DYstat = 0.0319  DYMCstat = 0  DYsysNjUp = 0  DYsysNjLow = 0  DYsysKin = 0.15  DYsysPur = 0.0122
21  DYvalue = 0.0094  DYstat = 0.0925  DYMCstat = 0  DYsysNjUp = 0  DYsysNjLow = 0  DYsysKin = 0.3  DYsysPur = 0.023
22  DYvalue = 0.0128  DYstat = 0.0925  DYMCstat = 0  DYsysNjUp = 0  DYsysNjLow = 0  DYsysKin = 0.3  DYsysPur = 0.023
23  DYvalue = 0.013  DYstat = 0.0925  DYMCstat = 0  DYsysNjUp = 0  DYsysNjLow = 0  DYsysKin = 0.3  DYsysPur = 0.023
24  DYvalue = 0.0094  DYstat = 0.0925  DYMCstat = 0  DYsysNjUp = 0  DYsysNjLow = 0  DYsysKin = 0.3  DYsysPur = 0.023
25  DYvalue = 0.0125  DYstat = 0.0925  DYMCstat = 0  DYsysNjUp = 0  DYsysNjLow = 0  DYsysKin = 0.3  DYsysPur = 0.023
26  DYvalue = 0.0136  DYstat = 0.0925  DYMCstat = 0  DYsysNjUp = 0  DYsysNjLow = 0  DYsysKin = 0.3  DYsysPur = 0.023
27  DYvalue = 0.0102  DYstat = 0.0925  DYMCstat = 0  DYsysNjUp = 0  DYsysNjLow = 0  DYsysKin = 0.3  DYsysPur = 0.023
28  DYvalue = 0.0125  DYstat = 0.0925  DYMCstat = 0  DYsysNjUp = 0  DYsysNjLow = 0  DYsysKin = 0.3  DYsysPur = 0.023
29  DYvalue = 0.0105  DYstat = 0.0925  DYMCstat = 0  DYsysNjUp = 0  DYsysNjLow = 0  DYsysKin = 0.3  DYsysPur = 0.023
30  DYvalue = 0.0123  DYstat = 0.0925  DYMCstat = 0  DYsysNjUp = 0  DYsysNjLow = 0  DYsysKin = 0.3  DYsysPur = 0.023
31  DYvalue = 1  DYstat = 0  DYMCstat = 0  DYsysNjUp = 0  DYsysNjLow = 0  DYsysKin = 0  DYsysPur = 0.0112
32  DYvalue = 1  DYstat = 0  DYMCstat = 0  DYsysNjUp = 0  DYsysNjLow = 0  DYsysKin = 0  DYsysPur = 0.0112
33  DYvalue = 1  DYstat = 0  DYMCstat = 0  DYsysNjUp = 0  DYsysNjLow = 0  DYsysKin = 0  DYsysPur = 0.0112
34  DYvalue = 1  DYstat = 0  DYMCstat = 0  DYsysNjUp = 0  DYsysNjLow = 0  DYsysKin = 0  DYsysPur = 0.0112
35  DYvalue = 1  DYstat = 0  DYMCstat = 0  DYsysNjUp = 0  DYsysNjLow = 0  DYsysKin = 0  DYsysPur = 0.0112
36  DYvalue = 1  DYstat = 0  DYMCstat = 0  DYsysNjUp = 0  DYsysNjLow = 0  DYsysKin = 0  DYsysPur = 0.0112
37  DYvalue = 1  DYstat = 0  DYMCstat = 0  DYsysNjUp = 0  DYsysNjLow = 0  DYsysKin = 0  DYsysPur = 0.0112
38  DYvalue = 1  DYstat = 0  DYMCstat = 0  DYsysNjUp = 0  DYsysNjLow = 0  DYsysKin = 0  DYsysPur = 0.0112
39  DYvalue = 1  DYstat = 0  DYMCstat = 0  DYsysNjUp = 0  DYsysNjLow = 0  DYsysKin = 0  DYsysPur = 0.0112
40  DYvalue = 1  DYstat = 0  DYMCstat = 0  DYsysNjUp = 0  DYsysNjLow = 0  DYsysKin = 0  DYsysPur = 0.0112
41  DYvalue = 0.1761  DYstat = 0.0487  DYMCstat = 0  DYsysNjUp = 0  DYsysNjLow = 0  DYsysKin = 0.15  DYsysPur = 0.0144
42  DYvalue = 0.1846  DYstat = 0.0487  DYMCstat = 0  DYsysNjUp = 0  DYsysNjLow = 0  DYsysKin = 0.15  DYsysPur = 0.0144
43  DYvalue = 0.1875  DYstat = 0.0487  DYMCstat = 0  DYsysNjUp = 0  DYsysNjLow = 0  DYsysKin = 0.15  DYsysPur = 0.0144
44  DYvalue = 0.1758  DYstat = 0.0487  DYMCstat = 0  DYsysNjUp = 0  DYsysNjLow = 0  DYsysKin = 0.15  DYsysPur = 0.0144
45  DYvalue = 0.1833  DYstat = 0.0487  DYMCstat = 0  DYsysNjUp = 0  DYsysNjLow = 0  DYsysKin = 0.15  DYsysPur = 0.0144
46  DYvalue = 0.1894  DYstat = 0.0487  DYMCstat = 0  DYsysNjUp = 0  DYsysNjLow = 0  DYsysKin = 0.15  DYsysPur = 0.0144
47  DYvalue = 0.1803  DYstat = 0.0487  DYMCstat = 0  DYsysNjUp = 0  DYsysNjLow = 0  DYsysKin = 0.15  DYsysPur = 0.0144
48  DYvalue = 0.1846  DYstat = 0.0487  DYMCstat = 0  DYsysNjUp = 0  DYsysNjLow = 0  DYsysKin = 0.15  DYsysPur = 0.0144
49  DYvalue = 0.1785  DYstat = 0.0487  DYMCstat = 0  DYsysNjUp = 0  DYsysNjLow = 0  DYsysKin = 0.15  DYsysPur = 0.0144
50  DYvalue = 0.1846  DYstat = 0.0487  DYMCstat = 0  DYsysNjUp = 0  DYsysNjLow = 0  DYsysKin = 0.15  DYsysPur = 0.0144
51  DYvalue = 0.0285  DYstat = 0.1089  DYMCstat = 0  DYsysNjUp = 0  DYsysNjLow = 0  DYsysKin = 0.15  DYsysPur = 0.0329
52  DYvalue = 0.0298  DYstat = 0.1089  DYMCstat = 0  DYsysNjUp = 0  DYsysNjLow = 0  DYsysKin = 0.15  DYsysPur = 0.0329
53  DYvalue = 0.0303  DYstat = 0.1089  DYMCstat = 0  DYsysNjUp = 0  DYsysNjLow = 0  DYsysKin = 0.15  DYsysPur = 0.0329
54  DYvalue = 0.0284  DYstat = 0.1089  DYMCstat = 0  DYsysNjUp = 0  DYsysNjLow = 0  DYsysKin = 0.15  DYsysPur = 0.0329
55  DYvalue = 0.0296  DYstat = 0.1089  DYMCstat = 0  DYsysNjUp = 0  DYsysNjLow = 0  DYsysKin = 0.15  DYsysPur = 0.0329
56  DYvalue = 0.0306  DYstat = 0.1089  DYMCstat = 0  DYsysNjUp = 0  DYsysNjLow = 0  DYsysKin = 0.15  DYsysPur = 0.0329
57  DYvalue = 0.0291  DYstat = 0.1089  DYMCstat = 0  DYsysNjUp = 0  DYsysNjLow = 0  DYsysKin = 0.15  DYsysPur = 0.0329
58  DYvalue = 0.0298  DYstat = 0.1089  DYMCstat = 0  DYsysNjUp = 0  DYsysNjLow = 0  DYsysKin = 0.15  DYsysPur = 0.0329
59  DYvalue = 0.0289  DYstat = 0.1089  DYMCstat = 0  DYsysNjUp = 0  DYsysNjLow = 0  DYsysKin = 0.15  DYsysPur = 0.0329
60  DYvalue = 0.0298  DYstat = 0.1089  DYMCstat = 0  DYsysNjUp = 0  DYsysNjLow = 0  DYsysKin = 0.15  DYsysPur = 0.0329
61  DYvalue = 0.0019  DYstat = 0.4087  DYMCstat = 0  DYsysNjUp = 0  DYsysNjLow = 0  DYsysKin = 0.3  DYsysPur = 0.0329
62  DYvalue = 0.0025  DYstat = 0.4087  DYMCstat = 0  DYsysNjUp = 0  DYsysNjLow = 0  DYsysKin = 0.3  DYsysPur = 0.0329
63  DYvalue = 0.0027  DYstat = 0.4087  DYMCstat = 0  DYsysNjUp = 0  DYsysNjLow = 0  DYsysKin = 0.3  DYsysPur = 0.0329
64  DYvalue = 0.0018  DYstat = 0.4087  DYMCstat = 0  DYsysNjUp = 0  DYsysNjLow = 0  DYsysKin = 0.3  DYsysPur = 0.0329
65  DYvalue = 0.0024  DYstat = 0.4087  DYMCstat = 0  DYsysNjUp = 0  DYsysNjLow = 0  DYsysKin = 0.3  DYsysPur = 0.0329
66  DYvalue = 0.0029  DYstat = 0.4087  DYMCstat = 0  DYsysNjUp = 0  DYsysNjLow = 0  DYsysKin = 0.3  DYsysPur = 0.0329
67  DYvalue = 0.0022  DYstat = 0.4087  DYMCstat = 0  DYsysNjUp = 0  DYsysNjLow = 0  DYsysKin = 0.3  DYsysPur = 0.0329
68  DYvalue = 0.0025  DYstat = 0.4087  DYMCstat = 0  DYsysNjUp = 0  DYsysNjLow = 0  DYsysKin = 0.3  DYsysPur = 0.0329
69  DYvalue = 0.002  DYstat = 0.4087  DYMCstat = 0  DYsysNjUp = 0  DYsysNjLow = 0  DYsysKin = 0.3  DYsysPur = 0.0329
70  DYvalue = 0.0025  DYstat = 0.4087  DYMCstat = 0  DYsysNjUp = 0  DYsysNjLow = 0  DYsysKin = 0.3  DYsysPur = 0.0329
71  DYvalue = 1  DYstat = 0  DYMCstat = 0  DYsysNjUp = 0  DYsysNjLow = 0  DYsysKin = 0  DYsysPur = 0.0141
72  DYvalue = 1  DYstat = 0  DYMCstat = 0  DYsysNjUp = 0  DYsysNjLow = 0  DYsysKin = 0  DYsysPur = 0.0141
73  DYvalue = 1  DYstat = 0  DYMCstat = 0  DYsysNjUp = 0  DYsysNjLow = 0  DYsysKin = 0  DYsysPur = 0.0141
74  DYvalue = 1  DYstat = 0  DYMCstat = 0  DYsysNjUp = 0  DYsysNjLow = 0  DYsysKin = 0  DYsysPur = 0.0141
75  DYvalue = 1  DYstat = 0  DYMCstat = 0  DYsysNjUp = 0  DYsysNjLow = 0  DYsysKin = 0  DYsysPur = 0.0141
76  DYvalue = 1  DYstat = 0  DYMCstat = 0  DYsysNjUp = 0  DYsysNjLow = 0  DYsysKin = 0  DYsysPur = 0.0141
77  DYvalue = 1  DYstat = 0  DYMCstat = 0  DYsysNjUp = 0  DYsysNjLow = 0  DYsysKin = 0  DYsysPur = 0.0141
78  DYvalue = 1  DYstat = 0  DYMCstat = 0  DYsysNjUp = 0  DYsysNjLow = 0  DYsysKin = 0  DYsysPur = 0.0141
79  DYvalue = 1  DYstat = 0  DYMCstat = 0  DYsysNjUp = 0  DYsysNjLow = 0  DYsysKin = 0  DYsysPur = 0.0141
80  DYvalue = 1  DYstat = 0  DYMCstat = 0  DYsysNjUp = 0  DYsysNjLow = 0  DYsysKin = 0  DYsysPur = 0.0141
81  DYvalue = 0.2642  DYstat = 0.1177  DYMCstat = 0  DYsysNjUp = 0  DYsysNjLow = 0  DYsysKin = 0.15  DYsysPur = 0.0247
82  DYvalue = 0.2649  DYstat = 0.1177  DYMCstat = 0  DYsysNjUp = 0  DYsysNjLow = 0  DYsysKin = 0.15  DYsysPur = 0.0247
83  DYvalue = 0.2655  DYstat = 0.1177  DYMCstat = 0  DYsysNjUp = 0  DYsysNjLow = 0  DYsysKin = 0.15  DYsysPur = 0.0247
84  DYvalue = 0.2642  DYstat = 0.1177  DYMCstat = 0  DYsysNjUp = 0  DYsysNjLow = 0  DYsysKin = 0.15  DYsysPur = 0.0247
85  DYvalue = 0.2649  DYstat = 0.1177  DYMCstat = 0  DYsysNjUp = 0  DYsysNjLow = 0  DYsysKin = 0.15  DYsysPur = 0.0247
86  DYvalue = 0.2655  DYstat = 0.1177  DYMCstat = 0  DYsysNjUp = 0  DYsysNjLow = 0  DYsysKin = 0.15  DYsysPur = 0.0247
87  DYvalue = 0.2647  DYstat = 0.1177  DYMCstat = 0  DYsysNjUp = 0  DYsysNjLow = 0  DYsysKin = 0.15  DYsysPur = 0.0247
88  DYvalue = 0.265  DYstat = 0.1177  DYMCstat = 0  DYsysNjUp = 0  DYsysNjLow = 0  DYsysKin = 0.15  DYsysPur = 0.0247
89  DYvalue = 0.2647  DYstat = 0.1177  DYMCstat = 0  DYsysNjUp = 0  DYsysNjLow = 0  DYsysKin = 0.15  DYsysPur = 0.0247
90  DYvalue = 0.2661  DYstat = 0.1177  DYMCstat = 0  DYsysNjUp = 0  DYsysNjLow = 0  DYsysKin = 0.15  DYsysPur = 0.0247
91  DYvalue = 0.0693  DYstat = 0.2001  DYMCstat = 0  DYsysNjUp = 0  DYsysNjLow = 0  DYsysKin = 0.15  DYsysPur = 0.0497
92  DYvalue = 0.0728  DYstat = 0.2001  DYMCstat = 0  DYsysNjUp = 0  DYsysNjLow = 0  DYsysKin = 0.15  DYsysPur = 0.0497
93  DYvalue = 0.0763  DYstat = 0.2001  DYMCstat = 0  DYsysNjUp = 0  DYsysNjLow = 0  DYsysKin = 0.15  DYsysPur = 0.0497
94  DYvalue = 0.069  DYstat = 0.2001  DYMCstat = 0  DYsysNjUp = 0  DYsysNjLow = 0  DYsysKin = 0.15  DYsysPur = 0.0497
95  DYvalue = 0.073  DYstat = 0.2001  DYMCstat = 0  DYsysNjUp = 0  DYsysNjLow = 0  DYsysKin = 0.15  DYsysPur = 0.0497
96  DYvalue = 0.0762  DYstat = 0.2001  DYMCstat = 0  DYsysNjUp = 0  DYsysNjLow = 0  DYsysKin = 0.15  DYsysPur = 0.0497
97  DYvalue = 0.0717  DYstat = 0.2001  DYMCstat = 0  DYsysNjUp = 0  DYsysNjLow = 0  DYsysKin = 0.15  DYsysPur = 0.0497
98  DYvalue = 0.0733  DYstat = 0.2001  DYMCstat = 0  DYsysNjUp = 0  DYsysNjLow = 0  DYsysKin = 0.15  DYsysPur = 0.0497
99  DYvalue = 0.072  DYstat = 0.2001  DYMCstat = 0  DYsysNjUp = 0  DYsysNjLow = 0  DYsysKin = 0.15  DYsysPur = 0.0497
100  DYvalue = 0.0796  DYstat = 0.2001  DYMCstat = 0  DYsysNjUp = 0  DYsysNjLow = 0  DYsysKin = 0.15  DYsysPur = 0.0497
101  DYvalue = 0.006  DYstat = 0.7092  DYMCstat = 0  DYsysNjUp = 0  DYsysNjLow = 0  DYsysKin = 0.3  DYsysPur = 0.0497
102  DYvalue = 0.0053  DYstat = 0.7092  DYMCstat = 0  DYsysNjUp = 0  DYsysNjLow = 0  DYsysKin = 0.3  DYsysPur = 0.0497
103  DYvalue = 0.0045  DYstat = 0.7092  DYMCstat = 0  DYsysNjUp = 0  DYsysNjLow = 0  DYsysKin = 0.3  DYsysPur = 0.0497
104  DYvalue = 0.006  DYstat = 0.7092  DYMCstat = 0  DYsysNjUp = 0  DYsysNjLow = 0  DYsysKin = 0.3  DYsysPur = 0.0497
105  DYvalue = 0.0052  DYstat = 0.7092  DYMCstat = 0  DYsysNjUp = 0  DYsysNjLow = 0  DYsysKin = 0.3  DYsysPur = 0.0497
106  DYvalue = 0.0046  DYstat = 0.7092  DYMCstat = 0  DYsysNjUp = 0  DYsysNjLow = 0  DYsysKin = 0.3  DYsysPur = 0.0497
107  DYvalue = 0.0055  DYstat = 0.7092  DYMCstat = 0  DYsysNjUp = 0  DYsysNjLow = 0  DYsysKin = 0.3  DYsysPur = 0.0497
108  DYvalue = 0.0051  DYstat = 0.7092  DYMCstat = 0  DYsysNjUp = 0  DYsysNjLow = 0  DYsysKin = 0.3  DYsysPur = 0.0497
109  DYvalue = 0.0054  DYstat = 0.7092  DYMCstat = 0  DYsysNjUp = 0  DYsysNjLow = 0  DYsysKin = 0.3  DYsysPur = 0.0497
110  DYvalue = 0.0039  DYstat = 0.7092  DYMCstat = 0  DYsysNjUp = 0  DYsysNjLow = 0  DYsysKin = 0.3  DYsysPur = 0.0497
111  DYvalue = 1  DYstat = 0  DYMCstat = 0  DYsysNjUp = 0  DYsysNjLow = 0  DYsysKin = 0  DYsysPur = 0.0141
112  DYvalue = 1  DYstat = 0  DYMCstat = 0  DYsysNjUp = 0  DYsysNjLow = 0  DYsysKin = 0  DYsysPur = 0.0141
113  DYvalue = 1  DYstat = 0  DYMCstat = 0  DYsysNjUp = 0  DYsysNjLow = 0  DYsysKin = 0  DYsysPur = 0.0141
114  DYvalue = 1  DYstat = 0  DYMCstat = 0  DYsysNjUp = 0  DYsysNjLow = 0  DYsysKin = 0  DYsysPur = 0.0141
115  DYvalue = 1  DYstat = 0  DYMCstat = 0  DYsysNjUp = 0  DYsysNjLow = 0  DYsysKin = 0  DYsysPur = 0.0141
116  DYvalue = 1  DYstat = 0  DYMCstat = 0  DYsysNjUp = 0  DYsysNjLow = 0  DYsysKin = 0  DYsysPur = 0.0141
117  DYvalue = 1  DYstat = 0  DYMCstat = 0  DYsysNjUp = 0  DYsysNjLow = 0  DYsysKin = 0  DYsysPur = 0.0141
118  DYvalue = 1  DYstat = 0  DYMCstat = 0  DYsysNjUp = 0  DYsysNjLow = 0  DYsysKin = 0  DYsysPur = 0.0141
119  DYvalue = 0.3999  DYstat = 0.3788  DYMCstat = 0  DYsysNjUp = 0  DYsysNjLow = 0  DYsysKin = 0.15  DYsysPur = 0.0247
120  DYvalue = 0.4754  DYstat = 0.3788  DYMCstat = 0  DYsysNjUp = 0  DYsysNjLow = 0  DYsysKin = 0.15  DYsysPur = 0.0247
121  DYvalue = 0.405  DYstat = 0.3788  DYMCstat = 0  DYsysNjUp = 0  DYsysNjLow = 0  DYsysKin = 0.15  DYsysPur = 0.0247
122  DYvalue = 0.43  DYstat = 0.3788  DYMCstat = 0  DYsysNjUp = 0  DYsysNjLow = 0  DYsysKin = 0.15  DYsysPur = 0.0247
123  DYvalue = 0.3906  DYstat = 0.3788  DYMCstat = 0  DYsysNjUp = 0  DYsysNjLow = 0  DYsysKin = 0.15  DYsysPur = 0.0247
124  DYvalue = 0.3976  DYstat = 0.3788  DYMCstat = 0  DYsysNjUp = 0  DYsysNjLow = 0  DYsysKin = 0.15  DYsysPur = 0.0247
125  DYvalue = 0.4415  DYstat = 0.3788  DYMCstat = 0  DYsysNjUp = 0  DYsysNjLow = 0  DYsysKin = 0.15  DYsysPur = 0.0247
126  DYvalue = 0.3737  DYstat = 0.3788  DYMCstat = 0  DYsysNjUp = 0  DYsysNjLow = 0  DYsysKin = 0.15  DYsysPur = 0.0247
127  DYvalue = 0.1151  DYstat = 0.5417  DYMCstat = 0  DYsysNjUp = 0  DYsysNjLow = 0  DYsysKin = 0.15  DYsysPur = 0.0497
128  DYvalue = 0.2981  DYstat = 0.5417  DYMCstat = 0  DYsysNjUp = 0  DYsysNjLow = 0  DYsysKin = 0.15  DYsysPur = 0.0497
129  DYvalue = 0.1273  DYstat = 0.5417  DYMCstat = 0  DYsysNjUp = 0  DYsysNjLow = 0  DYsysKin = 0.15  DYsysPur = 0.0497
130  DYvalue = 0.1879  DYstat = 0.5417  DYMCstat = 0  DYsysNjUp = 0  DYsysNjLow = 0  DYsysKin = 0.15  DYsysPur = 0.0497
131  DYvalue = 0.0926  DYstat = 0.5417  DYMCstat = 0  DYsysNjUp = 0  DYsysNjLow = 0  DYsysKin = 0.15  DYsysPur = 0.0497
132  DYvalue = 0.1095  DYstat = 0.5417  DYMCstat = 0  DYsysNjUp = 0  DYsysNjLow = 0  DYsysKin = 0.15  DYsysPur = 0.0497
133  DYvalue = 0.2159  DYstat = 0.5417  DYMCstat = 0  DYsysNjUp = 0  DYsysNjLow = 0  DYsysKin = 0.15  DYsysPur = 0.0497
134  DYvalue = 0.0514  DYstat = 0.5417  DYMCstat = 0  DYsysNjUp = 0  DYsysNjLow = 0  DYsysKin = 0.15  DYsysPur = 0.0497
135  DYvalue = 0  DYstat = 1  DYMCstat = 0  DYsysNjUp = 0  DYsysNjLow = 0  DYsysKin = 0.3  DYsysPur = 0.0497
136  DYvalue = 0  DYstat = 1  DYMCstat = 0  DYsysNjUp = 0  DYsysNjLow = 0  DYsysKin = 0.3  DYsysPur = 0.0497
137  DYvalue = 0  DYstat = 1  DYMCstat = 0  DYsysNjUp = 0  DYsysNjLow = 0  DYsysKin = 0.3  DYsysPur = 0.0497
138  DYvalue = 0  DYstat = 1  DYMCstat = 0  DYsysNjUp = 0  DYsysNjLow = 0  DYsysKin = 0.3  DYsysPur = 0.0497
139  DYvalue = 0  DYstat = 1  DYMCstat = 0  DYsysNjUp = 0  DYsysNjLow = 0  DYsysKin = 0.3  DYsysPur = 0.0497
140  DYvalue = 0  DYstat = 1  DYMCstat = 0  DYsysNjUp = 0  DYsysNjLow = 0  DYsysKin = 0.3  DYsysPur = 0.0497
141  DYvalue = 0  DYstat = 1  DYMCstat = 0  DYsysNjUp = 0  DYsysNjLow = 0  DYsysKin = 0.3  DYsysPur = 0.0497
142  DYvalue = 0  DYstat = 1  DYMCstat = 0  DYsysNjUp = 0  DYsysNjLow = 0  DYsysKin = 0.3  DYsysPur = 0.0497
143  DYvalue = 1  DYstat = 0  DYMCstat = 0  DYsysNjUp = 0  DYsysNjLow = 0  DYsysKin = 0  DYsysPur = 0.0141
144  DYvalue = 1  DYstat = 0  DYMCstat = 0  DYsysNjUp = 0  DYsysNjLow = 0  DYsysKin = 0  DYsysPur = 0.0141
145  DYvalue = 1  DYstat = 0  DYMCstat = 0  DYsysNjUp = 0  DYsysNjLow = 0  DYsysKin = 0  DYsysPur = 0.0141
146  DYvalue = 1  DYstat = 0  DYMCstat = 0  DYsysNjUp = 0  DYsysNjLow = 0  DYsysKin = 0  DYsysPur = 0.0141
147  DYvalue = 1  DYstat = 0  DYMCstat = 0  DYsysNjUp = 0  DYsysNjLow = 0  DYsysKin = 0  DYsysPur = 0.0141
148  DYvalue = 1  DYstat = 0  DYMCstat = 0  DYsysNjUp = 0  DYsysNjLow = 0  DYsysKin = 0  DYsysPur = 0.0141
149  DYvalue = 1  DYstat = 0  DYMCstat = 0  DYsysNjUp = 0  DYsysNjLow = 0  DYsysKin = 0  DYsysPur = 0.0141
150  DYvalue = 1  DYstat = 0  DYMCstat = 0  DYsysNjUp = 0  DYsysNjLow = 0  DYsysKin = 0  DYsysPur = 0.0141
151  DYvalue = 0.6396  DYstat = 0.9129  DYMCstat = 0  DYsysNjUp = 0  DYsysNjLow = 0  DYsysKin = 0.15  DYsysPur = 0.0247
152  DYvalue = 0.6396  DYstat = 0.9129  DYMCstat = 0  DYsysNjUp = 0  DYsysNjLow = 0  DYsysKin = 0.15  DYsysPur = 0.0247
153  DYvalue = 0.6396  DYstat = 0.9129  DYMCstat = 0  DYsysNjUp = 0  DYsysNjLow = 0  DYsysKin = 0.15  DYsysPur = 0.0247
154  DYvalue = 0.6396  DYstat = 0.9129  DYMCstat = 0  DYsysNjUp = 0  DYsysNjLow = 0  DYsysKin = 0.15  DYsysPur = 0.0247
155  DYvalue = 0.6396  DYstat = 0.9129  DYMCstat = 0  DYsysNjUp = 0  DYsysNjLow = 0  DYsysKin = 0.15  DYsysPur = 0.0247
156  DYvalue = 0.6396  DYstat = 0.9129  DYMCstat = 0  DYsysNjUp = 0  DYsysNjLow = 0  DYsysKin = 0.15  DYsysPur = 0.0247
157  DYvalue = 0.6396  DYstat = 0.9129  DYMCstat = 0  DYsysNjUp = 0  DYsysNjLow = 0  DYsysKin = 0.15  DYsysPur = 0.0247
158  DYvalue = 0.6396  DYstat = 0.9129  DYMCstat = 0  DYsysNjUp = 0  DYsysNjLow = 0  DYsysKin = 0.15  DYsysPur = 0.0247
159  DYvalue = 0  DYstat = 1  DYMCstat = 0  DYsysNjUp = 0  DYsysNjLow = 0  DYsysKin = 0.15  DYsysPur = 0.0497
160  DYvalue = 0  DYstat = 1  DYMCstat = 0  DYsysNjUp = 0  DYsysNjLow = 0  DYsysKin = 0.15  DYsysPur = 0.0497
161  DYvalue = 0  DYstat = 1  DYMCstat = 0  DYsysNjUp = 0  DYsysNjLow = 0  DYsysKin = 0.15  DYsysPur = 0.0497
162  DYvalue = 0  DYstat = 1  DYMCstat = 0  DYsysNjUp = 0  DYsysNjLow = 0  DYsysKin = 0.15  DYsysPur = 0.0497
163  DYvalue = 0  DYstat = 1  DYMCstat = 0  DYsysNjUp = 0  DYsysNjLow = 0  DYsysKin = 0.15  DYsysPur = 0.0497
164  DYvalue = 0  DYstat = 1  DYMCstat = 0  DYsysNjUp = 0  DYsysNjLow = 0  DYsysKin = 0.15  DYsysPur = 0.0497
165  DYvalue = 0  DYstat = 1  DYMCstat = 0  DYsysNjUp = 0  DYsysNjLow = 0  DYsysKin = 0.15  DYsysPur = 0.0497
166  DYvalue = 0  DYstat = 1  DYMCstat = 0  DYsysNjUp = 0  DYsysNjLow = 0  DYsysKin = 0.15  DYsysPur = 0.0497
167  DYvalue = 0  DYstat = 1  DYMCstat = 0  DYsysNjUp = 0  DYsysNjLow = 0  DYsysKin = 0.3  DYsysPur = 0.0497
168  DYvalue = 0  DYstat = 1  DYMCstat = 0  DYsysNjUp = 0  DYsysNjLow = 0  DYsysKin = 0.3  DYsysPur = 0.0497
169  DYvalue = 0  DYstat = 1  DYMCstat = 0  DYsysNjUp = 0  DYsysNjLow = 0  DYsysKin = 0.3  DYsysPur = 0.0497
170  DYvalue = 0  DYstat = 1  DYMCstat = 0  DYsysNjUp = 0  DYsysNjLow = 0  DYsysKin = 0.3  DYsysPur = 0.0497
171  DYvalue = 0  DYstat = 1  DYMCstat = 0  DYsysNjUp = 0  DYsysNjLow = 0  DYsysKin = 0.3  DYsysPur = 0.0497
172  DYvalue = 0  DYstat = 1  DYMCstat = 0  DYsysNjUp = 0  DYsysNjLow = 0  DYsysKin = 0.3  DYsysPur = 0.0497
173  DYvalue = 0  DYstat = 1  DYMCstat = 0  DYsysNjUp = 0  DYsysNjLow = 0  DYsysKin = 0.3  DYsysPur = 0.0497
174  DYvalue = 0  DYstat = 1  DYMCstat = 0  DYsysNjUp = 0  DYsysNjLow = 0  DYsysKin = 0.3  DYsysPur = 0.0497


Initializing input file ../plots/histograms/ZinvMCttzMC174bin_2018HEMv16_HT17_ZptWt.root
hzvvgJNobs,  binLabel(135) = zvvgJNobs_NJets3_MHT0_HT1
hzvvgJEtrgErr,  binLabel(135) = zvvgJEtrgErr_MHT0
hzvvgJPurErr,  binLabel(135) = zvvgJPurErr
hzvvNbCorrelUp,  binLabel(135) = zvvNbCorrelUp_NJets3_MHT0_HT1
hzvvNbCorrelLow,  binLabel(135) = zvvNbCorrelLow_NJets3_MHT0_HT1
hzvvScaleErr,  binLabel(135) = zvvScaleErr
hzvvDYstat,  binLabel(135) = zvvDYstat_NJets3_BTags3
hzvvDYMCerrUp,  binLabel(135) = zvvDYMCerrUp_NJets4_BTags3
hzvvDYMCerrLow,  binLabel(135) = zvvDYMCerrLow_NJets4_BTags3
hzvvDYsysKin,  binLabel(135) = zvvDYsysKin_NJets3_BTags3_MHT0_HT1
hzvvDYsysPur,  binLabel(135) = zvvDYsysPur_NJets2_BTags2
iJet 0 Var (err nominal, eff):  gEtrg (0.007, 3.20883e-05)  gFdir (0.00980369, 0.00206005)  gFdir (0.00980369, 0.00206028)  gPur (0.019, 0.00283805) 
iJet 0 Var (err nominal, eff):  gEtrg (0.007, 3.20883e-05)  gFdir (0.00923588, 0.00262786)  gFdir (0.00923588, 0.00262808)  gPur (0.019, 0.00283805) 
iJet 0 Var (err nominal, eff):  gEtrg (0.007, 3.20883e-05)  gFdir (0.00814931, 0.00371443)  gFdir (0.00814931, 0.00371466)  gPur (0.019, 0.00283805) 
iJet 0 Var (err nominal, eff):  gEtrg (0.007, 3.20883e-05)  gFdir (0.00734016, 0.00452358)  gFdir (0.00734016, 0.0045238)  gPur (0.014, 0.00216195) 
iJet 0 Var (err nominal, eff):  gEtrg (0.007, 3.20883e-05)  gFdir (0.00980369, 0.00206005)  gFdir (0.00980369, 0.00206028)  gPur (0.014, 0.00216195) 
iJet 0 Var (err nominal, eff):  gEtrg (0.007, 3.20883e-05)  gFdir (0.00738525, 0.00447849)  gFdir (0.00738525, 0.00447872)  gPur (0.014, 0.00216195) 
iJet 0 Var (err nominal, eff):  gEtrg (0.006, 0.000967912)  gFdir (0.00498712, 0.00687662)  gFdir (0.00498712, 0.00687685)  gPur (0.009, 0.00716195) 
iJet 0 Var (err nominal, eff):  gEtrg (0.007, 3.20883e-05)  gFdir (0.00630835, 0.00555539)  gFdir (0.00630835, 0.00555561)  gPur (0.009, 0.00716195) 
iJet 0 Var (err nominal, eff):  gEtrg (0.006, 0.000967912)  gFdir (0.00389019, 0.00797355)  gFdir (0.00389019, 0.00797377)  gPur (0.008, 0.00816195) 
iJet 0 Var (err nominal, eff):  gEtrg (0.006, 0.000967912)  gFdir (0.00658961, 0.00527413)  gFdir (0.00658961, 0.00527435)  gPur (0.007, 0.00916195) 
iJet 1 Var (err nominal, eff):  gEtrg (0.007, 3.20883e-05)  gFdir (0.0259398, 0.014076)  gFdir (0.0259398, 0.0140758)  gPur (0.019, 0.00283805) 
iJet 1 Var (err nominal, eff):  gEtrg (0.007, 3.20883e-05)  gFdir (0.0344468, 0.0225831)  gFdir (0.0344468, 0.0225829)  gPur (0.02, 0.00383805) 
iJet 1 Var (err nominal, eff):  gEtrg (0.007, 3.20883e-05)  gFdir (0.0192058, 0.00734206)  gFdir (0.0192058, 0.00734184)  gPur (0.019, 0.00283805) 
iJet 1 Var (err nominal, eff):  gEtrg (0.007, 3.20883e-05)  gFdir (0.0172025, 0.00533876)  gFdir (0.0172025, 0.00533853)  gPur (0.014, 0.00216195) 
iJet 1 Var (err nominal, eff):  gEtrg (0.007, 3.20883e-05)  gFdir (0.0238069, 0.0119431)  gFdir (0.0238069, 0.0119429)  gPur (0.014, 0.00216195) 
iJet 1 Var (err nominal, eff):  gEtrg (0.007, 3.20883e-05)  gFdir (0.0229805, 0.0111168)  gFdir (0.0229805, 0.0111165)  gPur (0.014, 0.00216195) 
iJet 1 Var (err nominal, eff):  gEtrg (0.006, 0.000967912)  gFdir (0.0112913, 0.000572487)  gFdir (0.0112913, 0.000572709)  gPur (0.009, 0.00716195) 
iJet 1 Var (err nominal, eff):  gEtrg (0.006, 0.000967912)  gFdir (0.0171113, 0.00524758)  gFdir (0.0171113, 0.00524736)  gPur (0.009, 0.00716195) 
iJet 1 Var (err nominal, eff):  gEtrg (0.006, 0.000967912)  gFdir (0.0108218, 0.0010419)  gFdir (0.0108218, 0.00104212)  gPur (0.007, 0.00916195) 
iJet 1 Var (err nominal, eff):  gEtrg (0.006, 0.000967912)  gFdir (0.0244935, 0.0126298)  gFdir (0.0244935, 0.0126295)  gPur (0.007, 0.00916195) 
iJet 2 Var (err nominal, eff):  gEtrg (0.008, 0.00103209)  gFdir (0.0488899, 0.0370262)  gFdir (0.0488899, 0.037026)  gPur (0.02, 0.00383805) 
iJet 2 Var (err nominal, eff):  gEtrg (0.008, 0.00103209)  gFdir (0.0509821, 0.0391184)  gFdir (0.0509821, 0.0391181)  gPur (0.02, 0.00383805) 
iJet 2 Var (err nominal, eff):  gEtrg (0.007, 3.20883e-05)  gFdir (0.0502066, 0.0383429)  gFdir (0.0502066, 0.0383426)  gPur (0.019, 0.00283805) 
iJet 2 Var (err nominal, eff):  gEtrg (0.007, 3.20883e-05)  gFdir (0.0180361, 0.00617237)  gFdir (0.0180361, 0.00617215)  gPur (0.014, 0.00216195) 
iJet 2 Var (err nominal, eff):  gEtrg (0.007, 3.20883e-05)  gFdir (0.0385763, 0.0267126)  gFdir (0.0385763, 0.0267124)  gPur (0.014, 0.00216195) 
iJet 2 Var (err nominal, eff):  gEtrg (0.007, 3.20883e-05)  gFdir (0.0410817, 0.0292179)  gFdir (0.0410817, 0.0292177)  gPur (0.014, 0.00216195) 
iJet 2 Var (err nominal, eff):  gEtrg (0.007, 3.20883e-05)  gFdir (0.0317756, 0.0199118)  gFdir (0.0317756, 0.0199116)  gPur (0.009, 0.00716195) 
iJet 2 Var (err nominal, eff):  gEtrg (0.007, 3.20883e-05)  gFdir (0.0532845, 0.0414207)  gFdir (0.0532845, 0.0414205)  gPur (0.009, 0.00716195) 
iJet 2 Var (err nominal, eff):  gEtrg (0.006, 0.000967912)  gFdir (0.0262646, 0.0144008)  gFdir (0.0262646, 0.0144006)  gPur (0.007, 0.00916195) 
iJet 2 Var (err nominal, eff):  gEtrg (0.006, 0.000967912)  gFdir (0.140056, 0.128192)  gFdir (0.140056, 0.128192)  gPur (0.008, 0.00816195) 
iJet 3 Var (err nominal, eff):  gEtrg (0.007, 3.20883e-05)  gFdir (0.0534146, 0.0415509)  gFdir (0.0534146, 0.0415507)  gPur (0.02, 0.00383805) 
iJet 3 Var (err nominal, eff):  gEtrg (0.009, 0.00203209)  gFdir (0.157022, 0.145158)  gFdir (0.157022, 0.145158)  gPur (0.021, 0.00483805) 
iJet 3 Var (err nominal, eff):  gEtrg (0.007, 3.20883e-05)  gFdir (0.0299297, 0.018066)  gFdir (0.0299297, 0.0180658)  gPur (0.014, 0.00216195) 
iJet 3 Var (err nominal, eff):  gEtrg (0.007, 3.20883e-05)  gFdir (0.0600223, 0.0481585)  gFdir (0.0600223, 0.0481583)  gPur (0.014, 0.00216195) 
iJet 3 Var (err nominal, eff):  gEtrg (0.006, 0.000967912)  gFdir (0.189547, 0.177683)  gFdir (0.189547, 0.177683)  gPur (0.007, 0.00916195) 
iJet 3 Var (err nominal, eff):  gEtrg (0.006, 0.000967912)  gFdir (0.117385, 0.105521)  gFdir (0.117385, 0.105521)  gPur (0.008, 0.00816195) 
iJet 3 Var (err nominal, eff):  gEtrg (0.006, 0.000967912)  gFdir (0.136892, 0.125028)  gFdir (0.136892, 0.125028)  gPur (0.007, 0.00916195) 
iJet 3 Var (err nominal, eff):  gEtrg (0.007, 3.20883e-05)  gFdir (0.118984, 0.10712)  gFdir (0.129561, 0.117697)  gPur (0.011, 0.00516195) 
iJet 4 Var (err nominal, eff):  gEtrg (0.009, 0.00203209)  gFdir (0.0534146, 0.0415509)  gFdir (0.0534146, 0.0415507)  gPur (0.021, 0.00483805) 
iJet 4 Var (err nominal, eff):  gEtrg (0.006, 0.000967912)  gFdir (0.157022, 0.145158)  gFdir (0.157022, 0.145158)  gPur (0.018, 0.00183805) 
iJet 4 Var (err nominal, eff):  gEtrg (0.007, 3.20883e-05)  gFdir (0.0299297, 0.018066)  gFdir (0.0299297, 0.0180658)  gPur (0.014, 0.00216195) 
iJet 4 Var (err nominal, eff):  gEtrg (0.007, 3.20883e-05)  gFdir (0.0600223, 0.0481585)  gFdir (0.0600223, 0.0481583)  gPur (0.014, 0.00216195) 
iJet 4 Var (err nominal, eff):  gEtrg (0, 0.00696791)  gFdir (0.189547, 0.177683)  gFdir (0.189547, 0.177683)  gPur (0, 0.016162) 
iJet 4 Var (err nominal, eff):  gEtrg (0.012, 0.00503209)  gFdir (0.117385, 0.105521)  gFdir (0.117385, 0.105521)  gPur (0.023, 0.00683805) 
iJet 4 Var (err nominal, eff):  gEtrg (0, 0.00696791)  gFdir (0.136892, 0.125028)  gFdir (0.136892, 0.125028)  gPur (0, 0.016162) 
iJet 4 Var (err nominal, eff):  gEtrg (0, 0.00696791)  gFdir (0.118984, 0.10712)  gFdir (0.129561, 0.117697)  gPur (0, 0.016162) 
Info in <TCanvas::Print>: pdf file ZinvBGpred.pdf has been created
Info in <TCanvas::Print>: pdf file errorComponents.pdf has been created
