TDR Style initialized

Processing MakeAllDCdata.C+("root://cmseos.fnal.gov//store/user/lpcsusyhad/SusyRA2Analysis2015/Skims/Run2ProductionV16","signal","input/input_RA2bin_DC_data.txt","input/input_sets_DC_data.txt","datacards/data_fixhtratio")...
signal
MET_2016B
--------------------------------------------------------
Selection: ra2bin2016
Selector      Raw # Events  Abs. Eff. (%)  Rel. Eff. (%)
NEventProc          177316
HLT                 105921          59.74          59.74
METFilter           101981          57.51          96.28
ExtraFilter          96866          54.63          94.98
RA2Bin               17274           9.74          17.83
MET_2016C
--------------------------------------------------------
Selection: ra2bin2016
Selector      Raw # Events  Abs. Eff. (%)  Rel. Eff. (%)
NEventProc           76831
HLT                  47103          61.31          61.31
METFilter            45291          58.95          96.15
ExtraFilter          43042          56.02          95.03
RA2Bin                7789          10.14          18.10
MET_2016D
--------------------------------------------------------
Selection: ra2bin2016
Selector      Raw # Events  Abs. Eff. (%)  Rel. Eff. (%)
NEventProc          107535
HLT                  77095          71.69          71.69
METFilter            74704          69.47          96.90
ExtraFilter          70962          65.99          94.99
RA2Bin               12848          11.95          18.11
MET_2016E
--------------------------------------------------------
Selection: ra2bin2016
Selector      Raw # Events  Abs. Eff. (%)  Rel. Eff. (%)
NEventProc          105056
HLT                  75044          71.43          71.43
METFilter            72687          69.19          96.86
ExtraFilter          69040          65.72          94.98
RA2Bin               12426          11.83          18.00
MET_2016F
--------------------------------------------------------
Selection: ra2bin2016
Selector      Raw # Events  Abs. Eff. (%)  Rel. Eff. (%)
NEventProc           76515
HLT                  57649          75.34          75.34
METFilter            56226          73.48          97.53
ExtraFilter          53343          69.72          94.87
RA2Bin                9538          12.47          17.88
MET_2016G
--------------------------------------------------------
Selection: ra2bin2016
Selector      Raw # Events  Abs. Eff. (%)  Rel. Eff. (%)
NEventProc          176320
HLT                 134635          76.36          76.36
METFilter           131628          74.65          97.77
ExtraFilter         125111          70.96          95.05
RA2Bin               22592          12.81          18.06
MET_2016H
--------------------------------------------------------
Selection: ra2bin2016
Selector      Raw # Events  Abs. Eff. (%)  Rel. Eff. (%)
NEventProc          191360
HLT                 151153          78.99          78.99
METFilter           148159          77.42          98.02
ExtraFilter         140864          73.61          95.08
RA2Bin               25290          13.22          17.95
MET_2017B
--------------------------------------------------------
Selection: ra2bin2017
Selector      Raw # Events  Abs. Eff. (%)  Rel. Eff. (%)
NEventProc           92053
HLT                  91302          99.18          99.18
METFilter            90315          98.11          98.92
ExtraFilter          83092          90.27          92.00
RA2Bin               14639          15.90          17.62
MET_2017C
--------------------------------------------------------
Selection: ra2bin2017
Selector      Raw # Events  Abs. Eff. (%)  Rel. Eff. (%)
NEventProc            4769
HLT                   4584          96.12          96.12
METFilter             4531          95.01          98.84
ExtraFilter           4190          87.86          92.47
RA2Bin                 782          16.40          18.66
MET_2017D
--------------------------------------------------------
Selection: ra2bin2017
Selector      Raw # Events  Abs. Eff. (%)  Rel. Eff. (%)
NEventProc               0
HLT                      0           -nan           -nan
METFilter                0           -nan           -nan
ExtraFilter              0           -nan           -nan
RA2Bin                   0           -nan           -nan
MET_2017E
--------------------------------------------------------
Selection: ra2bin2017
Selector      Raw # Events  Abs. Eff. (%)  Rel. Eff. (%)
NEventProc               0
HLT                      0           -nan           -nan
METFilter                0           -nan           -nan
ExtraFilter              0           -nan           -nan
RA2Bin                   0           -nan           -nan
MET_2017F
--------------------------------------------------------
Selection: ra2bin2017
Selector      Raw # Events  Abs. Eff. (%)  Rel. Eff. (%)
NEventProc          115680
HLT                 106112          91.73          91.73
METFilter           104938          90.71          98.89
ExtraFilter          93224          80.59          88.84
RA2Bin               16614          14.36          17.82
MET_2018A
--------------------------------------------------------
Selection: ra2bin2018
Selector      Raw # Events  Abs. Eff. (%)  Rel. Eff. (%)
NEventProc          168278
HLT                 160104          95.14          95.14
METFilter           158333          94.09          98.89
Blind               158333          94.09         100.00
ExtraFilter         147432          87.61          93.12
RA2Bin               26454          15.72          17.94
MET_2018A
--------------------------------------------------------
Selection: ra2bin2018HEM
Selector      Raw # Events  Abs. Eff. (%)  Rel. Eff. (%)
NEventProc          168278
HLT                 160104          95.14          95.14
METFilter           158333          94.09          98.89
Blind                    0           0.00           0.00
ExtraFilter              0           0.00           -nan
RA2Bin                   0           0.00           -nan
MET_2018B
--------------------------------------------------------
Selection: ra2bin2018
Selector      Raw # Events  Abs. Eff. (%)  Rel. Eff. (%)
NEventProc               0
HLT                      0           -nan           -nan
METFilter                0           -nan           -nan
Blind                    0           -nan           -nan
ExtraFilter              0           -nan           -nan
RA2Bin                   0           -nan           -nan
MET_2018B
--------------------------------------------------------
Selection: ra2bin2018HEM
Selector      Raw # Events  Abs. Eff. (%)  Rel. Eff. (%)
NEventProc               0
HLT                      0           -nan           -nan
METFilter                0           -nan           -nan
Blind                    0           -nan           -nan
ExtraFilter              0           -nan           -nan
RA2Bin                   0           -nan           -nan
MET_2018C
--------------------------------------------------------
Selection: ra2bin2018
Selector      Raw # Events  Abs. Eff. (%)  Rel. Eff. (%)
NEventProc               0
HLT                      0           -nan           -nan
METFilter                0           -nan           -nan
Blind                    0           -nan           -nan
ExtraFilter              0           -nan           -nan
RA2Bin                   0           -nan           -nan
MET_2018C
--------------------------------------------------------
Selection: ra2bin2018HEM
Selector      Raw # Events  Abs. Eff. (%)  Rel. Eff. (%)
NEventProc               0
HLT                      0           -nan           -nan
METFilter                0           -nan           -nan
Blind                    0           -nan           -nan
ExtraFilter              0           -nan           -nan
RA2Bin                   0           -nan           -nan
MET_2018D
--------------------------------------------------------
Selection: ra2bin2018
Selector      Raw # Events  Abs. Eff. (%)  Rel. Eff. (%)
NEventProc          278321
HLT                 259684          93.30          93.30
METFilter           258238          92.78          99.44
Blind                    0           0.00           0.00
ExtraFilter              0           0.00           -nan
RA2Bin                   0           0.00           -nan
MET_2018D
--------------------------------------------------------
Selection: ra2bin2018HEM
Selector      Raw # Events  Abs. Eff. (%)  Rel. Eff. (%)
NEventProc          278321
HLT                 259684          93.30          93.30
METFilter           258238          92.78          99.44
Blind               258238          92.78         100.00
ExtraFilter         166747          59.91          64.57
RA2Bin               26677           9.58          16.00
RA2bin yield:
data2016: 107757.00 +/- 328.26
data2017: 32035.00 +/- 178.98
data2018: 26454.00 +/- 162.65
data2018HEM: 26677.00 +/- 163.33

