Warning in <TInterpreter::ReadRootmapFile>: class  TUnfold found in libUnfold.so  is already in libHist.so 
Warning in <TInterpreter::ReadRootmapFile>: class  TUnfoldBinning found in libUnfold.so  is already in libHist.so 
Warning in <TInterpreter::ReadRootmapFile>: class  TUnfoldDensity found in libUnfold.so  is already in libHist.so 
Warning in <TInterpreter::ReadRootmapFile>: class  TUnfoldSys found in libUnfold.so  is already in libHist.so 
Using /uscms/home/aperloff/.rootlogon.C
Loading shared libraries: 
 	 Style: tdrStyle_mod14
 	 CMSSW_BASE: /uscms_data/d2/aperloff/YOURWORKINGAREA/SUSY/slc6/CMSSW_8_0_25
 	 SCRAM_ARCH: slc6_amd64_gcc530
 	 HOME: /uscms/home/aperloff
 	 libFWCoreFWLite
 	 libDataFormatsFWLite
loaded


Processing MakeAllDCsyst.C+(1,"T1tttt_900_500_fast","root://cmseos.fnal.gov//store/user/lpcsusyhad/SusyRA2Analysis2015/Skims/Run2ProductionV12/scan","Combination_NJet3_MHT1_HT2_HTDPhiCut/FullScan/")...
RA2bin yield:
T1tttt_900_500_fast_nominal: 0.01522712 +/- 0.00016015
T1tttt_900_500_fast_scaleuncUp: 0.01554230 +/- 0.00016362
T1tttt_900_500_fast_scaleuncDown: 0.01494529 +/- 0.00015727
T1tttt_900_500_fast_isruncUp: 0.01522712 +/- 0.00016015
T1tttt_900_500_fast_isruncDown: 0.01522712 +/- 0.00016015
T1tttt_900_500_fast_triguncUp: 0.01526037 +/- 0.00016050
T1tttt_900_500_fast_triguncDown: 0.01518210 +/- 0.00015968
T1tttt_900_500_fast_btagSFuncUp: 0.01522711 +/- 0.00016151
T1tttt_900_500_fast_btagSFuncDown: 0.01522712 +/- 0.00015885
T1tttt_900_500_fast_mistagSFuncUp: 0.01522711 +/- 0.00016023
T1tttt_900_500_fast_mistagSFuncDown: 0.01522712 +/- 0.00016008
T1tttt_900_500_fast_isotrackuncUp: 0.01522712 +/- 0.00016015
T1tttt_900_500_fast_isotrackuncDown: 0.01522712 +/- 0.00016015
T1tttt_900_500_fast_lumiuncUp: 0.01522712 +/- 0.00016015
T1tttt_900_500_fast_lumiuncDown: 0.01522712 +/- 0.00016015

RA2bin yield:
T1tttt_900_500_fast_JECup: 0.01566042 +/- 0.00016271

RA2bin yield:
T1tttt_900_500_fast_JECdown: 0.01475452 +/- 0.00015719

RA2bin yield:
T1tttt_900_500_fast_JERup: 0.01536521 +/- 0.00016069

RA2bin yield:
T1tttt_900_500_fast_JERdown: 0.01516446 +/- 0.00015980

Warning in <TInterpreter::ReadRootmapFile>: class  TUnfold found in libUnfold.so  is already in libHist.so 
Warning in <TInterpreter::ReadRootmapFile>: class  TUnfoldBinning found in libUnfold.so  is already in libHist.so 
Warning in <TInterpreter::ReadRootmapFile>: class  TUnfoldDensity found in libUnfold.so  is already in libHist.so 
Warning in <TInterpreter::ReadRootmapFile>: class  TUnfoldSys found in libUnfold.so  is already in libHist.so 
hadd Target file: datacards_fast/Combination_NJet3_MHT1_HT2_HTDPhiCut/FullScan/RA2bin_signal_T1tttt_900_500_fast.root
hadd compression setting for all ouput: 1
hadd Source file 1: datacards_fast/Combination_NJet3_MHT1_HT2_HTDPhiCut/FullScan/RA2bin_signal_T1tttt_900_500_fast_tmp.root
hadd Source file 2: datacards_fast/Combination_NJet3_MHT1_HT2_HTDPhiCut/FullScan/RA2bin_signal_JECup_T1tttt_900_500_fast.root
hadd Source file 3: datacards_fast/Combination_NJet3_MHT1_HT2_HTDPhiCut/FullScan/RA2bin_signal_JECdown_T1tttt_900_500_fast.root
hadd Source file 4: datacards_fast/Combination_NJet3_MHT1_HT2_HTDPhiCut/FullScan/RA2bin_signal_JERup_T1tttt_900_500_fast.root
hadd Source file 5: datacards_fast/Combination_NJet3_MHT1_HT2_HTDPhiCut/FullScan/RA2bin_signal_JERdown_T1tttt_900_500_fast.root
hadd Target path: datacards_fast/Combination_NJet3_MHT1_HT2_HTDPhiCut/FullScan/RA2bin_signal_T1tttt_900_500_fast.root:/
