Warning in <TInterpreter::ReadRootmapFile>: class  TUnfold found in libUnfold.so  is already in libHist.so 
Warning in <TInterpreter::ReadRootmapFile>: class  TUnfoldBinning found in libUnfold.so  is already in libHist.so 
Warning in <TInterpreter::ReadRootmapFile>: class  TUnfoldDensity found in libUnfold.so  is already in libHist.so 
Warning in <TInterpreter::ReadRootmapFile>: class  TUnfoldSys found in libUnfold.so  is already in libHist.so 
Using /uscms/home/aperloff/.rootlogon.C
Loading shared libraries: 
 	 Style: tdrStyle_mod14
 	 CMSSW_BASE: /uscms_data/d2/aperloff/YOURWORKINGAREA/SUSY/slc6/CMSSW_8_0_25
 	 SCRAM_ARCH: slc6_amd64_gcc530
 	 HOME: /uscms/home/aperloff
 	 libFWCoreFWLite
 	 libDataFormatsFWLite
loaded


Processing MakeAllDCsyst.C+(1,"T1tttt_1550_400_fast","root://cmseos.fnal.gov//store/user/lpcsusyhad/SusyRA2Analysis2015/Skims/Run2ProductionV12/scan","Combination_NJet3_MHT1_HT2_HTDPhiCut/FullScan/")...
RA2bin yield:
T1tttt_1550_400_fast_nominal: 0.00235322 +/- 0.00002052
T1tttt_1550_400_fast_scaleuncUp: 0.00235292 +/- 0.00002054
T1tttt_1550_400_fast_scaleuncDown: 0.00235356 +/- 0.00002053
T1tttt_1550_400_fast_isruncUp: 0.00235322 +/- 0.00002052
T1tttt_1550_400_fast_isruncDown: 0.00235322 +/- 0.00002052
T1tttt_1550_400_fast_triguncUp: 0.00236165 +/- 0.00002059
T1tttt_1550_400_fast_triguncDown: 0.00234151 +/- 0.00002042
T1tttt_1550_400_fast_btagSFuncUp: 0.00235322 +/- 0.00002073
T1tttt_1550_400_fast_btagSFuncDown: 0.00235323 +/- 0.00002032
T1tttt_1550_400_fast_mistagSFuncUp: 0.00235322 +/- 0.00002054
T1tttt_1550_400_fast_mistagSFuncDown: 0.00235322 +/- 0.00002050
T1tttt_1550_400_fast_isotrackuncUp: 0.00235322 +/- 0.00002052
T1tttt_1550_400_fast_isotrackuncDown: 0.00235322 +/- 0.00002052
T1tttt_1550_400_fast_lumiuncUp: 0.00235322 +/- 0.00002052
T1tttt_1550_400_fast_lumiuncDown: 0.00235322 +/- 0.00002052

RA2bin yield:
T1tttt_1550_400_fast_JECup: 0.00234939 +/- 0.00002053

RA2bin yield:
T1tttt_1550_400_fast_JECdown: 0.00234619 +/- 0.00002046

RA2bin yield:
T1tttt_1550_400_fast_JERup: 0.00234948 +/- 0.00002051

RA2bin yield:
T1tttt_1550_400_fast_JERdown: 0.00235998 +/- 0.00002055

Warning in <TInterpreter::ReadRootmapFile>: class  TUnfold found in libUnfold.so  is already in libHist.so 
Warning in <TInterpreter::ReadRootmapFile>: class  TUnfoldBinning found in libUnfold.so  is already in libHist.so 
Warning in <TInterpreter::ReadRootmapFile>: class  TUnfoldDensity found in libUnfold.so  is already in libHist.so 
Warning in <TInterpreter::ReadRootmapFile>: class  TUnfoldSys found in libUnfold.so  is already in libHist.so 
hadd Target file: datacards_fast/Combination_NJet3_MHT1_HT2_HTDPhiCut/FullScan/RA2bin_signal_T1tttt_1550_400_fast.root
hadd compression setting for all ouput: 1
hadd Source file 1: datacards_fast/Combination_NJet3_MHT1_HT2_HTDPhiCut/FullScan/RA2bin_signal_T1tttt_1550_400_fast_tmp.root
hadd Source file 2: datacards_fast/Combination_NJet3_MHT1_HT2_HTDPhiCut/FullScan/RA2bin_signal_JECup_T1tttt_1550_400_fast.root
hadd Source file 3: datacards_fast/Combination_NJet3_MHT1_HT2_HTDPhiCut/FullScan/RA2bin_signal_JECdown_T1tttt_1550_400_fast.root
hadd Source file 4: datacards_fast/Combination_NJet3_MHT1_HT2_HTDPhiCut/FullScan/RA2bin_signal_JERup_T1tttt_1550_400_fast.root
hadd Source file 5: datacards_fast/Combination_NJet3_MHT1_HT2_HTDPhiCut/FullScan/RA2bin_signal_JERdown_T1tttt_1550_400_fast.root
hadd Target path: datacards_fast/Combination_NJet3_MHT1_HT2_HTDPhiCut/FullScan/RA2bin_signal_T1tttt_1550_400_fast.root:/
