Warning in <TInterpreter::ReadRootmapFile>: class  TUnfold found in libUnfold.so  is already in libHist.so 
Warning in <TInterpreter::ReadRootmapFile>: class  TUnfoldBinning found in libUnfold.so  is already in libHist.so 
Warning in <TInterpreter::ReadRootmapFile>: class  TUnfoldDensity found in libUnfold.so  is already in libHist.so 
Warning in <TInterpreter::ReadRootmapFile>: class  TUnfoldSys found in libUnfold.so  is already in libHist.so 
Using /uscms/home/aperloff/.rootlogon.C
Loading shared libraries: 
 	 Style: tdrStyle_mod14
 	 CMSSW_BASE: /uscms_data/d2/aperloff/YOURWORKINGAREA/SUSY/slc6/CMSSW_8_0_25
 	 SCRAM_ARCH: slc6_amd64_gcc530
 	 HOME: /uscms/home/aperloff
 	 libFWCoreFWLite
 	 libDataFormatsFWLite
loaded


Processing MakeAllDCsyst.C+(1,"T1tttt_900_300_fast","root://cmseos.fnal.gov//store/user/lpcsusyhad/SusyRA2Analysis2015/Skims/Run2ProductionV12/scan","Combination_NJet3_MHT1_HT2_HTDPhiCut/FullScan/")...
RA2bin yield:
T1tttt_900_300_fast_nominal: 0.06529306 +/- 0.00032916
T1tttt_900_300_fast_scaleuncUp: 0.06546167 +/- 0.00033049
T1tttt_900_300_fast_scaleuncDown: 0.06514371 +/- 0.00032856
T1tttt_900_300_fast_isruncUp: 0.06529306 +/- 0.00032916
T1tttt_900_300_fast_isruncDown: 0.06529306 +/- 0.00032916
T1tttt_900_300_fast_triguncUp: 0.06542393 +/- 0.00032981
T1tttt_900_300_fast_triguncDown: 0.06511263 +/- 0.00032825
T1tttt_900_300_fast_btagSFuncUp: 0.06529297 +/- 0.00033207
T1tttt_900_300_fast_btagSFuncDown: 0.06529317 +/- 0.00032637
T1tttt_900_300_fast_mistagSFuncUp: 0.06529306 +/- 0.00032934
T1tttt_900_300_fast_mistagSFuncDown: 0.06529307 +/- 0.00032898
T1tttt_900_300_fast_isotrackuncUp: 0.06529306 +/- 0.00032916
T1tttt_900_300_fast_isotrackuncDown: 0.06529306 +/- 0.00032916
T1tttt_900_300_fast_lumiuncUp: 0.06529306 +/- 0.00032916
T1tttt_900_300_fast_lumiuncDown: 0.06529306 +/- 0.00032916

RA2bin yield:
T1tttt_900_300_fast_JECup: 0.06658968 +/- 0.00033298

RA2bin yield:
T1tttt_900_300_fast_JECdown: 0.06391155 +/- 0.00032499

RA2bin yield:
T1tttt_900_300_fast_JERup: 0.06535341 +/- 0.00032920

RA2bin yield:
T1tttt_900_300_fast_JERdown: 0.06518202 +/- 0.00032877

Warning in <TInterpreter::ReadRootmapFile>: class  TUnfold found in libUnfold.so  is already in libHist.so 
Warning in <TInterpreter::ReadRootmapFile>: class  TUnfoldBinning found in libUnfold.so  is already in libHist.so 
Warning in <TInterpreter::ReadRootmapFile>: class  TUnfoldDensity found in libUnfold.so  is already in libHist.so 
Warning in <TInterpreter::ReadRootmapFile>: class  TUnfoldSys found in libUnfold.so  is already in libHist.so 
hadd Target file: datacards_fast/Combination_NJet3_MHT1_HT2_HTDPhiCut/FullScan/RA2bin_signal_T1tttt_900_300_fast.root
hadd compression setting for all ouput: 1
hadd Source file 1: datacards_fast/Combination_NJet3_MHT1_HT2_HTDPhiCut/FullScan/RA2bin_signal_T1tttt_900_300_fast_tmp.root
hadd Source file 2: datacards_fast/Combination_NJet3_MHT1_HT2_HTDPhiCut/FullScan/RA2bin_signal_JECup_T1tttt_900_300_fast.root
hadd Source file 3: datacards_fast/Combination_NJet3_MHT1_HT2_HTDPhiCut/FullScan/RA2bin_signal_JECdown_T1tttt_900_300_fast.root
hadd Source file 4: datacards_fast/Combination_NJet3_MHT1_HT2_HTDPhiCut/FullScan/RA2bin_signal_JERup_T1tttt_900_300_fast.root
hadd Source file 5: datacards_fast/Combination_NJet3_MHT1_HT2_HTDPhiCut/FullScan/RA2bin_signal_JERdown_T1tttt_900_300_fast.root
hadd Target path: datacards_fast/Combination_NJet3_MHT1_HT2_HTDPhiCut/FullScan/RA2bin_signal_T1tttt_900_300_fast.root:/
