Warning in <TInterpreter::ReadRootmapFile>: class  TUnfold found in libUnfold.so  is already in libHist.so 
Warning in <TInterpreter::ReadRootmapFile>: class  TUnfoldBinning found in libUnfold.so  is already in libHist.so 
Warning in <TInterpreter::ReadRootmapFile>: class  TUnfoldDensity found in libUnfold.so  is already in libHist.so 
Warning in <TInterpreter::ReadRootmapFile>: class  TUnfoldSys found in libUnfold.so  is already in libHist.so 
Using /uscms/home/aperloff/.rootlogon.C
Loading shared libraries: 
 	 Style: tdrStyle_mod14
 	 CMSSW_BASE: /uscms_data/d2/aperloff/YOURWORKINGAREA/SUSY/slc6/CMSSW_8_0_25
 	 SCRAM_ARCH: slc6_amd64_gcc530
 	 HOME: /uscms/home/aperloff
 	 libFWCoreFWLite
 	 libDataFormatsFWLite
loaded


Processing MakeAllDCsyst.C+(1,"T1tttt_1350_800_fast","root://cmseos.fnal.gov//store/user/lpcsusyhad/SusyRA2Analysis2015/Skims/Run2ProductionV12/scan","Combination_NJet3_MHT1_HT2_HTDPhiCut/FullScan/")...
RA2bin yield:
T1tttt_1350_800_fast_nominal: 0.00412605 +/- 0.00004318
T1tttt_1350_800_fast_scaleuncUp: 0.00414401 +/- 0.00004344
T1tttt_1350_800_fast_scaleuncDown: 0.00411032 +/- 0.00004303
T1tttt_1350_800_fast_isruncUp: 0.00412605 +/- 0.00004318
T1tttt_1350_800_fast_isruncDown: 0.00412605 +/- 0.00004318
T1tttt_1350_800_fast_triguncUp: 0.00413350 +/- 0.00004326
T1tttt_1350_800_fast_triguncDown: 0.00411573 +/- 0.00004308
T1tttt_1350_800_fast_btagSFuncUp: 0.00412604 +/- 0.00004356
T1tttt_1350_800_fast_btagSFuncDown: 0.00412606 +/- 0.00004282
T1tttt_1350_800_fast_mistagSFuncUp: 0.00412605 +/- 0.00004321
T1tttt_1350_800_fast_mistagSFuncDown: 0.00412605 +/- 0.00004316
T1tttt_1350_800_fast_isotrackuncUp: 0.00412605 +/- 0.00004318
T1tttt_1350_800_fast_isotrackuncDown: 0.00412605 +/- 0.00004318
T1tttt_1350_800_fast_lumiuncUp: 0.00412605 +/- 0.00004318
T1tttt_1350_800_fast_lumiuncDown: 0.00412605 +/- 0.00004318

RA2bin yield:
T1tttt_1350_800_fast_JECup: 0.00419912 +/- 0.00004364

RA2bin yield:
T1tttt_1350_800_fast_JECdown: 0.00403554 +/- 0.00004264

RA2bin yield:
T1tttt_1350_800_fast_JERup: 0.00414532 +/- 0.00004327

RA2bin yield:
T1tttt_1350_800_fast_JERdown: 0.00414633 +/- 0.00004329

Warning in <TInterpreter::ReadRootmapFile>: class  TUnfold found in libUnfold.so  is already in libHist.so 
Warning in <TInterpreter::ReadRootmapFile>: class  TUnfoldBinning found in libUnfold.so  is already in libHist.so 
Warning in <TInterpreter::ReadRootmapFile>: class  TUnfoldDensity found in libUnfold.so  is already in libHist.so 
Warning in <TInterpreter::ReadRootmapFile>: class  TUnfoldSys found in libUnfold.so  is already in libHist.so 
hadd Target file: datacards_fast/Combination_NJet3_MHT1_HT2_HTDPhiCut/FullScan/RA2bin_signal_T1tttt_1350_800_fast.root
hadd compression setting for all ouput: 1
hadd Source file 1: datacards_fast/Combination_NJet3_MHT1_HT2_HTDPhiCut/FullScan/RA2bin_signal_T1tttt_1350_800_fast_tmp.root
hadd Source file 2: datacards_fast/Combination_NJet3_MHT1_HT2_HTDPhiCut/FullScan/RA2bin_signal_JECup_T1tttt_1350_800_fast.root
hadd Source file 3: datacards_fast/Combination_NJet3_MHT1_HT2_HTDPhiCut/FullScan/RA2bin_signal_JECdown_T1tttt_1350_800_fast.root
hadd Source file 4: datacards_fast/Combination_NJet3_MHT1_HT2_HTDPhiCut/FullScan/RA2bin_signal_JERup_T1tttt_1350_800_fast.root
hadd Source file 5: datacards_fast/Combination_NJet3_MHT1_HT2_HTDPhiCut/FullScan/RA2bin_signal_JERdown_T1tttt_1350_800_fast.root
hadd Target path: datacards_fast/Combination_NJet3_MHT1_HT2_HTDPhiCut/FullScan/RA2bin_signal_T1tttt_1350_800_fast.root:/
