Warning in <TInterpreter::ReadRootmapFile>: class  TUnfold found in libUnfold.so  is already in libHist.so 
Warning in <TInterpreter::ReadRootmapFile>: class  TUnfoldBinning found in libUnfold.so  is already in libHist.so 
Warning in <TInterpreter::ReadRootmapFile>: class  TUnfoldDensity found in libUnfold.so  is already in libHist.so 
Warning in <TInterpreter::ReadRootmapFile>: class  TUnfoldSys found in libUnfold.so  is already in libHist.so 
Using /uscms/home/aperloff/.rootlogon.C
Loading shared libraries: 
 	 Style: tdrStyle_mod14
 	 CMSSW_BASE: /uscms_data/d2/aperloff/YOURWORKINGAREA/SUSY/slc6/CMSSW_8_0_25
 	 SCRAM_ARCH: slc6_amd64_gcc530
 	 HOME: /uscms/home/aperloff
 	 libFWCoreFWLite
 	 libDataFormatsFWLite
loaded


Processing MakeAllDCsyst.C+(1,"T1tttt_1200_200_fast","root://cmseos.fnal.gov//store/user/lpcsusyhad/SusyRA2Analysis2015/Skims/Run2ProductionV12/scan","Combination_NJet3_MHT1_HT2_HTDPhiCut/FullScan/")...
RA2bin yield:
T1tttt_1200_200_fast_nominal: 0.01592455 +/- 0.00008207
T1tttt_1200_200_fast_scaleuncUp: 0.01592656 +/- 0.00008219
T1tttt_1200_200_fast_scaleuncDown: 0.01592322 +/- 0.00008211
T1tttt_1200_200_fast_isruncUp: 0.01592455 +/- 0.00008207
T1tttt_1200_200_fast_isruncDown: 0.01592455 +/- 0.00008207
T1tttt_1200_200_fast_triguncUp: 0.01597303 +/- 0.00008232
T1tttt_1200_200_fast_triguncDown: 0.01585639 +/- 0.00008173
T1tttt_1200_200_fast_btagSFuncUp: 0.01592454 +/- 0.00008289
T1tttt_1200_200_fast_btagSFuncDown: 0.01592455 +/- 0.00008129
T1tttt_1200_200_fast_mistagSFuncUp: 0.01592454 +/- 0.00008215
T1tttt_1200_200_fast_mistagSFuncDown: 0.01592455 +/- 0.00008199
T1tttt_1200_200_fast_isotrackuncUp: 0.01592455 +/- 0.00008207
T1tttt_1200_200_fast_isotrackuncDown: 0.01592455 +/- 0.00008207
T1tttt_1200_200_fast_lumiuncUp: 0.01592455 +/- 0.00008207
T1tttt_1200_200_fast_lumiuncDown: 0.01592455 +/- 0.00008207

RA2bin yield:
T1tttt_1200_200_fast_JECup: 0.01598517 +/- 0.00008237

RA2bin yield:
T1tttt_1200_200_fast_JECdown: 0.01582945 +/- 0.00008169

RA2bin yield:
T1tttt_1200_200_fast_JERup: 0.01594546 +/- 0.00008212

RA2bin yield:
T1tttt_1200_200_fast_JERdown: 0.01594509 +/- 0.00008212

Warning in <TInterpreter::ReadRootmapFile>: class  TUnfold found in libUnfold.so  is already in libHist.so 
Warning in <TInterpreter::ReadRootmapFile>: class  TUnfoldBinning found in libUnfold.so  is already in libHist.so 
Warning in <TInterpreter::ReadRootmapFile>: class  TUnfoldDensity found in libUnfold.so  is already in libHist.so 
Warning in <TInterpreter::ReadRootmapFile>: class  TUnfoldSys found in libUnfold.so  is already in libHist.so 
hadd Target file: datacards_fast/Combination_NJet3_MHT1_HT2_HTDPhiCut/FullScan/RA2bin_signal_T1tttt_1200_200_fast.root
hadd compression setting for all ouput: 1
hadd Source file 1: datacards_fast/Combination_NJet3_MHT1_HT2_HTDPhiCut/FullScan/RA2bin_signal_T1tttt_1200_200_fast_tmp.root
hadd Source file 2: datacards_fast/Combination_NJet3_MHT1_HT2_HTDPhiCut/FullScan/RA2bin_signal_JECup_T1tttt_1200_200_fast.root
hadd Source file 3: datacards_fast/Combination_NJet3_MHT1_HT2_HTDPhiCut/FullScan/RA2bin_signal_JECdown_T1tttt_1200_200_fast.root
hadd Source file 4: datacards_fast/Combination_NJet3_MHT1_HT2_HTDPhiCut/FullScan/RA2bin_signal_JERup_T1tttt_1200_200_fast.root
hadd Source file 5: datacards_fast/Combination_NJet3_MHT1_HT2_HTDPhiCut/FullScan/RA2bin_signal_JERdown_T1tttt_1200_200_fast.root
hadd Target path: datacards_fast/Combination_NJet3_MHT1_HT2_HTDPhiCut/FullScan/RA2bin_signal_T1tttt_1200_200_fast.root:/
