Warning in <TInterpreter::ReadRootmapFile>: class  TUnfold found in libUnfold.so  is already in libHist.so 
Warning in <TInterpreter::ReadRootmapFile>: class  TUnfoldBinning found in libUnfold.so  is already in libHist.so 
Warning in <TInterpreter::ReadRootmapFile>: class  TUnfoldDensity found in libUnfold.so  is already in libHist.so 
Warning in <TInterpreter::ReadRootmapFile>: class  TUnfoldSys found in libUnfold.so  is already in libHist.so 
Using /uscms/home/aperloff/.rootlogon.C
Loading shared libraries: 
 	 Style: tdrStyle_mod14
 	 CMSSW_BASE: /uscms_data/d2/aperloff/YOURWORKINGAREA/SUSY/slc6/CMSSW_8_0_25
 	 SCRAM_ARCH: slc6_amd64_gcc530
 	 HOME: /uscms/home/aperloff
 	 libFWCoreFWLite
 	 libDataFormatsFWLite
loaded


Processing MakeAllDCsyst.C+(1,"T1tttt_700_450_fast","root://cmseos.fnal.gov//store/user/lpcsusyhad/SusyRA2Analysis2015/Skims/Run2ProductionV12/scan","Combination_NJet3_MHT1_HT2_HTDPhiCut/FullScan/")...
RA2bin yield:
T1tttt_700_450_fast_nominal: 0.05115318 +/- 0.00065852
T1tttt_700_450_fast_scaleuncUp: 0.05225425 +/- 0.00067283
T1tttt_700_450_fast_scaleuncDown: 0.05016649 +/- 0.00064647
T1tttt_700_450_fast_isruncUp: 0.05115318 +/- 0.00065852
T1tttt_700_450_fast_isruncDown: 0.05115318 +/- 0.00065852
T1tttt_700_450_fast_triguncUp: 0.05125562 +/- 0.00065984
T1tttt_700_450_fast_triguncDown: 0.05101618 +/- 0.00065677
T1tttt_700_450_fast_btagSFuncUp: 0.05115318 +/- 0.00065773
T1tttt_700_450_fast_btagSFuncDown: 0.05115318 +/- 0.00065944
T1tttt_700_450_fast_mistagSFuncUp: 0.05115317 +/- 0.00065708
T1tttt_700_450_fast_mistagSFuncDown: 0.05115318 +/- 0.00065999
T1tttt_700_450_fast_isotrackuncUp: 0.05115318 +/- 0.00065852
T1tttt_700_450_fast_isotrackuncDown: 0.05115318 +/- 0.00065852
T1tttt_700_450_fast_lumiuncUp: 0.05115318 +/- 0.00065852
T1tttt_700_450_fast_lumiuncDown: 0.05115318 +/- 0.00065852

RA2bin yield:
T1tttt_700_450_fast_JECup: 0.05210865 +/- 0.00065842

RA2bin yield:
T1tttt_700_450_fast_JECdown: 0.05050042 +/- 0.00065712

RA2bin yield:
T1tttt_700_450_fast_JERup: 0.05154288 +/- 0.00066080

RA2bin yield:
T1tttt_700_450_fast_JERdown: 0.05124685 +/- 0.00065868

Warning in <TInterpreter::ReadRootmapFile>: class  TUnfold found in libUnfold.so  is already in libHist.so 
Warning in <TInterpreter::ReadRootmapFile>: class  TUnfoldBinning found in libUnfold.so  is already in libHist.so 
Warning in <TInterpreter::ReadRootmapFile>: class  TUnfoldDensity found in libUnfold.so  is already in libHist.so 
Warning in <TInterpreter::ReadRootmapFile>: class  TUnfoldSys found in libUnfold.so  is already in libHist.so 
hadd Target file: datacards_fast/Combination_NJet3_MHT1_HT2_HTDPhiCut/FullScan/RA2bin_signal_T1tttt_700_450_fast.root
hadd compression setting for all ouput: 1
hadd Source file 1: datacards_fast/Combination_NJet3_MHT1_HT2_HTDPhiCut/FullScan/RA2bin_signal_T1tttt_700_450_fast_tmp.root
hadd Source file 2: datacards_fast/Combination_NJet3_MHT1_HT2_HTDPhiCut/FullScan/RA2bin_signal_JECup_T1tttt_700_450_fast.root
hadd Source file 3: datacards_fast/Combination_NJet3_MHT1_HT2_HTDPhiCut/FullScan/RA2bin_signal_JECdown_T1tttt_700_450_fast.root
hadd Source file 4: datacards_fast/Combination_NJet3_MHT1_HT2_HTDPhiCut/FullScan/RA2bin_signal_JERup_T1tttt_700_450_fast.root
hadd Source file 5: datacards_fast/Combination_NJet3_MHT1_HT2_HTDPhiCut/FullScan/RA2bin_signal_JERdown_T1tttt_700_450_fast.root
hadd Target path: datacards_fast/Combination_NJet3_MHT1_HT2_HTDPhiCut/FullScan/RA2bin_signal_T1tttt_700_450_fast.root:/
