Warning in <TInterpreter::ReadRootmapFile>: class  TUnfold found in libUnfold.so  is already in libHist.so 
Warning in <TInterpreter::ReadRootmapFile>: class  TUnfoldBinning found in libUnfold.so  is already in libHist.so 
Warning in <TInterpreter::ReadRootmapFile>: class  TUnfoldDensity found in libUnfold.so  is already in libHist.so 
Warning in <TInterpreter::ReadRootmapFile>: class  TUnfoldSys found in libUnfold.so  is already in libHist.so 
Using /uscms/home/aperloff/.rootlogon.C
Loading shared libraries: 
 	 Style: tdrStyle_mod14
 	 CMSSW_BASE: /uscms_data/d2/aperloff/YOURWORKINGAREA/SUSY/slc6/CMSSW_8_0_25
 	 SCRAM_ARCH: slc6_amd64_gcc530
 	 HOME: /uscms/home/aperloff
 	 libFWCoreFWLite
 	 libDataFormatsFWLite
loaded


Processing MakeAllDCsyst.C+(1,"T1tttt_750_350_fast","root://cmseos.fnal.gov//store/user/lpcsusyhad/SusyRA2Analysis2015/Skims/Run2ProductionV12/scan","Combination_NJet3_MHT1_HT2_HTDPhiCut/FullScan/")...
RA2bin yield:
T1tttt_750_350_fast_nominal: 0.03361823 +/- 0.00044702
T1tttt_750_350_fast_scaleuncUp: 0.03425980 +/- 0.00045608
T1tttt_750_350_fast_scaleuncDown: 0.03304310 +/- 0.00043957
T1tttt_750_350_fast_isruncUp: 0.03361823 +/- 0.00044702
T1tttt_750_350_fast_isruncDown: 0.03361823 +/- 0.00044702
T1tttt_750_350_fast_triguncUp: 0.03369769 +/- 0.00044807
T1tttt_750_350_fast_triguncDown: 0.03350979 +/- 0.00044559
T1tttt_750_350_fast_btagSFuncUp: 0.03361822 +/- 0.00045069
T1tttt_750_350_fast_btagSFuncDown: 0.03361823 +/- 0.00044351
T1tttt_750_350_fast_mistagSFuncUp: 0.03361822 +/- 0.00044721
T1tttt_750_350_fast_mistagSFuncDown: 0.03361822 +/- 0.00044685
T1tttt_750_350_fast_isotrackuncUp: 0.03361823 +/- 0.00044702
T1tttt_750_350_fast_isotrackuncDown: 0.03361823 +/- 0.00044702
T1tttt_750_350_fast_lumiuncUp: 0.03361823 +/- 0.00044702
T1tttt_750_350_fast_lumiuncDown: 0.03361823 +/- 0.00044702

RA2bin yield:
T1tttt_750_350_fast_JECup: 0.03490793 +/- 0.00045653

RA2bin yield:
T1tttt_750_350_fast_JECdown: 0.03279306 +/- 0.00044058

RA2bin yield:
T1tttt_750_350_fast_JERup: 0.03412100 +/- 0.00045107

RA2bin yield:
T1tttt_750_350_fast_JERdown: 0.03333062 +/- 0.00044527

Warning in <TInterpreter::ReadRootmapFile>: class  TUnfold found in libUnfold.so  is already in libHist.so 
Warning in <TInterpreter::ReadRootmapFile>: class  TUnfoldBinning found in libUnfold.so  is already in libHist.so 
Warning in <TInterpreter::ReadRootmapFile>: class  TUnfoldDensity found in libUnfold.so  is already in libHist.so 
Warning in <TInterpreter::ReadRootmapFile>: class  TUnfoldSys found in libUnfold.so  is already in libHist.so 
hadd Target file: datacards_fast/Combination_NJet3_MHT1_HT2_HTDPhiCut/FullScan/RA2bin_signal_T1tttt_750_350_fast.root
hadd compression setting for all ouput: 1
hadd Source file 1: datacards_fast/Combination_NJet3_MHT1_HT2_HTDPhiCut/FullScan/RA2bin_signal_T1tttt_750_350_fast_tmp.root
hadd Source file 2: datacards_fast/Combination_NJet3_MHT1_HT2_HTDPhiCut/FullScan/RA2bin_signal_JECup_T1tttt_750_350_fast.root
hadd Source file 3: datacards_fast/Combination_NJet3_MHT1_HT2_HTDPhiCut/FullScan/RA2bin_signal_JECdown_T1tttt_750_350_fast.root
hadd Source file 4: datacards_fast/Combination_NJet3_MHT1_HT2_HTDPhiCut/FullScan/RA2bin_signal_JERup_T1tttt_750_350_fast.root
hadd Source file 5: datacards_fast/Combination_NJet3_MHT1_HT2_HTDPhiCut/FullScan/RA2bin_signal_JERdown_T1tttt_750_350_fast.root
hadd Target path: datacards_fast/Combination_NJet3_MHT1_HT2_HTDPhiCut/FullScan/RA2bin_signal_T1tttt_750_350_fast.root:/
