Warning in <TInterpreter::ReadRootmapFile>: class  TUnfold found in libUnfold.so  is already in libHist.so 
Warning in <TInterpreter::ReadRootmapFile>: class  TUnfoldBinning found in libUnfold.so  is already in libHist.so 
Warning in <TInterpreter::ReadRootmapFile>: class  TUnfoldDensity found in libUnfold.so  is already in libHist.so 
Warning in <TInterpreter::ReadRootmapFile>: class  TUnfoldSys found in libUnfold.so  is already in libHist.so 
Using /uscms/home/aperloff/.rootlogon.C
Loading shared libraries: 
 	 Style: tdrStyle_mod14
 	 CMSSW_BASE: /uscms_data/d2/aperloff/YOURWORKINGAREA/SUSY/slc6/CMSSW_8_0_25
 	 SCRAM_ARCH: slc6_amd64_gcc530
 	 HOME: /uscms/home/aperloff
 	 libFWCoreFWLite
 	 libDataFormatsFWLite
loaded


Processing MakeAllDCsyst.C+(1,"T1tttt_900_1_fast","root://cmseos.fnal.gov//store/user/lpcsusyhad/SusyRA2Analysis2015/Skims/Run2ProductionV12/scan","Combination_NJet3_MHT1_HT2_HTDPhiCut/FullScan/")...
RA2bin yield:
T1tttt_900_1_fast_nominal: 0.07909433 +/- 0.00036958
T1tttt_900_1_fast_scaleuncUp: 0.07919423 +/- 0.00037056
T1tttt_900_1_fast_scaleuncDown: 0.07900894 +/- 0.00036938
T1tttt_900_1_fast_isruncUp: 0.07909433 +/- 0.00036958
T1tttt_900_1_fast_isruncDown: 0.07909433 +/- 0.00036958
T1tttt_900_1_fast_triguncUp: 0.07929234 +/- 0.00037049
T1tttt_900_1_fast_triguncDown: 0.07881931 +/- 0.00036831
T1tttt_900_1_fast_btagSFuncUp: 0.07909436 +/- 0.00037310
T1tttt_900_1_fast_btagSFuncDown: 0.07909434 +/- 0.00036622
T1tttt_900_1_fast_mistagSFuncUp: 0.07909434 +/- 0.00036987
T1tttt_900_1_fast_mistagSFuncDown: 0.07909432 +/- 0.00036930
T1tttt_900_1_fast_isotrackuncUp: 0.07909433 +/- 0.00036958
T1tttt_900_1_fast_isotrackuncDown: 0.07909433 +/- 0.00036958
T1tttt_900_1_fast_lumiuncUp: 0.07909433 +/- 0.00036958
T1tttt_900_1_fast_lumiuncDown: 0.07909433 +/- 0.00036958

RA2bin yield:
T1tttt_900_1_fast_JECup: 0.08005691 +/- 0.00037254

RA2bin yield:
T1tttt_900_1_fast_JECdown: 0.07805727 +/- 0.00036641

RA2bin yield:
T1tttt_900_1_fast_JERup: 0.07929663 +/- 0.00037012

RA2bin yield:
T1tttt_900_1_fast_JERdown: 0.07899279 +/- 0.00036941

Warning in <TInterpreter::ReadRootmapFile>: class  TUnfold found in libUnfold.so  is already in libHist.so 
Warning in <TInterpreter::ReadRootmapFile>: class  TUnfoldBinning found in libUnfold.so  is already in libHist.so 
Warning in <TInterpreter::ReadRootmapFile>: class  TUnfoldDensity found in libUnfold.so  is already in libHist.so 
Warning in <TInterpreter::ReadRootmapFile>: class  TUnfoldSys found in libUnfold.so  is already in libHist.so 
hadd Target file: datacards_fast/Combination_NJet3_MHT1_HT2_HTDPhiCut/FullScan/RA2bin_signal_T1tttt_900_1_fast.root
hadd compression setting for all ouput: 1
hadd Source file 1: datacards_fast/Combination_NJet3_MHT1_HT2_HTDPhiCut/FullScan/RA2bin_signal_T1tttt_900_1_fast_tmp.root
hadd Source file 2: datacards_fast/Combination_NJet3_MHT1_HT2_HTDPhiCut/FullScan/RA2bin_signal_JECup_T1tttt_900_1_fast.root
hadd Source file 3: datacards_fast/Combination_NJet3_MHT1_HT2_HTDPhiCut/FullScan/RA2bin_signal_JECdown_T1tttt_900_1_fast.root
hadd Source file 4: datacards_fast/Combination_NJet3_MHT1_HT2_HTDPhiCut/FullScan/RA2bin_signal_JERup_T1tttt_900_1_fast.root
hadd Source file 5: datacards_fast/Combination_NJet3_MHT1_HT2_HTDPhiCut/FullScan/RA2bin_signal_JERdown_T1tttt_900_1_fast.root
hadd Target path: datacards_fast/Combination_NJet3_MHT1_HT2_HTDPhiCut/FullScan/RA2bin_signal_T1tttt_900_1_fast.root:/
