Warning in <TInterpreter::ReadRootmapFile>: class  TUnfold found in libUnfold.so  is already in libHist.so 
Warning in <TInterpreter::ReadRootmapFile>: class  TUnfoldBinning found in libUnfold.so  is already in libHist.so 
Warning in <TInterpreter::ReadRootmapFile>: class  TUnfoldDensity found in libUnfold.so  is already in libHist.so 
Warning in <TInterpreter::ReadRootmapFile>: class  TUnfoldSys found in libUnfold.so  is already in libHist.so 
Using /uscms/home/aperloff/.rootlogon.C
Loading shared libraries: 
 	 Style: tdrStyle_mod14
 	 CMSSW_BASE: /uscms_data/d2/aperloff/YOURWORKINGAREA/SUSY/slc6/CMSSW_8_0_25
 	 SCRAM_ARCH: slc6_amd64_gcc530
 	 HOME: /uscms/home/aperloff
 	 libFWCoreFWLite
 	 libDataFormatsFWLite
loaded


Processing MakeAllDCsyst.C+(1,"T1tttt_1150_800_fast","root://cmseos.fnal.gov//store/user/lpcsusyhad/SusyRA2Analysis2015/Skims/Run2ProductionV12/scan","Combination_NJet3_MHT1_HT2_HTDPhiCut/FullScan/")...
RA2bin yield:
T1tttt_1150_800_fast_nominal: 0.00236073 +/- 0.00003322
T1tttt_1150_800_fast_scaleuncUp: 0.00242894 +/- 0.00003422
T1tttt_1150_800_fast_scaleuncDown: 0.00230047 +/- 0.00003238
T1tttt_1150_800_fast_isruncUp: 0.00236073 +/- 0.00003322
T1tttt_1150_800_fast_isruncDown: 0.00236073 +/- 0.00003322
T1tttt_1150_800_fast_triguncUp: 0.00236564 +/- 0.00003329
T1tttt_1150_800_fast_triguncDown: 0.00235401 +/- 0.00003313
T1tttt_1150_800_fast_btagSFuncUp: 0.00236073 +/- 0.00003348
T1tttt_1150_800_fast_btagSFuncDown: 0.00236073 +/- 0.00003298
T1tttt_1150_800_fast_mistagSFuncUp: 0.00236073 +/- 0.00003324
T1tttt_1150_800_fast_mistagSFuncDown: 0.00236073 +/- 0.00003321
T1tttt_1150_800_fast_isotrackuncUp: 0.00236073 +/- 0.00003322
T1tttt_1150_800_fast_isotrackuncDown: 0.00236073 +/- 0.00003322
T1tttt_1150_800_fast_lumiuncUp: 0.00236073 +/- 0.00003322
T1tttt_1150_800_fast_lumiuncDown: 0.00236073 +/- 0.00003322

RA2bin yield:
T1tttt_1150_800_fast_JECup: 0.00237321 +/- 0.00003338

RA2bin yield:
T1tttt_1150_800_fast_JECdown: 0.00232792 +/- 0.00003299

RA2bin yield:
T1tttt_1150_800_fast_JERup: 0.00237709 +/- 0.00003332

RA2bin yield:
T1tttt_1150_800_fast_JERdown: 0.00234704 +/- 0.00003312

Warning in <TInterpreter::ReadRootmapFile>: class  TUnfold found in libUnfold.so  is already in libHist.so 
Warning in <TInterpreter::ReadRootmapFile>: class  TUnfoldBinning found in libUnfold.so  is already in libHist.so 
Warning in <TInterpreter::ReadRootmapFile>: class  TUnfoldDensity found in libUnfold.so  is already in libHist.so 
Warning in <TInterpreter::ReadRootmapFile>: class  TUnfoldSys found in libUnfold.so  is already in libHist.so 
hadd Target file: datacards_fast/Combination_NJet3_MHT1_HT2_HTDPhiCut/FullScan/RA2bin_signal_T1tttt_1150_800_fast.root
hadd compression setting for all ouput: 1
hadd Source file 1: datacards_fast/Combination_NJet3_MHT1_HT2_HTDPhiCut/FullScan/RA2bin_signal_T1tttt_1150_800_fast_tmp.root
hadd Source file 2: datacards_fast/Combination_NJet3_MHT1_HT2_HTDPhiCut/FullScan/RA2bin_signal_JECup_T1tttt_1150_800_fast.root
hadd Source file 3: datacards_fast/Combination_NJet3_MHT1_HT2_HTDPhiCut/FullScan/RA2bin_signal_JECdown_T1tttt_1150_800_fast.root
hadd Source file 4: datacards_fast/Combination_NJet3_MHT1_HT2_HTDPhiCut/FullScan/RA2bin_signal_JERup_T1tttt_1150_800_fast.root
hadd Source file 5: datacards_fast/Combination_NJet3_MHT1_HT2_HTDPhiCut/FullScan/RA2bin_signal_JERdown_T1tttt_1150_800_fast.root
hadd Target path: datacards_fast/Combination_NJet3_MHT1_HT2_HTDPhiCut/FullScan/RA2bin_signal_T1tttt_1150_800_fast.root:/
