Warning in <TInterpreter::ReadRootmapFile>: class  TUnfold found in libUnfold.so  is already in libHist.so 
Warning in <TInterpreter::ReadRootmapFile>: class  TUnfoldBinning found in libUnfold.so  is already in libHist.so 
Warning in <TInterpreter::ReadRootmapFile>: class  TUnfoldDensity found in libUnfold.so  is already in libHist.so 
Warning in <TInterpreter::ReadRootmapFile>: class  TUnfoldSys found in libUnfold.so  is already in libHist.so 
Using /uscms/home/aperloff/.rootlogon.C
Loading shared libraries: 
 	 Style: tdrStyle_mod14
 	 CMSSW_BASE: /uscms_data/d2/aperloff/YOURWORKINGAREA/SUSY/slc6/CMSSW_8_0_25
 	 SCRAM_ARCH: slc6_amd64_gcc530
 	 HOME: /uscms/home/aperloff
 	 libFWCoreFWLite
 	 libDataFormatsFWLite
loaded


Processing MakeAllDCsyst.C+(1,"T1tttt_600_375_fast","root://cmseos.fnal.gov//store/user/lpcsusyhad/SusyRA2Analysis2015/Skims/Run2ProductionV12/scan","Combination_NJet3_MHT1_HT2_HTDPhiCut/FullScan/")...
RA2bin yield:
T1tttt_600_375_fast_nominal: 0.10198483 +/- 0.00101145
T1tttt_600_375_fast_scaleuncUp: 0.10442676 +/- 0.00103599
T1tttt_600_375_fast_scaleuncDown: 0.09981322 +/- 0.00099097
T1tttt_600_375_fast_isruncUp: 0.10198483 +/- 0.00101145
T1tttt_600_375_fast_isruncDown: 0.10198483 +/- 0.00101145
T1tttt_600_375_fast_triguncUp: 0.10218576 +/- 0.00101345
T1tttt_600_375_fast_triguncDown: 0.10172146 +/- 0.00100884
T1tttt_600_375_fast_btagSFuncUp: 0.10198481 +/- 0.00100842
T1tttt_600_375_fast_btagSFuncDown: 0.10198484 +/- 0.00101463
T1tttt_600_375_fast_mistagSFuncUp: 0.10198478 +/- 0.00100862
T1tttt_600_375_fast_mistagSFuncDown: 0.10198487 +/- 0.00101432
T1tttt_600_375_fast_isotrackuncUp: 0.10198483 +/- 0.00101145
T1tttt_600_375_fast_isotrackuncDown: 0.10198483 +/- 0.00101145
T1tttt_600_375_fast_lumiuncUp: 0.10198483 +/- 0.00101145
T1tttt_600_375_fast_lumiuncDown: 0.10198483 +/- 0.00101145

RA2bin yield:
T1tttt_600_375_fast_JECup: 0.10251250 +/- 0.00100659

RA2bin yield:
T1tttt_600_375_fast_JECdown: 0.10100886 +/- 0.00101560

RA2bin yield:
T1tttt_600_375_fast_JERup: 0.10309822 +/- 0.00101732

RA2bin yield:
T1tttt_600_375_fast_JERdown: 0.10213076 +/- 0.00101184

Warning in <TInterpreter::ReadRootmapFile>: class  TUnfold found in libUnfold.so  is already in libHist.so 
Warning in <TInterpreter::ReadRootmapFile>: class  TUnfoldBinning found in libUnfold.so  is already in libHist.so 
Warning in <TInterpreter::ReadRootmapFile>: class  TUnfoldDensity found in libUnfold.so  is already in libHist.so 
Warning in <TInterpreter::ReadRootmapFile>: class  TUnfoldSys found in libUnfold.so  is already in libHist.so 
hadd Target file: datacards_fast/Combination_NJet3_MHT1_HT2_HTDPhiCut/FullScan/RA2bin_signal_T1tttt_600_375_fast.root
hadd compression setting for all ouput: 1
hadd Source file 1: datacards_fast/Combination_NJet3_MHT1_HT2_HTDPhiCut/FullScan/RA2bin_signal_T1tttt_600_375_fast_tmp.root
hadd Source file 2: datacards_fast/Combination_NJet3_MHT1_HT2_HTDPhiCut/FullScan/RA2bin_signal_JECup_T1tttt_600_375_fast.root
hadd Source file 3: datacards_fast/Combination_NJet3_MHT1_HT2_HTDPhiCut/FullScan/RA2bin_signal_JECdown_T1tttt_600_375_fast.root
hadd Source file 4: datacards_fast/Combination_NJet3_MHT1_HT2_HTDPhiCut/FullScan/RA2bin_signal_JERup_T1tttt_600_375_fast.root
hadd Source file 5: datacards_fast/Combination_NJet3_MHT1_HT2_HTDPhiCut/FullScan/RA2bin_signal_JERdown_T1tttt_600_375_fast.root
hadd Target path: datacards_fast/Combination_NJet3_MHT1_HT2_HTDPhiCut/FullScan/RA2bin_signal_T1tttt_600_375_fast.root:/
