Warning in <TInterpreter::ReadRootmapFile>: class  TUnfold found in libUnfold.so  is already in libHist.so 
Warning in <TInterpreter::ReadRootmapFile>: class  TUnfoldBinning found in libUnfold.so  is already in libHist.so 
Warning in <TInterpreter::ReadRootmapFile>: class  TUnfoldDensity found in libUnfold.so  is already in libHist.so 
Warning in <TInterpreter::ReadRootmapFile>: class  TUnfoldSys found in libUnfold.so  is already in libHist.so 
Using /uscms/home/aperloff/.rootlogon.C
Loading shared libraries: 
 	 Style: tdrStyle_mod14
 	 CMSSW_BASE: /uscms_data/d2/aperloff/YOURWORKINGAREA/SUSY/slc6/CMSSW_8_0_25
 	 SCRAM_ARCH: slc6_amd64_gcc530
 	 HOME: /uscms/home/aperloff
 	 libFWCoreFWLite
 	 libDataFormatsFWLite
loaded


Processing MakeAllDCsyst.C+(1,"T1tttt_700_200_fast","root://cmseos.fnal.gov//store/user/lpcsusyhad/SusyRA2Analysis2015/Skims/Run2ProductionV12/scan","Combination_NJet3_MHT1_HT2_HTDPhiCut/FullScan/")...
RA2bin yield:
T1tttt_700_200_fast_nominal: 0.11439570 +/- 0.00099288
T1tttt_700_200_fast_scaleuncUp: 0.11529134 +/- 0.00100173
T1tttt_700_200_fast_scaleuncDown: 0.11359295 +/- 0.00098647
T1tttt_700_200_fast_isruncUp: 0.11439570 +/- 0.00099288
T1tttt_700_200_fast_isruncDown: 0.11439570 +/- 0.00099288
T1tttt_700_200_fast_triguncUp: 0.11463669 +/- 0.00099496
T1tttt_700_200_fast_triguncDown: 0.11407464 +/- 0.00099010
T1tttt_700_200_fast_btagSFuncUp: 0.11439568 +/- 0.00100117
T1tttt_700_200_fast_btagSFuncDown: 0.11439568 +/- 0.00098497
T1tttt_700_200_fast_mistagSFuncUp: 0.11439569 +/- 0.00099333
T1tttt_700_200_fast_mistagSFuncDown: 0.11439569 +/- 0.00099245
T1tttt_700_200_fast_isotrackuncUp: 0.11439570 +/- 0.00099288
T1tttt_700_200_fast_isotrackuncDown: 0.11439570 +/- 0.00099288
T1tttt_700_200_fast_lumiuncUp: 0.11439570 +/- 0.00099288
T1tttt_700_200_fast_lumiuncDown: 0.11439570 +/- 0.00099288

RA2bin yield:
T1tttt_700_200_fast_JECup: 0.11858690 +/- 0.00101224

RA2bin yield:
T1tttt_700_200_fast_JECdown: 0.11047550 +/- 0.00097460

RA2bin yield:
T1tttt_700_200_fast_JERup: 0.11519313 +/- 0.00099642

RA2bin yield:
T1tttt_700_200_fast_JERdown: 0.11374669 +/- 0.00098974

Warning in <TInterpreter::ReadRootmapFile>: class  TUnfold found in libUnfold.so  is already in libHist.so 
Warning in <TInterpreter::ReadRootmapFile>: class  TUnfoldBinning found in libUnfold.so  is already in libHist.so 
Warning in <TInterpreter::ReadRootmapFile>: class  TUnfoldDensity found in libUnfold.so  is already in libHist.so 
Warning in <TInterpreter::ReadRootmapFile>: class  TUnfoldSys found in libUnfold.so  is already in libHist.so 
hadd Target file: datacards_fast/Combination_NJet3_MHT1_HT2_HTDPhiCut/FullScan/RA2bin_signal_T1tttt_700_200_fast.root
hadd compression setting for all ouput: 1
hadd Source file 1: datacards_fast/Combination_NJet3_MHT1_HT2_HTDPhiCut/FullScan/RA2bin_signal_T1tttt_700_200_fast_tmp.root
hadd Source file 2: datacards_fast/Combination_NJet3_MHT1_HT2_HTDPhiCut/FullScan/RA2bin_signal_JECup_T1tttt_700_200_fast.root
hadd Source file 3: datacards_fast/Combination_NJet3_MHT1_HT2_HTDPhiCut/FullScan/RA2bin_signal_JECdown_T1tttt_700_200_fast.root
hadd Source file 4: datacards_fast/Combination_NJet3_MHT1_HT2_HTDPhiCut/FullScan/RA2bin_signal_JERup_T1tttt_700_200_fast.root
hadd Source file 5: datacards_fast/Combination_NJet3_MHT1_HT2_HTDPhiCut/FullScan/RA2bin_signal_JERdown_T1tttt_700_200_fast.root
hadd Target path: datacards_fast/Combination_NJet3_MHT1_HT2_HTDPhiCut/FullScan/RA2bin_signal_T1tttt_700_200_fast.root:/
