Warning in <TInterpreter::ReadRootmapFile>: class  TUnfold found in libUnfold.so  is already in libHist.so 
Warning in <TInterpreter::ReadRootmapFile>: class  TUnfoldBinning found in libUnfold.so  is already in libHist.so 
Warning in <TInterpreter::ReadRootmapFile>: class  TUnfoldDensity found in libUnfold.so  is already in libHist.so 
Warning in <TInterpreter::ReadRootmapFile>: class  TUnfoldSys found in libUnfold.so  is already in libHist.so 
Using /uscms/home/aperloff/.rootlogon.C
Loading shared libraries: 
 	 Style: tdrStyle_mod14
 	 CMSSW_BASE: /uscms_data/d2/aperloff/YOURWORKINGAREA/SUSY/slc6/CMSSW_8_0_25
 	 SCRAM_ARCH: slc6_amd64_gcc530
 	 HOME: /uscms/home/aperloff
 	 libFWCoreFWLite
 	 libDataFormatsFWLite
loaded


Processing MakeAllDCsyst.C+(1,"T1tttt_1150_750_fast","root://cmseos.fnal.gov//store/user/lpcsusyhad/SusyRA2Analysis2015/Skims/Run2ProductionV12/scan","Combination_NJet3_MHT1_HT2_HTDPhiCut/FullScan/")...
RA2bin yield:
T1tttt_1150_750_fast_nominal: 0.00391073 +/- 0.00004281
T1tttt_1150_750_fast_scaleuncUp: 0.00399887 +/- 0.00004381
T1tttt_1150_750_fast_scaleuncDown: 0.00383282 +/- 0.00004198
T1tttt_1150_750_fast_isruncUp: 0.00391073 +/- 0.00004281
T1tttt_1150_750_fast_isruncDown: 0.00391073 +/- 0.00004281
T1tttt_1150_750_fast_triguncUp: 0.00391861 +/- 0.00004289
T1tttt_1150_750_fast_triguncDown: 0.00389996 +/- 0.00004269
T1tttt_1150_750_fast_btagSFuncUp: 0.00391073 +/- 0.00004315
T1tttt_1150_750_fast_btagSFuncDown: 0.00391073 +/- 0.00004248
T1tttt_1150_750_fast_mistagSFuncUp: 0.00391073 +/- 0.00004282
T1tttt_1150_750_fast_mistagSFuncDown: 0.00391074 +/- 0.00004279
T1tttt_1150_750_fast_isotrackuncUp: 0.00391073 +/- 0.00004281
T1tttt_1150_750_fast_isotrackuncDown: 0.00391073 +/- 0.00004281
T1tttt_1150_750_fast_lumiuncUp: 0.00391073 +/- 0.00004281
T1tttt_1150_750_fast_lumiuncDown: 0.00391073 +/- 0.00004281

RA2bin yield:
T1tttt_1150_750_fast_JECup: 0.00404920 +/- 0.00004363

RA2bin yield:
T1tttt_1150_750_fast_JECdown: 0.00383928 +/- 0.00004231

RA2bin yield:
T1tttt_1150_750_fast_JERup: 0.00391445 +/- 0.00004283

RA2bin yield:
T1tttt_1150_750_fast_JERdown: 0.00390325 +/- 0.00004274

Warning in <TInterpreter::ReadRootmapFile>: class  TUnfold found in libUnfold.so  is already in libHist.so 
Warning in <TInterpreter::ReadRootmapFile>: class  TUnfoldBinning found in libUnfold.so  is already in libHist.so 
Warning in <TInterpreter::ReadRootmapFile>: class  TUnfoldDensity found in libUnfold.so  is already in libHist.so 
Warning in <TInterpreter::ReadRootmapFile>: class  TUnfoldSys found in libUnfold.so  is already in libHist.so 
hadd Target file: datacards_fast/Combination_NJet3_MHT1_HT2_HTDPhiCut/FullScan/RA2bin_signal_T1tttt_1150_750_fast.root
hadd compression setting for all ouput: 1
hadd Source file 1: datacards_fast/Combination_NJet3_MHT1_HT2_HTDPhiCut/FullScan/RA2bin_signal_T1tttt_1150_750_fast_tmp.root
hadd Source file 2: datacards_fast/Combination_NJet3_MHT1_HT2_HTDPhiCut/FullScan/RA2bin_signal_JECup_T1tttt_1150_750_fast.root
hadd Source file 3: datacards_fast/Combination_NJet3_MHT1_HT2_HTDPhiCut/FullScan/RA2bin_signal_JECdown_T1tttt_1150_750_fast.root
hadd Source file 4: datacards_fast/Combination_NJet3_MHT1_HT2_HTDPhiCut/FullScan/RA2bin_signal_JERup_T1tttt_1150_750_fast.root
hadd Source file 5: datacards_fast/Combination_NJet3_MHT1_HT2_HTDPhiCut/FullScan/RA2bin_signal_JERdown_T1tttt_1150_750_fast.root
hadd Target path: datacards_fast/Combination_NJet3_MHT1_HT2_HTDPhiCut/FullScan/RA2bin_signal_T1tttt_1150_750_fast.root:/
