Warning in <TInterpreter::ReadRootmapFile>: class  TUnfold found in libUnfold.so  is already in libHist.so 
Warning in <TInterpreter::ReadRootmapFile>: class  TUnfoldBinning found in libUnfold.so  is already in libHist.so 
Warning in <TInterpreter::ReadRootmapFile>: class  TUnfoldDensity found in libUnfold.so  is already in libHist.so 
Warning in <TInterpreter::ReadRootmapFile>: class  TUnfoldSys found in libUnfold.so  is already in libHist.so 
Using /uscms/home/aperloff/.rootlogon.C
Loading shared libraries: 
 	 Style: tdrStyle_mod14
 	 CMSSW_BASE: /uscms_data/d2/aperloff/YOURWORKINGAREA/SUSY/slc6/CMSSW_8_0_25
 	 SCRAM_ARCH: slc6_amd64_gcc530
 	 HOME: /uscms/home/aperloff
 	 libFWCoreFWLite
 	 libDataFormatsFWLite
loaded


Processing MakeAllDCsyst.C+(1,"T1tttt_800_1_fast","root://cmseos.fnal.gov//store/user/lpcsusyhad/SusyRA2Analysis2015/Skims/Run2ProductionV12/scan","Combination_NJet3_MHT1_HT2_HTDPhiCut/FullScan/")...
RA2bin yield:
T1tttt_800_1_fast_nominal: 0.12629068 +/- 0.00067813
T1tttt_800_1_fast_scaleuncUp: 0.12646731 +/- 0.00068000
T1tttt_800_1_fast_scaleuncDown: 0.12613104 +/- 0.00067762
T1tttt_800_1_fast_isruncUp: 0.12629068 +/- 0.00067813
T1tttt_800_1_fast_isruncDown: 0.12629068 +/- 0.00067813
T1tttt_800_1_fast_triguncUp: 0.12658160 +/- 0.00067968
T1tttt_800_1_fast_triguncDown: 0.12589052 +/- 0.00067601
T1tttt_800_1_fast_btagSFuncUp: 0.12629058 +/- 0.00068435
T1tttt_800_1_fast_btagSFuncDown: 0.12629081 +/- 0.00067219
T1tttt_800_1_fast_mistagSFuncUp: 0.12629067 +/- 0.00067860
T1tttt_800_1_fast_mistagSFuncDown: 0.12629072 +/- 0.00067769
T1tttt_800_1_fast_isotrackuncUp: 0.12629068 +/- 0.00067813
T1tttt_800_1_fast_isotrackuncDown: 0.12629068 +/- 0.00067813
T1tttt_800_1_fast_lumiuncUp: 0.12629068 +/- 0.00067813
T1tttt_800_1_fast_lumiuncDown: 0.12629068 +/- 0.00067813

RA2bin yield:
T1tttt_800_1_fast_JECup: 0.12910882 +/- 0.00068677

RA2bin yield:
T1tttt_800_1_fast_JECdown: 0.12383091 +/- 0.00067040

RA2bin yield:
T1tttt_800_1_fast_JERup: 0.12664665 +/- 0.00067930

RA2bin yield:
T1tttt_800_1_fast_JERdown: 0.12621772 +/- 0.00067814

Warning in <TInterpreter::ReadRootmapFile>: class  TUnfold found in libUnfold.so  is already in libHist.so 
Warning in <TInterpreter::ReadRootmapFile>: class  TUnfoldBinning found in libUnfold.so  is already in libHist.so 
Warning in <TInterpreter::ReadRootmapFile>: class  TUnfoldDensity found in libUnfold.so  is already in libHist.so 
Warning in <TInterpreter::ReadRootmapFile>: class  TUnfoldSys found in libUnfold.so  is already in libHist.so 
hadd Target file: datacards_fast/Combination_NJet3_MHT1_HT2_HTDPhiCut/FullScan/RA2bin_signal_T1tttt_800_1_fast.root
hadd compression setting for all ouput: 1
hadd Source file 1: datacards_fast/Combination_NJet3_MHT1_HT2_HTDPhiCut/FullScan/RA2bin_signal_T1tttt_800_1_fast_tmp.root
hadd Source file 2: datacards_fast/Combination_NJet3_MHT1_HT2_HTDPhiCut/FullScan/RA2bin_signal_JECup_T1tttt_800_1_fast.root
hadd Source file 3: datacards_fast/Combination_NJet3_MHT1_HT2_HTDPhiCut/FullScan/RA2bin_signal_JECdown_T1tttt_800_1_fast.root
hadd Source file 4: datacards_fast/Combination_NJet3_MHT1_HT2_HTDPhiCut/FullScan/RA2bin_signal_JERup_T1tttt_800_1_fast.root
hadd Source file 5: datacards_fast/Combination_NJet3_MHT1_HT2_HTDPhiCut/FullScan/RA2bin_signal_JERdown_T1tttt_800_1_fast.root
hadd Target path: datacards_fast/Combination_NJet3_MHT1_HT2_HTDPhiCut/FullScan/RA2bin_signal_T1tttt_800_1_fast.root:/
