Warning in <TInterpreter::ReadRootmapFile>: class  TUnfold found in libUnfold.so  is already in libHist.so 
Warning in <TInterpreter::ReadRootmapFile>: class  TUnfoldBinning found in libUnfold.so  is already in libHist.so 
Warning in <TInterpreter::ReadRootmapFile>: class  TUnfoldDensity found in libUnfold.so  is already in libHist.so 
Warning in <TInterpreter::ReadRootmapFile>: class  TUnfoldSys found in libUnfold.so  is already in libHist.so 
Using /uscms/home/aperloff/.rootlogon.C
Loading shared libraries: 
 	 Style: tdrStyle_mod14
 	 CMSSW_BASE: /uscms_data/d2/aperloff/YOURWORKINGAREA/SUSY/slc6/CMSSW_8_0_25
 	 SCRAM_ARCH: slc6_amd64_gcc530
 	 HOME: /uscms/home/aperloff
 	 libFWCoreFWLite
 	 libDataFormatsFWLite
loaded


Processing MakeAllDCsyst.C+(1,"T1tttt_850_350_fast","root://cmseos.fnal.gov//store/user/lpcsusyhad/SusyRA2Analysis2015/Skims/Run2ProductionV12/scan","Combination_NJet3_MHT1_HT2_HTDPhiCut/FullScan/")...
RA2bin yield:
T1tttt_850_350_fast_nominal: 0.05360843 +/- 0.00037130
T1tttt_850_350_fast_scaleuncUp: 0.05399547 +/- 0.00037452
T1tttt_850_350_fast_scaleuncDown: 0.05325930 +/- 0.00036902
T1tttt_850_350_fast_isruncUp: 0.05360843 +/- 0.00037130
T1tttt_850_350_fast_isruncDown: 0.05360843 +/- 0.00037130
T1tttt_850_350_fast_triguncUp: 0.05371726 +/- 0.00037205
T1tttt_850_350_fast_triguncDown: 0.05346055 +/- 0.00037028
T1tttt_850_350_fast_btagSFuncUp: 0.05360841 +/- 0.00037444
T1tttt_850_350_fast_btagSFuncDown: 0.05360845 +/- 0.00036830
T1tttt_850_350_fast_mistagSFuncUp: 0.05360843 +/- 0.00037148
T1tttt_850_350_fast_mistagSFuncDown: 0.05360845 +/- 0.00037113
T1tttt_850_350_fast_isotrackuncUp: 0.05360843 +/- 0.00037130
T1tttt_850_350_fast_isotrackuncDown: 0.05360843 +/- 0.00037130
T1tttt_850_350_fast_lumiuncUp: 0.05360843 +/- 0.00037130
T1tttt_850_350_fast_lumiuncDown: 0.05360843 +/- 0.00037130

RA2bin yield:
T1tttt_850_350_fast_JECup: 0.05544971 +/- 0.00037834

RA2bin yield:
T1tttt_850_350_fast_JECdown: 0.05179192 +/- 0.00036448

RA2bin yield:
T1tttt_850_350_fast_JERup: 0.05384048 +/- 0.00037208

RA2bin yield:
T1tttt_850_350_fast_JERdown: 0.05322868 +/- 0.00037014

Warning in <TInterpreter::ReadRootmapFile>: class  TUnfold found in libUnfold.so  is already in libHist.so 
Warning in <TInterpreter::ReadRootmapFile>: class  TUnfoldBinning found in libUnfold.so  is already in libHist.so 
Warning in <TInterpreter::ReadRootmapFile>: class  TUnfoldDensity found in libUnfold.so  is already in libHist.so 
Warning in <TInterpreter::ReadRootmapFile>: class  TUnfoldSys found in libUnfold.so  is already in libHist.so 
hadd Target file: datacards_fast/Combination_NJet3_MHT1_HT2_HTDPhiCut/FullScan/RA2bin_signal_T1tttt_850_350_fast.root
hadd compression setting for all ouput: 1
hadd Source file 1: datacards_fast/Combination_NJet3_MHT1_HT2_HTDPhiCut/FullScan/RA2bin_signal_T1tttt_850_350_fast_tmp.root
hadd Source file 2: datacards_fast/Combination_NJet3_MHT1_HT2_HTDPhiCut/FullScan/RA2bin_signal_JECup_T1tttt_850_350_fast.root
hadd Source file 3: datacards_fast/Combination_NJet3_MHT1_HT2_HTDPhiCut/FullScan/RA2bin_signal_JECdown_T1tttt_850_350_fast.root
hadd Source file 4: datacards_fast/Combination_NJet3_MHT1_HT2_HTDPhiCut/FullScan/RA2bin_signal_JERup_T1tttt_850_350_fast.root
hadd Source file 5: datacards_fast/Combination_NJet3_MHT1_HT2_HTDPhiCut/FullScan/RA2bin_signal_JERdown_T1tttt_850_350_fast.root
hadd Target path: datacards_fast/Combination_NJet3_MHT1_HT2_HTDPhiCut/FullScan/RA2bin_signal_T1tttt_850_350_fast.root:/
