Warning in <TInterpreter::ReadRootmapFile>: class  TUnfold found in libUnfold.so  is already in libHist.so 
Warning in <TInterpreter::ReadRootmapFile>: class  TUnfoldBinning found in libUnfold.so  is already in libHist.so 
Warning in <TInterpreter::ReadRootmapFile>: class  TUnfoldDensity found in libUnfold.so  is already in libHist.so 
Warning in <TInterpreter::ReadRootmapFile>: class  TUnfoldSys found in libUnfold.so  is already in libHist.so 
Using /uscms/home/aperloff/.rootlogon.C
Loading shared libraries: 
 	 Style: tdrStyle_mod14
 	 CMSSW_BASE: /uscms_data/d2/aperloff/YOURWORKINGAREA/SUSY/slc6/CMSSW_8_0_25
 	 SCRAM_ARCH: slc6_amd64_gcc530
 	 HOME: /uscms/home/aperloff
 	 libFWCoreFWLite
 	 libDataFormatsFWLite
loaded


Processing MakeAllDCsyst.C+(1,"T1tttt_1100_600_fast","root://cmseos.fnal.gov//store/user/lpcsusyhad/SusyRA2Analysis2015/Skims/Run2ProductionV12/scan","Combination_NJet3_MHT1_HT2_HTDPhiCut/FullScan/")...
RA2bin yield:
T1tttt_1100_600_fast_nominal: 0.01289147 +/- 0.00007556
T1tttt_1100_600_fast_scaleuncUp: 0.01298559 +/- 0.00007622
T1tttt_1100_600_fast_scaleuncDown: 0.01280761 +/- 0.00007510
T1tttt_1100_600_fast_isruncUp: 0.01289147 +/- 0.00007556
T1tttt_1100_600_fast_isruncDown: 0.01289147 +/- 0.00007556
T1tttt_1100_600_fast_triguncUp: 0.01291584 +/- 0.00007570
T1tttt_1100_600_fast_triguncDown: 0.01285818 +/- 0.00007536
T1tttt_1100_600_fast_btagSFuncUp: 0.01289145 +/- 0.00007621
T1tttt_1100_600_fast_btagSFuncDown: 0.01289148 +/- 0.00007493
T1tttt_1100_600_fast_mistagSFuncUp: 0.01289146 +/- 0.00007560
T1tttt_1100_600_fast_mistagSFuncDown: 0.01289147 +/- 0.00007552
T1tttt_1100_600_fast_isotrackuncUp: 0.01289147 +/- 0.00007556
T1tttt_1100_600_fast_isotrackuncDown: 0.01289147 +/- 0.00007556
T1tttt_1100_600_fast_lumiuncUp: 0.01289147 +/- 0.00007556
T1tttt_1100_600_fast_lumiuncDown: 0.01289147 +/- 0.00007556

RA2bin yield:
T1tttt_1100_600_fast_JECup: 0.01318231 +/- 0.00007657

RA2bin yield:
T1tttt_1100_600_fast_JECdown: 0.01249920 +/- 0.00007427

RA2bin yield:
T1tttt_1100_600_fast_JERup: 0.01286487 +/- 0.00007547

RA2bin yield:
T1tttt_1100_600_fast_JERdown: 0.01284585 +/- 0.00007541

Warning in <TInterpreter::ReadRootmapFile>: class  TUnfold found in libUnfold.so  is already in libHist.so 
Warning in <TInterpreter::ReadRootmapFile>: class  TUnfoldBinning found in libUnfold.so  is already in libHist.so 
Warning in <TInterpreter::ReadRootmapFile>: class  TUnfoldDensity found in libUnfold.so  is already in libHist.so 
Warning in <TInterpreter::ReadRootmapFile>: class  TUnfoldSys found in libUnfold.so  is already in libHist.so 
hadd Target file: datacards_fast/Combination_NJet3_MHT1_HT2_HTDPhiCut/FullScan/RA2bin_signal_T1tttt_1100_600_fast.root
hadd compression setting for all ouput: 1
hadd Source file 1: datacards_fast/Combination_NJet3_MHT1_HT2_HTDPhiCut/FullScan/RA2bin_signal_T1tttt_1100_600_fast_tmp.root
hadd Source file 2: datacards_fast/Combination_NJet3_MHT1_HT2_HTDPhiCut/FullScan/RA2bin_signal_JECup_T1tttt_1100_600_fast.root
hadd Source file 3: datacards_fast/Combination_NJet3_MHT1_HT2_HTDPhiCut/FullScan/RA2bin_signal_JECdown_T1tttt_1100_600_fast.root
hadd Source file 4: datacards_fast/Combination_NJet3_MHT1_HT2_HTDPhiCut/FullScan/RA2bin_signal_JERup_T1tttt_1100_600_fast.root
hadd Source file 5: datacards_fast/Combination_NJet3_MHT1_HT2_HTDPhiCut/FullScan/RA2bin_signal_JERdown_T1tttt_1100_600_fast.root
hadd Target path: datacards_fast/Combination_NJet3_MHT1_HT2_HTDPhiCut/FullScan/RA2bin_signal_T1tttt_1100_600_fast.root:/
