Warning in <TInterpreter::ReadRootmapFile>: class  TUnfold found in libUnfold.so  is already in libHist.so 
Warning in <TInterpreter::ReadRootmapFile>: class  TUnfoldBinning found in libUnfold.so  is already in libHist.so 
Warning in <TInterpreter::ReadRootmapFile>: class  TUnfoldDensity found in libUnfold.so  is already in libHist.so 
Warning in <TInterpreter::ReadRootmapFile>: class  TUnfoldSys found in libUnfold.so  is already in libHist.so 
Using /uscms/home/aperloff/.rootlogon.C
Loading shared libraries: 
 	 Style: tdrStyle_mod14
 	 CMSSW_BASE: /uscms_data/d2/aperloff/YOURWORKINGAREA/SUSY/slc6/CMSSW_8_0_25
 	 SCRAM_ARCH: slc6_amd64_gcc530
 	 HOME: /uscms/home/aperloff
 	 libFWCoreFWLite
 	 libDataFormatsFWLite
loaded


Processing MakeAllDCsyst.C+(1,"T1tttt_1050_600_fast","root://cmseos.fnal.gov//store/user/lpcsusyhad/SusyRA2Analysis2015/Skims/Run2ProductionV12/scan","Combination_NJet3_MHT1_HT2_HTDPhiCut/FullScan/")...
RA2bin yield:
T1tttt_1050_600_fast_nominal: 0.01143984 +/- 0.00007873
T1tttt_1050_600_fast_scaleuncUp: 0.01158309 +/- 0.00007984
T1tttt_1050_600_fast_scaleuncDown: 0.01131144 +/- 0.00007787
T1tttt_1050_600_fast_isruncUp: 0.01143984 +/- 0.00007873
T1tttt_1050_600_fast_isruncDown: 0.01143984 +/- 0.00007873
T1tttt_1050_600_fast_triguncUp: 0.01146201 +/- 0.00007889
T1tttt_1050_600_fast_triguncDown: 0.01140964 +/- 0.00007853
T1tttt_1050_600_fast_btagSFuncUp: 0.01143982 +/- 0.00007940
T1tttt_1050_600_fast_btagSFuncDown: 0.01143986 +/- 0.00007810
T1tttt_1050_600_fast_mistagSFuncUp: 0.01143984 +/- 0.00007877
T1tttt_1050_600_fast_mistagSFuncDown: 0.01143984 +/- 0.00007870
T1tttt_1050_600_fast_isotrackuncUp: 0.01143984 +/- 0.00007873
T1tttt_1050_600_fast_isotrackuncDown: 0.01143984 +/- 0.00007873
T1tttt_1050_600_fast_lumiuncUp: 0.01143984 +/- 0.00007873
T1tttt_1050_600_fast_lumiuncDown: 0.01143984 +/- 0.00007873

RA2bin yield:
T1tttt_1050_600_fast_JECup: 0.01180998 +/- 0.00008011

RA2bin yield:
T1tttt_1050_600_fast_JECdown: 0.01111279 +/- 0.00007743

RA2bin yield:
T1tttt_1050_600_fast_JERup: 0.01143581 +/- 0.00007871

RA2bin yield:
T1tttt_1050_600_fast_JERdown: 0.01142385 +/- 0.00007866

Warning in <TInterpreter::ReadRootmapFile>: class  TUnfold found in libUnfold.so  is already in libHist.so 
Warning in <TInterpreter::ReadRootmapFile>: class  TUnfoldBinning found in libUnfold.so  is already in libHist.so 
Warning in <TInterpreter::ReadRootmapFile>: class  TUnfoldDensity found in libUnfold.so  is already in libHist.so 
Warning in <TInterpreter::ReadRootmapFile>: class  TUnfoldSys found in libUnfold.so  is already in libHist.so 
hadd Target file: datacards_fast/Combination_NJet3_MHT1_HT2_HTDPhiCut/FullScan/RA2bin_signal_T1tttt_1050_600_fast.root
hadd compression setting for all ouput: 1
hadd Source file 1: datacards_fast/Combination_NJet3_MHT1_HT2_HTDPhiCut/FullScan/RA2bin_signal_T1tttt_1050_600_fast_tmp.root
hadd Source file 2: datacards_fast/Combination_NJet3_MHT1_HT2_HTDPhiCut/FullScan/RA2bin_signal_JECup_T1tttt_1050_600_fast.root
hadd Source file 3: datacards_fast/Combination_NJet3_MHT1_HT2_HTDPhiCut/FullScan/RA2bin_signal_JECdown_T1tttt_1050_600_fast.root
hadd Source file 4: datacards_fast/Combination_NJet3_MHT1_HT2_HTDPhiCut/FullScan/RA2bin_signal_JERup_T1tttt_1050_600_fast.root
hadd Source file 5: datacards_fast/Combination_NJet3_MHT1_HT2_HTDPhiCut/FullScan/RA2bin_signal_JERdown_T1tttt_1050_600_fast.root
hadd Target path: datacards_fast/Combination_NJet3_MHT1_HT2_HTDPhiCut/FullScan/RA2bin_signal_T1tttt_1050_600_fast.root:/
