Warning in <TInterpreter::ReadRootmapFile>: class  TUnfold found in libUnfold.so  is already in libHist.so 
Warning in <TInterpreter::ReadRootmapFile>: class  TUnfoldBinning found in libUnfold.so  is already in libHist.so 
Warning in <TInterpreter::ReadRootmapFile>: class  TUnfoldDensity found in libUnfold.so  is already in libHist.so 
Warning in <TInterpreter::ReadRootmapFile>: class  TUnfoldSys found in libUnfold.so  is already in libHist.so 
Using /uscms/home/aperloff/.rootlogon.C
Loading shared libraries: 
 	 Style: tdrStyle_mod14
 	 CMSSW_BASE: /uscms_data/d2/aperloff/YOURWORKINGAREA/SUSY/slc6/CMSSW_8_0_25
 	 SCRAM_ARCH: slc6_amd64_gcc530
 	 HOME: /uscms/home/aperloff
 	 libFWCoreFWLite
 	 libDataFormatsFWLite
loaded


Processing MakeAllDCsyst.C+(1,"T1tttt_1150_400_fast","root://cmseos.fnal.gov//store/user/lpcsusyhad/SusyRA2Analysis2015/Skims/Run2ProductionV12/scan","Combination_NJet3_MHT1_HT2_HTDPhiCut/FullScan/")...
RA2bin yield:
T1tttt_1150_400_fast_nominal: 0.01919650 +/- 0.00009148
T1tttt_1150_400_fast_scaleuncUp: 0.01920974 +/- 0.00009167
T1tttt_1150_400_fast_scaleuncDown: 0.01918504 +/- 0.00009148
T1tttt_1150_400_fast_isruncUp: 0.01919650 +/- 0.00009148
T1tttt_1150_400_fast_isruncDown: 0.01919650 +/- 0.00009148
T1tttt_1150_400_fast_triguncUp: 0.01923928 +/- 0.00009168
T1tttt_1150_400_fast_triguncDown: 0.01913620 +/- 0.00009120
T1tttt_1150_400_fast_btagSFuncUp: 0.01919647 +/- 0.00009235
T1tttt_1150_400_fast_btagSFuncDown: 0.01919654 +/- 0.00009064
T1tttt_1150_400_fast_mistagSFuncUp: 0.01919650 +/- 0.00009155
T1tttt_1150_400_fast_mistagSFuncDown: 0.01919650 +/- 0.00009141
T1tttt_1150_400_fast_isotrackuncUp: 0.01919650 +/- 0.00009148
T1tttt_1150_400_fast_isotrackuncDown: 0.01919650 +/- 0.00009148
T1tttt_1150_400_fast_lumiuncUp: 0.01919650 +/- 0.00009148
T1tttt_1150_400_fast_lumiuncDown: 0.01919650 +/- 0.00009148

RA2bin yield:
T1tttt_1150_400_fast_JECup: 0.01926185 +/- 0.00009179

RA2bin yield:
T1tttt_1150_400_fast_JECdown: 0.01901208 +/- 0.00009090

RA2bin yield:
T1tttt_1150_400_fast_JERup: 0.01922229 +/- 0.00009151

RA2bin yield:
T1tttt_1150_400_fast_JERdown: 0.01917696 +/- 0.00009144

Warning in <TInterpreter::ReadRootmapFile>: class  TUnfold found in libUnfold.so  is already in libHist.so 
Warning in <TInterpreter::ReadRootmapFile>: class  TUnfoldBinning found in libUnfold.so  is already in libHist.so 
Warning in <TInterpreter::ReadRootmapFile>: class  TUnfoldDensity found in libUnfold.so  is already in libHist.so 
Warning in <TInterpreter::ReadRootmapFile>: class  TUnfoldSys found in libUnfold.so  is already in libHist.so 
hadd Target file: datacards_fast/Combination_NJet3_MHT1_HT2_HTDPhiCut/FullScan/RA2bin_signal_T1tttt_1150_400_fast.root
hadd compression setting for all ouput: 1
hadd Source file 1: datacards_fast/Combination_NJet3_MHT1_HT2_HTDPhiCut/FullScan/RA2bin_signal_T1tttt_1150_400_fast_tmp.root
hadd Source file 2: datacards_fast/Combination_NJet3_MHT1_HT2_HTDPhiCut/FullScan/RA2bin_signal_JECup_T1tttt_1150_400_fast.root
hadd Source file 3: datacards_fast/Combination_NJet3_MHT1_HT2_HTDPhiCut/FullScan/RA2bin_signal_JECdown_T1tttt_1150_400_fast.root
hadd Source file 4: datacards_fast/Combination_NJet3_MHT1_HT2_HTDPhiCut/FullScan/RA2bin_signal_JERup_T1tttt_1150_400_fast.root
hadd Source file 5: datacards_fast/Combination_NJet3_MHT1_HT2_HTDPhiCut/FullScan/RA2bin_signal_JERdown_T1tttt_1150_400_fast.root
hadd Target path: datacards_fast/Combination_NJet3_MHT1_HT2_HTDPhiCut/FullScan/RA2bin_signal_T1tttt_1150_400_fast.root:/
