Warning in <TInterpreter::ReadRootmapFile>: class  TUnfold found in libUnfold.so  is already in libHist.so 
Warning in <TInterpreter::ReadRootmapFile>: class  TUnfoldBinning found in libUnfold.so  is already in libHist.so 
Warning in <TInterpreter::ReadRootmapFile>: class  TUnfoldDensity found in libUnfold.so  is already in libHist.so 
Warning in <TInterpreter::ReadRootmapFile>: class  TUnfoldSys found in libUnfold.so  is already in libHist.so 
Using /uscms/home/aperloff/.rootlogon.C
Loading shared libraries: 
 	 Style: tdrStyle_mod14
 	 CMSSW_BASE: /uscms_data/d2/aperloff/YOURWORKINGAREA/SUSY/slc6/CMSSW_8_0_25
 	 SCRAM_ARCH: slc6_amd64_gcc530
 	 HOME: /uscms/home/aperloff
 	 libFWCoreFWLite
 	 libDataFormatsFWLite
loaded


Processing MakeAllDCsyst.C+(1,"T1tttt_850_500_fast","root://cmseos.fnal.gov//store/user/lpcsusyhad/SusyRA2Analysis2015/Skims/Run2ProductionV12/scan","Combination_NJet3_MHT1_HT2_HTDPhiCut/FullScan/")...
RA2bin yield:
T1tttt_850_500_fast_nominal: 0.01267914 +/- 0.00017963
T1tttt_850_500_fast_scaleuncUp: 0.01303545 +/- 0.00018490
T1tttt_850_500_fast_scaleuncDown: 0.01236493 +/- 0.00017520
T1tttt_850_500_fast_isruncUp: 0.01267914 +/- 0.00017963
T1tttt_850_500_fast_isruncDown: 0.01267914 +/- 0.00017963
T1tttt_850_500_fast_triguncUp: 0.01270832 +/- 0.00018004
T1tttt_850_500_fast_triguncDown: 0.01263906 +/- 0.00017906
T1tttt_850_500_fast_btagSFuncUp: 0.01267914 +/- 0.00018110
T1tttt_850_500_fast_btagSFuncDown: 0.01267914 +/- 0.00017823
T1tttt_850_500_fast_mistagSFuncUp: 0.01267913 +/- 0.00017971
T1tttt_850_500_fast_mistagSFuncDown: 0.01267915 +/- 0.00017956
T1tttt_850_500_fast_isotrackuncUp: 0.01267914 +/- 0.00017963
T1tttt_850_500_fast_isotrackuncDown: 0.01267914 +/- 0.00017963
T1tttt_850_500_fast_lumiuncUp: 0.01267914 +/- 0.00017963
T1tttt_850_500_fast_lumiuncDown: 0.01267914 +/- 0.00017963

RA2bin yield:
T1tttt_850_500_fast_JECup: 0.01282084 +/- 0.00018102

RA2bin yield:
T1tttt_850_500_fast_JECdown: 0.01248868 +/- 0.00017818

RA2bin yield:
T1tttt_850_500_fast_JERup: 0.01259670 +/- 0.00017907

RA2bin yield:
T1tttt_850_500_fast_JERdown: 0.01259114 +/- 0.00017917

Warning in <TInterpreter::ReadRootmapFile>: class  TUnfold found in libUnfold.so  is already in libHist.so 
Warning in <TInterpreter::ReadRootmapFile>: class  TUnfoldBinning found in libUnfold.so  is already in libHist.so 
Warning in <TInterpreter::ReadRootmapFile>: class  TUnfoldDensity found in libUnfold.so  is already in libHist.so 
Warning in <TInterpreter::ReadRootmapFile>: class  TUnfoldSys found in libUnfold.so  is already in libHist.so 
hadd Target file: datacards_fast/Combination_NJet3_MHT1_HT2_HTDPhiCut/FullScan/RA2bin_signal_T1tttt_850_500_fast.root
hadd compression setting for all ouput: 1
hadd Source file 1: datacards_fast/Combination_NJet3_MHT1_HT2_HTDPhiCut/FullScan/RA2bin_signal_T1tttt_850_500_fast_tmp.root
hadd Source file 2: datacards_fast/Combination_NJet3_MHT1_HT2_HTDPhiCut/FullScan/RA2bin_signal_JECup_T1tttt_850_500_fast.root
hadd Source file 3: datacards_fast/Combination_NJet3_MHT1_HT2_HTDPhiCut/FullScan/RA2bin_signal_JECdown_T1tttt_850_500_fast.root
hadd Source file 4: datacards_fast/Combination_NJet3_MHT1_HT2_HTDPhiCut/FullScan/RA2bin_signal_JERup_T1tttt_850_500_fast.root
hadd Source file 5: datacards_fast/Combination_NJet3_MHT1_HT2_HTDPhiCut/FullScan/RA2bin_signal_JERdown_T1tttt_850_500_fast.root
hadd Target path: datacards_fast/Combination_NJet3_MHT1_HT2_HTDPhiCut/FullScan/RA2bin_signal_T1tttt_850_500_fast.root:/
