Warning in <TInterpreter::ReadRootmapFile>: class  TUnfold found in libUnfold.so  is already in libHist.so 
Warning in <TInterpreter::ReadRootmapFile>: class  TUnfoldBinning found in libUnfold.so  is already in libHist.so 
Warning in <TInterpreter::ReadRootmapFile>: class  TUnfoldDensity found in libUnfold.so  is already in libHist.so 
Warning in <TInterpreter::ReadRootmapFile>: class  TUnfoldSys found in libUnfold.so  is already in libHist.so 
Using /uscms/home/aperloff/.rootlogon.C
Loading shared libraries: 
 	 Style: tdrStyle_mod14
 	 CMSSW_BASE: /uscms_data/d2/aperloff/YOURWORKINGAREA/SUSY/slc6/CMSSW_8_0_25
 	 SCRAM_ARCH: slc6_amd64_gcc530
 	 HOME: /uscms/home/aperloff
 	 libFWCoreFWLite
 	 libDataFormatsFWLite
loaded


Processing MakeAllDCsyst.C+(1,"T1tttt_1000_350_fast","root://cmseos.fnal.gov//store/user/lpcsusyhad/SusyRA2Analysis2015/Skims/Run2ProductionV12/scan","Combination_NJet3_MHT1_HT2_HTDPhiCut/FullScan/")...
RA2bin yield:
T1tttt_1000_350_fast_nominal: 0.04139288 +/- 0.00018589
T1tttt_1000_350_fast_scaleuncUp: 0.04145562 +/- 0.00018644
T1tttt_1000_350_fast_scaleuncDown: 0.04133653 +/- 0.00018572
T1tttt_1000_350_fast_isruncUp: 0.04139288 +/- 0.00018589
T1tttt_1000_350_fast_isruncDown: 0.04139288 +/- 0.00018589
T1tttt_1000_350_fast_triguncUp: 0.04147804 +/- 0.00018627
T1tttt_1000_350_fast_triguncDown: 0.04127435 +/- 0.00018536
T1tttt_1000_350_fast_btagSFuncUp: 0.04139285 +/- 0.00018757
T1tttt_1000_350_fast_btagSFuncDown: 0.04139290 +/- 0.00018428
T1tttt_1000_350_fast_mistagSFuncUp: 0.04139289 +/- 0.00018601
T1tttt_1000_350_fast_mistagSFuncDown: 0.04139289 +/- 0.00018577
T1tttt_1000_350_fast_isotrackuncUp: 0.04139288 +/- 0.00018589
T1tttt_1000_350_fast_isotrackuncDown: 0.04139288 +/- 0.00018589
T1tttt_1000_350_fast_lumiuncUp: 0.04139288 +/- 0.00018589
T1tttt_1000_350_fast_lumiuncDown: 0.04139288 +/- 0.00018589

RA2bin yield:
T1tttt_1000_350_fast_JECup: 0.04207754 +/- 0.00018778

RA2bin yield:
T1tttt_1000_350_fast_JECdown: 0.04073549 +/- 0.00018408

RA2bin yield:
T1tttt_1000_350_fast_JERup: 0.04145189 +/- 0.00018603

RA2bin yield:
T1tttt_1000_350_fast_JERdown: 0.04136454 +/- 0.00018581

Warning in <TInterpreter::ReadRootmapFile>: class  TUnfold found in libUnfold.so  is already in libHist.so 
Warning in <TInterpreter::ReadRootmapFile>: class  TUnfoldBinning found in libUnfold.so  is already in libHist.so 
Warning in <TInterpreter::ReadRootmapFile>: class  TUnfoldDensity found in libUnfold.so  is already in libHist.so 
Warning in <TInterpreter::ReadRootmapFile>: class  TUnfoldSys found in libUnfold.so  is already in libHist.so 
hadd Target file: datacards_fast/Combination_NJet3_MHT1_HT2_HTDPhiCut/FullScan/RA2bin_signal_T1tttt_1000_350_fast.root
hadd compression setting for all ouput: 1
hadd Source file 1: datacards_fast/Combination_NJet3_MHT1_HT2_HTDPhiCut/FullScan/RA2bin_signal_T1tttt_1000_350_fast_tmp.root
hadd Source file 2: datacards_fast/Combination_NJet3_MHT1_HT2_HTDPhiCut/FullScan/RA2bin_signal_JECup_T1tttt_1000_350_fast.root
hadd Source file 3: datacards_fast/Combination_NJet3_MHT1_HT2_HTDPhiCut/FullScan/RA2bin_signal_JECdown_T1tttt_1000_350_fast.root
hadd Source file 4: datacards_fast/Combination_NJet3_MHT1_HT2_HTDPhiCut/FullScan/RA2bin_signal_JERup_T1tttt_1000_350_fast.root
hadd Source file 5: datacards_fast/Combination_NJet3_MHT1_HT2_HTDPhiCut/FullScan/RA2bin_signal_JERdown_T1tttt_1000_350_fast.root
hadd Target path: datacards_fast/Combination_NJet3_MHT1_HT2_HTDPhiCut/FullScan/RA2bin_signal_T1tttt_1000_350_fast.root:/
