Warning in <TInterpreter::ReadRootmapFile>: class  TUnfold found in libUnfold.so  is already in libHist.so 
Warning in <TInterpreter::ReadRootmapFile>: class  TUnfoldBinning found in libUnfold.so  is already in libHist.so 
Warning in <TInterpreter::ReadRootmapFile>: class  TUnfoldDensity found in libUnfold.so  is already in libHist.so 
Warning in <TInterpreter::ReadRootmapFile>: class  TUnfoldSys found in libUnfold.so  is already in libHist.so 
Using /uscms/home/aperloff/.rootlogon.C
Loading shared libraries: 
 	 Style: tdrStyle_mod14
 	 CMSSW_BASE: /uscms_data/d2/aperloff/YOURWORKINGAREA/SUSY/slc6/CMSSW_8_0_25
 	 SCRAM_ARCH: slc6_amd64_gcc530
 	 HOME: /uscms/home/aperloff
 	 libFWCoreFWLite
 	 libDataFormatsFWLite
loaded


Processing MakeAllDCsyst.C+(1,"T1tttt_1000_100_fast","root://cmseos.fnal.gov//store/user/lpcsusyhad/SusyRA2Analysis2015/Skims/Run2ProductionV12/scan","Combination_NJet3_MHT1_HT2_HTDPhiCut/FullScan/")...
RA2bin yield:
T1tttt_1000_100_fast_nominal: 0.04748555 +/- 0.00019354
T1tttt_1000_100_fast_scaleuncUp: 0.04747774 +/- 0.00019380
T1tttt_1000_100_fast_scaleuncDown: 0.04749195 +/- 0.00019366
T1tttt_1000_100_fast_isruncUp: 0.04748555 +/- 0.00019354
T1tttt_1000_100_fast_isruncDown: 0.04748555 +/- 0.00019354
T1tttt_1000_100_fast_triguncUp: 0.04760893 +/- 0.00019403
T1tttt_1000_100_fast_triguncDown: 0.04731256 +/- 0.00019284
T1tttt_1000_100_fast_btagSFuncUp: 0.04748551 +/- 0.00019542
T1tttt_1000_100_fast_btagSFuncDown: 0.04748556 +/- 0.00019174
T1tttt_1000_100_fast_mistagSFuncUp: 0.04748554 +/- 0.00019370
T1tttt_1000_100_fast_mistagSFuncDown: 0.04748554 +/- 0.00019338
T1tttt_1000_100_fast_isotrackuncUp: 0.04748555 +/- 0.00019354
T1tttt_1000_100_fast_isotrackuncDown: 0.04748555 +/- 0.00019354
T1tttt_1000_100_fast_lumiuncUp: 0.04748555 +/- 0.00019354
T1tttt_1000_100_fast_lumiuncDown: 0.04748555 +/- 0.00019354

RA2bin yield:
T1tttt_1000_100_fast_JECup: 0.04784482 +/- 0.00019462

RA2bin yield:
T1tttt_1000_100_fast_JECdown: 0.04711991 +/- 0.00019242

RA2bin yield:
T1tttt_1000_100_fast_JERup: 0.04751223 +/- 0.00019358

RA2bin yield:
T1tttt_1000_100_fast_JERdown: 0.04744013 +/- 0.00019342

Warning in <TInterpreter::ReadRootmapFile>: class  TUnfold found in libUnfold.so  is already in libHist.so 
Warning in <TInterpreter::ReadRootmapFile>: class  TUnfoldBinning found in libUnfold.so  is already in libHist.so 
Warning in <TInterpreter::ReadRootmapFile>: class  TUnfoldDensity found in libUnfold.so  is already in libHist.so 
Warning in <TInterpreter::ReadRootmapFile>: class  TUnfoldSys found in libUnfold.so  is already in libHist.so 
hadd Target file: datacards_fast/Combination_NJet3_MHT1_HT2_HTDPhiCut/FullScan/RA2bin_signal_T1tttt_1000_100_fast.root
hadd compression setting for all ouput: 1
hadd Source file 1: datacards_fast/Combination_NJet3_MHT1_HT2_HTDPhiCut/FullScan/RA2bin_signal_T1tttt_1000_100_fast_tmp.root
hadd Source file 2: datacards_fast/Combination_NJet3_MHT1_HT2_HTDPhiCut/FullScan/RA2bin_signal_JECup_T1tttt_1000_100_fast.root
hadd Source file 3: datacards_fast/Combination_NJet3_MHT1_HT2_HTDPhiCut/FullScan/RA2bin_signal_JECdown_T1tttt_1000_100_fast.root
hadd Source file 4: datacards_fast/Combination_NJet3_MHT1_HT2_HTDPhiCut/FullScan/RA2bin_signal_JERup_T1tttt_1000_100_fast.root
hadd Source file 5: datacards_fast/Combination_NJet3_MHT1_HT2_HTDPhiCut/FullScan/RA2bin_signal_JERdown_T1tttt_1000_100_fast.root
hadd Target path: datacards_fast/Combination_NJet3_MHT1_HT2_HTDPhiCut/FullScan/RA2bin_signal_T1tttt_1000_100_fast.root:/
