Warning in <TInterpreter::ReadRootmapFile>: class  TUnfold found in libUnfold.so  is already in libHist.so 
Warning in <TInterpreter::ReadRootmapFile>: class  TUnfoldBinning found in libUnfold.so  is already in libHist.so 
Warning in <TInterpreter::ReadRootmapFile>: class  TUnfoldDensity found in libUnfold.so  is already in libHist.so 
Warning in <TInterpreter::ReadRootmapFile>: class  TUnfoldSys found in libUnfold.so  is already in libHist.so 
Using /uscms/home/aperloff/.rootlogon.C
Loading shared libraries: 
 	 Style: tdrStyle_mod14
 	 CMSSW_BASE: /uscms_data/d2/aperloff/YOURWORKINGAREA/SUSY/slc6/CMSSW_8_0_25
 	 SCRAM_ARCH: slc6_amd64_gcc530
 	 HOME: /uscms/home/aperloff
 	 libFWCoreFWLite
 	 libDataFormatsFWLite
loaded


Processing MakeAllDCsyst.C+(1,"T1tttt_600_200_fast","root://cmseos.fnal.gov//store/user/lpcsusyhad/SusyRA2Analysis2015/Skims/Run2ProductionV12/scan","Combination_NJet3_MHT1_HT2_HTDPhiCut/FullScan/")...
RA2bin yield:
T1tttt_600_200_fast_nominal: 0.06251640 +/- 0.00075181
T1tttt_600_200_fast_scaleuncUp: 0.06380256 +/- 0.00076808
T1tttt_600_200_fast_scaleuncDown: 0.06136860 +/- 0.00073840
T1tttt_600_200_fast_isruncUp: 0.06251640 +/- 0.00075181
T1tttt_600_200_fast_isruncDown: 0.06251640 +/- 0.00075181
T1tttt_600_200_fast_triguncUp: 0.06268582 +/- 0.00075383
T1tttt_600_200_fast_triguncDown: 0.06228741 +/- 0.00074907
T1tttt_600_200_fast_btagSFuncUp: 0.06251609 +/- 0.00075773
T1tttt_600_200_fast_btagSFuncDown: 0.06251670 +/- 0.00074615
T1tttt_600_200_fast_mistagSFuncUp: 0.06251639 +/- 0.00075207
T1tttt_600_200_fast_mistagSFuncDown: 0.06251640 +/- 0.00075157
T1tttt_600_200_fast_isotrackuncUp: 0.06251640 +/- 0.00075181
T1tttt_600_200_fast_isotrackuncDown: 0.06251640 +/- 0.00075181
T1tttt_600_200_fast_lumiuncUp: 0.06251640 +/- 0.00075181
T1tttt_600_200_fast_lumiuncDown: 0.06251640 +/- 0.00075181

RA2bin yield:
T1tttt_600_200_fast_JECup: 0.06491029 +/- 0.00076746

RA2bin yield:
T1tttt_600_200_fast_JECdown: 0.06032211 +/- 0.00073774

RA2bin yield:
T1tttt_600_200_fast_JERup: 0.06365253 +/- 0.00075832

RA2bin yield:
T1tttt_600_200_fast_JERdown: 0.06120344 +/- 0.00074409

Warning in <TInterpreter::ReadRootmapFile>: class  TUnfold found in libUnfold.so  is already in libHist.so 
Warning in <TInterpreter::ReadRootmapFile>: class  TUnfoldBinning found in libUnfold.so  is already in libHist.so 
Warning in <TInterpreter::ReadRootmapFile>: class  TUnfoldDensity found in libUnfold.so  is already in libHist.so 
Warning in <TInterpreter::ReadRootmapFile>: class  TUnfoldSys found in libUnfold.so  is already in libHist.so 
hadd Target file: datacards_fast/Combination_NJet3_MHT1_HT2_HTDPhiCut/FullScan/RA2bin_signal_T1tttt_600_200_fast.root
hadd compression setting for all ouput: 1
hadd Source file 1: datacards_fast/Combination_NJet3_MHT1_HT2_HTDPhiCut/FullScan/RA2bin_signal_T1tttt_600_200_fast_tmp.root
hadd Source file 2: datacards_fast/Combination_NJet3_MHT1_HT2_HTDPhiCut/FullScan/RA2bin_signal_JECup_T1tttt_600_200_fast.root
hadd Source file 3: datacards_fast/Combination_NJet3_MHT1_HT2_HTDPhiCut/FullScan/RA2bin_signal_JECdown_T1tttt_600_200_fast.root
hadd Source file 4: datacards_fast/Combination_NJet3_MHT1_HT2_HTDPhiCut/FullScan/RA2bin_signal_JERup_T1tttt_600_200_fast.root
hadd Source file 5: datacards_fast/Combination_NJet3_MHT1_HT2_HTDPhiCut/FullScan/RA2bin_signal_JERdown_T1tttt_600_200_fast.root
hadd Target path: datacards_fast/Combination_NJet3_MHT1_HT2_HTDPhiCut/FullScan/RA2bin_signal_T1tttt_600_200_fast.root:/
