Warning in <TInterpreter::ReadRootmapFile>: class  TUnfold found in libUnfold.so  is already in libHist.so 
Warning in <TInterpreter::ReadRootmapFile>: class  TUnfoldBinning found in libUnfold.so  is already in libHist.so 
Warning in <TInterpreter::ReadRootmapFile>: class  TUnfoldDensity found in libUnfold.so  is already in libHist.so 
Warning in <TInterpreter::ReadRootmapFile>: class  TUnfoldSys found in libUnfold.so  is already in libHist.so 
Using /uscms/home/aperloff/.rootlogon.C
Loading shared libraries: 
 	 Style: tdrStyle_mod14
 	 CMSSW_BASE: /uscms_data/d2/aperloff/YOURWORKINGAREA/SUSY/slc6/CMSSW_8_0_25
 	 SCRAM_ARCH: slc6_amd64_gcc530
 	 HOME: /uscms/home/aperloff
 	 libFWCoreFWLite
 	 libDataFormatsFWLite
loaded


Processing MakeAllDCsyst.C+(1,"T1tttt_1150_350_fast","root://cmseos.fnal.gov//store/user/lpcsusyhad/SusyRA2Analysis2015/Skims/Run2ProductionV12/scan","Combination_NJet3_MHT1_HT2_HTDPhiCut/FullScan/")...
RA2bin yield:
T1tttt_1150_350_fast_nominal: 0.02000344 +/- 0.00009812
T1tttt_1150_350_fast_scaleuncUp: 0.02001207 +/- 0.00009831
T1tttt_1150_350_fast_scaleuncDown: 0.01999631 +/- 0.00009813
T1tttt_1150_350_fast_isruncUp: 0.02000344 +/- 0.00009812
T1tttt_1150_350_fast_isruncDown: 0.02000344 +/- 0.00009812
T1tttt_1150_350_fast_triguncUp: 0.02005117 +/- 0.00009835
T1tttt_1150_350_fast_triguncDown: 0.01993602 +/- 0.00009779
T1tttt_1150_350_fast_btagSFuncUp: 0.02000344 +/- 0.00009905
T1tttt_1150_350_fast_btagSFuncDown: 0.02000344 +/- 0.00009723
T1tttt_1150_350_fast_mistagSFuncUp: 0.02000344 +/- 0.00009819
T1tttt_1150_350_fast_mistagSFuncDown: 0.02000344 +/- 0.00009804
T1tttt_1150_350_fast_isotrackuncUp: 0.02000344 +/- 0.00009812
T1tttt_1150_350_fast_isotrackuncDown: 0.02000344 +/- 0.00009812
T1tttt_1150_350_fast_lumiuncUp: 0.02000344 +/- 0.00009812
T1tttt_1150_350_fast_lumiuncDown: 0.02000344 +/- 0.00009812

RA2bin yield:
T1tttt_1150_350_fast_JECup: 0.02017508 +/- 0.00009869

RA2bin yield:
T1tttt_1150_350_fast_JECdown: 0.01982995 +/- 0.00009751

RA2bin yield:
T1tttt_1150_350_fast_JERup: 0.02000132 +/- 0.00009811

RA2bin yield:
T1tttt_1150_350_fast_JERdown: 0.01998391 +/- 0.00009809

Warning in <TInterpreter::ReadRootmapFile>: class  TUnfold found in libUnfold.so  is already in libHist.so 
Warning in <TInterpreter::ReadRootmapFile>: class  TUnfoldBinning found in libUnfold.so  is already in libHist.so 
Warning in <TInterpreter::ReadRootmapFile>: class  TUnfoldDensity found in libUnfold.so  is already in libHist.so 
Warning in <TInterpreter::ReadRootmapFile>: class  TUnfoldSys found in libUnfold.so  is already in libHist.so 
hadd Target file: datacards_fast/Combination_NJet3_MHT1_HT2_HTDPhiCut/FullScan/RA2bin_signal_T1tttt_1150_350_fast.root
hadd compression setting for all ouput: 1
hadd Source file 1: datacards_fast/Combination_NJet3_MHT1_HT2_HTDPhiCut/FullScan/RA2bin_signal_T1tttt_1150_350_fast_tmp.root
hadd Source file 2: datacards_fast/Combination_NJet3_MHT1_HT2_HTDPhiCut/FullScan/RA2bin_signal_JECup_T1tttt_1150_350_fast.root
hadd Source file 3: datacards_fast/Combination_NJet3_MHT1_HT2_HTDPhiCut/FullScan/RA2bin_signal_JECdown_T1tttt_1150_350_fast.root
hadd Source file 4: datacards_fast/Combination_NJet3_MHT1_HT2_HTDPhiCut/FullScan/RA2bin_signal_JERup_T1tttt_1150_350_fast.root
hadd Source file 5: datacards_fast/Combination_NJet3_MHT1_HT2_HTDPhiCut/FullScan/RA2bin_signal_JERdown_T1tttt_1150_350_fast.root
hadd Target path: datacards_fast/Combination_NJet3_MHT1_HT2_HTDPhiCut/FullScan/RA2bin_signal_T1tttt_1150_350_fast.root:/
