Warning in <TInterpreter::ReadRootmapFile>: class  TUnfold found in libUnfold.so  is already in libHist.so 
Warning in <TInterpreter::ReadRootmapFile>: class  TUnfoldBinning found in libUnfold.so  is already in libHist.so 
Warning in <TInterpreter::ReadRootmapFile>: class  TUnfoldDensity found in libUnfold.so  is already in libHist.so 
Warning in <TInterpreter::ReadRootmapFile>: class  TUnfoldSys found in libUnfold.so  is already in libHist.so 
Using /uscms/home/aperloff/.rootlogon.C
Loading shared libraries: 
 	 Style: tdrStyle_mod14
 	 CMSSW_BASE: /uscms_data/d2/aperloff/YOURWORKINGAREA/SUSY/slc6/CMSSW_8_0_25
 	 SCRAM_ARCH: slc6_amd64_gcc530
 	 HOME: /uscms/home/aperloff
 	 libFWCoreFWLite
 	 libDataFormatsFWLite
loaded


Processing MakeAllDCsyst.C+(1,"T1tttt_1000_300_fast","root://cmseos.fnal.gov//store/user/lpcsusyhad/SusyRA2Analysis2015/Skims/Run2ProductionV12/scan","Combination_NJet3_MHT1_HT2_HTDPhiCut/FullScan/")...
RA2bin yield:
T1tttt_1000_300_fast_nominal: 0.04413380 +/- 0.00018806
T1tttt_1000_300_fast_scaleuncUp: 0.04417756 +/- 0.00018851
T1tttt_1000_300_fast_scaleuncDown: 0.04409270 +/- 0.00018799
T1tttt_1000_300_fast_isruncUp: 0.04413380 +/- 0.00018806
T1tttt_1000_300_fast_isruncDown: 0.04413380 +/- 0.00018806
T1tttt_1000_300_fast_triguncUp: 0.04422854 +/- 0.00018846
T1tttt_1000_300_fast_triguncDown: 0.04400145 +/- 0.00018750
T1tttt_1000_300_fast_btagSFuncUp: 0.04413376 +/- 0.00018980
T1tttt_1000_300_fast_btagSFuncDown: 0.04413384 +/- 0.00018640
T1tttt_1000_300_fast_mistagSFuncUp: 0.04413379 +/- 0.00018819
T1tttt_1000_300_fast_mistagSFuncDown: 0.04413381 +/- 0.00018794
T1tttt_1000_300_fast_isotrackuncUp: 0.04413380 +/- 0.00018806
T1tttt_1000_300_fast_isotrackuncDown: 0.04413380 +/- 0.00018806
T1tttt_1000_300_fast_lumiuncUp: 0.04413380 +/- 0.00018806
T1tttt_1000_300_fast_lumiuncDown: 0.04413380 +/- 0.00018806

RA2bin yield:
T1tttt_1000_300_fast_JECup: 0.04478475 +/- 0.00018967

RA2bin yield:
T1tttt_1000_300_fast_JECdown: 0.04362400 +/- 0.00018655

RA2bin yield:
T1tttt_1000_300_fast_JERup: 0.04424096 +/- 0.00018830

RA2bin yield:
T1tttt_1000_300_fast_JERdown: 0.04419003 +/- 0.00018817

Warning in <TInterpreter::ReadRootmapFile>: class  TUnfold found in libUnfold.so  is already in libHist.so 
Warning in <TInterpreter::ReadRootmapFile>: class  TUnfoldBinning found in libUnfold.so  is already in libHist.so 
Warning in <TInterpreter::ReadRootmapFile>: class  TUnfoldDensity found in libUnfold.so  is already in libHist.so 
Warning in <TInterpreter::ReadRootmapFile>: class  TUnfoldSys found in libUnfold.so  is already in libHist.so 
hadd Target file: datacards_fast/Combination_NJet3_MHT1_HT2_HTDPhiCut/FullScan/RA2bin_signal_T1tttt_1000_300_fast.root
hadd compression setting for all ouput: 1
hadd Source file 1: datacards_fast/Combination_NJet3_MHT1_HT2_HTDPhiCut/FullScan/RA2bin_signal_T1tttt_1000_300_fast_tmp.root
hadd Source file 2: datacards_fast/Combination_NJet3_MHT1_HT2_HTDPhiCut/FullScan/RA2bin_signal_JECup_T1tttt_1000_300_fast.root
hadd Source file 3: datacards_fast/Combination_NJet3_MHT1_HT2_HTDPhiCut/FullScan/RA2bin_signal_JECdown_T1tttt_1000_300_fast.root
hadd Source file 4: datacards_fast/Combination_NJet3_MHT1_HT2_HTDPhiCut/FullScan/RA2bin_signal_JERup_T1tttt_1000_300_fast.root
hadd Source file 5: datacards_fast/Combination_NJet3_MHT1_HT2_HTDPhiCut/FullScan/RA2bin_signal_JERdown_T1tttt_1000_300_fast.root
hadd Target path: datacards_fast/Combination_NJet3_MHT1_HT2_HTDPhiCut/FullScan/RA2bin_signal_T1tttt_1000_300_fast.root:/
