Warning in <TInterpreter::ReadRootmapFile>: class  TUnfold found in libUnfold.so  is already in libHist.so 
Warning in <TInterpreter::ReadRootmapFile>: class  TUnfoldBinning found in libUnfold.so  is already in libHist.so 
Warning in <TInterpreter::ReadRootmapFile>: class  TUnfoldDensity found in libUnfold.so  is already in libHist.so 
Warning in <TInterpreter::ReadRootmapFile>: class  TUnfoldSys found in libUnfold.so  is already in libHist.so 
Using /uscms/home/aperloff/.rootlogon.C
Loading shared libraries: 
 	 Style: tdrStyle_mod14
 	 CMSSW_BASE: /uscms_data/d2/aperloff/YOURWORKINGAREA/SUSY/slc6/CMSSW_8_0_25
 	 SCRAM_ARCH: slc6_amd64_gcc530
 	 HOME: /uscms/home/aperloff
 	 libFWCoreFWLite
 	 libDataFormatsFWLite
loaded


Processing MakeAllDCsyst.C+(1,"T1tttt_850_625_fast","root://cmseos.fnal.gov//store/user/lpcsusyhad/SusyRA2Analysis2015/Skims/Run2ProductionV12/scan","Combination_NJet3_MHT1_HT2_HTDPhiCut/FullScan/")...
RA2bin yield:
T1tttt_850_625_fast_nominal: 0.02138862 +/- 0.00023668
T1tttt_850_625_fast_scaleuncUp: 0.02190430 +/- 0.00024241
T1tttt_850_625_fast_scaleuncDown: 0.02092870 +/- 0.00023184
T1tttt_850_625_fast_isruncUp: 0.02138862 +/- 0.00023668
T1tttt_850_625_fast_isruncDown: 0.02138862 +/- 0.00023668
T1tttt_850_625_fast_triguncUp: 0.02142933 +/- 0.00023713
T1tttt_850_625_fast_triguncDown: 0.02133373 +/- 0.00023607
T1tttt_850_625_fast_btagSFuncUp: 0.02138861 +/- 0.00023594
T1tttt_850_625_fast_btagSFuncDown: 0.02138863 +/- 0.00023745
T1tttt_850_625_fast_mistagSFuncUp: 0.02138861 +/- 0.00023597
T1tttt_850_625_fast_mistagSFuncDown: 0.02138863 +/- 0.00023739
T1tttt_850_625_fast_isotrackuncUp: 0.02138862 +/- 0.00023668
T1tttt_850_625_fast_isotrackuncDown: 0.02138862 +/- 0.00023668
T1tttt_850_625_fast_lumiuncUp: 0.02138862 +/- 0.00023668
T1tttt_850_625_fast_lumiuncDown: 0.02138862 +/- 0.00023668

RA2bin yield:
T1tttt_850_625_fast_JECup: 0.02141965 +/- 0.00023513

RA2bin yield:
T1tttt_850_625_fast_JECdown: 0.02132259 +/- 0.00023810

RA2bin yield:
T1tttt_850_625_fast_JERup: 0.02141932 +/- 0.00023706

RA2bin yield:
T1tttt_850_625_fast_JERdown: 0.02133738 +/- 0.00023658

Warning in <TInterpreter::ReadRootmapFile>: class  TUnfold found in libUnfold.so  is already in libHist.so 
Warning in <TInterpreter::ReadRootmapFile>: class  TUnfoldBinning found in libUnfold.so  is already in libHist.so 
Warning in <TInterpreter::ReadRootmapFile>: class  TUnfoldDensity found in libUnfold.so  is already in libHist.so 
Warning in <TInterpreter::ReadRootmapFile>: class  TUnfoldSys found in libUnfold.so  is already in libHist.so 
hadd Target file: datacards_fast/Combination_NJet3_MHT1_HT2_HTDPhiCut/FullScan/RA2bin_signal_T1tttt_850_625_fast.root
hadd compression setting for all ouput: 1
hadd Source file 1: datacards_fast/Combination_NJet3_MHT1_HT2_HTDPhiCut/FullScan/RA2bin_signal_T1tttt_850_625_fast_tmp.root
hadd Source file 2: datacards_fast/Combination_NJet3_MHT1_HT2_HTDPhiCut/FullScan/RA2bin_signal_JECup_T1tttt_850_625_fast.root
hadd Source file 3: datacards_fast/Combination_NJet3_MHT1_HT2_HTDPhiCut/FullScan/RA2bin_signal_JECdown_T1tttt_850_625_fast.root
hadd Source file 4: datacards_fast/Combination_NJet3_MHT1_HT2_HTDPhiCut/FullScan/RA2bin_signal_JERup_T1tttt_850_625_fast.root
hadd Source file 5: datacards_fast/Combination_NJet3_MHT1_HT2_HTDPhiCut/FullScan/RA2bin_signal_JERdown_T1tttt_850_625_fast.root
hadd Target path: datacards_fast/Combination_NJet3_MHT1_HT2_HTDPhiCut/FullScan/RA2bin_signal_T1tttt_850_625_fast.root:/
