Warning in <TInterpreter::ReadRootmapFile>: class  TUnfold found in libUnfold.so  is already in libHist.so 
Warning in <TInterpreter::ReadRootmapFile>: class  TUnfoldBinning found in libUnfold.so  is already in libHist.so 
Warning in <TInterpreter::ReadRootmapFile>: class  TUnfoldDensity found in libUnfold.so  is already in libHist.so 
Warning in <TInterpreter::ReadRootmapFile>: class  TUnfoldSys found in libUnfold.so  is already in libHist.so 
Using /uscms/home/aperloff/.rootlogon.C
Loading shared libraries: 
 	 Style: tdrStyle_mod14
 	 CMSSW_BASE: /uscms_data/d2/aperloff/YOURWORKINGAREA/SUSY/slc6/CMSSW_8_0_25
 	 SCRAM_ARCH: slc6_amd64_gcc530
 	 HOME: /uscms/home/aperloff
 	 libFWCoreFWLite
 	 libDataFormatsFWLite
loaded


Processing MakeAllDCsyst.C+(1,"T1tttt_1600_1050_fast","root://cmseos.fnal.gov//store/user/lpcsusyhad/SusyRA2Analysis2015/Skims/Run2ProductionV12/scan","Combination_NJet3_MHT1_HT2_HTDPhiCut/FullScan/")...
RA2bin yield:
T1tttt_1600_1050_fast_nominal: 0.00107071 +/- 0.00001190
T1tttt_1600_1050_fast_scaleuncUp: 0.00107482 +/- 0.00001196
T1tttt_1600_1050_fast_scaleuncDown: 0.00106714 +/- 0.00001186
T1tttt_1600_1050_fast_isruncUp: 0.00107071 +/- 0.00001190
T1tttt_1600_1050_fast_isruncDown: 0.00107071 +/- 0.00001190
T1tttt_1600_1050_fast_triguncUp: 0.00107259 +/- 0.00001192
T1tttt_1600_1050_fast_triguncDown: 0.00106808 +/- 0.00001187
T1tttt_1600_1050_fast_btagSFuncUp: 0.00107071 +/- 0.00001200
T1tttt_1600_1050_fast_btagSFuncDown: 0.00107071 +/- 0.00001180
T1tttt_1600_1050_fast_mistagSFuncUp: 0.00107071 +/- 0.00001190
T1tttt_1600_1050_fast_mistagSFuncDown: 0.00107071 +/- 0.00001189
T1tttt_1600_1050_fast_isotrackuncUp: 0.00107071 +/- 0.00001190
T1tttt_1600_1050_fast_isotrackuncDown: 0.00107071 +/- 0.00001190
T1tttt_1600_1050_fast_lumiuncUp: 0.00107071 +/- 0.00001190
T1tttt_1600_1050_fast_lumiuncDown: 0.00107071 +/- 0.00001190

RA2bin yield:
T1tttt_1600_1050_fast_JECup: 0.00108024 +/- 0.00001198

RA2bin yield:
T1tttt_1600_1050_fast_JECdown: 0.00105106 +/- 0.00001177

RA2bin yield:
T1tttt_1600_1050_fast_JERup: 0.00107035 +/- 0.00001190

RA2bin yield:
T1tttt_1600_1050_fast_JERdown: 0.00106898 +/- 0.00001190

Warning in <TInterpreter::ReadRootmapFile>: class  TUnfold found in libUnfold.so  is already in libHist.so 
Warning in <TInterpreter::ReadRootmapFile>: class  TUnfoldBinning found in libUnfold.so  is already in libHist.so 
Warning in <TInterpreter::ReadRootmapFile>: class  TUnfoldDensity found in libUnfold.so  is already in libHist.so 
Warning in <TInterpreter::ReadRootmapFile>: class  TUnfoldSys found in libUnfold.so  is already in libHist.so 
hadd Target file: datacards_fast/Combination_NJet3_MHT1_HT2_HTDPhiCut/FullScan/RA2bin_signal_T1tttt_1600_1050_fast.root
hadd compression setting for all ouput: 1
hadd Source file 1: datacards_fast/Combination_NJet3_MHT1_HT2_HTDPhiCut/FullScan/RA2bin_signal_T1tttt_1600_1050_fast_tmp.root
hadd Source file 2: datacards_fast/Combination_NJet3_MHT1_HT2_HTDPhiCut/FullScan/RA2bin_signal_JECup_T1tttt_1600_1050_fast.root
hadd Source file 3: datacards_fast/Combination_NJet3_MHT1_HT2_HTDPhiCut/FullScan/RA2bin_signal_JECdown_T1tttt_1600_1050_fast.root
hadd Source file 4: datacards_fast/Combination_NJet3_MHT1_HT2_HTDPhiCut/FullScan/RA2bin_signal_JERup_T1tttt_1600_1050_fast.root
hadd Source file 5: datacards_fast/Combination_NJet3_MHT1_HT2_HTDPhiCut/FullScan/RA2bin_signal_JERdown_T1tttt_1600_1050_fast.root
hadd Target path: datacards_fast/Combination_NJet3_MHT1_HT2_HTDPhiCut/FullScan/RA2bin_signal_T1tttt_1600_1050_fast.root:/
