Warning in <TInterpreter::ReadRootmapFile>: class  TUnfold found in libUnfold.so  is already in libHist.so 
Warning in <TInterpreter::ReadRootmapFile>: class  TUnfoldBinning found in libUnfold.so  is already in libHist.so 
Warning in <TInterpreter::ReadRootmapFile>: class  TUnfoldDensity found in libUnfold.so  is already in libHist.so 
Warning in <TInterpreter::ReadRootmapFile>: class  TUnfoldSys found in libUnfold.so  is already in libHist.so 
Using /uscms/home/aperloff/.rootlogon.C
Loading shared libraries: 
 	 Style: tdrStyle_mod14
 	 CMSSW_BASE: /uscms_data/d2/aperloff/YOURWORKINGAREA/SUSY/slc6/CMSSW_8_0_25
 	 SCRAM_ARCH: slc6_amd64_gcc530
 	 HOME: /uscms/home/aperloff
 	 libFWCoreFWLite
 	 libDataFormatsFWLite
loaded


Processing MakeAllDCsyst.C+(1,"T1tttt_1050_800_fast","root://cmseos.fnal.gov//store/user/lpcsusyhad/SusyRA2Analysis2015/Skims/Run2ProductionV12/scan","Combination_NJet3_MHT1_HT2_HTDPhiCut/FullScan/")...
RA2bin yield:
T1tttt_1050_800_fast_nominal: 0.00606216 +/- 0.00005783
T1tttt_1050_800_fast_scaleuncUp: 0.00622434 +/- 0.00005939
T1tttt_1050_800_fast_scaleuncDown: 0.00591840 +/- 0.00005652
T1tttt_1050_800_fast_isruncUp: 0.00606216 +/- 0.00005783
T1tttt_1050_800_fast_isruncDown: 0.00606216 +/- 0.00005783
T1tttt_1050_800_fast_triguncUp: 0.00607379 +/- 0.00005794
T1tttt_1050_800_fast_triguncDown: 0.00604624 +/- 0.00005768
T1tttt_1050_800_fast_btagSFuncUp: 0.00606216 +/- 0.00005775
T1tttt_1050_800_fast_btagSFuncDown: 0.00606216 +/- 0.00005792
T1tttt_1050_800_fast_mistagSFuncUp: 0.00606216 +/- 0.00005770
T1tttt_1050_800_fast_mistagSFuncDown: 0.00606216 +/- 0.00005796
T1tttt_1050_800_fast_isotrackuncUp: 0.00606216 +/- 0.00005783
T1tttt_1050_800_fast_isotrackuncDown: 0.00606216 +/- 0.00005783
T1tttt_1050_800_fast_lumiuncUp: 0.00606216 +/- 0.00005783
T1tttt_1050_800_fast_lumiuncDown: 0.00606216 +/- 0.00005783

RA2bin yield:
T1tttt_1050_800_fast_JECup: 0.00610171 +/- 0.00005767

RA2bin yield:
T1tttt_1050_800_fast_JECdown: 0.00596900 +/- 0.00005780

RA2bin yield:
T1tttt_1050_800_fast_JERup: 0.00604140 +/- 0.00005779

RA2bin yield:
T1tttt_1050_800_fast_JERdown: 0.00604293 +/- 0.00005775

Warning in <TInterpreter::ReadRootmapFile>: class  TUnfold found in libUnfold.so  is already in libHist.so 
Warning in <TInterpreter::ReadRootmapFile>: class  TUnfoldBinning found in libUnfold.so  is already in libHist.so 
Warning in <TInterpreter::ReadRootmapFile>: class  TUnfoldDensity found in libUnfold.so  is already in libHist.so 
Warning in <TInterpreter::ReadRootmapFile>: class  TUnfoldSys found in libUnfold.so  is already in libHist.so 
hadd Target file: datacards_fast/Combination_NJet3_MHT1_HT2_HTDPhiCut/FullScan/RA2bin_signal_T1tttt_1050_800_fast.root
hadd compression setting for all ouput: 1
hadd Source file 1: datacards_fast/Combination_NJet3_MHT1_HT2_HTDPhiCut/FullScan/RA2bin_signal_T1tttt_1050_800_fast_tmp.root
hadd Source file 2: datacards_fast/Combination_NJet3_MHT1_HT2_HTDPhiCut/FullScan/RA2bin_signal_JECup_T1tttt_1050_800_fast.root
hadd Source file 3: datacards_fast/Combination_NJet3_MHT1_HT2_HTDPhiCut/FullScan/RA2bin_signal_JECdown_T1tttt_1050_800_fast.root
hadd Source file 4: datacards_fast/Combination_NJet3_MHT1_HT2_HTDPhiCut/FullScan/RA2bin_signal_JERup_T1tttt_1050_800_fast.root
hadd Source file 5: datacards_fast/Combination_NJet3_MHT1_HT2_HTDPhiCut/FullScan/RA2bin_signal_JERdown_T1tttt_1050_800_fast.root
hadd Target path: datacards_fast/Combination_NJet3_MHT1_HT2_HTDPhiCut/FullScan/RA2bin_signal_T1tttt_1050_800_fast.root:/
