Warning in <TInterpreter::ReadRootmapFile>: class  TUnfold found in libUnfold.so  is already in libHist.so 
Warning in <TInterpreter::ReadRootmapFile>: class  TUnfoldBinning found in libUnfold.so  is already in libHist.so 
Warning in <TInterpreter::ReadRootmapFile>: class  TUnfoldDensity found in libUnfold.so  is already in libHist.so 
Warning in <TInterpreter::ReadRootmapFile>: class  TUnfoldSys found in libUnfold.so  is already in libHist.so 
Using /uscms/home/aperloff/.rootlogon.C
Loading shared libraries: 
 	 Style: tdrStyle_mod14
 	 CMSSW_BASE: /uscms_data/d2/aperloff/YOURWORKINGAREA/SUSY/slc6/CMSSW_8_0_25
 	 SCRAM_ARCH: slc6_amd64_gcc530
 	 HOME: /uscms/home/aperloff
 	 libFWCoreFWLite
 	 libDataFormatsFWLite
loaded


Processing MakeAllDCsyst.C+(1,"T1tttt_1250_450_fast","root://cmseos.fnal.gov//store/user/lpcsusyhad/SusyRA2Analysis2015/Skims/Run2ProductionV12/scan","Combination_NJet3_MHT1_HT2_HTDPhiCut/FullScan/")...
RA2bin yield:
T1tttt_1250_450_fast_nominal: 0.01143654 +/- 0.00007266
T1tttt_1250_450_fast_scaleuncUp: 0.01144002 +/- 0.00007278
T1tttt_1250_450_fast_scaleuncDown: 0.01143367 +/- 0.00007268
T1tttt_1250_450_fast_isruncUp: 0.01143654 +/- 0.00007266
T1tttt_1250_450_fast_isruncDown: 0.01143654 +/- 0.00007266
T1tttt_1250_450_fast_triguncUp: 0.01146360 +/- 0.00007283
T1tttt_1250_450_fast_triguncDown: 0.01139829 +/- 0.00007242
T1tttt_1250_450_fast_btagSFuncUp: 0.01143653 +/- 0.00007336
T1tttt_1250_450_fast_btagSFuncDown: 0.01143654 +/- 0.00007199
T1tttt_1250_450_fast_mistagSFuncUp: 0.01143654 +/- 0.00007272
T1tttt_1250_450_fast_mistagSFuncDown: 0.01143654 +/- 0.00007260
T1tttt_1250_450_fast_isotrackuncUp: 0.01143654 +/- 0.00007266
T1tttt_1250_450_fast_isotrackuncDown: 0.01143654 +/- 0.00007266
T1tttt_1250_450_fast_lumiuncUp: 0.01143654 +/- 0.00007266
T1tttt_1250_450_fast_lumiuncDown: 0.01143654 +/- 0.00007266

RA2bin yield:
T1tttt_1250_450_fast_JECup: 0.01149213 +/- 0.00007297

RA2bin yield:
T1tttt_1250_450_fast_JECdown: 0.01136760 +/- 0.00007229

RA2bin yield:
T1tttt_1250_450_fast_JERup: 0.01143999 +/- 0.00007266

RA2bin yield:
T1tttt_1250_450_fast_JERdown: 0.01143158 +/- 0.00007265

Warning in <TInterpreter::ReadRootmapFile>: class  TUnfold found in libUnfold.so  is already in libHist.so 
Warning in <TInterpreter::ReadRootmapFile>: class  TUnfoldBinning found in libUnfold.so  is already in libHist.so 
Warning in <TInterpreter::ReadRootmapFile>: class  TUnfoldDensity found in libUnfold.so  is already in libHist.so 
Warning in <TInterpreter::ReadRootmapFile>: class  TUnfoldSys found in libUnfold.so  is already in libHist.so 
hadd Target file: datacards_fast/Combination_NJet3_MHT1_HT2_HTDPhiCut/FullScan/RA2bin_signal_T1tttt_1250_450_fast.root
hadd compression setting for all ouput: 1
hadd Source file 1: datacards_fast/Combination_NJet3_MHT1_HT2_HTDPhiCut/FullScan/RA2bin_signal_T1tttt_1250_450_fast_tmp.root
hadd Source file 2: datacards_fast/Combination_NJet3_MHT1_HT2_HTDPhiCut/FullScan/RA2bin_signal_JECup_T1tttt_1250_450_fast.root
hadd Source file 3: datacards_fast/Combination_NJet3_MHT1_HT2_HTDPhiCut/FullScan/RA2bin_signal_JECdown_T1tttt_1250_450_fast.root
hadd Source file 4: datacards_fast/Combination_NJet3_MHT1_HT2_HTDPhiCut/FullScan/RA2bin_signal_JERup_T1tttt_1250_450_fast.root
hadd Source file 5: datacards_fast/Combination_NJet3_MHT1_HT2_HTDPhiCut/FullScan/RA2bin_signal_JERdown_T1tttt_1250_450_fast.root
hadd Target path: datacards_fast/Combination_NJet3_MHT1_HT2_HTDPhiCut/FullScan/RA2bin_signal_T1tttt_1250_450_fast.root:/
