Warning in <TInterpreter::ReadRootmapFile>: class  TUnfold found in libUnfold.so  is already in libHist.so 
Warning in <TInterpreter::ReadRootmapFile>: class  TUnfoldBinning found in libUnfold.so  is already in libHist.so 
Warning in <TInterpreter::ReadRootmapFile>: class  TUnfoldDensity found in libUnfold.so  is already in libHist.so 
Warning in <TInterpreter::ReadRootmapFile>: class  TUnfoldSys found in libUnfold.so  is already in libHist.so 
Using /uscms/home/aperloff/.rootlogon.C
Loading shared libraries: 
 	 Style: tdrStyle_mod14
 	 CMSSW_BASE: /uscms_data/d2/aperloff/YOURWORKINGAREA/SUSY/slc6/CMSSW_8_0_25
 	 SCRAM_ARCH: slc6_amd64_gcc530
 	 HOME: /uscms/home/aperloff
 	 libFWCoreFWLite
 	 libDataFormatsFWLite
loaded


Processing MakeAllDCsyst.C+(1,"T1tttt_1000_400_fast","root://cmseos.fnal.gov//store/user/lpcsusyhad/SusyRA2Analysis2015/Skims/Run2ProductionV12/scan","Combination_NJet3_MHT1_HT2_HTDPhiCut/FullScan/")...
RA2bin yield:
T1tttt_1000_400_fast_nominal: 0.03598943 +/- 0.00016415
T1tttt_1000_400_fast_scaleuncUp: 0.03609573 +/- 0.00016486
T1tttt_1000_400_fast_scaleuncDown: 0.03589267 +/- 0.00016380
T1tttt_1000_400_fast_isruncUp: 0.03598943 +/- 0.00016415
T1tttt_1000_400_fast_isruncDown: 0.03598943 +/- 0.00016415
T1tttt_1000_400_fast_triguncUp: 0.03606060 +/- 0.00016447
T1tttt_1000_400_fast_triguncDown: 0.03589075 +/- 0.00016370
T1tttt_1000_400_fast_btagSFuncUp: 0.03598941 +/- 0.00016562
T1tttt_1000_400_fast_btagSFuncDown: 0.03598945 +/- 0.00016274
T1tttt_1000_400_fast_mistagSFuncUp: 0.03598943 +/- 0.00016425
T1tttt_1000_400_fast_mistagSFuncDown: 0.03598943 +/- 0.00016406
T1tttt_1000_400_fast_isotrackuncUp: 0.03598943 +/- 0.00016415
T1tttt_1000_400_fast_isotrackuncDown: 0.03598943 +/- 0.00016415
T1tttt_1000_400_fast_lumiuncUp: 0.03598943 +/- 0.00016415
T1tttt_1000_400_fast_lumiuncDown: 0.03598943 +/- 0.00016415

RA2bin yield:
T1tttt_1000_400_fast_JECup: 0.03671651 +/- 0.00016607

RA2bin yield:
T1tttt_1000_400_fast_JECdown: 0.03536019 +/- 0.00016238

RA2bin yield:
T1tttt_1000_400_fast_JERup: 0.03605770 +/- 0.00016429

RA2bin yield:
T1tttt_1000_400_fast_JERdown: 0.03590882 +/- 0.00016399

Warning in <TInterpreter::ReadRootmapFile>: class  TUnfold found in libUnfold.so  is already in libHist.so 
Warning in <TInterpreter::ReadRootmapFile>: class  TUnfoldBinning found in libUnfold.so  is already in libHist.so 
Warning in <TInterpreter::ReadRootmapFile>: class  TUnfoldDensity found in libUnfold.so  is already in libHist.so 
Warning in <TInterpreter::ReadRootmapFile>: class  TUnfoldSys found in libUnfold.so  is already in libHist.so 
hadd Target file: datacards_fast/Combination_NJet3_MHT1_HT2_HTDPhiCut/FullScan/RA2bin_signal_T1tttt_1000_400_fast.root
hadd compression setting for all ouput: 1
hadd Source file 1: datacards_fast/Combination_NJet3_MHT1_HT2_HTDPhiCut/FullScan/RA2bin_signal_T1tttt_1000_400_fast_tmp.root
hadd Source file 2: datacards_fast/Combination_NJet3_MHT1_HT2_HTDPhiCut/FullScan/RA2bin_signal_JECup_T1tttt_1000_400_fast.root
hadd Source file 3: datacards_fast/Combination_NJet3_MHT1_HT2_HTDPhiCut/FullScan/RA2bin_signal_JECdown_T1tttt_1000_400_fast.root
hadd Source file 4: datacards_fast/Combination_NJet3_MHT1_HT2_HTDPhiCut/FullScan/RA2bin_signal_JERup_T1tttt_1000_400_fast.root
hadd Source file 5: datacards_fast/Combination_NJet3_MHT1_HT2_HTDPhiCut/FullScan/RA2bin_signal_JERdown_T1tttt_1000_400_fast.root
hadd Target path: datacards_fast/Combination_NJet3_MHT1_HT2_HTDPhiCut/FullScan/RA2bin_signal_T1tttt_1000_400_fast.root:/
