Warning in <TInterpreter::ReadRootmapFile>: class  TUnfold found in libUnfold.so  is already in libHist.so 
Warning in <TInterpreter::ReadRootmapFile>: class  TUnfoldBinning found in libUnfold.so  is already in libHist.so 
Warning in <TInterpreter::ReadRootmapFile>: class  TUnfoldDensity found in libUnfold.so  is already in libHist.so 
Warning in <TInterpreter::ReadRootmapFile>: class  TUnfoldSys found in libUnfold.so  is already in libHist.so 
Using /uscms/home/aperloff/.rootlogon.C
Loading shared libraries: 
 	 Style: tdrStyle_mod14
 	 CMSSW_BASE: /uscms_data/d2/aperloff/YOURWORKINGAREA/SUSY/slc6/CMSSW_8_0_25
 	 SCRAM_ARCH: slc6_amd64_gcc530
 	 HOME: /uscms/home/aperloff
 	 libFWCoreFWLite
 	 libDataFormatsFWLite
loaded


Processing MakeAllDCsyst.C+(1,"T1tttt_600_300_fast","root://cmseos.fnal.gov//store/user/lpcsusyhad/SusyRA2Analysis2015/Skims/Run2ProductionV12/scan","Combination_NJet3_MHT1_HT2_HTDPhiCut/FullScan/")...
RA2bin yield:
T1tttt_600_300_fast_nominal: 0.06708293 +/- 0.00074622
T1tttt_600_300_fast_scaleuncUp: 0.06889117 +/- 0.00076689
T1tttt_600_300_fast_scaleuncDown: 0.06548368 +/- 0.00072896
T1tttt_600_300_fast_isruncUp: 0.06708293 +/- 0.00074622
T1tttt_600_300_fast_isruncDown: 0.06708293 +/- 0.00074622
T1tttt_600_300_fast_triguncUp: 0.06724572 +/- 0.00074801
T1tttt_600_300_fast_triguncDown: 0.06686750 +/- 0.00074386
T1tttt_600_300_fast_btagSFuncUp: 0.06708281 +/- 0.00074788
T1tttt_600_300_fast_btagSFuncDown: 0.06708304 +/- 0.00074476
T1tttt_600_300_fast_mistagSFuncUp: 0.06708290 +/- 0.00074536
T1tttt_600_300_fast_mistagSFuncDown: 0.06708295 +/- 0.00074711
T1tttt_600_300_fast_isotrackuncUp: 0.06708293 +/- 0.00074622
T1tttt_600_300_fast_isotrackuncDown: 0.06708293 +/- 0.00074622
T1tttt_600_300_fast_lumiuncUp: 0.06708293 +/- 0.00074622
T1tttt_600_300_fast_lumiuncDown: 0.06708293 +/- 0.00074622

RA2bin yield:
T1tttt_600_300_fast_JECup: 0.06837120 +/- 0.00075086

RA2bin yield:
T1tttt_600_300_fast_JECdown: 0.06594174 +/- 0.00074126

RA2bin yield:
T1tttt_600_300_fast_JERup: 0.06764450 +/- 0.00074974

RA2bin yield:
T1tttt_600_300_fast_JERdown: 0.06679290 +/- 0.00074436

Warning in <TInterpreter::ReadRootmapFile>: class  TUnfold found in libUnfold.so  is already in libHist.so 
Warning in <TInterpreter::ReadRootmapFile>: class  TUnfoldBinning found in libUnfold.so  is already in libHist.so 
Warning in <TInterpreter::ReadRootmapFile>: class  TUnfoldDensity found in libUnfold.so  is already in libHist.so 
Warning in <TInterpreter::ReadRootmapFile>: class  TUnfoldSys found in libUnfold.so  is already in libHist.so 
hadd Target file: datacards_fast/Combination_NJet3_MHT1_HT2_HTDPhiCut/FullScan/RA2bin_signal_T1tttt_600_300_fast.root
hadd compression setting for all ouput: 1
hadd Source file 1: datacards_fast/Combination_NJet3_MHT1_HT2_HTDPhiCut/FullScan/RA2bin_signal_T1tttt_600_300_fast_tmp.root
hadd Source file 2: datacards_fast/Combination_NJet3_MHT1_HT2_HTDPhiCut/FullScan/RA2bin_signal_JECup_T1tttt_600_300_fast.root
hadd Source file 3: datacards_fast/Combination_NJet3_MHT1_HT2_HTDPhiCut/FullScan/RA2bin_signal_JECdown_T1tttt_600_300_fast.root
hadd Source file 4: datacards_fast/Combination_NJet3_MHT1_HT2_HTDPhiCut/FullScan/RA2bin_signal_JERup_T1tttt_600_300_fast.root
hadd Source file 5: datacards_fast/Combination_NJet3_MHT1_HT2_HTDPhiCut/FullScan/RA2bin_signal_JERdown_T1tttt_600_300_fast.root
hadd Target path: datacards_fast/Combination_NJet3_MHT1_HT2_HTDPhiCut/FullScan/RA2bin_signal_T1tttt_600_300_fast.root:/
