Warning in <TInterpreter::ReadRootmapFile>: class  TUnfold found in libUnfold.so  is already in libHist.so 
Warning in <TInterpreter::ReadRootmapFile>: class  TUnfoldBinning found in libUnfold.so  is already in libHist.so 
Warning in <TInterpreter::ReadRootmapFile>: class  TUnfoldDensity found in libUnfold.so  is already in libHist.so 
Warning in <TInterpreter::ReadRootmapFile>: class  TUnfoldSys found in libUnfold.so  is already in libHist.so 
Using /uscms/home/aperloff/.rootlogon.C
Loading shared libraries: 
 	 Style: tdrStyle_mod14
 	 CMSSW_BASE: /uscms_data/d2/aperloff/YOURWORKINGAREA/SUSY/slc6/CMSSW_8_0_25
 	 SCRAM_ARCH: slc6_amd64_gcc530
 	 HOME: /uscms/home/aperloff
 	 libFWCoreFWLite
 	 libDataFormatsFWLite
loaded


Processing MakeAllDCsyst.C+(1,"T1tttt_750_300_fast","root://cmseos.fnal.gov//store/user/lpcsusyhad/SusyRA2Analysis2015/Skims/Run2ProductionV12/scan","Combination_NJet3_MHT1_HT2_HTDPhiCut/FullScan/")...
RA2bin yield:
T1tttt_750_300_fast_nominal: 0.05844372 +/- 0.00057683
T1tttt_750_300_fast_scaleuncUp: 0.05914416 +/- 0.00058447
T1tttt_750_300_fast_scaleuncDown: 0.05781095 +/- 0.00057083
T1tttt_750_300_fast_isruncUp: 0.05844372 +/- 0.00057683
T1tttt_750_300_fast_isruncDown: 0.05844372 +/- 0.00057683
T1tttt_750_300_fast_triguncUp: 0.05857518 +/- 0.00057812
T1tttt_750_300_fast_triguncDown: 0.05826524 +/- 0.00057507
T1tttt_750_300_fast_btagSFuncUp: 0.05844360 +/- 0.00058173
T1tttt_750_300_fast_btagSFuncDown: 0.05844385 +/- 0.00057214
T1tttt_750_300_fast_mistagSFuncUp: 0.05844373 +/- 0.00057711
T1tttt_750_300_fast_mistagSFuncDown: 0.05844373 +/- 0.00057657
T1tttt_750_300_fast_isotrackuncUp: 0.05844372 +/- 0.00057683
T1tttt_750_300_fast_isotrackuncDown: 0.05844372 +/- 0.00057683
T1tttt_750_300_fast_lumiuncUp: 0.05844372 +/- 0.00057683
T1tttt_750_300_fast_lumiuncDown: 0.05844372 +/- 0.00057683

RA2bin yield:
T1tttt_750_300_fast_JECup: 0.06085906 +/- 0.00058912

RA2bin yield:
T1tttt_750_300_fast_JECdown: 0.05682604 +/- 0.00056769

RA2bin yield:
T1tttt_750_300_fast_JERup: 0.05919590 +/- 0.00058027

RA2bin yield:
T1tttt_750_300_fast_JERdown: 0.05817324 +/- 0.00057545

Warning in <TInterpreter::ReadRootmapFile>: class  TUnfold found in libUnfold.so  is already in libHist.so 
Warning in <TInterpreter::ReadRootmapFile>: class  TUnfoldBinning found in libUnfold.so  is already in libHist.so 
Warning in <TInterpreter::ReadRootmapFile>: class  TUnfoldDensity found in libUnfold.so  is already in libHist.so 
Warning in <TInterpreter::ReadRootmapFile>: class  TUnfoldSys found in libUnfold.so  is already in libHist.so 
hadd Target file: datacards_fast/Combination_NJet3_MHT1_HT2_HTDPhiCut/FullScan/RA2bin_signal_T1tttt_750_300_fast.root
hadd compression setting for all ouput: 1
hadd Source file 1: datacards_fast/Combination_NJet3_MHT1_HT2_HTDPhiCut/FullScan/RA2bin_signal_T1tttt_750_300_fast_tmp.root
hadd Source file 2: datacards_fast/Combination_NJet3_MHT1_HT2_HTDPhiCut/FullScan/RA2bin_signal_JECup_T1tttt_750_300_fast.root
hadd Source file 3: datacards_fast/Combination_NJet3_MHT1_HT2_HTDPhiCut/FullScan/RA2bin_signal_JECdown_T1tttt_750_300_fast.root
hadd Source file 4: datacards_fast/Combination_NJet3_MHT1_HT2_HTDPhiCut/FullScan/RA2bin_signal_JERup_T1tttt_750_300_fast.root
hadd Source file 5: datacards_fast/Combination_NJet3_MHT1_HT2_HTDPhiCut/FullScan/RA2bin_signal_JERdown_T1tttt_750_300_fast.root
hadd Target path: datacards_fast/Combination_NJet3_MHT1_HT2_HTDPhiCut/FullScan/RA2bin_signal_T1tttt_750_300_fast.root:/
