Warning in <TInterpreter::ReadRootmapFile>: class  TUnfold found in libUnfold.so  is already in libHist.so 
Warning in <TInterpreter::ReadRootmapFile>: class  TUnfoldBinning found in libUnfold.so  is already in libHist.so 
Warning in <TInterpreter::ReadRootmapFile>: class  TUnfoldDensity found in libUnfold.so  is already in libHist.so 
Warning in <TInterpreter::ReadRootmapFile>: class  TUnfoldSys found in libUnfold.so  is already in libHist.so 
Using /uscms/home/aperloff/.rootlogon.C
Loading shared libraries: 
 	 Style: tdrStyle_mod14
 	 CMSSW_BASE: /uscms_data/d2/aperloff/YOURWORKINGAREA/SUSY/slc6/CMSSW_8_0_25
 	 SCRAM_ARCH: slc6_amd64_gcc530
 	 HOME: /uscms/home/aperloff
 	 libFWCoreFWLite
 	 libDataFormatsFWLite
loaded


Processing MakeAllDCsyst.C+(1,"T1tttt_800_575_fast","root://cmseos.fnal.gov//store/user/lpcsusyhad/SusyRA2Analysis2015/Skims/Run2ProductionV12/scan","Combination_NJet3_MHT1_HT2_HTDPhiCut/FullScan/")...
RA2bin yield:
T1tttt_800_575_fast_nominal: 0.02890958 +/- 0.00034017
T1tttt_800_575_fast_scaleuncUp: 0.02954858 +/- 0.00034780
T1tttt_800_575_fast_scaleuncDown: 0.02833452 +/- 0.00033371
T1tttt_800_575_fast_isruncUp: 0.02890958 +/- 0.00034017
T1tttt_800_575_fast_isruncDown: 0.02890958 +/- 0.00034017
T1tttt_800_575_fast_triguncUp: 0.02896644 +/- 0.00034085
T1tttt_800_575_fast_triguncDown: 0.02883374 +/- 0.00033926
T1tttt_800_575_fast_btagSFuncUp: 0.02890957 +/- 0.00033913
T1tttt_800_575_fast_btagSFuncDown: 0.02890958 +/- 0.00034125
T1tttt_800_575_fast_mistagSFuncUp: 0.02890957 +/- 0.00033917
T1tttt_800_575_fast_mistagSFuncDown: 0.02890959 +/- 0.00034118
T1tttt_800_575_fast_isotrackuncUp: 0.02890958 +/- 0.00034017
T1tttt_800_575_fast_isotrackuncDown: 0.02890958 +/- 0.00034017
T1tttt_800_575_fast_lumiuncUp: 0.02890958 +/- 0.00034017
T1tttt_800_575_fast_lumiuncDown: 0.02890958 +/- 0.00034017

RA2bin yield:
T1tttt_800_575_fast_JECup: 0.02922726 +/- 0.00033945

RA2bin yield:
T1tttt_800_575_fast_JECdown: 0.02853898 +/- 0.00034071

RA2bin yield:
T1tttt_800_575_fast_JERup: 0.02892886 +/- 0.00034031

RA2bin yield:
T1tttt_800_575_fast_JERdown: 0.02896800 +/- 0.00034057

Warning in <TInterpreter::ReadRootmapFile>: class  TUnfold found in libUnfold.so  is already in libHist.so 
Warning in <TInterpreter::ReadRootmapFile>: class  TUnfoldBinning found in libUnfold.so  is already in libHist.so 
Warning in <TInterpreter::ReadRootmapFile>: class  TUnfoldDensity found in libUnfold.so  is already in libHist.so 
Warning in <TInterpreter::ReadRootmapFile>: class  TUnfoldSys found in libUnfold.so  is already in libHist.so 
hadd Target file: datacards_fast/Combination_NJet3_MHT1_HT2_HTDPhiCut/FullScan/RA2bin_signal_T1tttt_800_575_fast.root
hadd compression setting for all ouput: 1
hadd Source file 1: datacards_fast/Combination_NJet3_MHT1_HT2_HTDPhiCut/FullScan/RA2bin_signal_T1tttt_800_575_fast_tmp.root
hadd Source file 2: datacards_fast/Combination_NJet3_MHT1_HT2_HTDPhiCut/FullScan/RA2bin_signal_JECup_T1tttt_800_575_fast.root
hadd Source file 3: datacards_fast/Combination_NJet3_MHT1_HT2_HTDPhiCut/FullScan/RA2bin_signal_JECdown_T1tttt_800_575_fast.root
hadd Source file 4: datacards_fast/Combination_NJet3_MHT1_HT2_HTDPhiCut/FullScan/RA2bin_signal_JERup_T1tttt_800_575_fast.root
hadd Source file 5: datacards_fast/Combination_NJet3_MHT1_HT2_HTDPhiCut/FullScan/RA2bin_signal_JERdown_T1tttt_800_575_fast.root
hadd Target path: datacards_fast/Combination_NJet3_MHT1_HT2_HTDPhiCut/FullScan/RA2bin_signal_T1tttt_800_575_fast.root:/
