Warning in <TInterpreter::ReadRootmapFile>: class  TUnfold found in libUnfold.so  is already in libHist.so 
Warning in <TInterpreter::ReadRootmapFile>: class  TUnfoldBinning found in libUnfold.so  is already in libHist.so 
Warning in <TInterpreter::ReadRootmapFile>: class  TUnfoldDensity found in libUnfold.so  is already in libHist.so 
Warning in <TInterpreter::ReadRootmapFile>: class  TUnfoldSys found in libUnfold.so  is already in libHist.so 
Using /uscms/home/aperloff/.rootlogon.C
Loading shared libraries: 
 	 Style: tdrStyle_mod14
 	 CMSSW_BASE: /uscms_data/d2/aperloff/YOURWORKINGAREA/SUSY/slc6/CMSSW_8_0_25
 	 SCRAM_ARCH: slc6_amd64_gcc530
 	 HOME: /uscms/home/aperloff
 	 libFWCoreFWLite
 	 libDataFormatsFWLite
loaded


Processing MakeAllDCsyst.C+(1,"T1tttt_900_650_fast","root://cmseos.fnal.gov//store/user/lpcsusyhad/SusyRA2Analysis2015/Skims/Run2ProductionV12/scan","Combination_NJet3_MHT1_HT2_HTDPhiCut/FullScan/")...
RA2bin yield:
T1tttt_900_650_fast_nominal: 0.01538187 +/- 0.00016059
T1tttt_900_650_fast_scaleuncUp: 0.01575086 +/- 0.00016448
T1tttt_900_650_fast_scaleuncDown: 0.01505191 +/- 0.00015730
T1tttt_900_650_fast_isruncUp: 0.01538187 +/- 0.00016059
T1tttt_900_650_fast_isruncDown: 0.01538187 +/- 0.00016059
T1tttt_900_650_fast_triguncUp: 0.01541149 +/- 0.00016090
T1tttt_900_650_fast_triguncDown: 0.01534178 +/- 0.00016017
T1tttt_900_650_fast_btagSFuncUp: 0.01538185 +/- 0.00016037
T1tttt_900_650_fast_btagSFuncDown: 0.01538189 +/- 0.00016083
T1tttt_900_650_fast_mistagSFuncUp: 0.01538187 +/- 0.00016023
T1tttt_900_650_fast_mistagSFuncDown: 0.01538187 +/- 0.00016095
T1tttt_900_650_fast_isotrackuncUp: 0.01538187 +/- 0.00016059
T1tttt_900_650_fast_isotrackuncDown: 0.01538187 +/- 0.00016059
T1tttt_900_650_fast_lumiuncUp: 0.01538187 +/- 0.00016059
T1tttt_900_650_fast_lumiuncDown: 0.01538187 +/- 0.00016059

RA2bin yield:
T1tttt_900_650_fast_JECup: 0.01559205 +/- 0.00016068

RA2bin yield:
T1tttt_900_650_fast_JECdown: 0.01513189 +/- 0.00016008

RA2bin yield:
T1tttt_900_650_fast_JERup: 0.01529343 +/- 0.00016010

RA2bin yield:
T1tttt_900_650_fast_JERdown: 0.01529327 +/- 0.00016032

Warning in <TInterpreter::ReadRootmapFile>: class  TUnfold found in libUnfold.so  is already in libHist.so 
Warning in <TInterpreter::ReadRootmapFile>: class  TUnfoldBinning found in libUnfold.so  is already in libHist.so 
Warning in <TInterpreter::ReadRootmapFile>: class  TUnfoldDensity found in libUnfold.so  is already in libHist.so 
Warning in <TInterpreter::ReadRootmapFile>: class  TUnfoldSys found in libUnfold.so  is already in libHist.so 
hadd Target file: datacards_fast/Combination_NJet3_MHT1_HT2_HTDPhiCut/FullScan/RA2bin_signal_T1tttt_900_650_fast.root
hadd compression setting for all ouput: 1
hadd Source file 1: datacards_fast/Combination_NJet3_MHT1_HT2_HTDPhiCut/FullScan/RA2bin_signal_T1tttt_900_650_fast_tmp.root
hadd Source file 2: datacards_fast/Combination_NJet3_MHT1_HT2_HTDPhiCut/FullScan/RA2bin_signal_JECup_T1tttt_900_650_fast.root
hadd Source file 3: datacards_fast/Combination_NJet3_MHT1_HT2_HTDPhiCut/FullScan/RA2bin_signal_JECdown_T1tttt_900_650_fast.root
hadd Source file 4: datacards_fast/Combination_NJet3_MHT1_HT2_HTDPhiCut/FullScan/RA2bin_signal_JERup_T1tttt_900_650_fast.root
hadd Source file 5: datacards_fast/Combination_NJet3_MHT1_HT2_HTDPhiCut/FullScan/RA2bin_signal_JERdown_T1tttt_900_650_fast.root
hadd Target path: datacards_fast/Combination_NJet3_MHT1_HT2_HTDPhiCut/FullScan/RA2bin_signal_T1tttt_900_650_fast.root:/
