Warning in <TInterpreter::ReadRootmapFile>: class  TUnfold found in libUnfold.so  is already in libHist.so 
Warning in <TInterpreter::ReadRootmapFile>: class  TUnfoldBinning found in libUnfold.so  is already in libHist.so 
Warning in <TInterpreter::ReadRootmapFile>: class  TUnfoldDensity found in libUnfold.so  is already in libHist.so 
Warning in <TInterpreter::ReadRootmapFile>: class  TUnfoldSys found in libUnfold.so  is already in libHist.so 
Using /uscms/home/aperloff/.rootlogon.C
Loading shared libraries: 
 	 Style: tdrStyle_mod14
 	 CMSSW_BASE: /uscms_data/d2/aperloff/YOURWORKINGAREA/SUSY/slc6/CMSSW_8_0_25
 	 SCRAM_ARCH: slc6_amd64_gcc530
 	 HOME: /uscms/home/aperloff
 	 libFWCoreFWLite
 	 libDataFormatsFWLite
loaded


Processing MakeAllDCsyst.C+(1,"T1tttt_1000_1_fast","root://cmseos.fnal.gov//store/user/lpcsusyhad/SusyRA2Analysis2015/Skims/Run2ProductionV12/scan","Combination_NJet3_MHT1_HT2_HTDPhiCut/FullScan/")...
RA2bin yield:
T1tttt_1000_1_fast_nominal: 0.04623398 +/- 0.00019621
T1tttt_1000_1_fast_scaleuncUp: 0.04623085 +/- 0.00019648
T1tttt_1000_1_fast_scaleuncDown: 0.04623545 +/- 0.00019631
T1tttt_1000_1_fast_isruncUp: 0.04623398 +/- 0.00019621
T1tttt_1000_1_fast_isruncDown: 0.04623398 +/- 0.00019621
T1tttt_1000_1_fast_triguncUp: 0.04636208 +/- 0.00019674
T1tttt_1000_1_fast_triguncDown: 0.04605412 +/- 0.00019545
T1tttt_1000_1_fast_btagSFuncUp: 0.04623397 +/- 0.00019811
T1tttt_1000_1_fast_btagSFuncDown: 0.04623401 +/- 0.00019439
T1tttt_1000_1_fast_mistagSFuncUp: 0.04623399 +/- 0.00019638
T1tttt_1000_1_fast_mistagSFuncDown: 0.04623398 +/- 0.00019604
T1tttt_1000_1_fast_isotrackuncUp: 0.04623398 +/- 0.00019621
T1tttt_1000_1_fast_isotrackuncDown: 0.04623398 +/- 0.00019621
T1tttt_1000_1_fast_lumiuncUp: 0.04623398 +/- 0.00019621
T1tttt_1000_1_fast_lumiuncDown: 0.04623398 +/- 0.00019621

RA2bin yield:
T1tttt_1000_1_fast_JECup: 0.04654069 +/- 0.00019722

RA2bin yield:
T1tttt_1000_1_fast_JECdown: 0.04586506 +/- 0.00019513

RA2bin yield:
T1tttt_1000_1_fast_JERup: 0.04629671 +/- 0.00019632

RA2bin yield:
T1tttt_1000_1_fast_JERdown: 0.04617781 +/- 0.00019607

Warning in <TInterpreter::ReadRootmapFile>: class  TUnfold found in libUnfold.so  is already in libHist.so 
Warning in <TInterpreter::ReadRootmapFile>: class  TUnfoldBinning found in libUnfold.so  is already in libHist.so 
Warning in <TInterpreter::ReadRootmapFile>: class  TUnfoldDensity found in libUnfold.so  is already in libHist.so 
Warning in <TInterpreter::ReadRootmapFile>: class  TUnfoldSys found in libUnfold.so  is already in libHist.so 
hadd Target file: datacards_fast/Combination_NJet3_MHT1_HT2_HTDPhiCut/FullScan/RA2bin_signal_T1tttt_1000_1_fast.root
hadd compression setting for all ouput: 1
hadd Source file 1: datacards_fast/Combination_NJet3_MHT1_HT2_HTDPhiCut/FullScan/RA2bin_signal_T1tttt_1000_1_fast_tmp.root
hadd Source file 2: datacards_fast/Combination_NJet3_MHT1_HT2_HTDPhiCut/FullScan/RA2bin_signal_JECup_T1tttt_1000_1_fast.root
hadd Source file 3: datacards_fast/Combination_NJet3_MHT1_HT2_HTDPhiCut/FullScan/RA2bin_signal_JECdown_T1tttt_1000_1_fast.root
hadd Source file 4: datacards_fast/Combination_NJet3_MHT1_HT2_HTDPhiCut/FullScan/RA2bin_signal_JERup_T1tttt_1000_1_fast.root
hadd Source file 5: datacards_fast/Combination_NJet3_MHT1_HT2_HTDPhiCut/FullScan/RA2bin_signal_JERdown_T1tttt_1000_1_fast.root
hadd Target path: datacards_fast/Combination_NJet3_MHT1_HT2_HTDPhiCut/FullScan/RA2bin_signal_T1tttt_1000_1_fast.root:/
