Warning in <TInterpreter::ReadRootmapFile>: class  TUnfold found in libUnfold.so  is already in libHist.so 
Warning in <TInterpreter::ReadRootmapFile>: class  TUnfoldBinning found in libUnfold.so  is already in libHist.so 
Warning in <TInterpreter::ReadRootmapFile>: class  TUnfoldDensity found in libUnfold.so  is already in libHist.so 
Warning in <TInterpreter::ReadRootmapFile>: class  TUnfoldSys found in libUnfold.so  is already in libHist.so 
Using /uscms/home/aperloff/.rootlogon.C
Loading shared libraries: 
 	 Style: tdrStyle_mod14
 	 CMSSW_BASE: /uscms_data/d2/aperloff/YOURWORKINGAREA/SUSY/slc6/CMSSW_8_0_25
 	 SCRAM_ARCH: slc6_amd64_gcc530
 	 HOME: /uscms/home/aperloff
 	 libFWCoreFWLite
 	 libDataFormatsFWLite
loaded


Processing MakeAllDCsyst.C+(1,"T1tttt_750_525_fast","root://cmseos.fnal.gov//store/user/lpcsusyhad/SusyRA2Analysis2015/Skims/Run2ProductionV12/scan","Combination_NJet3_MHT1_HT2_HTDPhiCut/FullScan/")...
RA2bin yield:
T1tttt_750_525_fast_nominal: 0.04072362 +/- 0.00049246
T1tttt_750_525_fast_scaleuncUp: 0.04162944 +/- 0.00050355
T1tttt_750_525_fast_scaleuncDown: 0.03990760 +/- 0.00048303
T1tttt_750_525_fast_isruncUp: 0.04072362 +/- 0.00049246
T1tttt_750_525_fast_isruncDown: 0.04072362 +/- 0.00049246
T1tttt_750_525_fast_triguncUp: 0.04080129 +/- 0.00049340
T1tttt_750_525_fast_triguncDown: 0.04062026 +/- 0.00049121
T1tttt_750_525_fast_btagSFuncUp: 0.04072361 +/- 0.00049090
T1tttt_750_525_fast_btagSFuncDown: 0.04072363 +/- 0.00049408
T1tttt_750_525_fast_mistagSFuncUp: 0.04072360 +/- 0.00049104
T1tttt_750_525_fast_mistagSFuncDown: 0.04072363 +/- 0.00049389
T1tttt_750_525_fast_isotrackuncUp: 0.04072362 +/- 0.00049246
T1tttt_750_525_fast_isotrackuncDown: 0.04072362 +/- 0.00049246
T1tttt_750_525_fast_lumiuncUp: 0.04072362 +/- 0.00049246
T1tttt_750_525_fast_lumiuncDown: 0.04072362 +/- 0.00049246

RA2bin yield:
T1tttt_750_525_fast_JECup: 0.04109300 +/- 0.00049085

RA2bin yield:
T1tttt_750_525_fast_JECdown: 0.04010931 +/- 0.00049245

RA2bin yield:
T1tttt_750_525_fast_JERup: 0.04074113 +/- 0.00049198

RA2bin yield:
T1tttt_750_525_fast_JERdown: 0.04008970 +/- 0.00048898

Warning in <TInterpreter::ReadRootmapFile>: class  TUnfold found in libUnfold.so  is already in libHist.so 
Warning in <TInterpreter::ReadRootmapFile>: class  TUnfoldBinning found in libUnfold.so  is already in libHist.so 
Warning in <TInterpreter::ReadRootmapFile>: class  TUnfoldDensity found in libUnfold.so  is already in libHist.so 
Warning in <TInterpreter::ReadRootmapFile>: class  TUnfoldSys found in libUnfold.so  is already in libHist.so 
hadd Target file: datacards_fast/Combination_NJet3_MHT1_HT2_HTDPhiCut/FullScan/RA2bin_signal_T1tttt_750_525_fast.root
hadd compression setting for all ouput: 1
hadd Source file 1: datacards_fast/Combination_NJet3_MHT1_HT2_HTDPhiCut/FullScan/RA2bin_signal_T1tttt_750_525_fast_tmp.root
hadd Source file 2: datacards_fast/Combination_NJet3_MHT1_HT2_HTDPhiCut/FullScan/RA2bin_signal_JECup_T1tttt_750_525_fast.root
hadd Source file 3: datacards_fast/Combination_NJet3_MHT1_HT2_HTDPhiCut/FullScan/RA2bin_signal_JECdown_T1tttt_750_525_fast.root
hadd Source file 4: datacards_fast/Combination_NJet3_MHT1_HT2_HTDPhiCut/FullScan/RA2bin_signal_JERup_T1tttt_750_525_fast.root
hadd Source file 5: datacards_fast/Combination_NJet3_MHT1_HT2_HTDPhiCut/FullScan/RA2bin_signal_JERdown_T1tttt_750_525_fast.root
hadd Target path: datacards_fast/Combination_NJet3_MHT1_HT2_HTDPhiCut/FullScan/RA2bin_signal_T1tttt_750_525_fast.root:/
