Warning in <TInterpreter::ReadRootmapFile>: class  TUnfold found in libUnfold.so  is already in libHist.so 
Warning in <TInterpreter::ReadRootmapFile>: class  TUnfoldBinning found in libUnfold.so  is already in libHist.so 
Warning in <TInterpreter::ReadRootmapFile>: class  TUnfoldDensity found in libUnfold.so  is already in libHist.so 
Warning in <TInterpreter::ReadRootmapFile>: class  TUnfoldSys found in libUnfold.so  is already in libHist.so 
Using /uscms/home/aperloff/.rootlogon.C
Loading shared libraries: 
 	 Style: tdrStyle_mod14
 	 CMSSW_BASE: /uscms_data/d2/aperloff/YOURWORKINGAREA/SUSY/slc6/CMSSW_8_0_25
 	 SCRAM_ARCH: slc6_amd64_gcc530
 	 HOME: /uscms/home/aperloff
 	 libFWCoreFWLite
 	 libDataFormatsFWLite
loaded


Processing MakeAllDCsyst.C+(1,"T1tttt_700_350_fast","root://cmseos.fnal.gov//store/user/lpcsusyhad/SusyRA2Analysis2015/Skims/Run2ProductionV12/scan","Combination_NJet3_MHT1_HT2_HTDPhiCut/FullScan/")...
RA2bin yield:
T1tttt_700_350_fast_nominal: 0.02478136 +/- 0.00046933
T1tttt_700_350_fast_scaleuncUp: 0.02539205 +/- 0.00048137
T1tttt_700_350_fast_scaleuncDown: 0.02423860 +/- 0.00045923
T1tttt_700_350_fast_isruncUp: 0.02478136 +/- 0.00046933
T1tttt_700_350_fast_isruncDown: 0.02478136 +/- 0.00046933
T1tttt_700_350_fast_triguncUp: 0.02484739 +/- 0.00047057
T1tttt_700_350_fast_triguncDown: 0.02468987 +/- 0.00046761
T1tttt_700_350_fast_btagSFuncUp: 0.02478136 +/- 0.00047296
T1tttt_700_350_fast_btagSFuncDown: 0.02478136 +/- 0.00046587
T1tttt_700_350_fast_mistagSFuncUp: 0.02478135 +/- 0.00046951
T1tttt_700_350_fast_mistagSFuncDown: 0.02478136 +/- 0.00046917
T1tttt_700_350_fast_isotrackuncUp: 0.02478136 +/- 0.00046933
T1tttt_700_350_fast_isotrackuncDown: 0.02478136 +/- 0.00046933
T1tttt_700_350_fast_lumiuncUp: 0.02478136 +/- 0.00046933
T1tttt_700_350_fast_lumiuncDown: 0.02478136 +/- 0.00046933

RA2bin yield:
T1tttt_700_350_fast_JECup: 0.02528986 +/- 0.00047436

RA2bin yield:
T1tttt_700_350_fast_JECdown: 0.02434909 +/- 0.00046524

RA2bin yield:
T1tttt_700_350_fast_JERup: 0.02482990 +/- 0.00047001

RA2bin yield:
T1tttt_700_350_fast_JERdown: 0.02465891 +/- 0.00046778

Warning in <TInterpreter::ReadRootmapFile>: class  TUnfold found in libUnfold.so  is already in libHist.so 
Warning in <TInterpreter::ReadRootmapFile>: class  TUnfoldBinning found in libUnfold.so  is already in libHist.so 
Warning in <TInterpreter::ReadRootmapFile>: class  TUnfoldDensity found in libUnfold.so  is already in libHist.so 
Warning in <TInterpreter::ReadRootmapFile>: class  TUnfoldSys found in libUnfold.so  is already in libHist.so 
hadd Target file: datacards_fast/Combination_NJet3_MHT1_HT2_HTDPhiCut/FullScan/RA2bin_signal_T1tttt_700_350_fast.root
hadd compression setting for all ouput: 1
hadd Source file 1: datacards_fast/Combination_NJet3_MHT1_HT2_HTDPhiCut/FullScan/RA2bin_signal_T1tttt_700_350_fast_tmp.root
hadd Source file 2: datacards_fast/Combination_NJet3_MHT1_HT2_HTDPhiCut/FullScan/RA2bin_signal_JECup_T1tttt_700_350_fast.root
hadd Source file 3: datacards_fast/Combination_NJet3_MHT1_HT2_HTDPhiCut/FullScan/RA2bin_signal_JECdown_T1tttt_700_350_fast.root
hadd Source file 4: datacards_fast/Combination_NJet3_MHT1_HT2_HTDPhiCut/FullScan/RA2bin_signal_JERup_T1tttt_700_350_fast.root
hadd Source file 5: datacards_fast/Combination_NJet3_MHT1_HT2_HTDPhiCut/FullScan/RA2bin_signal_JERdown_T1tttt_700_350_fast.root
hadd Target path: datacards_fast/Combination_NJet3_MHT1_HT2_HTDPhiCut/FullScan/RA2bin_signal_T1tttt_700_350_fast.root:/
