Warning in <TInterpreter::ReadRootmapFile>: class  TUnfold found in libUnfold.so  is already in libHist.so 
Warning in <TInterpreter::ReadRootmapFile>: class  TUnfoldBinning found in libUnfold.so  is already in libHist.so 
Warning in <TInterpreter::ReadRootmapFile>: class  TUnfoldDensity found in libUnfold.so  is already in libHist.so 
Warning in <TInterpreter::ReadRootmapFile>: class  TUnfoldSys found in libUnfold.so  is already in libHist.so 
Using /uscms/home/aperloff/.rootlogon.C
Loading shared libraries: 
 	 Style: tdrStyle_mod14
 	 CMSSW_BASE: /uscms_data/d2/aperloff/YOURWORKINGAREA/SUSY/slc6/CMSSW_8_0_25
 	 SCRAM_ARCH: slc6_amd64_gcc530
 	 HOME: /uscms/home/aperloff
 	 libFWCoreFWLite
 	 libDataFormatsFWLite
loaded


Processing MakeAllDCsyst.C+(1,"T1tttt_800_550_fast","root://cmseos.fnal.gov//store/user/lpcsusyhad/SusyRA2Analysis2015/Skims/Run2ProductionV12/scan","Combination_NJet3_MHT1_HT2_HTDPhiCut/FullScan/")...
RA2bin yield:
T1tttt_800_550_fast_nominal: 0.02816136 +/- 0.00032538
T1tttt_800_550_fast_scaleuncUp: 0.02882185 +/- 0.00033321
T1tttt_800_550_fast_scaleuncDown: 0.02756820 +/- 0.00031874
T1tttt_800_550_fast_isruncUp: 0.02816136 +/- 0.00032538
T1tttt_800_550_fast_isruncDown: 0.02816136 +/- 0.00032538
T1tttt_800_550_fast_triguncUp: 0.02821520 +/- 0.00032600
T1tttt_800_550_fast_triguncDown: 0.02808856 +/- 0.00032454
T1tttt_800_550_fast_btagSFuncUp: 0.02816135 +/- 0.00032493
T1tttt_800_550_fast_btagSFuncDown: 0.02816137 +/- 0.00032589
T1tttt_800_550_fast_mistagSFuncUp: 0.02816135 +/- 0.00032466
T1tttt_800_550_fast_mistagSFuncDown: 0.02816137 +/- 0.00032612
T1tttt_800_550_fast_isotrackuncUp: 0.02816136 +/- 0.00032538
T1tttt_800_550_fast_isotrackuncDown: 0.02816136 +/- 0.00032538
T1tttt_800_550_fast_lumiuncUp: 0.02816136 +/- 0.00032538
T1tttt_800_550_fast_lumiuncDown: 0.02816136 +/- 0.00032538

RA2bin yield:
T1tttt_800_550_fast_JECup: 0.02871170 +/- 0.00032600

RA2bin yield:
T1tttt_800_550_fast_JECdown: 0.02785164 +/- 0.00032591

RA2bin yield:
T1tttt_800_550_fast_JERup: 0.02821319 +/- 0.00032548

RA2bin yield:
T1tttt_800_550_fast_JERdown: 0.02824206 +/- 0.00032568

Warning in <TInterpreter::ReadRootmapFile>: class  TUnfold found in libUnfold.so  is already in libHist.so 
Warning in <TInterpreter::ReadRootmapFile>: class  TUnfoldBinning found in libUnfold.so  is already in libHist.so 
Warning in <TInterpreter::ReadRootmapFile>: class  TUnfoldDensity found in libUnfold.so  is already in libHist.so 
Warning in <TInterpreter::ReadRootmapFile>: class  TUnfoldSys found in libUnfold.so  is already in libHist.so 
hadd Target file: datacards_fast/Combination_NJet3_MHT1_HT2_HTDPhiCut/FullScan/RA2bin_signal_T1tttt_800_550_fast.root
hadd compression setting for all ouput: 1
hadd Source file 1: datacards_fast/Combination_NJet3_MHT1_HT2_HTDPhiCut/FullScan/RA2bin_signal_T1tttt_800_550_fast_tmp.root
hadd Source file 2: datacards_fast/Combination_NJet3_MHT1_HT2_HTDPhiCut/FullScan/RA2bin_signal_JECup_T1tttt_800_550_fast.root
hadd Source file 3: datacards_fast/Combination_NJet3_MHT1_HT2_HTDPhiCut/FullScan/RA2bin_signal_JECdown_T1tttt_800_550_fast.root
hadd Source file 4: datacards_fast/Combination_NJet3_MHT1_HT2_HTDPhiCut/FullScan/RA2bin_signal_JERup_T1tttt_800_550_fast.root
hadd Source file 5: datacards_fast/Combination_NJet3_MHT1_HT2_HTDPhiCut/FullScan/RA2bin_signal_JERdown_T1tttt_800_550_fast.root
hadd Target path: datacards_fast/Combination_NJet3_MHT1_HT2_HTDPhiCut/FullScan/RA2bin_signal_T1tttt_800_550_fast.root:/
