Warning in <TInterpreter::ReadRootmapFile>: class  TUnfold found in libUnfold.so  is already in libHist.so 
Warning in <TInterpreter::ReadRootmapFile>: class  TUnfoldBinning found in libUnfold.so  is already in libHist.so 
Warning in <TInterpreter::ReadRootmapFile>: class  TUnfoldDensity found in libUnfold.so  is already in libHist.so 
Warning in <TInterpreter::ReadRootmapFile>: class  TUnfoldSys found in libUnfold.so  is already in libHist.so 
Using /uscms/home/aperloff/.rootlogon.C
Loading shared libraries: 
 	 Style: tdrStyle_mod14
 	 CMSSW_BASE: /uscms_data/d2/aperloff/YOURWORKINGAREA/SUSY/slc6/CMSSW_8_0_25
 	 SCRAM_ARCH: slc6_amd64_gcc530
 	 HOME: /uscms/home/aperloff
 	 libFWCoreFWLite
 	 libDataFormatsFWLite
loaded


Processing MakeAllDCsyst.C+(1,"T1tttt_850_600_fast","root://cmseos.fnal.gov//store/user/lpcsusyhad/SusyRA2Analysis2015/Skims/Run2ProductionV12/scan","Combination_NJet3_MHT1_HT2_HTDPhiCut/FullScan/")...
RA2bin yield:
T1tttt_850_600_fast_nominal: 0.01967116 +/- 0.00022166
T1tttt_850_600_fast_scaleuncUp: 0.02014412 +/- 0.00022699
T1tttt_850_600_fast_scaleuncDown: 0.01924800 +/- 0.00021716
T1tttt_850_600_fast_isruncUp: 0.01967116 +/- 0.00022166
T1tttt_850_600_fast_isruncDown: 0.01967116 +/- 0.00022166
T1tttt_850_600_fast_triguncUp: 0.01970821 +/- 0.00022209
T1tttt_850_600_fast_triguncDown: 0.01962144 +/- 0.00022110
T1tttt_850_600_fast_btagSFuncUp: 0.01967116 +/- 0.00022136
T1tttt_850_600_fast_btagSFuncDown: 0.01967116 +/- 0.00022201
T1tttt_850_600_fast_mistagSFuncUp: 0.01967115 +/- 0.00022120
T1tttt_850_600_fast_mistagSFuncDown: 0.01967117 +/- 0.00022214
T1tttt_850_600_fast_isotrackuncUp: 0.01967116 +/- 0.00022166
T1tttt_850_600_fast_isotrackuncDown: 0.01967116 +/- 0.00022166
T1tttt_850_600_fast_lumiuncUp: 0.01967116 +/- 0.00022166
T1tttt_850_600_fast_lumiuncDown: 0.01967116 +/- 0.00022166

RA2bin yield:
T1tttt_850_600_fast_JECup: 0.01996880 +/- 0.00022188

RA2bin yield:
T1tttt_850_600_fast_JECdown: 0.01946551 +/- 0.00022180

RA2bin yield:
T1tttt_850_600_fast_JERup: 0.01972129 +/- 0.00022179

RA2bin yield:
T1tttt_850_600_fast_JERdown: 0.01975319 +/- 0.00022208

Warning in <TInterpreter::ReadRootmapFile>: class  TUnfold found in libUnfold.so  is already in libHist.so 
Warning in <TInterpreter::ReadRootmapFile>: class  TUnfoldBinning found in libUnfold.so  is already in libHist.so 
Warning in <TInterpreter::ReadRootmapFile>: class  TUnfoldDensity found in libUnfold.so  is already in libHist.so 
Warning in <TInterpreter::ReadRootmapFile>: class  TUnfoldSys found in libUnfold.so  is already in libHist.so 
hadd Target file: datacards_fast/Combination_NJet3_MHT1_HT2_HTDPhiCut/FullScan/RA2bin_signal_T1tttt_850_600_fast.root
hadd compression setting for all ouput: 1
hadd Source file 1: datacards_fast/Combination_NJet3_MHT1_HT2_HTDPhiCut/FullScan/RA2bin_signal_T1tttt_850_600_fast_tmp.root
hadd Source file 2: datacards_fast/Combination_NJet3_MHT1_HT2_HTDPhiCut/FullScan/RA2bin_signal_JECup_T1tttt_850_600_fast.root
hadd Source file 3: datacards_fast/Combination_NJet3_MHT1_HT2_HTDPhiCut/FullScan/RA2bin_signal_JECdown_T1tttt_850_600_fast.root
hadd Source file 4: datacards_fast/Combination_NJet3_MHT1_HT2_HTDPhiCut/FullScan/RA2bin_signal_JERup_T1tttt_850_600_fast.root
hadd Source file 5: datacards_fast/Combination_NJet3_MHT1_HT2_HTDPhiCut/FullScan/RA2bin_signal_JERdown_T1tttt_850_600_fast.root
hadd Target path: datacards_fast/Combination_NJet3_MHT1_HT2_HTDPhiCut/FullScan/RA2bin_signal_T1tttt_850_600_fast.root:/
