Warning in <TInterpreter::ReadRootmapFile>: class  TUnfold found in libUnfold.so  is already in libHist.so 
Warning in <TInterpreter::ReadRootmapFile>: class  TUnfoldBinning found in libUnfold.so  is already in libHist.so 
Warning in <TInterpreter::ReadRootmapFile>: class  TUnfoldDensity found in libUnfold.so  is already in libHist.so 
Warning in <TInterpreter::ReadRootmapFile>: class  TUnfoldSys found in libUnfold.so  is already in libHist.so 
Using /uscms/home/aperloff/.rootlogon.C
Loading shared libraries: 
 	 Style: tdrStyle_mod14
 	 CMSSW_BASE: /uscms_data/d2/aperloff/YOURWORKINGAREA/SUSY/slc6/CMSSW_8_0_25
 	 SCRAM_ARCH: slc6_amd64_gcc530
 	 HOME: /uscms/home/aperloff
 	 libFWCoreFWLite
 	 libDataFormatsFWLite
loaded


Processing MakeAllDCsyst.C+(1,"T1tttt_700_1_fast","root://cmseos.fnal.gov//store/user/lpcsusyhad/SusyRA2Analysis2015/Skims/Run2ProductionV12/scan","Combination_NJet3_MHT1_HT2_HTDPhiCut/FullScan/")...
RA2bin yield:
T1tttt_700_1_fast_nominal: 0.18057887 +/- 0.00125586
T1tttt_700_1_fast_scaleuncUp: 0.18114537 +/- 0.00126100
T1tttt_700_1_fast_scaleuncDown: 0.18006951 +/- 0.00125332
T1tttt_700_1_fast_isruncUp: 0.18057887 +/- 0.00125586
T1tttt_700_1_fast_isruncDown: 0.18057887 +/- 0.00125586
T1tttt_700_1_fast_triguncUp: 0.18097741 +/- 0.00125860
T1tttt_700_1_fast_triguncDown: 0.18003756 +/- 0.00125212
T1tttt_700_1_fast_btagSFuncUp: 0.18057876 +/- 0.00126690
T1tttt_700_1_fast_btagSFuncDown: 0.18057900 +/- 0.00124531
T1tttt_700_1_fast_mistagSFuncUp: 0.18057885 +/- 0.00125657
T1tttt_700_1_fast_mistagSFuncDown: 0.18057892 +/- 0.00125518
T1tttt_700_1_fast_isotrackuncUp: 0.18057887 +/- 0.00125586
T1tttt_700_1_fast_isotrackuncDown: 0.18057887 +/- 0.00125586
T1tttt_700_1_fast_lumiuncUp: 0.18057887 +/- 0.00125586
T1tttt_700_1_fast_lumiuncDown: 0.18057887 +/- 0.00125586

RA2bin yield:
T1tttt_700_1_fast_JECup: 0.18589494 +/- 0.00127581

RA2bin yield:
T1tttt_700_1_fast_JECdown: 0.17542131 +/- 0.00123586

RA2bin yield:
T1tttt_700_1_fast_JERup: 0.18084063 +/- 0.00125708

RA2bin yield:
T1tttt_700_1_fast_JERdown: 0.17982655 +/- 0.00125298

Warning in <TInterpreter::ReadRootmapFile>: class  TUnfold found in libUnfold.so  is already in libHist.so 
Warning in <TInterpreter::ReadRootmapFile>: class  TUnfoldBinning found in libUnfold.so  is already in libHist.so 
Warning in <TInterpreter::ReadRootmapFile>: class  TUnfoldDensity found in libUnfold.so  is already in libHist.so 
Warning in <TInterpreter::ReadRootmapFile>: class  TUnfoldSys found in libUnfold.so  is already in libHist.so 
hadd Target file: datacards_fast/Combination_NJet3_MHT1_HT2_HTDPhiCut/FullScan/RA2bin_signal_T1tttt_700_1_fast.root
hadd compression setting for all ouput: 1
hadd Source file 1: datacards_fast/Combination_NJet3_MHT1_HT2_HTDPhiCut/FullScan/RA2bin_signal_T1tttt_700_1_fast_tmp.root
hadd Source file 2: datacards_fast/Combination_NJet3_MHT1_HT2_HTDPhiCut/FullScan/RA2bin_signal_JECup_T1tttt_700_1_fast.root
hadd Source file 3: datacards_fast/Combination_NJet3_MHT1_HT2_HTDPhiCut/FullScan/RA2bin_signal_JECdown_T1tttt_700_1_fast.root
hadd Source file 4: datacards_fast/Combination_NJet3_MHT1_HT2_HTDPhiCut/FullScan/RA2bin_signal_JERup_T1tttt_700_1_fast.root
hadd Source file 5: datacards_fast/Combination_NJet3_MHT1_HT2_HTDPhiCut/FullScan/RA2bin_signal_JERdown_T1tttt_700_1_fast.root
hadd Target path: datacards_fast/Combination_NJet3_MHT1_HT2_HTDPhiCut/FullScan/RA2bin_signal_T1tttt_700_1_fast.root:/
