Warning in <TInterpreter::ReadRootmapFile>: class  TUnfold found in libUnfold.so  is already in libHist.so 
Warning in <TInterpreter::ReadRootmapFile>: class  TUnfoldBinning found in libUnfold.so  is already in libHist.so 
Warning in <TInterpreter::ReadRootmapFile>: class  TUnfoldDensity found in libUnfold.so  is already in libHist.so 
Warning in <TInterpreter::ReadRootmapFile>: class  TUnfoldSys found in libUnfold.so  is already in libHist.so 
Using /uscms/home/aperloff/.rootlogon.C
Loading shared libraries: 
 	 Style: tdrStyle_mod14
 	 CMSSW_BASE: /uscms_data/d2/aperloff/YOURWORKINGAREA/SUSY/slc6/CMSSW_8_0_25
 	 SCRAM_ARCH: slc6_amd64_gcc530
 	 HOME: /uscms/home/aperloff
 	 libFWCoreFWLite
 	 libDataFormatsFWLite
loaded


Processing MakeAllDCsyst.C+(1,"T1tttt_1250_100_fast","root://cmseos.fnal.gov//store/user/lpcsusyhad/SusyRA2Analysis2015/Skims/Run2ProductionV12/scan","Combination_NJet3_MHT1_HT2_HTDPhiCut/FullScan/")...
RA2bin yield:
T1tttt_1250_100_fast_nominal: 0.01181468 +/- 0.00007426
T1tttt_1250_100_fast_scaleuncUp: 0.01180864 +/- 0.00007434
T1tttt_1250_100_fast_scaleuncDown: 0.01181991 +/- 0.00007432
T1tttt_1250_100_fast_isruncUp: 0.01181468 +/- 0.00007426
T1tttt_1250_100_fast_isruncDown: 0.01181468 +/- 0.00007426
T1tttt_1250_100_fast_triguncUp: 0.01185661 +/- 0.00007452
T1tttt_1250_100_fast_triguncDown: 0.01175648 +/- 0.00007390
T1tttt_1250_100_fast_btagSFuncUp: 0.01181468 +/- 0.00007502
T1tttt_1250_100_fast_btagSFuncDown: 0.01181468 +/- 0.00007353
T1tttt_1250_100_fast_mistagSFuncUp: 0.01181468 +/- 0.00007434
T1tttt_1250_100_fast_mistagSFuncDown: 0.01181469 +/- 0.00007418
T1tttt_1250_100_fast_isotrackuncUp: 0.01181468 +/- 0.00007426
T1tttt_1250_100_fast_isotrackuncDown: 0.01181468 +/- 0.00007426
T1tttt_1250_100_fast_lumiuncUp: 0.01181468 +/- 0.00007426
T1tttt_1250_100_fast_lumiuncDown: 0.01181468 +/- 0.00007426

RA2bin yield:
T1tttt_1250_100_fast_JECup: 0.01185958 +/- 0.00007453

RA2bin yield:
T1tttt_1250_100_fast_JECdown: 0.01175657 +/- 0.00007397

RA2bin yield:
T1tttt_1250_100_fast_JERup: 0.01181134 +/- 0.00007428

RA2bin yield:
T1tttt_1250_100_fast_JERdown: 0.01181263 +/- 0.00007424

Warning in <TInterpreter::ReadRootmapFile>: class  TUnfold found in libUnfold.so  is already in libHist.so 
Warning in <TInterpreter::ReadRootmapFile>: class  TUnfoldBinning found in libUnfold.so  is already in libHist.so 
Warning in <TInterpreter::ReadRootmapFile>: class  TUnfoldDensity found in libUnfold.so  is already in libHist.so 
Warning in <TInterpreter::ReadRootmapFile>: class  TUnfoldSys found in libUnfold.so  is already in libHist.so 
hadd Target file: datacards_fast/Combination_NJet3_MHT1_HT2_HTDPhiCut/FullScan/RA2bin_signal_T1tttt_1250_100_fast.root
hadd compression setting for all ouput: 1
hadd Source file 1: datacards_fast/Combination_NJet3_MHT1_HT2_HTDPhiCut/FullScan/RA2bin_signal_T1tttt_1250_100_fast_tmp.root
hadd Source file 2: datacards_fast/Combination_NJet3_MHT1_HT2_HTDPhiCut/FullScan/RA2bin_signal_JECup_T1tttt_1250_100_fast.root
hadd Source file 3: datacards_fast/Combination_NJet3_MHT1_HT2_HTDPhiCut/FullScan/RA2bin_signal_JECdown_T1tttt_1250_100_fast.root
hadd Source file 4: datacards_fast/Combination_NJet3_MHT1_HT2_HTDPhiCut/FullScan/RA2bin_signal_JERup_T1tttt_1250_100_fast.root
hadd Source file 5: datacards_fast/Combination_NJet3_MHT1_HT2_HTDPhiCut/FullScan/RA2bin_signal_JERdown_T1tttt_1250_100_fast.root
hadd Target path: datacards_fast/Combination_NJet3_MHT1_HT2_HTDPhiCut/FullScan/RA2bin_signal_T1tttt_1250_100_fast.root:/
