Warning in <TInterpreter::ReadRootmapFile>: class  TUnfold found in libUnfold.so  is already in libHist.so 
Warning in <TInterpreter::ReadRootmapFile>: class  TUnfoldBinning found in libUnfold.so  is already in libHist.so 
Warning in <TInterpreter::ReadRootmapFile>: class  TUnfoldDensity found in libUnfold.so  is already in libHist.so 
Warning in <TInterpreter::ReadRootmapFile>: class  TUnfoldSys found in libUnfold.so  is already in libHist.so 
Using /uscms/home/aperloff/.rootlogon.C
Loading shared libraries: 
 	 Style: tdrStyle_mod14
 	 CMSSW_BASE: /uscms_data/d2/aperloff/YOURWORKINGAREA/SUSY/slc6/CMSSW_8_0_25
 	 SCRAM_ARCH: slc6_amd64_gcc530
 	 HOME: /uscms/home/aperloff
 	 libFWCoreFWLite
 	 libDataFormatsFWLite
loaded


Processing MakeAllDCsyst.C+(1,"T1tttt_1050_500_fast","root://cmseos.fnal.gov//store/user/lpcsusyhad/SusyRA2Analysis2015/Skims/Run2ProductionV12/scan","Combination_NJet3_MHT1_HT2_HTDPhiCut/FullScan/")...
RA2bin yield:
T1tttt_1050_500_fast_nominal: 0.02231735 +/- 0.00011125
T1tttt_1050_500_fast_scaleuncUp: 0.02241572 +/- 0.00011191
T1tttt_1050_500_fast_scaleuncDown: 0.02222901 +/- 0.00011085
T1tttt_1050_500_fast_isruncUp: 0.02231735 +/- 0.00011125
T1tttt_1050_500_fast_isruncDown: 0.02231735 +/- 0.00011125
T1tttt_1050_500_fast_triguncUp: 0.02236060 +/- 0.00011146
T1tttt_1050_500_fast_triguncDown: 0.02225777 +/- 0.00011095
T1tttt_1050_500_fast_btagSFuncUp: 0.02231735 +/- 0.00011221
T1tttt_1050_500_fast_btagSFuncDown: 0.02231735 +/- 0.00011032
T1tttt_1050_500_fast_mistagSFuncUp: 0.02231734 +/- 0.00011130
T1tttt_1050_500_fast_mistagSFuncDown: 0.02231735 +/- 0.00011119
T1tttt_1050_500_fast_isotrackuncUp: 0.02231735 +/- 0.00011125
T1tttt_1050_500_fast_isotrackuncDown: 0.02231735 +/- 0.00011125
T1tttt_1050_500_fast_lumiuncUp: 0.02231735 +/- 0.00011125
T1tttt_1050_500_fast_lumiuncDown: 0.02231735 +/- 0.00011125

RA2bin yield:
T1tttt_1050_500_fast_JECup: 0.02274506 +/- 0.00011250

RA2bin yield:
T1tttt_1050_500_fast_JECdown: 0.02180341 +/- 0.00010974

RA2bin yield:
T1tttt_1050_500_fast_JERup: 0.02231380 +/- 0.00011123

RA2bin yield:
T1tttt_1050_500_fast_JERdown: 0.02225894 +/- 0.00011112

Warning in <TInterpreter::ReadRootmapFile>: class  TUnfold found in libUnfold.so  is already in libHist.so 
Warning in <TInterpreter::ReadRootmapFile>: class  TUnfoldBinning found in libUnfold.so  is already in libHist.so 
Warning in <TInterpreter::ReadRootmapFile>: class  TUnfoldDensity found in libUnfold.so  is already in libHist.so 
Warning in <TInterpreter::ReadRootmapFile>: class  TUnfoldSys found in libUnfold.so  is already in libHist.so 
hadd Target file: datacards_fast/Combination_NJet3_MHT1_HT2_HTDPhiCut/FullScan/RA2bin_signal_T1tttt_1050_500_fast.root
hadd compression setting for all ouput: 1
hadd Source file 1: datacards_fast/Combination_NJet3_MHT1_HT2_HTDPhiCut/FullScan/RA2bin_signal_T1tttt_1050_500_fast_tmp.root
hadd Source file 2: datacards_fast/Combination_NJet3_MHT1_HT2_HTDPhiCut/FullScan/RA2bin_signal_JECup_T1tttt_1050_500_fast.root
hadd Source file 3: datacards_fast/Combination_NJet3_MHT1_HT2_HTDPhiCut/FullScan/RA2bin_signal_JECdown_T1tttt_1050_500_fast.root
hadd Source file 4: datacards_fast/Combination_NJet3_MHT1_HT2_HTDPhiCut/FullScan/RA2bin_signal_JERup_T1tttt_1050_500_fast.root
hadd Source file 5: datacards_fast/Combination_NJet3_MHT1_HT2_HTDPhiCut/FullScan/RA2bin_signal_JERdown_T1tttt_1050_500_fast.root
hadd Target path: datacards_fast/Combination_NJet3_MHT1_HT2_HTDPhiCut/FullScan/RA2bin_signal_T1tttt_1050_500_fast.root:/
