Warning in <TInterpreter::ReadRootmapFile>: class  TUnfold found in libUnfold.so  is already in libHist.so 
Warning in <TInterpreter::ReadRootmapFile>: class  TUnfoldBinning found in libUnfold.so  is already in libHist.so 
Warning in <TInterpreter::ReadRootmapFile>: class  TUnfoldDensity found in libUnfold.so  is already in libHist.so 
Warning in <TInterpreter::ReadRootmapFile>: class  TUnfoldSys found in libUnfold.so  is already in libHist.so 
Using /uscms/home/aperloff/.rootlogon.C
Loading shared libraries: 
 	 Style: tdrStyle_mod14
 	 CMSSW_BASE: /uscms_data/d2/aperloff/YOURWORKINGAREA/SUSY/slc6/CMSSW_8_0_25
 	 SCRAM_ARCH: slc6_amd64_gcc530
 	 HOME: /uscms/home/aperloff
 	 libFWCoreFWLite
 	 libDataFormatsFWLite
loaded


Processing MakeAllDCsyst.C+(1,"T1tttt_1100_450_fast","root://cmseos.fnal.gov//store/user/lpcsusyhad/SusyRA2Analysis2015/Skims/Run2ProductionV12/scan","Combination_NJet3_MHT1_HT2_HTDPhiCut/FullScan/")...
RA2bin yield:
T1tttt_1100_450_fast_nominal: 0.02224591 +/- 0.00009890
T1tttt_1100_450_fast_scaleuncUp: 0.02227376 +/- 0.00009916
T1tttt_1100_450_fast_scaleuncDown: 0.02222083 +/- 0.00009883
T1tttt_1100_450_fast_isruncUp: 0.02224591 +/- 0.00009890
T1tttt_1100_450_fast_isruncDown: 0.02224591 +/- 0.00009890
T1tttt_1100_450_fast_triguncUp: 0.02229099 +/- 0.00009909
T1tttt_1100_450_fast_triguncDown: 0.02218297 +/- 0.00009862
T1tttt_1100_450_fast_btagSFuncUp: 0.02224590 +/- 0.00009979
T1tttt_1100_450_fast_btagSFuncDown: 0.02224591 +/- 0.00009804
T1tttt_1100_450_fast_mistagSFuncUp: 0.02224590 +/- 0.00009896
T1tttt_1100_450_fast_mistagSFuncDown: 0.02224591 +/- 0.00009884
T1tttt_1100_450_fast_isotrackuncUp: 0.02224591 +/- 0.00009890
T1tttt_1100_450_fast_isotrackuncDown: 0.02224591 +/- 0.00009890
T1tttt_1100_450_fast_lumiuncUp: 0.02224591 +/- 0.00009890
T1tttt_1100_450_fast_lumiuncDown: 0.02224591 +/- 0.00009890

RA2bin yield:
T1tttt_1100_450_fast_JECup: 0.02255584 +/- 0.00009972

RA2bin yield:
T1tttt_1100_450_fast_JECdown: 0.02193353 +/- 0.00009806

RA2bin yield:
T1tttt_1100_450_fast_JERup: 0.02231101 +/- 0.00009905

RA2bin yield:
T1tttt_1100_450_fast_JERdown: 0.02223339 +/- 0.00009890

Warning in <TInterpreter::ReadRootmapFile>: class  TUnfold found in libUnfold.so  is already in libHist.so 
Warning in <TInterpreter::ReadRootmapFile>: class  TUnfoldBinning found in libUnfold.so  is already in libHist.so 
Warning in <TInterpreter::ReadRootmapFile>: class  TUnfoldDensity found in libUnfold.so  is already in libHist.so 
Warning in <TInterpreter::ReadRootmapFile>: class  TUnfoldSys found in libUnfold.so  is already in libHist.so 
hadd Target file: datacards_fast/Combination_NJet3_MHT1_HT2_HTDPhiCut/FullScan/RA2bin_signal_T1tttt_1100_450_fast.root
hadd compression setting for all ouput: 1
hadd Source file 1: datacards_fast/Combination_NJet3_MHT1_HT2_HTDPhiCut/FullScan/RA2bin_signal_T1tttt_1100_450_fast_tmp.root
hadd Source file 2: datacards_fast/Combination_NJet3_MHT1_HT2_HTDPhiCut/FullScan/RA2bin_signal_JECup_T1tttt_1100_450_fast.root
hadd Source file 3: datacards_fast/Combination_NJet3_MHT1_HT2_HTDPhiCut/FullScan/RA2bin_signal_JECdown_T1tttt_1100_450_fast.root
hadd Source file 4: datacards_fast/Combination_NJet3_MHT1_HT2_HTDPhiCut/FullScan/RA2bin_signal_JERup_T1tttt_1100_450_fast.root
hadd Source file 5: datacards_fast/Combination_NJet3_MHT1_HT2_HTDPhiCut/FullScan/RA2bin_signal_JERdown_T1tttt_1100_450_fast.root
hadd Target path: datacards_fast/Combination_NJet3_MHT1_HT2_HTDPhiCut/FullScan/RA2bin_signal_T1tttt_1100_450_fast.root:/
