Warning in <TInterpreter::ReadRootmapFile>: class  TUnfold found in libUnfold.so  is already in libHist.so 
Warning in <TInterpreter::ReadRootmapFile>: class  TUnfoldBinning found in libUnfold.so  is already in libHist.so 
Warning in <TInterpreter::ReadRootmapFile>: class  TUnfoldDensity found in libUnfold.so  is already in libHist.so 
Warning in <TInterpreter::ReadRootmapFile>: class  TUnfoldSys found in libUnfold.so  is already in libHist.so 
Using /uscms/home/aperloff/.rootlogon.C
Loading shared libraries: 
 	 Style: tdrStyle_mod14
 	 CMSSW_BASE: /uscms_data/d2/aperloff/YOURWORKINGAREA/SUSY/slc6/CMSSW_8_0_25
 	 SCRAM_ARCH: slc6_amd64_gcc530
 	 HOME: /uscms/home/aperloff
 	 libFWCoreFWLite
 	 libDataFormatsFWLite
loaded


Processing MakeAllDCsyst.C+(1,"T1tttt_1050_300_fast","root://cmseos.fnal.gov//store/user/lpcsusyhad/SusyRA2Analysis2015/Skims/Run2ProductionV12/scan","Combination_NJet3_MHT1_HT2_HTDPhiCut/FullScan/")...
RA2bin yield:
T1tttt_1050_300_fast_nominal: 0.03387643 +/- 0.00014275
T1tttt_1050_300_fast_scaleuncUp: 0.03389085 +/- 0.00014300
T1tttt_1050_300_fast_scaleuncDown: 0.03386191 +/- 0.00014278
T1tttt_1050_300_fast_isruncUp: 0.03387643 +/- 0.00014275
T1tttt_1050_300_fast_isruncDown: 0.03387643 +/- 0.00014275
T1tttt_1050_300_fast_triguncUp: 0.03395245 +/- 0.00014307
T1tttt_1050_300_fast_triguncDown: 0.03376906 +/- 0.00014231
T1tttt_1050_300_fast_btagSFuncUp: 0.03387638 +/- 0.00014410
T1tttt_1050_300_fast_btagSFuncDown: 0.03387646 +/- 0.00014146
T1tttt_1050_300_fast_mistagSFuncUp: 0.03387643 +/- 0.00014286
T1tttt_1050_300_fast_mistagSFuncDown: 0.03387642 +/- 0.00014265
T1tttt_1050_300_fast_isotrackuncUp: 0.03387643 +/- 0.00014275
T1tttt_1050_300_fast_isotrackuncDown: 0.03387643 +/- 0.00014275
T1tttt_1050_300_fast_lumiuncUp: 0.03387643 +/- 0.00014275
T1tttt_1050_300_fast_lumiuncDown: 0.03387643 +/- 0.00014275

RA2bin yield:
T1tttt_1050_300_fast_JECup: 0.03414817 +/- 0.00014365

RA2bin yield:
T1tttt_1050_300_fast_JECdown: 0.03347519 +/- 0.00014169

RA2bin yield:
T1tttt_1050_300_fast_JERup: 0.03386994 +/- 0.00014275

RA2bin yield:
T1tttt_1050_300_fast_JERdown: 0.03383243 +/- 0.00014267

Warning in <TInterpreter::ReadRootmapFile>: class  TUnfold found in libUnfold.so  is already in libHist.so 
Warning in <TInterpreter::ReadRootmapFile>: class  TUnfoldBinning found in libUnfold.so  is already in libHist.so 
Warning in <TInterpreter::ReadRootmapFile>: class  TUnfoldDensity found in libUnfold.so  is already in libHist.so 
Warning in <TInterpreter::ReadRootmapFile>: class  TUnfoldSys found in libUnfold.so  is already in libHist.so 
hadd Target file: datacards_fast/Combination_NJet3_MHT1_HT2_HTDPhiCut/FullScan/RA2bin_signal_T1tttt_1050_300_fast.root
hadd compression setting for all ouput: 1
hadd Source file 1: datacards_fast/Combination_NJet3_MHT1_HT2_HTDPhiCut/FullScan/RA2bin_signal_T1tttt_1050_300_fast_tmp.root
hadd Source file 2: datacards_fast/Combination_NJet3_MHT1_HT2_HTDPhiCut/FullScan/RA2bin_signal_JECup_T1tttt_1050_300_fast.root
hadd Source file 3: datacards_fast/Combination_NJet3_MHT1_HT2_HTDPhiCut/FullScan/RA2bin_signal_JECdown_T1tttt_1050_300_fast.root
hadd Source file 4: datacards_fast/Combination_NJet3_MHT1_HT2_HTDPhiCut/FullScan/RA2bin_signal_JERup_T1tttt_1050_300_fast.root
hadd Source file 5: datacards_fast/Combination_NJet3_MHT1_HT2_HTDPhiCut/FullScan/RA2bin_signal_JERdown_T1tttt_1050_300_fast.root
hadd Target path: datacards_fast/Combination_NJet3_MHT1_HT2_HTDPhiCut/FullScan/RA2bin_signal_T1tttt_1050_300_fast.root:/
