Warning in <TInterpreter::ReadRootmapFile>: class  TUnfold found in libUnfold.so  is already in libHist.so 
Warning in <TInterpreter::ReadRootmapFile>: class  TUnfoldBinning found in libUnfold.so  is already in libHist.so 
Warning in <TInterpreter::ReadRootmapFile>: class  TUnfoldDensity found in libUnfold.so  is already in libHist.so 
Warning in <TInterpreter::ReadRootmapFile>: class  TUnfoldSys found in libUnfold.so  is already in libHist.so 
Using /uscms/home/aperloff/.rootlogon.C
Loading shared libraries: 
 	 Style: tdrStyle_mod14
 	 CMSSW_BASE: /uscms_data/d2/aperloff/YOURWORKINGAREA/SUSY/slc6/CMSSW_8_0_25
 	 SCRAM_ARCH: slc6_amd64_gcc530
 	 HOME: /uscms/home/aperloff
 	 libFWCoreFWLite
 	 libDataFormatsFWLite
loaded


Processing MakeAllDCsyst.C+(1,"T1tttt_750_500_fast","root://cmseos.fnal.gov//store/user/lpcsusyhad/SusyRA2Analysis2015/Skims/Run2ProductionV12/scan","Combination_NJet3_MHT1_HT2_HTDPhiCut/FullScan/")...
RA2bin yield:
T1tttt_750_500_fast_nominal: 0.03817223 +/- 0.00044926
T1tttt_750_500_fast_scaleuncUp: 0.03907683 +/- 0.00046028
T1tttt_750_500_fast_scaleuncDown: 0.03736493 +/- 0.00044002
T1tttt_750_500_fast_isruncUp: 0.03817223 +/- 0.00044926
T1tttt_750_500_fast_isruncDown: 0.03817223 +/- 0.00044926
T1tttt_750_500_fast_triguncUp: 0.03824738 +/- 0.00045014
T1tttt_750_500_fast_triguncDown: 0.03807103 +/- 0.00044808
T1tttt_750_500_fast_btagSFuncUp: 0.03817222 +/- 0.00044866
T1tttt_750_500_fast_btagSFuncDown: 0.03817225 +/- 0.00044994
T1tttt_750_500_fast_mistagSFuncUp: 0.03817220 +/- 0.00044830
T1tttt_750_500_fast_mistagSFuncDown: 0.03817227 +/- 0.00045023
T1tttt_750_500_fast_isotrackuncUp: 0.03817223 +/- 0.00044926
T1tttt_750_500_fast_isotrackuncDown: 0.03817223 +/- 0.00044926
T1tttt_750_500_fast_lumiuncUp: 0.03817223 +/- 0.00044926
T1tttt_750_500_fast_lumiuncDown: 0.03817223 +/- 0.00044926

RA2bin yield:
T1tttt_750_500_fast_JECup: 0.03854187 +/- 0.00044900

RA2bin yield:
T1tttt_750_500_fast_JECdown: 0.03786218 +/- 0.00045042

RA2bin yield:
T1tttt_750_500_fast_JERup: 0.03817425 +/- 0.00044907

RA2bin yield:
T1tttt_750_500_fast_JERdown: 0.03803053 +/- 0.00044884

Warning in <TInterpreter::ReadRootmapFile>: class  TUnfold found in libUnfold.so  is already in libHist.so 
Warning in <TInterpreter::ReadRootmapFile>: class  TUnfoldBinning found in libUnfold.so  is already in libHist.so 
Warning in <TInterpreter::ReadRootmapFile>: class  TUnfoldDensity found in libUnfold.so  is already in libHist.so 
Warning in <TInterpreter::ReadRootmapFile>: class  TUnfoldSys found in libUnfold.so  is already in libHist.so 
hadd Target file: datacards_fast/Combination_NJet3_MHT1_HT2_HTDPhiCut/FullScan/RA2bin_signal_T1tttt_750_500_fast.root
hadd compression setting for all ouput: 1
hadd Source file 1: datacards_fast/Combination_NJet3_MHT1_HT2_HTDPhiCut/FullScan/RA2bin_signal_T1tttt_750_500_fast_tmp.root
hadd Source file 2: datacards_fast/Combination_NJet3_MHT1_HT2_HTDPhiCut/FullScan/RA2bin_signal_JECup_T1tttt_750_500_fast.root
hadd Source file 3: datacards_fast/Combination_NJet3_MHT1_HT2_HTDPhiCut/FullScan/RA2bin_signal_JECdown_T1tttt_750_500_fast.root
hadd Source file 4: datacards_fast/Combination_NJet3_MHT1_HT2_HTDPhiCut/FullScan/RA2bin_signal_JERup_T1tttt_750_500_fast.root
hadd Source file 5: datacards_fast/Combination_NJet3_MHT1_HT2_HTDPhiCut/FullScan/RA2bin_signal_JERdown_T1tttt_750_500_fast.root
hadd Target path: datacards_fast/Combination_NJet3_MHT1_HT2_HTDPhiCut/FullScan/RA2bin_signal_T1tttt_750_500_fast.root:/
