Warning in <TInterpreter::ReadRootmapFile>: class  TUnfold found in libUnfold.so  is already in libHist.so 
Warning in <TInterpreter::ReadRootmapFile>: class  TUnfoldBinning found in libUnfold.so  is already in libHist.so 
Warning in <TInterpreter::ReadRootmapFile>: class  TUnfoldDensity found in libUnfold.so  is already in libHist.so 
Warning in <TInterpreter::ReadRootmapFile>: class  TUnfoldSys found in libUnfold.so  is already in libHist.so 
Using /uscms/home/aperloff/.rootlogon.C
Loading shared libraries: 
 	 Style: tdrStyle_mod14
 	 CMSSW_BASE: /uscms_data/d2/aperloff/YOURWORKINGAREA/SUSY/slc6/CMSSW_8_0_25
 	 SCRAM_ARCH: slc6_amd64_gcc530
 	 HOME: /uscms/home/aperloff
 	 libFWCoreFWLite
 	 libDataFormatsFWLite
loaded


Processing MakeAllDCsyst.C+(1,"T1tttt_600_100_fast","root://cmseos.fnal.gov//store/user/lpcsusyhad/SusyRA2Analysis2015/Skims/Run2ProductionV12/scan","Combination_NJet3_MHT1_HT2_HTDPhiCut/FullScan/")...
RA2bin yield:
T1tttt_600_100_fast_nominal: 0.15720566 +/- 0.00119110
T1tttt_600_100_fast_scaleuncUp: 0.15883106 +/- 0.00120483
T1tttt_600_100_fast_scaleuncDown: 0.15573040 +/- 0.00118051
T1tttt_600_100_fast_isruncUp: 0.15720566 +/- 0.00119110
T1tttt_600_100_fast_isruncDown: 0.15720566 +/- 0.00119110
T1tttt_600_100_fast_triguncUp: 0.15755990 +/- 0.00119379
T1tttt_600_100_fast_triguncDown: 0.15673175 +/- 0.00118751
T1tttt_600_100_fast_btagSFuncUp: 0.15720566 +/- 0.00120090
T1tttt_600_100_fast_btagSFuncDown: 0.15720567 +/- 0.00118175
T1tttt_600_100_fast_mistagSFuncUp: 0.15720565 +/- 0.00119159
T1tttt_600_100_fast_mistagSFuncDown: 0.15720568 +/- 0.00119064
T1tttt_600_100_fast_isotrackuncUp: 0.15720566 +/- 0.00119110
T1tttt_600_100_fast_isotrackuncDown: 0.15720566 +/- 0.00119110
T1tttt_600_100_fast_lumiuncUp: 0.15720566 +/- 0.00119110
T1tttt_600_100_fast_lumiuncDown: 0.15720566 +/- 0.00119110

RA2bin yield:
T1tttt_600_100_fast_JECup: 0.16375093 +/- 0.00121860

RA2bin yield:
T1tttt_600_100_fast_JECdown: 0.15091412 +/- 0.00116572

RA2bin yield:
T1tttt_600_100_fast_JERup: 0.15839660 +/- 0.00119676

RA2bin yield:
T1tttt_600_100_fast_JERdown: 0.15711536 +/- 0.00119113

Warning in <TInterpreter::ReadRootmapFile>: class  TUnfold found in libUnfold.so  is already in libHist.so 
Warning in <TInterpreter::ReadRootmapFile>: class  TUnfoldBinning found in libUnfold.so  is already in libHist.so 
Warning in <TInterpreter::ReadRootmapFile>: class  TUnfoldDensity found in libUnfold.so  is already in libHist.so 
Warning in <TInterpreter::ReadRootmapFile>: class  TUnfoldSys found in libUnfold.so  is already in libHist.so 
hadd Target file: datacards_fast/Combination_NJet3_MHT1_HT2_HTDPhiCut/FullScan/RA2bin_signal_T1tttt_600_100_fast.root
hadd compression setting for all ouput: 1
hadd Source file 1: datacards_fast/Combination_NJet3_MHT1_HT2_HTDPhiCut/FullScan/RA2bin_signal_T1tttt_600_100_fast_tmp.root
hadd Source file 2: datacards_fast/Combination_NJet3_MHT1_HT2_HTDPhiCut/FullScan/RA2bin_signal_JECup_T1tttt_600_100_fast.root
hadd Source file 3: datacards_fast/Combination_NJet3_MHT1_HT2_HTDPhiCut/FullScan/RA2bin_signal_JECdown_T1tttt_600_100_fast.root
hadd Source file 4: datacards_fast/Combination_NJet3_MHT1_HT2_HTDPhiCut/FullScan/RA2bin_signal_JERup_T1tttt_600_100_fast.root
hadd Source file 5: datacards_fast/Combination_NJet3_MHT1_HT2_HTDPhiCut/FullScan/RA2bin_signal_JERdown_T1tttt_600_100_fast.root
hadd Target path: datacards_fast/Combination_NJet3_MHT1_HT2_HTDPhiCut/FullScan/RA2bin_signal_T1tttt_600_100_fast.root:/
