Warning in <TInterpreter::ReadRootmapFile>: class  TUnfold found in libUnfold.so  is already in libHist.so 
Warning in <TInterpreter::ReadRootmapFile>: class  TUnfoldBinning found in libUnfold.so  is already in libHist.so 
Warning in <TInterpreter::ReadRootmapFile>: class  TUnfoldDensity found in libUnfold.so  is already in libHist.so 
Warning in <TInterpreter::ReadRootmapFile>: class  TUnfoldSys found in libUnfold.so  is already in libHist.so 
Using /uscms/home/aperloff/.rootlogon.C
Loading shared libraries: 
 	 Style: tdrStyle_mod14
 	 CMSSW_BASE: /uscms_data/d2/aperloff/YOURWORKINGAREA/SUSY/slc6/CMSSW_8_0_25
 	 SCRAM_ARCH: slc6_amd64_gcc530
 	 HOME: /uscms/home/aperloff
 	 libFWCoreFWLite
 	 libDataFormatsFWLite
loaded


Processing MakeAllDCsyst.C+(1,"T1tttt_700_100_fast","root://cmseos.fnal.gov//store/user/lpcsusyhad/SusyRA2Analysis2015/Skims/Run2ProductionV12/scan","Combination_NJet3_MHT1_HT2_HTDPhiCut/FullScan/")...
RA2bin yield:
T1tttt_700_100_fast_nominal: 0.17166007 +/- 0.00122332
T1tttt_700_100_fast_scaleuncUp: 0.17247166 +/- 0.00123063
T1tttt_700_100_fast_scaleuncDown: 0.17093193 +/- 0.00121872
T1tttt_700_100_fast_isruncUp: 0.17166007 +/- 0.00122332
T1tttt_700_100_fast_isruncDown: 0.17166007 +/- 0.00122332
T1tttt_700_100_fast_triguncUp: 0.17202707 +/- 0.00122590
T1tttt_700_100_fast_triguncDown: 0.17116207 +/- 0.00121980
T1tttt_700_100_fast_btagSFuncUp: 0.17165980 +/- 0.00123366
T1tttt_700_100_fast_btagSFuncDown: 0.17166029 +/- 0.00121344
T1tttt_700_100_fast_mistagSFuncUp: 0.17166005 +/- 0.00122391
T1tttt_700_100_fast_mistagSFuncDown: 0.17166006 +/- 0.00122275
T1tttt_700_100_fast_isotrackuncUp: 0.17166007 +/- 0.00122332
T1tttt_700_100_fast_isotrackuncDown: 0.17166007 +/- 0.00122332
T1tttt_700_100_fast_lumiuncUp: 0.17166007 +/- 0.00122332
T1tttt_700_100_fast_lumiuncDown: 0.17166007 +/- 0.00122332

RA2bin yield:
T1tttt_700_100_fast_JECup: 0.17739536 +/- 0.00124561

RA2bin yield:
T1tttt_700_100_fast_JECdown: 0.16599834 +/- 0.00120080

RA2bin yield:
T1tttt_700_100_fast_JERup: 0.17263465 +/- 0.00122661

RA2bin yield:
T1tttt_700_100_fast_JERdown: 0.17118234 +/- 0.00122121

Warning in <TInterpreter::ReadRootmapFile>: class  TUnfold found in libUnfold.so  is already in libHist.so 
Warning in <TInterpreter::ReadRootmapFile>: class  TUnfoldBinning found in libUnfold.so  is already in libHist.so 
Warning in <TInterpreter::ReadRootmapFile>: class  TUnfoldDensity found in libUnfold.so  is already in libHist.so 
Warning in <TInterpreter::ReadRootmapFile>: class  TUnfoldSys found in libUnfold.so  is already in libHist.so 
hadd Target file: datacards_fast/Combination_NJet3_MHT1_HT2_HTDPhiCut/FullScan/RA2bin_signal_T1tttt_700_100_fast.root
hadd compression setting for all ouput: 1
hadd Source file 1: datacards_fast/Combination_NJet3_MHT1_HT2_HTDPhiCut/FullScan/RA2bin_signal_T1tttt_700_100_fast_tmp.root
hadd Source file 2: datacards_fast/Combination_NJet3_MHT1_HT2_HTDPhiCut/FullScan/RA2bin_signal_JECup_T1tttt_700_100_fast.root
hadd Source file 3: datacards_fast/Combination_NJet3_MHT1_HT2_HTDPhiCut/FullScan/RA2bin_signal_JECdown_T1tttt_700_100_fast.root
hadd Source file 4: datacards_fast/Combination_NJet3_MHT1_HT2_HTDPhiCut/FullScan/RA2bin_signal_JERup_T1tttt_700_100_fast.root
hadd Source file 5: datacards_fast/Combination_NJet3_MHT1_HT2_HTDPhiCut/FullScan/RA2bin_signal_JERdown_T1tttt_700_100_fast.root
hadd Target path: datacards_fast/Combination_NJet3_MHT1_HT2_HTDPhiCut/FullScan/RA2bin_signal_T1tttt_700_100_fast.root:/
