Warning in <TInterpreter::ReadRootmapFile>: class  TUnfold found in libUnfold.so  is already in libHist.so 
Warning in <TInterpreter::ReadRootmapFile>: class  TUnfoldBinning found in libUnfold.so  is already in libHist.so 
Warning in <TInterpreter::ReadRootmapFile>: class  TUnfoldDensity found in libUnfold.so  is already in libHist.so 
Warning in <TInterpreter::ReadRootmapFile>: class  TUnfoldSys found in libUnfold.so  is already in libHist.so 
Using /uscms/home/aperloff/.rootlogon.C
Loading shared libraries: 
 	 Style: tdrStyle_mod14
 	 CMSSW_BASE: /uscms_data/d2/aperloff/YOURWORKINGAREA/SUSY/slc6/CMSSW_8_0_25
 	 SCRAM_ARCH: slc6_amd64_gcc530
 	 HOME: /uscms/home/aperloff
 	 libFWCoreFWLite
 	 libDataFormatsFWLite
loaded


Processing MakeAllDCsyst.C+(1,"T1tttt_1250_200_fast","root://cmseos.fnal.gov//store/user/lpcsusyhad/SusyRA2Analysis2015/Skims/Run2ProductionV12/scan","Combination_NJet3_MHT1_HT2_HTDPhiCut/FullScan/")...
RA2bin yield:
T1tttt_1250_200_fast_nominal: 0.01191728 +/- 0.00007462
T1tttt_1250_200_fast_scaleuncUp: 0.01192050 +/- 0.00007475
T1tttt_1250_200_fast_scaleuncDown: 0.01191441 +/- 0.00007464
T1tttt_1250_200_fast_isruncUp: 0.01191728 +/- 0.00007462
T1tttt_1250_200_fast_isruncDown: 0.01191728 +/- 0.00007462
T1tttt_1250_200_fast_triguncUp: 0.01195512 +/- 0.00007485
T1tttt_1250_200_fast_triguncDown: 0.01186428 +/- 0.00007430
T1tttt_1250_200_fast_btagSFuncUp: 0.01191727 +/- 0.00007538
T1tttt_1250_200_fast_btagSFuncDown: 0.01191728 +/- 0.00007390
T1tttt_1250_200_fast_mistagSFuncUp: 0.01191728 +/- 0.00007470
T1tttt_1250_200_fast_mistagSFuncDown: 0.01191728 +/- 0.00007455
T1tttt_1250_200_fast_isotrackuncUp: 0.01191728 +/- 0.00007462
T1tttt_1250_200_fast_isotrackuncDown: 0.01191728 +/- 0.00007462
T1tttt_1250_200_fast_lumiuncUp: 0.01191728 +/- 0.00007462
T1tttt_1250_200_fast_lumiuncDown: 0.01191728 +/- 0.00007462

RA2bin yield:
T1tttt_1250_200_fast_JECup: 0.01195440 +/- 0.00007484

RA2bin yield:
T1tttt_1250_200_fast_JECdown: 0.01185663 +/- 0.00007432

RA2bin yield:
T1tttt_1250_200_fast_JERup: 0.01190853 +/- 0.00007458

RA2bin yield:
T1tttt_1250_200_fast_JERdown: 0.01191362 +/- 0.00007462

Warning in <TInterpreter::ReadRootmapFile>: class  TUnfold found in libUnfold.so  is already in libHist.so 
Warning in <TInterpreter::ReadRootmapFile>: class  TUnfoldBinning found in libUnfold.so  is already in libHist.so 
Warning in <TInterpreter::ReadRootmapFile>: class  TUnfoldDensity found in libUnfold.so  is already in libHist.so 
Warning in <TInterpreter::ReadRootmapFile>: class  TUnfoldSys found in libUnfold.so  is already in libHist.so 
hadd Target file: datacards_fast/Combination_NJet3_MHT1_HT2_HTDPhiCut/FullScan/RA2bin_signal_T1tttt_1250_200_fast.root
hadd compression setting for all ouput: 1
hadd Source file 1: datacards_fast/Combination_NJet3_MHT1_HT2_HTDPhiCut/FullScan/RA2bin_signal_T1tttt_1250_200_fast_tmp.root
hadd Source file 2: datacards_fast/Combination_NJet3_MHT1_HT2_HTDPhiCut/FullScan/RA2bin_signal_JECup_T1tttt_1250_200_fast.root
hadd Source file 3: datacards_fast/Combination_NJet3_MHT1_HT2_HTDPhiCut/FullScan/RA2bin_signal_JECdown_T1tttt_1250_200_fast.root
hadd Source file 4: datacards_fast/Combination_NJet3_MHT1_HT2_HTDPhiCut/FullScan/RA2bin_signal_JERup_T1tttt_1250_200_fast.root
hadd Source file 5: datacards_fast/Combination_NJet3_MHT1_HT2_HTDPhiCut/FullScan/RA2bin_signal_JERdown_T1tttt_1250_200_fast.root
hadd Target path: datacards_fast/Combination_NJet3_MHT1_HT2_HTDPhiCut/FullScan/RA2bin_signal_T1tttt_1250_200_fast.root:/
