Warning in <TInterpreter::ReadRootmapFile>: class  TUnfold found in libUnfold.so  is already in libHist.so 
Warning in <TInterpreter::ReadRootmapFile>: class  TUnfoldBinning found in libUnfold.so  is already in libHist.so 
Warning in <TInterpreter::ReadRootmapFile>: class  TUnfoldDensity found in libUnfold.so  is already in libHist.so 
Warning in <TInterpreter::ReadRootmapFile>: class  TUnfoldSys found in libUnfold.so  is already in libHist.so 
Using /uscms/home/aperloff/.rootlogon.C
Loading shared libraries: 
 	 Style: tdrStyle_mod14
 	 CMSSW_BASE: /uscms_data/d2/aperloff/YOURWORKINGAREA/SUSY/slc6/CMSSW_8_0_25
 	 SCRAM_ARCH: slc6_amd64_gcc530
 	 HOME: /uscms/home/aperloff
 	 libFWCoreFWLite
 	 libDataFormatsFWLite
loaded


Processing MakeAllDCsyst.C+(1,"T1tttt_1100_1_fast","root://cmseos.fnal.gov//store/user/lpcsusyhad/SusyRA2Analysis2015/Skims/Run2ProductionV12/scan","Combination_NJet3_MHT1_HT2_HTDPhiCut/FullScan/")...
RA2bin yield:
T1tttt_1100_1_fast_nominal: 0.02625482 +/- 0.00010942
T1tttt_1100_1_fast_scaleuncUp: 0.02625276 +/- 0.00010955
T1tttt_1100_1_fast_scaleuncDown: 0.02625739 +/- 0.00010950
T1tttt_1100_1_fast_isruncUp: 0.02625482 +/- 0.00010942
T1tttt_1100_1_fast_isruncDown: 0.02625482 +/- 0.00010942
T1tttt_1100_1_fast_triguncUp: 0.02633733 +/- 0.00010975
T1tttt_1100_1_fast_triguncDown: 0.02613952 +/- 0.00010895
T1tttt_1100_1_fast_btagSFuncUp: 0.02625478 +/- 0.00011050
T1tttt_1100_1_fast_btagSFuncDown: 0.02625487 +/- 0.00010838
T1tttt_1100_1_fast_mistagSFuncUp: 0.02625482 +/- 0.00010952
T1tttt_1100_1_fast_mistagSFuncDown: 0.02625483 +/- 0.00010931
T1tttt_1100_1_fast_isotrackuncUp: 0.02625482 +/- 0.00010942
T1tttt_1100_1_fast_isotrackuncDown: 0.02625482 +/- 0.00010942
T1tttt_1100_1_fast_lumiuncUp: 0.02625482 +/- 0.00010942
T1tttt_1100_1_fast_lumiuncDown: 0.02625482 +/- 0.00010942

RA2bin yield:
T1tttt_1100_1_fast_JECup: 0.02640835 +/- 0.00010989

RA2bin yield:
T1tttt_1100_1_fast_JECdown: 0.02606096 +/- 0.00010882

RA2bin yield:
T1tttt_1100_1_fast_JERup: 0.02630502 +/- 0.00010950

RA2bin yield:
T1tttt_1100_1_fast_JERdown: 0.02627429 +/- 0.00010945

Warning in <TInterpreter::ReadRootmapFile>: class  TUnfold found in libUnfold.so  is already in libHist.so 
Warning in <TInterpreter::ReadRootmapFile>: class  TUnfoldBinning found in libUnfold.so  is already in libHist.so 
Warning in <TInterpreter::ReadRootmapFile>: class  TUnfoldDensity found in libUnfold.so  is already in libHist.so 
Warning in <TInterpreter::ReadRootmapFile>: class  TUnfoldSys found in libUnfold.so  is already in libHist.so 
hadd Target file: datacards_fast/Combination_NJet3_MHT1_HT2_HTDPhiCut/FullScan/RA2bin_signal_T1tttt_1100_1_fast.root
hadd compression setting for all ouput: 1
hadd Source file 1: datacards_fast/Combination_NJet3_MHT1_HT2_HTDPhiCut/FullScan/RA2bin_signal_T1tttt_1100_1_fast_tmp.root
hadd Source file 2: datacards_fast/Combination_NJet3_MHT1_HT2_HTDPhiCut/FullScan/RA2bin_signal_JECup_T1tttt_1100_1_fast.root
hadd Source file 3: datacards_fast/Combination_NJet3_MHT1_HT2_HTDPhiCut/FullScan/RA2bin_signal_JECdown_T1tttt_1100_1_fast.root
hadd Source file 4: datacards_fast/Combination_NJet3_MHT1_HT2_HTDPhiCut/FullScan/RA2bin_signal_JERup_T1tttt_1100_1_fast.root
hadd Source file 5: datacards_fast/Combination_NJet3_MHT1_HT2_HTDPhiCut/FullScan/RA2bin_signal_JERdown_T1tttt_1100_1_fast.root
hadd Target path: datacards_fast/Combination_NJet3_MHT1_HT2_HTDPhiCut/FullScan/RA2bin_signal_T1tttt_1100_1_fast.root:/
