Warning in <TInterpreter::ReadRootmapFile>: class  TUnfold found in libUnfold.so  is already in libHist.so 
Warning in <TInterpreter::ReadRootmapFile>: class  TUnfoldBinning found in libUnfold.so  is already in libHist.so 
Warning in <TInterpreter::ReadRootmapFile>: class  TUnfoldDensity found in libUnfold.so  is already in libHist.so 
Warning in <TInterpreter::ReadRootmapFile>: class  TUnfoldSys found in libUnfold.so  is already in libHist.so 
Using /uscms/home/aperloff/.rootlogon.C
Loading shared libraries: 
 	 Style: tdrStyle_mod14
 	 CMSSW_BASE: /uscms_data/d2/aperloff/YOURWORKINGAREA/SUSY/slc6/CMSSW_8_0_25
 	 SCRAM_ARCH: slc6_amd64_gcc530
 	 HOME: /uscms/home/aperloff
 	 libFWCoreFWLite
 	 libDataFormatsFWLite
loaded


Processing MakeAllDCsyst.C+(1,"T1tttt_900_675_fast","root://cmseos.fnal.gov//store/user/lpcsusyhad/SusyRA2Analysis2015/Skims/Run2ProductionV12/scan","Combination_NJet3_MHT1_HT2_HTDPhiCut/FullScan/")...
RA2bin yield:
T1tttt_900_675_fast_nominal: 0.01566854 +/- 0.00017203
T1tttt_900_675_fast_scaleuncUp: 0.01605245 +/- 0.00017626
T1tttt_900_675_fast_scaleuncDown: 0.01532507 +/- 0.00016844
T1tttt_900_675_fast_isruncUp: 0.01566854 +/- 0.00017203
T1tttt_900_675_fast_isruncDown: 0.01566854 +/- 0.00017203
T1tttt_900_675_fast_triguncUp: 0.01569853 +/- 0.00017236
T1tttt_900_675_fast_triguncDown: 0.01562794 +/- 0.00017158
T1tttt_900_675_fast_btagSFuncUp: 0.01566853 +/- 0.00017148
T1tttt_900_675_fast_btagSFuncDown: 0.01566855 +/- 0.00017260
T1tttt_900_675_fast_mistagSFuncUp: 0.01566853 +/- 0.00017153
T1tttt_900_675_fast_mistagSFuncDown: 0.01566855 +/- 0.00017253
T1tttt_900_675_fast_isotrackuncUp: 0.01566854 +/- 0.00017203
T1tttt_900_675_fast_isotrackuncDown: 0.01566854 +/- 0.00017203
T1tttt_900_675_fast_lumiuncUp: 0.01566854 +/- 0.00017203
T1tttt_900_675_fast_lumiuncDown: 0.01566854 +/- 0.00017203

RA2bin yield:
T1tttt_900_675_fast_JECup: 0.01575756 +/- 0.00017087

RA2bin yield:
T1tttt_900_675_fast_JECdown: 0.01543037 +/- 0.00017199

RA2bin yield:
T1tttt_900_675_fast_JERup: 0.01555947 +/- 0.00017124

RA2bin yield:
T1tttt_900_675_fast_JERdown: 0.01556886 +/- 0.00017166

Warning in <TInterpreter::ReadRootmapFile>: class  TUnfold found in libUnfold.so  is already in libHist.so 
Warning in <TInterpreter::ReadRootmapFile>: class  TUnfoldBinning found in libUnfold.so  is already in libHist.so 
Warning in <TInterpreter::ReadRootmapFile>: class  TUnfoldDensity found in libUnfold.so  is already in libHist.so 
Warning in <TInterpreter::ReadRootmapFile>: class  TUnfoldSys found in libUnfold.so  is already in libHist.so 
hadd Target file: datacards_fast/Combination_NJet3_MHT1_HT2_HTDPhiCut/FullScan/RA2bin_signal_T1tttt_900_675_fast.root
hadd compression setting for all ouput: 1
hadd Source file 1: datacards_fast/Combination_NJet3_MHT1_HT2_HTDPhiCut/FullScan/RA2bin_signal_T1tttt_900_675_fast_tmp.root
hadd Source file 2: datacards_fast/Combination_NJet3_MHT1_HT2_HTDPhiCut/FullScan/RA2bin_signal_JECup_T1tttt_900_675_fast.root
hadd Source file 3: datacards_fast/Combination_NJet3_MHT1_HT2_HTDPhiCut/FullScan/RA2bin_signal_JECdown_T1tttt_900_675_fast.root
hadd Source file 4: datacards_fast/Combination_NJet3_MHT1_HT2_HTDPhiCut/FullScan/RA2bin_signal_JERup_T1tttt_900_675_fast.root
hadd Source file 5: datacards_fast/Combination_NJet3_MHT1_HT2_HTDPhiCut/FullScan/RA2bin_signal_JERdown_T1tttt_900_675_fast.root
hadd Target path: datacards_fast/Combination_NJet3_MHT1_HT2_HTDPhiCut/FullScan/RA2bin_signal_T1tttt_900_675_fast.root:/
