Warning in <TInterpreter::ReadRootmapFile>: class  TUnfold found in libUnfold.so  is already in libHist.so 
Warning in <TInterpreter::ReadRootmapFile>: class  TUnfoldBinning found in libUnfold.so  is already in libHist.so 
Warning in <TInterpreter::ReadRootmapFile>: class  TUnfoldDensity found in libUnfold.so  is already in libHist.so 
Warning in <TInterpreter::ReadRootmapFile>: class  TUnfoldSys found in libUnfold.so  is already in libHist.so 
Using /uscms/home/aperloff/.rootlogon.C
Loading shared libraries: 
 	 Style: tdrStyle_mod14
 	 CMSSW_BASE: /uscms_data/d2/aperloff/YOURWORKINGAREA/SUSY/slc6/CMSSW_8_0_25
 	 SCRAM_ARCH: slc6_amd64_gcc530
 	 HOME: /uscms/home/aperloff
 	 libFWCoreFWLite
 	 libDataFormatsFWLite
loaded


Processing MakeAllDCsyst.C+(1,"T1tttt_1800_1200_fast","root://cmseos.fnal.gov//store/user/lpcsusyhad/SusyRA2Analysis2015/Skims/Run2ProductionV12/scan","Combination_NJet3_MHT1_HT2_HTDPhiCut/FullScan/")...
RA2bin yield:
T1tttt_1800_1200_fast_nominal: 0.00043521 +/- 0.00000490
T1tttt_1800_1200_fast_scaleuncUp: 0.00043637 +/- 0.00000492
T1tttt_1800_1200_fast_scaleuncDown: 0.00043427 +/- 0.00000490
T1tttt_1800_1200_fast_isruncUp: 0.00043521 +/- 0.00000490
T1tttt_1800_1200_fast_isruncDown: 0.00043521 +/- 0.00000490
T1tttt_1800_1200_fast_triguncUp: 0.00043598 +/- 0.00000491
T1tttt_1800_1200_fast_triguncDown: 0.00043413 +/- 0.00000489
T1tttt_1800_1200_fast_btagSFuncUp: 0.00043521 +/- 0.00000495
T1tttt_1800_1200_fast_btagSFuncDown: 0.00043522 +/- 0.00000486
T1tttt_1800_1200_fast_mistagSFuncUp: 0.00043521 +/- 0.00000491
T1tttt_1800_1200_fast_mistagSFuncDown: 0.00043521 +/- 0.00000490
T1tttt_1800_1200_fast_isotrackuncUp: 0.00043521 +/- 0.00000490
T1tttt_1800_1200_fast_isotrackuncDown: 0.00043521 +/- 0.00000490
T1tttt_1800_1200_fast_lumiuncUp: 0.00043521 +/- 0.00000490
T1tttt_1800_1200_fast_lumiuncDown: 0.00043521 +/- 0.00000490

RA2bin yield:
T1tttt_1800_1200_fast_JECup: 0.00043930 +/- 0.00000494

RA2bin yield:
T1tttt_1800_1200_fast_JECdown: 0.00043100 +/- 0.00000487

RA2bin yield:
T1tttt_1800_1200_fast_JERup: 0.00043580 +/- 0.00000491

RA2bin yield:
T1tttt_1800_1200_fast_JERdown: 0.00043508 +/- 0.00000490

Warning in <TInterpreter::ReadRootmapFile>: class  TUnfold found in libUnfold.so  is already in libHist.so 
Warning in <TInterpreter::ReadRootmapFile>: class  TUnfoldBinning found in libUnfold.so  is already in libHist.so 
Warning in <TInterpreter::ReadRootmapFile>: class  TUnfoldDensity found in libUnfold.so  is already in libHist.so 
Warning in <TInterpreter::ReadRootmapFile>: class  TUnfoldSys found in libUnfold.so  is already in libHist.so 
hadd Target file: datacards_fast/Combination_NJet3_MHT1_HT2_HTDPhiCut/FullScan/RA2bin_signal_T1tttt_1800_1200_fast.root
hadd compression setting for all ouput: 1
hadd Source file 1: datacards_fast/Combination_NJet3_MHT1_HT2_HTDPhiCut/FullScan/RA2bin_signal_T1tttt_1800_1200_fast_tmp.root
hadd Source file 2: datacards_fast/Combination_NJet3_MHT1_HT2_HTDPhiCut/FullScan/RA2bin_signal_JECup_T1tttt_1800_1200_fast.root
hadd Source file 3: datacards_fast/Combination_NJet3_MHT1_HT2_HTDPhiCut/FullScan/RA2bin_signal_JECdown_T1tttt_1800_1200_fast.root
hadd Source file 4: datacards_fast/Combination_NJet3_MHT1_HT2_HTDPhiCut/FullScan/RA2bin_signal_JERup_T1tttt_1800_1200_fast.root
hadd Source file 5: datacards_fast/Combination_NJet3_MHT1_HT2_HTDPhiCut/FullScan/RA2bin_signal_JERdown_T1tttt_1800_1200_fast.root
hadd Target path: datacards_fast/Combination_NJet3_MHT1_HT2_HTDPhiCut/FullScan/RA2bin_signal_T1tttt_1800_1200_fast.root:/
