Warning in <TInterpreter::ReadRootmapFile>: class  TUnfold found in libUnfold.so  is already in libHist.so 
Warning in <TInterpreter::ReadRootmapFile>: class  TUnfoldBinning found in libUnfold.so  is already in libHist.so 
Warning in <TInterpreter::ReadRootmapFile>: class  TUnfoldDensity found in libUnfold.so  is already in libHist.so 
Warning in <TInterpreter::ReadRootmapFile>: class  TUnfoldSys found in libUnfold.so  is already in libHist.so 
Using /uscms/home/aperloff/.rootlogon.C
Loading shared libraries: 
 	 Style: tdrStyle_mod14
 	 CMSSW_BASE: /uscms_data/d2/aperloff/YOURWORKINGAREA/SUSY/slc6/CMSSW_8_0_25
 	 SCRAM_ARCH: slc6_amd64_gcc530
 	 HOME: /uscms/home/aperloff
 	 libFWCoreFWLite
 	 libDataFormatsFWLite
loaded


Processing MakeAllDCsyst.C+(1,"T1tttt_900_200_fast","root://cmseos.fnal.gov//store/user/lpcsusyhad/SusyRA2Analysis2015/Skims/Run2ProductionV12/scan","Combination_NJet3_MHT1_HT2_HTDPhiCut/FullScan/")...
RA2bin yield:
T1tttt_900_200_fast_nominal: 0.07792297 +/- 0.00036349
T1tttt_900_200_fast_scaleuncUp: 0.07806209 +/- 0.00036465
T1tttt_900_200_fast_scaleuncDown: 0.07780145 +/- 0.00036310
T1tttt_900_200_fast_isruncUp: 0.07792297 +/- 0.00036349
T1tttt_900_200_fast_isruncDown: 0.07792297 +/- 0.00036349
T1tttt_900_200_fast_triguncUp: 0.07809252 +/- 0.00036427
T1tttt_900_200_fast_triguncDown: 0.07768788 +/- 0.00036240
T1tttt_900_200_fast_btagSFuncUp: 0.07792295 +/- 0.00036680
T1tttt_900_200_fast_btagSFuncDown: 0.07792296 +/- 0.00036032
T1tttt_900_200_fast_mistagSFuncUp: 0.07792295 +/- 0.00036374
T1tttt_900_200_fast_mistagSFuncDown: 0.07792296 +/- 0.00036324
T1tttt_900_200_fast_isotrackuncUp: 0.07792297 +/- 0.00036349
T1tttt_900_200_fast_isotrackuncDown: 0.07792297 +/- 0.00036349
T1tttt_900_200_fast_lumiuncUp: 0.07792297 +/- 0.00036349
T1tttt_900_200_fast_lumiuncDown: 0.07792297 +/- 0.00036349

RA2bin yield:
T1tttt_900_200_fast_JECup: 0.07914434 +/- 0.00036696

RA2bin yield:
T1tttt_900_200_fast_JECdown: 0.07686461 +/- 0.00036056

RA2bin yield:
T1tttt_900_200_fast_JERup: 0.07800883 +/- 0.00036381

RA2bin yield:
T1tttt_900_200_fast_JERdown: 0.07804860 +/- 0.00036383

Warning in <TInterpreter::ReadRootmapFile>: class  TUnfold found in libUnfold.so  is already in libHist.so 
Warning in <TInterpreter::ReadRootmapFile>: class  TUnfoldBinning found in libUnfold.so  is already in libHist.so 
Warning in <TInterpreter::ReadRootmapFile>: class  TUnfoldDensity found in libUnfold.so  is already in libHist.so 
Warning in <TInterpreter::ReadRootmapFile>: class  TUnfoldSys found in libUnfold.so  is already in libHist.so 
hadd Target file: datacards_fast/Combination_NJet3_MHT1_HT2_HTDPhiCut/FullScan/RA2bin_signal_T1tttt_900_200_fast.root
hadd compression setting for all ouput: 1
hadd Source file 1: datacards_fast/Combination_NJet3_MHT1_HT2_HTDPhiCut/FullScan/RA2bin_signal_T1tttt_900_200_fast_tmp.root
hadd Source file 2: datacards_fast/Combination_NJet3_MHT1_HT2_HTDPhiCut/FullScan/RA2bin_signal_JECup_T1tttt_900_200_fast.root
hadd Source file 3: datacards_fast/Combination_NJet3_MHT1_HT2_HTDPhiCut/FullScan/RA2bin_signal_JECdown_T1tttt_900_200_fast.root
hadd Source file 4: datacards_fast/Combination_NJet3_MHT1_HT2_HTDPhiCut/FullScan/RA2bin_signal_JERup_T1tttt_900_200_fast.root
hadd Source file 5: datacards_fast/Combination_NJet3_MHT1_HT2_HTDPhiCut/FullScan/RA2bin_signal_JERdown_T1tttt_900_200_fast.root
hadd Target path: datacards_fast/Combination_NJet3_MHT1_HT2_HTDPhiCut/FullScan/RA2bin_signal_T1tttt_900_200_fast.root:/
