Warning in <TInterpreter::ReadRootmapFile>: class  TUnfold found in libUnfold.so  is already in libHist.so 
Warning in <TInterpreter::ReadRootmapFile>: class  TUnfoldBinning found in libUnfold.so  is already in libHist.so 
Warning in <TInterpreter::ReadRootmapFile>: class  TUnfoldDensity found in libUnfold.so  is already in libHist.so 
Warning in <TInterpreter::ReadRootmapFile>: class  TUnfoldSys found in libUnfold.so  is already in libHist.so 
Using /uscms/home/aperloff/.rootlogon.C
Loading shared libraries: 
 	 Style: tdrStyle_mod14
 	 CMSSW_BASE: /uscms_data/d2/aperloff/YOURWORKINGAREA/SUSY/slc6/CMSSW_8_0_25
 	 SCRAM_ARCH: slc6_amd64_gcc530
 	 HOME: /uscms/home/aperloff
 	 libFWCoreFWLite
 	 libDataFormatsFWLite
loaded


Processing MakeAllDCsyst.C+(1,"T1tttt_1100_200_fast","root://cmseos.fnal.gov//store/user/lpcsusyhad/SusyRA2Analysis2015/Skims/Run2ProductionV12/scan","Combination_NJet3_MHT1_HT2_HTDPhiCut/FullScan/")...
RA2bin yield:
T1tttt_1100_200_fast_nominal: 0.02736551 +/- 0.00010692
T1tttt_1100_200_fast_scaleuncUp: 0.02737130 +/- 0.00010710
T1tttt_1100_200_fast_scaleuncDown: 0.02736026 +/- 0.00010695
T1tttt_1100_200_fast_isruncUp: 0.02736551 +/- 0.00010692
T1tttt_1100_200_fast_isruncDown: 0.02736551 +/- 0.00010692
T1tttt_1100_200_fast_triguncUp: 0.02743795 +/- 0.00010720
T1tttt_1100_200_fast_triguncDown: 0.02726387 +/- 0.00010653
T1tttt_1100_200_fast_btagSFuncUp: 0.02736551 +/- 0.00010795
T1tttt_1100_200_fast_btagSFuncDown: 0.02736552 +/- 0.00010594
T1tttt_1100_200_fast_mistagSFuncUp: 0.02736551 +/- 0.00010701
T1tttt_1100_200_fast_mistagSFuncDown: 0.02736552 +/- 0.00010683
T1tttt_1100_200_fast_isotrackuncUp: 0.02736551 +/- 0.00010692
T1tttt_1100_200_fast_isotrackuncDown: 0.02736551 +/- 0.00010692
T1tttt_1100_200_fast_lumiuncUp: 0.02736551 +/- 0.00010692
T1tttt_1100_200_fast_lumiuncDown: 0.02736551 +/- 0.00010692

RA2bin yield:
T1tttt_1100_200_fast_JECup: 0.02758774 +/- 0.00010755

RA2bin yield:
T1tttt_1100_200_fast_JECdown: 0.02721074 +/- 0.00010642

RA2bin yield:
T1tttt_1100_200_fast_JERup: 0.02739879 +/- 0.00010699

RA2bin yield:
T1tttt_1100_200_fast_JERdown: 0.02740437 +/- 0.00010700

Warning in <TInterpreter::ReadRootmapFile>: class  TUnfold found in libUnfold.so  is already in libHist.so 
Warning in <TInterpreter::ReadRootmapFile>: class  TUnfoldBinning found in libUnfold.so  is already in libHist.so 
Warning in <TInterpreter::ReadRootmapFile>: class  TUnfoldDensity found in libUnfold.so  is already in libHist.so 
Warning in <TInterpreter::ReadRootmapFile>: class  TUnfoldSys found in libUnfold.so  is already in libHist.so 
hadd Target file: datacards_fast/Combination_NJet3_MHT1_HT2_HTDPhiCut/FullScan/RA2bin_signal_T1tttt_1100_200_fast.root
hadd compression setting for all ouput: 1
hadd Source file 1: datacards_fast/Combination_NJet3_MHT1_HT2_HTDPhiCut/FullScan/RA2bin_signal_T1tttt_1100_200_fast_tmp.root
hadd Source file 2: datacards_fast/Combination_NJet3_MHT1_HT2_HTDPhiCut/FullScan/RA2bin_signal_JECup_T1tttt_1100_200_fast.root
hadd Source file 3: datacards_fast/Combination_NJet3_MHT1_HT2_HTDPhiCut/FullScan/RA2bin_signal_JECdown_T1tttt_1100_200_fast.root
hadd Source file 4: datacards_fast/Combination_NJet3_MHT1_HT2_HTDPhiCut/FullScan/RA2bin_signal_JERup_T1tttt_1100_200_fast.root
hadd Source file 5: datacards_fast/Combination_NJet3_MHT1_HT2_HTDPhiCut/FullScan/RA2bin_signal_JERdown_T1tttt_1100_200_fast.root
hadd Target path: datacards_fast/Combination_NJet3_MHT1_HT2_HTDPhiCut/FullScan/RA2bin_signal_T1tttt_1100_200_fast.root:/
