Warning in <TInterpreter::ReadRootmapFile>: class  TUnfold found in libUnfold.so  is already in libHist.so 
Warning in <TInterpreter::ReadRootmapFile>: class  TUnfoldBinning found in libUnfold.so  is already in libHist.so 
Warning in <TInterpreter::ReadRootmapFile>: class  TUnfoldDensity found in libUnfold.so  is already in libHist.so 
Warning in <TInterpreter::ReadRootmapFile>: class  TUnfoldSys found in libUnfold.so  is already in libHist.so 
Using /uscms/home/aperloff/.rootlogon.C
Loading shared libraries: 
 	 Style: tdrStyle_mod14
 	 CMSSW_BASE: /uscms_data/d2/aperloff/YOURWORKINGAREA/SUSY/slc6/CMSSW_8_0_25
 	 SCRAM_ARCH: slc6_amd64_gcc530
 	 HOME: /uscms/home/aperloff
 	 libFWCoreFWLite
 	 libDataFormatsFWLite
loaded


Processing MakeAllDCsyst.C+(1,"T1tttt_900_600_fast","root://cmseos.fnal.gov//store/user/lpcsusyhad/SusyRA2Analysis2015/Skims/Run2ProductionV12/scan","Combination_NJet3_MHT1_HT2_HTDPhiCut/FullScan/")...
RA2bin yield:
T1tttt_900_600_fast_nominal: 0.01330856 +/- 0.00014340
T1tttt_900_600_fast_scaleuncUp: 0.01364627 +/- 0.00014712
T1tttt_900_600_fast_scaleuncDown: 0.01300864 +/- 0.00014027
T1tttt_900_600_fast_isruncUp: 0.01330856 +/- 0.00014340
T1tttt_900_600_fast_isruncDown: 0.01330856 +/- 0.00014340
T1tttt_900_600_fast_triguncUp: 0.01333499 +/- 0.00014369
T1tttt_900_600_fast_triguncDown: 0.01327279 +/- 0.00014302
T1tttt_900_600_fast_btagSFuncUp: 0.01330856 +/- 0.00014368
T1tttt_900_600_fast_btagSFuncDown: 0.01330856 +/- 0.00014316
T1tttt_900_600_fast_mistagSFuncUp: 0.01330855 +/- 0.00014321
T1tttt_900_600_fast_mistagSFuncDown: 0.01330857 +/- 0.00014360
T1tttt_900_600_fast_isotrackuncUp: 0.01330856 +/- 0.00014340
T1tttt_900_600_fast_isotrackuncDown: 0.01330856 +/- 0.00014340
T1tttt_900_600_fast_lumiuncUp: 0.01330856 +/- 0.00014340
T1tttt_900_600_fast_lumiuncDown: 0.01330856 +/- 0.00014340

RA2bin yield:
T1tttt_900_600_fast_JECup: 0.01343827 +/- 0.00014371

RA2bin yield:
T1tttt_900_600_fast_JECdown: 0.01312932 +/- 0.00014279

RA2bin yield:
T1tttt_900_600_fast_JERup: 0.01331295 +/- 0.00014349

RA2bin yield:
T1tttt_900_600_fast_JERdown: 0.01323729 +/- 0.00014310

Warning in <TInterpreter::ReadRootmapFile>: class  TUnfold found in libUnfold.so  is already in libHist.so 
Warning in <TInterpreter::ReadRootmapFile>: class  TUnfoldBinning found in libUnfold.so  is already in libHist.so 
Warning in <TInterpreter::ReadRootmapFile>: class  TUnfoldDensity found in libUnfold.so  is already in libHist.so 
Warning in <TInterpreter::ReadRootmapFile>: class  TUnfoldSys found in libUnfold.so  is already in libHist.so 
hadd Target file: datacards_fast/Combination_NJet3_MHT1_HT2_HTDPhiCut/FullScan/RA2bin_signal_T1tttt_900_600_fast.root
hadd compression setting for all ouput: 1
hadd Source file 1: datacards_fast/Combination_NJet3_MHT1_HT2_HTDPhiCut/FullScan/RA2bin_signal_T1tttt_900_600_fast_tmp.root
hadd Source file 2: datacards_fast/Combination_NJet3_MHT1_HT2_HTDPhiCut/FullScan/RA2bin_signal_JECup_T1tttt_900_600_fast.root
hadd Source file 3: datacards_fast/Combination_NJet3_MHT1_HT2_HTDPhiCut/FullScan/RA2bin_signal_JECdown_T1tttt_900_600_fast.root
hadd Source file 4: datacards_fast/Combination_NJet3_MHT1_HT2_HTDPhiCut/FullScan/RA2bin_signal_JERup_T1tttt_900_600_fast.root
hadd Source file 5: datacards_fast/Combination_NJet3_MHT1_HT2_HTDPhiCut/FullScan/RA2bin_signal_JERdown_T1tttt_900_600_fast.root
hadd Target path: datacards_fast/Combination_NJet3_MHT1_HT2_HTDPhiCut/FullScan/RA2bin_signal_T1tttt_900_600_fast.root:/
