Warning in <TInterpreter::ReadRootmapFile>: class  TUnfold found in libUnfold.so  is already in libHist.so 
Warning in <TInterpreter::ReadRootmapFile>: class  TUnfoldBinning found in libUnfold.so  is already in libHist.so 
Warning in <TInterpreter::ReadRootmapFile>: class  TUnfoldDensity found in libUnfold.so  is already in libHist.so 
Warning in <TInterpreter::ReadRootmapFile>: class  TUnfoldSys found in libUnfold.so  is already in libHist.so 
Using /uscms/home/aperloff/.rootlogon.C
Loading shared libraries: 
 	 Style: tdrStyle_mod14
 	 CMSSW_BASE: /uscms_data/d2/aperloff/YOURWORKINGAREA/SUSY/slc6/CMSSW_8_0_25
 	 SCRAM_ARCH: slc6_amd64_gcc530
 	 HOME: /uscms/home/aperloff
 	 libFWCoreFWLite
 	 libDataFormatsFWLite
loaded


Processing MakeAllDCsyst.C+(1,"T1tttt_800_400_fast","root://cmseos.fnal.gov//store/user/lpcsusyhad/SusyRA2Analysis2015/Skims/Run2ProductionV12/scan","Combination_NJet3_MHT1_HT2_HTDPhiCut/FullScan/")...
RA2bin yield:
T1tttt_800_400_fast_nominal: 0.02665538 +/- 0.00030927
T1tttt_800_400_fast_scaleuncUp: 0.02714829 +/- 0.00031533
T1tttt_800_400_fast_scaleuncDown: 0.02621142 +/- 0.00030424
T1tttt_800_400_fast_isruncUp: 0.02665538 +/- 0.00030927
T1tttt_800_400_fast_isruncDown: 0.02665538 +/- 0.00030927
T1tttt_800_400_fast_triguncUp: 0.02671564 +/- 0.00030997
T1tttt_800_400_fast_triguncDown: 0.02657446 +/- 0.00030833
T1tttt_800_400_fast_btagSFuncUp: 0.02665538 +/- 0.00031175
T1tttt_800_400_fast_btagSFuncDown: 0.02665538 +/- 0.00030689
T1tttt_800_400_fast_mistagSFuncUp: 0.02665538 +/- 0.00030939
T1tttt_800_400_fast_mistagSFuncDown: 0.02665538 +/- 0.00030915
T1tttt_800_400_fast_isotrackuncUp: 0.02665538 +/- 0.00030927
T1tttt_800_400_fast_isotrackuncDown: 0.02665538 +/- 0.00030927
T1tttt_800_400_fast_lumiuncUp: 0.02665538 +/- 0.00030927
T1tttt_800_400_fast_lumiuncDown: 0.02665538 +/- 0.00030927

RA2bin yield:
T1tttt_800_400_fast_JECup: 0.02728672 +/- 0.00031340

RA2bin yield:
T1tttt_800_400_fast_JECdown: 0.02577796 +/- 0.00030374

RA2bin yield:
T1tttt_800_400_fast_JERup: 0.02697925 +/- 0.00031082

RA2bin yield:
T1tttt_800_400_fast_JERdown: 0.02643359 +/- 0.00030782

Warning in <TInterpreter::ReadRootmapFile>: class  TUnfold found in libUnfold.so  is already in libHist.so 
Warning in <TInterpreter::ReadRootmapFile>: class  TUnfoldBinning found in libUnfold.so  is already in libHist.so 
Warning in <TInterpreter::ReadRootmapFile>: class  TUnfoldDensity found in libUnfold.so  is already in libHist.so 
Warning in <TInterpreter::ReadRootmapFile>: class  TUnfoldSys found in libUnfold.so  is already in libHist.so 
hadd Target file: datacards_fast/Combination_NJet3_MHT1_HT2_HTDPhiCut/FullScan/RA2bin_signal_T1tttt_800_400_fast.root
hadd compression setting for all ouput: 1
hadd Source file 1: datacards_fast/Combination_NJet3_MHT1_HT2_HTDPhiCut/FullScan/RA2bin_signal_T1tttt_800_400_fast_tmp.root
hadd Source file 2: datacards_fast/Combination_NJet3_MHT1_HT2_HTDPhiCut/FullScan/RA2bin_signal_JECup_T1tttt_800_400_fast.root
hadd Source file 3: datacards_fast/Combination_NJet3_MHT1_HT2_HTDPhiCut/FullScan/RA2bin_signal_JECdown_T1tttt_800_400_fast.root
hadd Source file 4: datacards_fast/Combination_NJet3_MHT1_HT2_HTDPhiCut/FullScan/RA2bin_signal_JERup_T1tttt_800_400_fast.root
hadd Source file 5: datacards_fast/Combination_NJet3_MHT1_HT2_HTDPhiCut/FullScan/RA2bin_signal_JERdown_T1tttt_800_400_fast.root
hadd Target path: datacards_fast/Combination_NJet3_MHT1_HT2_HTDPhiCut/FullScan/RA2bin_signal_T1tttt_800_400_fast.root:/
