Warning in <TInterpreter::ReadRootmapFile>: class  TUnfold found in libUnfold.so  is already in libHist.so 
Warning in <TInterpreter::ReadRootmapFile>: class  TUnfoldBinning found in libUnfold.so  is already in libHist.so 
Warning in <TInterpreter::ReadRootmapFile>: class  TUnfoldDensity found in libUnfold.so  is already in libHist.so 
Warning in <TInterpreter::ReadRootmapFile>: class  TUnfoldSys found in libUnfold.so  is already in libHist.so 
Using /uscms/home/aperloff/.rootlogon.C
Loading shared libraries: 
 	 Style: tdrStyle_mod14
 	 CMSSW_BASE: /uscms_data/d2/aperloff/YOURWORKINGAREA/SUSY/slc6/CMSSW_8_0_25
 	 SCRAM_ARCH: slc6_amd64_gcc530
 	 HOME: /uscms/home/aperloff
 	 libFWCoreFWLite
 	 libDataFormatsFWLite
loaded


Processing MakeAllDCsyst.C+(1,"T1tttt_650_350_fast","root://cmseos.fnal.gov//store/user/lpcsusyhad/SusyRA2Analysis2015/Skims/Run2ProductionV12/scan","Combination_NJet3_MHT1_HT2_HTDPhiCut/FullScan/")...
RA2bin yield:
T1tttt_650_350_fast_nominal: 0.05169535 +/- 0.00065362
T1tttt_650_350_fast_scaleuncUp: 0.05292578 +/- 0.00066966
T1tttt_650_350_fast_scaleuncDown: 0.05060502 +/- 0.00064026
T1tttt_650_350_fast_isruncUp: 0.05169535 +/- 0.00065362
T1tttt_650_350_fast_isruncDown: 0.05169535 +/- 0.00065362
T1tttt_650_350_fast_triguncUp: 0.05181438 +/- 0.00065512
T1tttt_650_350_fast_triguncDown: 0.05153942 +/- 0.00065166
T1tttt_650_350_fast_btagSFuncUp: 0.05169534 +/- 0.00065488
T1tttt_650_350_fast_btagSFuncDown: 0.05169536 +/- 0.00065253
T1tttt_650_350_fast_mistagSFuncUp: 0.05169533 +/- 0.00065278
T1tttt_650_350_fast_mistagSFuncDown: 0.05169538 +/- 0.00065449
T1tttt_650_350_fast_isotrackuncUp: 0.05169535 +/- 0.00065362
T1tttt_650_350_fast_isotrackuncDown: 0.05169535 +/- 0.00065362
T1tttt_650_350_fast_lumiuncUp: 0.05169535 +/- 0.00065362
T1tttt_650_350_fast_lumiuncDown: 0.05169535 +/- 0.00065362

RA2bin yield:
T1tttt_650_350_fast_JECup: 0.05280822 +/- 0.00065793

RA2bin yield:
T1tttt_650_350_fast_JECdown: 0.05080126 +/- 0.00064899

RA2bin yield:
T1tttt_650_350_fast_JERup: 0.05183749 +/- 0.00065440

RA2bin yield:
T1tttt_650_350_fast_JERdown: 0.05164088 +/- 0.00065267

Warning in <TInterpreter::ReadRootmapFile>: class  TUnfold found in libUnfold.so  is already in libHist.so 
Warning in <TInterpreter::ReadRootmapFile>: class  TUnfoldBinning found in libUnfold.so  is already in libHist.so 
Warning in <TInterpreter::ReadRootmapFile>: class  TUnfoldDensity found in libUnfold.so  is already in libHist.so 
Warning in <TInterpreter::ReadRootmapFile>: class  TUnfoldSys found in libUnfold.so  is already in libHist.so 
hadd Target file: datacards_fast/Combination_NJet3_MHT1_HT2_HTDPhiCut/FullScan/RA2bin_signal_T1tttt_650_350_fast.root
hadd compression setting for all ouput: 1
hadd Source file 1: datacards_fast/Combination_NJet3_MHT1_HT2_HTDPhiCut/FullScan/RA2bin_signal_T1tttt_650_350_fast_tmp.root
hadd Source file 2: datacards_fast/Combination_NJet3_MHT1_HT2_HTDPhiCut/FullScan/RA2bin_signal_JECup_T1tttt_650_350_fast.root
hadd Source file 3: datacards_fast/Combination_NJet3_MHT1_HT2_HTDPhiCut/FullScan/RA2bin_signal_JECdown_T1tttt_650_350_fast.root
hadd Source file 4: datacards_fast/Combination_NJet3_MHT1_HT2_HTDPhiCut/FullScan/RA2bin_signal_JERup_T1tttt_650_350_fast.root
hadd Source file 5: datacards_fast/Combination_NJet3_MHT1_HT2_HTDPhiCut/FullScan/RA2bin_signal_JERdown_T1tttt_650_350_fast.root
hadd Target path: datacards_fast/Combination_NJet3_MHT1_HT2_HTDPhiCut/FullScan/RA2bin_signal_T1tttt_650_350_fast.root:/
