Warning in <TInterpreter::ReadRootmapFile>: class  TUnfold found in libUnfold.so  is already in libHist.so 
Warning in <TInterpreter::ReadRootmapFile>: class  TUnfoldBinning found in libUnfold.so  is already in libHist.so 
Warning in <TInterpreter::ReadRootmapFile>: class  TUnfoldDensity found in libUnfold.so  is already in libHist.so 
Warning in <TInterpreter::ReadRootmapFile>: class  TUnfoldSys found in libUnfold.so  is already in libHist.so 
Using /uscms/home/aperloff/.rootlogon.C
Loading shared libraries: 
 	 Style: tdrStyle_mod14
 	 CMSSW_BASE: /uscms_data/d2/aperloff/YOURWORKINGAREA/SUSY/slc6/CMSSW_8_0_25
 	 SCRAM_ARCH: slc6_amd64_gcc530
 	 HOME: /uscms/home/aperloff
 	 libFWCoreFWLite
 	 libDataFormatsFWLite
loaded


Processing MakeAllDCsyst.C+(1,"T1tttt_1000_500_fast","root://cmseos.fnal.gov//store/user/lpcsusyhad/SusyRA2Analysis2015/Skims/Run2ProductionV12/scan","Combination_NJet3_MHT1_HT2_HTDPhiCut/FullScan/")...
RA2bin yield:
T1tttt_1000_500_fast_nominal: 0.02274789 +/- 0.00013910
T1tttt_1000_500_fast_scaleuncUp: 0.02291811 +/- 0.00014034
T1tttt_1000_500_fast_scaleuncDown: 0.02259405 +/- 0.00013821
T1tttt_1000_500_fast_isruncUp: 0.02274789 +/- 0.00013910
T1tttt_1000_500_fast_isruncDown: 0.02274789 +/- 0.00013910
T1tttt_1000_500_fast_triguncUp: 0.02279173 +/- 0.00013937
T1tttt_1000_500_fast_triguncDown: 0.02268830 +/- 0.00013874
T1tttt_1000_500_fast_btagSFuncUp: 0.02274789 +/- 0.00014028
T1tttt_1000_500_fast_btagSFuncDown: 0.02274788 +/- 0.00013797
T1tttt_1000_500_fast_mistagSFuncUp: 0.02274788 +/- 0.00013917
T1tttt_1000_500_fast_mistagSFuncDown: 0.02274789 +/- 0.00013903
T1tttt_1000_500_fast_isotrackuncUp: 0.02274789 +/- 0.00013910
T1tttt_1000_500_fast_isotrackuncDown: 0.02274789 +/- 0.00013910
T1tttt_1000_500_fast_lumiuncUp: 0.02274789 +/- 0.00013910
T1tttt_1000_500_fast_lumiuncDown: 0.02274789 +/- 0.00013910

RA2bin yield:
T1tttt_1000_500_fast_JECup: 0.02348105 +/- 0.00014162

RA2bin yield:
T1tttt_1000_500_fast_JECdown: 0.02213522 +/- 0.00013697

RA2bin yield:
T1tttt_1000_500_fast_JERup: 0.02281699 +/- 0.00013941

RA2bin yield:
T1tttt_1000_500_fast_JERdown: 0.02264840 +/- 0.00013887

Warning in <TInterpreter::ReadRootmapFile>: class  TUnfold found in libUnfold.so  is already in libHist.so 
Warning in <TInterpreter::ReadRootmapFile>: class  TUnfoldBinning found in libUnfold.so  is already in libHist.so 
Warning in <TInterpreter::ReadRootmapFile>: class  TUnfoldDensity found in libUnfold.so  is already in libHist.so 
Warning in <TInterpreter::ReadRootmapFile>: class  TUnfoldSys found in libUnfold.so  is already in libHist.so 
hadd Target file: datacards_fast/Combination_NJet3_MHT1_HT2_HTDPhiCut/FullScan/RA2bin_signal_T1tttt_1000_500_fast.root
hadd compression setting for all ouput: 1
hadd Source file 1: datacards_fast/Combination_NJet3_MHT1_HT2_HTDPhiCut/FullScan/RA2bin_signal_T1tttt_1000_500_fast_tmp.root
hadd Source file 2: datacards_fast/Combination_NJet3_MHT1_HT2_HTDPhiCut/FullScan/RA2bin_signal_JECup_T1tttt_1000_500_fast.root
hadd Source file 3: datacards_fast/Combination_NJet3_MHT1_HT2_HTDPhiCut/FullScan/RA2bin_signal_JECdown_T1tttt_1000_500_fast.root
hadd Source file 4: datacards_fast/Combination_NJet3_MHT1_HT2_HTDPhiCut/FullScan/RA2bin_signal_JERup_T1tttt_1000_500_fast.root
hadd Source file 5: datacards_fast/Combination_NJet3_MHT1_HT2_HTDPhiCut/FullScan/RA2bin_signal_JERdown_T1tttt_1000_500_fast.root
hadd Target path: datacards_fast/Combination_NJet3_MHT1_HT2_HTDPhiCut/FullScan/RA2bin_signal_T1tttt_1000_500_fast.root:/
