Warning in <TInterpreter::ReadRootmapFile>: class  TUnfold found in libUnfold.so  is already in libHist.so 
Warning in <TInterpreter::ReadRootmapFile>: class  TUnfoldBinning found in libUnfold.so  is already in libHist.so 
Warning in <TInterpreter::ReadRootmapFile>: class  TUnfoldDensity found in libUnfold.so  is already in libHist.so 
Warning in <TInterpreter::ReadRootmapFile>: class  TUnfoldSys found in libUnfold.so  is already in libHist.so 
Using /uscms/home/aperloff/.rootlogon.C
Loading shared libraries: 
 	 Style: tdrStyle_mod14
 	 CMSSW_BASE: /uscms_data/d2/aperloff/YOURWORKINGAREA/SUSY/slc6/CMSSW_8_0_25
 	 SCRAM_ARCH: slc6_amd64_gcc530
 	 HOME: /uscms/home/aperloff
 	 libFWCoreFWLite
 	 libDataFormatsFWLite
loaded


Processing MakeAllDCsyst.C+(1,"T1tttt_600_350_fast","root://cmseos.fnal.gov//store/user/lpcsusyhad/SusyRA2Analysis2015/Skims/Run2ProductionV12/scan","Combination_NJet3_MHT1_HT2_HTDPhiCut/FullScan/")...
RA2bin yield:
T1tttt_600_350_fast_nominal: 0.09299870 +/- 0.00092804
T1tttt_600_350_fast_scaleuncUp: 0.09542037 +/- 0.00095262
T1tttt_600_350_fast_scaleuncDown: 0.09085656 +/- 0.00090752
T1tttt_600_350_fast_isruncUp: 0.09299870 +/- 0.00092804
T1tttt_600_350_fast_isruncDown: 0.09299870 +/- 0.00092804
T1tttt_600_350_fast_triguncUp: 0.09319284 +/- 0.00092996
T1tttt_600_350_fast_triguncDown: 0.09274648 +/- 0.00092555
T1tttt_600_350_fast_btagSFuncUp: 0.09299864 +/- 0.00092694
T1tttt_600_350_fast_btagSFuncDown: 0.09299877 +/- 0.00092931
T1tttt_600_350_fast_mistagSFuncUp: 0.09299867 +/- 0.00092609
T1tttt_600_350_fast_mistagSFuncDown: 0.09299873 +/- 0.00093002
T1tttt_600_350_fast_isotrackuncUp: 0.09299870 +/- 0.00092804
T1tttt_600_350_fast_isotrackuncDown: 0.09299870 +/- 0.00092804
T1tttt_600_350_fast_lumiuncUp: 0.09299870 +/- 0.00092804
T1tttt_600_350_fast_lumiuncDown: 0.09299870 +/- 0.00092804

RA2bin yield:
T1tttt_600_350_fast_JECup: 0.09385130 +/- 0.00092659

RA2bin yield:
T1tttt_600_350_fast_JECdown: 0.09125185 +/- 0.00092403

RA2bin yield:
T1tttt_600_350_fast_JERup: 0.09361170 +/- 0.00093053

RA2bin yield:
T1tttt_600_350_fast_JERdown: 0.09274253 +/- 0.00092590

Warning in <TInterpreter::ReadRootmapFile>: class  TUnfold found in libUnfold.so  is already in libHist.so 
Warning in <TInterpreter::ReadRootmapFile>: class  TUnfoldBinning found in libUnfold.so  is already in libHist.so 
Warning in <TInterpreter::ReadRootmapFile>: class  TUnfoldDensity found in libUnfold.so  is already in libHist.so 
Warning in <TInterpreter::ReadRootmapFile>: class  TUnfoldSys found in libUnfold.so  is already in libHist.so 
hadd Target file: datacards_fast/Combination_NJet3_MHT1_HT2_HTDPhiCut/FullScan/RA2bin_signal_T1tttt_600_350_fast.root
hadd compression setting for all ouput: 1
hadd Source file 1: datacards_fast/Combination_NJet3_MHT1_HT2_HTDPhiCut/FullScan/RA2bin_signal_T1tttt_600_350_fast_tmp.root
hadd Source file 2: datacards_fast/Combination_NJet3_MHT1_HT2_HTDPhiCut/FullScan/RA2bin_signal_JECup_T1tttt_600_350_fast.root
hadd Source file 3: datacards_fast/Combination_NJet3_MHT1_HT2_HTDPhiCut/FullScan/RA2bin_signal_JECdown_T1tttt_600_350_fast.root
hadd Source file 4: datacards_fast/Combination_NJet3_MHT1_HT2_HTDPhiCut/FullScan/RA2bin_signal_JERup_T1tttt_600_350_fast.root
hadd Source file 5: datacards_fast/Combination_NJet3_MHT1_HT2_HTDPhiCut/FullScan/RA2bin_signal_JERdown_T1tttt_600_350_fast.root
hadd Target path: datacards_fast/Combination_NJet3_MHT1_HT2_HTDPhiCut/FullScan/RA2bin_signal_T1tttt_600_350_fast.root:/
