Warning in <TInterpreter::ReadRootmapFile>: class  TUnfold found in libUnfold.so  is already in libHist.so 
Warning in <TInterpreter::ReadRootmapFile>: class  TUnfoldBinning found in libUnfold.so  is already in libHist.so 
Warning in <TInterpreter::ReadRootmapFile>: class  TUnfoldDensity found in libUnfold.so  is already in libHist.so 
Warning in <TInterpreter::ReadRootmapFile>: class  TUnfoldSys found in libUnfold.so  is already in libHist.so 
Using /uscms/home/aperloff/.rootlogon.C
Loading shared libraries: 
 	 Style: tdrStyle_mod14
 	 CMSSW_BASE: /uscms_data/d2/aperloff/YOURWORKINGAREA/SUSY/slc6/CMSSW_8_0_25
 	 SCRAM_ARCH: slc6_amd64_gcc530
 	 HOME: /uscms/home/aperloff
 	 libFWCoreFWLite
 	 libDataFormatsFWLite
loaded


Processing MakeAllDCsyst.C+(1,"T1tttt_650_300_fast","root://cmseos.fnal.gov//store/user/lpcsusyhad/SusyRA2Analysis2015/Skims/Run2ProductionV12/scan","Combination_NJet3_MHT1_HT2_HTDPhiCut/FullScan/")...
RA2bin yield:
T1tttt_650_300_fast_nominal: 0.03138113 +/- 0.00054890
T1tttt_650_300_fast_scaleuncUp: 0.03221395 +/- 0.00056412
T1tttt_650_300_fast_scaleuncDown: 0.03065047 +/- 0.00053629
T1tttt_650_300_fast_isruncUp: 0.03138113 +/- 0.00054890
T1tttt_650_300_fast_isruncDown: 0.03138113 +/- 0.00054890
T1tttt_650_300_fast_triguncUp: 0.03147044 +/- 0.00055044
T1tttt_650_300_fast_triguncDown: 0.03125891 +/- 0.00054679
T1tttt_650_300_fast_btagSFuncUp: 0.03138112 +/- 0.00055333
T1tttt_650_300_fast_btagSFuncDown: 0.03138113 +/- 0.00054467
T1tttt_650_300_fast_mistagSFuncUp: 0.03138113 +/- 0.00054912
T1tttt_650_300_fast_mistagSFuncDown: 0.03138113 +/- 0.00054870
T1tttt_650_300_fast_isotrackuncUp: 0.03138113 +/- 0.00054890
T1tttt_650_300_fast_isotrackuncDown: 0.03138113 +/- 0.00054890
T1tttt_650_300_fast_lumiuncUp: 0.03138113 +/- 0.00054890
T1tttt_650_300_fast_lumiuncDown: 0.03138113 +/- 0.00054890

RA2bin yield:
T1tttt_650_300_fast_JECup: 0.03171369 +/- 0.00055269

RA2bin yield:
T1tttt_650_300_fast_JECdown: 0.03035790 +/- 0.00053908

RA2bin yield:
T1tttt_650_300_fast_JERup: 0.03168655 +/- 0.00055146

RA2bin yield:
T1tttt_650_300_fast_JERdown: 0.03091747 +/- 0.00054451

Warning in <TInterpreter::ReadRootmapFile>: class  TUnfold found in libUnfold.so  is already in libHist.so 
Warning in <TInterpreter::ReadRootmapFile>: class  TUnfoldBinning found in libUnfold.so  is already in libHist.so 
Warning in <TInterpreter::ReadRootmapFile>: class  TUnfoldDensity found in libUnfold.so  is already in libHist.so 
Warning in <TInterpreter::ReadRootmapFile>: class  TUnfoldSys found in libUnfold.so  is already in libHist.so 
hadd Target file: datacards_fast/Combination_NJet3_MHT1_HT2_HTDPhiCut/FullScan/RA2bin_signal_T1tttt_650_300_fast.root
hadd compression setting for all ouput: 1
hadd Source file 1: datacards_fast/Combination_NJet3_MHT1_HT2_HTDPhiCut/FullScan/RA2bin_signal_T1tttt_650_300_fast_tmp.root
hadd Source file 2: datacards_fast/Combination_NJet3_MHT1_HT2_HTDPhiCut/FullScan/RA2bin_signal_JECup_T1tttt_650_300_fast.root
hadd Source file 3: datacards_fast/Combination_NJet3_MHT1_HT2_HTDPhiCut/FullScan/RA2bin_signal_JECdown_T1tttt_650_300_fast.root
hadd Source file 4: datacards_fast/Combination_NJet3_MHT1_HT2_HTDPhiCut/FullScan/RA2bin_signal_JERup_T1tttt_650_300_fast.root
hadd Source file 5: datacards_fast/Combination_NJet3_MHT1_HT2_HTDPhiCut/FullScan/RA2bin_signal_JERdown_T1tttt_650_300_fast.root
hadd Target path: datacards_fast/Combination_NJet3_MHT1_HT2_HTDPhiCut/FullScan/RA2bin_signal_T1tttt_650_300_fast.root:/
