Warning in <TInterpreter::ReadRootmapFile>: class  TUnfold found in libUnfold.so  is already in libHist.so 
Warning in <TInterpreter::ReadRootmapFile>: class  TUnfoldBinning found in libUnfold.so  is already in libHist.so 
Warning in <TInterpreter::ReadRootmapFile>: class  TUnfoldDensity found in libUnfold.so  is already in libHist.so 
Warning in <TInterpreter::ReadRootmapFile>: class  TUnfoldSys found in libUnfold.so  is already in libHist.so 
Using /uscms/home/aperloff/.rootlogon.C
Loading shared libraries: 
 	 Style: tdrStyle_mod14
 	 CMSSW_BASE: /uscms_data/d2/aperloff/YOURWORKINGAREA/SUSY/slc6/CMSSW_8_0_25
 	 SCRAM_ARCH: slc6_amd64_gcc530
 	 HOME: /uscms/home/aperloff
 	 libFWCoreFWLite
 	 libDataFormatsFWLite
loaded


Processing MakeAllDCsyst.C+(1,"T1tttt_1400_1_fast","root://cmseos.fnal.gov//store/user/lpcsusyhad/SusyRA2Analysis2015/Skims/Run2ProductionV12/scan","Combination_NJet3_MHT1_HT2_HTDPhiCut/FullScan/")...
RA2bin yield:
T1tttt_1400_1_fast_nominal: 0.00503163 +/- 0.00004518
T1tttt_1400_1_fast_scaleuncUp: 0.00503080 +/- 0.00004523
T1tttt_1400_1_fast_scaleuncDown: 0.00503235 +/- 0.00004522
T1tttt_1400_1_fast_isruncUp: 0.00503163 +/- 0.00004518
T1tttt_1400_1_fast_isruncDown: 0.00503163 +/- 0.00004518
T1tttt_1400_1_fast_triguncUp: 0.00505346 +/- 0.00004537
T1tttt_1400_1_fast_triguncDown: 0.00500182 +/- 0.00004493
T1tttt_1400_1_fast_btagSFuncUp: 0.00503163 +/- 0.00004565
T1tttt_1400_1_fast_btagSFuncDown: 0.00503163 +/- 0.00004475
T1tttt_1400_1_fast_mistagSFuncUp: 0.00503163 +/- 0.00004524
T1tttt_1400_1_fast_mistagSFuncDown: 0.00503163 +/- 0.00004513
T1tttt_1400_1_fast_isotrackuncUp: 0.00503163 +/- 0.00004518
T1tttt_1400_1_fast_isotrackuncDown: 0.00503163 +/- 0.00004518
T1tttt_1400_1_fast_lumiuncUp: 0.00503163 +/- 0.00004518
T1tttt_1400_1_fast_lumiuncDown: 0.00503163 +/- 0.00004518

RA2bin yield:
T1tttt_1400_1_fast_JECup: 0.00503304 +/- 0.00004529

RA2bin yield:
T1tttt_1400_1_fast_JECdown: 0.00501695 +/- 0.00004509

RA2bin yield:
T1tttt_1400_1_fast_JERup: 0.00501473 +/- 0.00004514

RA2bin yield:
T1tttt_1400_1_fast_JERdown: 0.00502381 +/- 0.00004516

Warning in <TInterpreter::ReadRootmapFile>: class  TUnfold found in libUnfold.so  is already in libHist.so 
Warning in <TInterpreter::ReadRootmapFile>: class  TUnfoldBinning found in libUnfold.so  is already in libHist.so 
Warning in <TInterpreter::ReadRootmapFile>: class  TUnfoldDensity found in libUnfold.so  is already in libHist.so 
Warning in <TInterpreter::ReadRootmapFile>: class  TUnfoldSys found in libUnfold.so  is already in libHist.so 
hadd Target file: datacards_fast/Combination_NJet3_MHT1_HT2_HTDPhiCut/FullScan/RA2bin_signal_T1tttt_1400_1_fast.root
hadd compression setting for all ouput: 1
hadd Source file 1: datacards_fast/Combination_NJet3_MHT1_HT2_HTDPhiCut/FullScan/RA2bin_signal_T1tttt_1400_1_fast_tmp.root
hadd Source file 2: datacards_fast/Combination_NJet3_MHT1_HT2_HTDPhiCut/FullScan/RA2bin_signal_JECup_T1tttt_1400_1_fast.root
hadd Source file 3: datacards_fast/Combination_NJet3_MHT1_HT2_HTDPhiCut/FullScan/RA2bin_signal_JECdown_T1tttt_1400_1_fast.root
hadd Source file 4: datacards_fast/Combination_NJet3_MHT1_HT2_HTDPhiCut/FullScan/RA2bin_signal_JERup_T1tttt_1400_1_fast.root
hadd Source file 5: datacards_fast/Combination_NJet3_MHT1_HT2_HTDPhiCut/FullScan/RA2bin_signal_JERdown_T1tttt_1400_1_fast.root
hadd Target path: datacards_fast/Combination_NJet3_MHT1_HT2_HTDPhiCut/FullScan/RA2bin_signal_T1tttt_1400_1_fast.root:/
