Warning in <TInterpreter::ReadRootmapFile>: class  TUnfold found in libUnfold.so  is already in libHist.so 
Warning in <TInterpreter::ReadRootmapFile>: class  TUnfoldBinning found in libUnfold.so  is already in libHist.so 
Warning in <TInterpreter::ReadRootmapFile>: class  TUnfoldDensity found in libUnfold.so  is already in libHist.so 
Warning in <TInterpreter::ReadRootmapFile>: class  TUnfoldSys found in libUnfold.so  is already in libHist.so 
Using /uscms/home/aperloff/.rootlogon.C
Loading shared libraries: 
 	 Style: tdrStyle_mod14
 	 CMSSW_BASE: /uscms_data/d2/aperloff/YOURWORKINGAREA/SUSY/slc6/CMSSW_8_0_25
 	 SCRAM_ARCH: slc6_amd64_gcc530
 	 HOME: /uscms/home/aperloff
 	 libFWCoreFWLite
 	 libDataFormatsFWLite
loaded


Processing MakeAllDCsyst.C+(1,"T1tttt_1000_550_fast","root://cmseos.fnal.gov//store/user/lpcsusyhad/SusyRA2Analysis2015/Skims/Run2ProductionV12/scan","Combination_NJet3_MHT1_HT2_HTDPhiCut/FullScan/")...
RA2bin yield:
T1tttt_1000_550_fast_nominal: 0.01507277 +/- 0.00011270
T1tttt_1000_550_fast_scaleuncUp: 0.01525643 +/- 0.00011421
T1tttt_1000_550_fast_scaleuncDown: 0.01490772 +/- 0.00011153
T1tttt_1000_550_fast_isruncUp: 0.01507277 +/- 0.00011270
T1tttt_1000_550_fast_isruncDown: 0.01507277 +/- 0.00011270
T1tttt_1000_550_fast_triguncUp: 0.01510283 +/- 0.00011293
T1tttt_1000_550_fast_triguncDown: 0.01503224 +/- 0.00011240
T1tttt_1000_550_fast_btagSFuncUp: 0.01507276 +/- 0.00011367
T1tttt_1000_550_fast_btagSFuncDown: 0.01507277 +/- 0.00011178
T1tttt_1000_550_fast_mistagSFuncUp: 0.01507277 +/- 0.00011276
T1tttt_1000_550_fast_mistagSFuncDown: 0.01507277 +/- 0.00011265
T1tttt_1000_550_fast_isotrackuncUp: 0.01507277 +/- 0.00011270
T1tttt_1000_550_fast_isotrackuncDown: 0.01507277 +/- 0.00011270
T1tttt_1000_550_fast_lumiuncUp: 0.01507277 +/- 0.00011270
T1tttt_1000_550_fast_lumiuncDown: 0.01507277 +/- 0.00011270

RA2bin yield:
T1tttt_1000_550_fast_JECup: 0.01552408 +/- 0.00011463

RA2bin yield:
T1tttt_1000_550_fast_JECdown: 0.01456703 +/- 0.00011052

RA2bin yield:
T1tttt_1000_550_fast_JERup: 0.01515520 +/- 0.00011298

RA2bin yield:
T1tttt_1000_550_fast_JERdown: 0.01503216 +/- 0.00011258

Warning in <TInterpreter::ReadRootmapFile>: class  TUnfold found in libUnfold.so  is already in libHist.so 
Warning in <TInterpreter::ReadRootmapFile>: class  TUnfoldBinning found in libUnfold.so  is already in libHist.so 
Warning in <TInterpreter::ReadRootmapFile>: class  TUnfoldDensity found in libUnfold.so  is already in libHist.so 
Warning in <TInterpreter::ReadRootmapFile>: class  TUnfoldSys found in libUnfold.so  is already in libHist.so 
hadd Target file: datacards_fast/Combination_NJet3_MHT1_HT2_HTDPhiCut/FullScan/RA2bin_signal_T1tttt_1000_550_fast.root
hadd compression setting for all ouput: 1
hadd Source file 1: datacards_fast/Combination_NJet3_MHT1_HT2_HTDPhiCut/FullScan/RA2bin_signal_T1tttt_1000_550_fast_tmp.root
hadd Source file 2: datacards_fast/Combination_NJet3_MHT1_HT2_HTDPhiCut/FullScan/RA2bin_signal_JECup_T1tttt_1000_550_fast.root
hadd Source file 3: datacards_fast/Combination_NJet3_MHT1_HT2_HTDPhiCut/FullScan/RA2bin_signal_JECdown_T1tttt_1000_550_fast.root
hadd Source file 4: datacards_fast/Combination_NJet3_MHT1_HT2_HTDPhiCut/FullScan/RA2bin_signal_JERup_T1tttt_1000_550_fast.root
hadd Source file 5: datacards_fast/Combination_NJet3_MHT1_HT2_HTDPhiCut/FullScan/RA2bin_signal_JERdown_T1tttt_1000_550_fast.root
hadd Target path: datacards_fast/Combination_NJet3_MHT1_HT2_HTDPhiCut/FullScan/RA2bin_signal_T1tttt_1000_550_fast.root:/
