Warning in <TInterpreter::ReadRootmapFile>: class  TUnfold found in libUnfold.so  is already in libHist.so 
Warning in <TInterpreter::ReadRootmapFile>: class  TUnfoldBinning found in libUnfold.so  is already in libHist.so 
Warning in <TInterpreter::ReadRootmapFile>: class  TUnfoldDensity found in libUnfold.so  is already in libHist.so 
Warning in <TInterpreter::ReadRootmapFile>: class  TUnfoldSys found in libUnfold.so  is already in libHist.so 
Using /uscms/home/aperloff/.rootlogon.C
Loading shared libraries: 
 	 Style: tdrStyle_mod14
 	 CMSSW_BASE: /uscms_data/d2/aperloff/YOURWORKINGAREA/SUSY/slc6/CMSSW_8_0_25
 	 SCRAM_ARCH: slc6_amd64_gcc530
 	 HOME: /uscms/home/aperloff
 	 libFWCoreFWLite
 	 libDataFormatsFWLite
loaded


Processing MakeAllDCsyst.C+(1,"T1tttt_1200_1_fast","root://cmseos.fnal.gov//store/user/lpcsusyhad/SusyRA2Analysis2015/Skims/Run2ProductionV12/scan","Combination_NJet3_MHT1_HT2_HTDPhiCut/FullScan/")...
RA2bin yield:
T1tttt_1200_1_fast_nominal: 0.01511241 +/- 0.00008519
T1tttt_1200_1_fast_scaleuncUp: 0.01510896 +/- 0.00008529
T1tttt_1200_1_fast_scaleuncDown: 0.01511565 +/- 0.00008525
T1tttt_1200_1_fast_isruncUp: 0.01511241 +/- 0.00008519
T1tttt_1200_1_fast_isruncDown: 0.01511241 +/- 0.00008519
T1tttt_1200_1_fast_triguncUp: 0.01516678 +/- 0.00008549
T1tttt_1200_1_fast_triguncDown: 0.01503721 +/- 0.00008478
T1tttt_1200_1_fast_btagSFuncUp: 0.01511239 +/- 0.00008606
T1tttt_1200_1_fast_btagSFuncDown: 0.01511241 +/- 0.00008436
T1tttt_1200_1_fast_mistagSFuncUp: 0.01511240 +/- 0.00008529
T1tttt_1200_1_fast_mistagSFuncDown: 0.01511241 +/- 0.00008510
T1tttt_1200_1_fast_isotrackuncUp: 0.01511241 +/- 0.00008519
T1tttt_1200_1_fast_isotrackuncDown: 0.01511241 +/- 0.00008519
T1tttt_1200_1_fast_lumiuncUp: 0.01511241 +/- 0.00008519
T1tttt_1200_1_fast_lumiuncDown: 0.01511241 +/- 0.00008519

RA2bin yield:
T1tttt_1200_1_fast_JECup: 0.01519494 +/- 0.00008557

RA2bin yield:
T1tttt_1200_1_fast_JECdown: 0.01505658 +/- 0.00008489

RA2bin yield:
T1tttt_1200_1_fast_JERup: 0.01512410 +/- 0.00008521

RA2bin yield:
T1tttt_1200_1_fast_JERdown: 0.01510219 +/- 0.00008517

Warning in <TInterpreter::ReadRootmapFile>: class  TUnfold found in libUnfold.so  is already in libHist.so 
Warning in <TInterpreter::ReadRootmapFile>: class  TUnfoldBinning found in libUnfold.so  is already in libHist.so 
Warning in <TInterpreter::ReadRootmapFile>: class  TUnfoldDensity found in libUnfold.so  is already in libHist.so 
Warning in <TInterpreter::ReadRootmapFile>: class  TUnfoldSys found in libUnfold.so  is already in libHist.so 
hadd Target file: datacards_fast/Combination_NJet3_MHT1_HT2_HTDPhiCut/FullScan/RA2bin_signal_T1tttt_1200_1_fast.root
hadd compression setting for all ouput: 1
hadd Source file 1: datacards_fast/Combination_NJet3_MHT1_HT2_HTDPhiCut/FullScan/RA2bin_signal_T1tttt_1200_1_fast_tmp.root
hadd Source file 2: datacards_fast/Combination_NJet3_MHT1_HT2_HTDPhiCut/FullScan/RA2bin_signal_JECup_T1tttt_1200_1_fast.root
hadd Source file 3: datacards_fast/Combination_NJet3_MHT1_HT2_HTDPhiCut/FullScan/RA2bin_signal_JECdown_T1tttt_1200_1_fast.root
hadd Source file 4: datacards_fast/Combination_NJet3_MHT1_HT2_HTDPhiCut/FullScan/RA2bin_signal_JERup_T1tttt_1200_1_fast.root
hadd Source file 5: datacards_fast/Combination_NJet3_MHT1_HT2_HTDPhiCut/FullScan/RA2bin_signal_JERdown_T1tttt_1200_1_fast.root
hadd Target path: datacards_fast/Combination_NJet3_MHT1_HT2_HTDPhiCut/FullScan/RA2bin_signal_T1tttt_1200_1_fast.root:/
