Warning in <TInterpreter::ReadRootmapFile>: class  TUnfold found in libUnfold.so  is already in libHist.so 
Warning in <TInterpreter::ReadRootmapFile>: class  TUnfoldBinning found in libUnfold.so  is already in libHist.so 
Warning in <TInterpreter::ReadRootmapFile>: class  TUnfoldDensity found in libUnfold.so  is already in libHist.so 
Warning in <TInterpreter::ReadRootmapFile>: class  TUnfoldSys found in libUnfold.so  is already in libHist.so 
Using /uscms/home/aperloff/.rootlogon.C
Loading shared libraries: 
 	 Style: tdrStyle_mod14
 	 CMSSW_BASE: /uscms_data/d2/aperloff/YOURWORKINGAREA/SUSY/slc6/CMSSW_8_0_25
 	 SCRAM_ARCH: slc6_amd64_gcc530
 	 HOME: /uscms/home/aperloff
 	 libFWCoreFWLite
 	 libDataFormatsFWLite
loaded


Processing MakeAllDCsyst.C+(1,"T1tttt_1750_850_fast","root://cmseos.fnal.gov//store/user/lpcsusyhad/SusyRA2Analysis2015/Skims/Run2ProductionV12/scan","Combination_NJet3_MHT1_HT2_HTDPhiCut/FullScan/")...
RA2bin yield:
T1tttt_1750_850_fast_nominal: 0.00079431 +/- 0.00000725
T1tttt_1750_850_fast_scaleuncUp: 0.00079458 +/- 0.00000726
T1tttt_1750_850_fast_scaleuncDown: 0.00079401 +/- 0.00000725
T1tttt_1750_850_fast_isruncUp: 0.00079431 +/- 0.00000725
T1tttt_1750_850_fast_isruncDown: 0.00079431 +/- 0.00000725
T1tttt_1750_850_fast_triguncUp: 0.00079639 +/- 0.00000727
T1tttt_1750_850_fast_triguncDown: 0.00079135 +/- 0.00000722
T1tttt_1750_850_fast_btagSFuncUp: 0.00079431 +/- 0.00000732
T1tttt_1750_850_fast_btagSFuncDown: 0.00079431 +/- 0.00000718
T1tttt_1750_850_fast_mistagSFuncUp: 0.00079431 +/- 0.00000726
T1tttt_1750_850_fast_mistagSFuncDown: 0.00079431 +/- 0.00000724
T1tttt_1750_850_fast_isotrackuncUp: 0.00079431 +/- 0.00000725
T1tttt_1750_850_fast_isotrackuncDown: 0.00079431 +/- 0.00000725
T1tttt_1750_850_fast_lumiuncUp: 0.00079431 +/- 0.00000725
T1tttt_1750_850_fast_lumiuncDown: 0.00079431 +/- 0.00000725

RA2bin yield:
T1tttt_1750_850_fast_JECup: 0.00079230 +/- 0.00000725

RA2bin yield:
T1tttt_1750_850_fast_JECdown: 0.00078780 +/- 0.00000721

RA2bin yield:
T1tttt_1750_850_fast_JERup: 0.00079347 +/- 0.00000725

RA2bin yield:
T1tttt_1750_850_fast_JERdown: 0.00079366 +/- 0.00000725

Warning in <TInterpreter::ReadRootmapFile>: class  TUnfold found in libUnfold.so  is already in libHist.so 
Warning in <TInterpreter::ReadRootmapFile>: class  TUnfoldBinning found in libUnfold.so  is already in libHist.so 
Warning in <TInterpreter::ReadRootmapFile>: class  TUnfoldDensity found in libUnfold.so  is already in libHist.so 
Warning in <TInterpreter::ReadRootmapFile>: class  TUnfoldSys found in libUnfold.so  is already in libHist.so 
hadd Target file: datacards_fast/Combination_NJet3_MHT1_HT2_HTDPhiCut/FullScan/RA2bin_signal_T1tttt_1750_850_fast.root
hadd compression setting for all ouput: 1
hadd Source file 1: datacards_fast/Combination_NJet3_MHT1_HT2_HTDPhiCut/FullScan/RA2bin_signal_T1tttt_1750_850_fast_tmp.root
hadd Source file 2: datacards_fast/Combination_NJet3_MHT1_HT2_HTDPhiCut/FullScan/RA2bin_signal_JECup_T1tttt_1750_850_fast.root
hadd Source file 3: datacards_fast/Combination_NJet3_MHT1_HT2_HTDPhiCut/FullScan/RA2bin_signal_JECdown_T1tttt_1750_850_fast.root
hadd Source file 4: datacards_fast/Combination_NJet3_MHT1_HT2_HTDPhiCut/FullScan/RA2bin_signal_JERup_T1tttt_1750_850_fast.root
hadd Source file 5: datacards_fast/Combination_NJet3_MHT1_HT2_HTDPhiCut/FullScan/RA2bin_signal_JERdown_T1tttt_1750_850_fast.root
hadd Target path: datacards_fast/Combination_NJet3_MHT1_HT2_HTDPhiCut/FullScan/RA2bin_signal_T1tttt_1750_850_fast.root:/
