Warning in <TInterpreter::ReadRootmapFile>: class  TUnfold found in libUnfold.so  is already in libHist.so 
Warning in <TInterpreter::ReadRootmapFile>: class  TUnfoldBinning found in libUnfold.so  is already in libHist.so 
Warning in <TInterpreter::ReadRootmapFile>: class  TUnfoldDensity found in libUnfold.so  is already in libHist.so 
Warning in <TInterpreter::ReadRootmapFile>: class  TUnfoldSys found in libUnfold.so  is already in libHist.so 
Using /uscms/home/aperloff/.rootlogon.C
Loading shared libraries: 
 	 Style: tdrStyle_mod14
 	 CMSSW_BASE: /uscms_data/d2/aperloff/YOURWORKINGAREA/SUSY/slc6/CMSSW_8_0_25
 	 SCRAM_ARCH: slc6_amd64_gcc530
 	 HOME: /uscms/home/aperloff
 	 libFWCoreFWLite
 	 libDataFormatsFWLite
loaded


Processing MakeAllDCsyst.C+(1,"T1tttt_1100_875_fast","root://cmseos.fnal.gov//store/user/lpcsusyhad/SusyRA2Analysis2015/Skims/Run2ProductionV12/scan","Combination_NJet3_MHT1_HT2_HTDPhiCut/FullScan/")...
RA2bin yield:
T1tttt_1100_875_fast_nominal: 0.00457297 +/- 0.00004778
T1tttt_1100_875_fast_scaleuncUp: 0.00469432 +/- 0.00004906
T1tttt_1100_875_fast_scaleuncDown: 0.00446529 +/- 0.00004670
T1tttt_1100_875_fast_isruncUp: 0.00457297 +/- 0.00004778
T1tttt_1100_875_fast_isruncDown: 0.00457297 +/- 0.00004778
T1tttt_1100_875_fast_triguncUp: 0.00458175 +/- 0.00004787
T1tttt_1100_875_fast_triguncDown: 0.00456087 +/- 0.00004765
T1tttt_1100_875_fast_btagSFuncUp: 0.00457297 +/- 0.00004762
T1tttt_1100_875_fast_btagSFuncDown: 0.00457297 +/- 0.00004795
T1tttt_1100_875_fast_mistagSFuncUp: 0.00457297 +/- 0.00004764
T1tttt_1100_875_fast_mistagSFuncDown: 0.00457297 +/- 0.00004793
T1tttt_1100_875_fast_isotrackuncUp: 0.00457297 +/- 0.00004778
T1tttt_1100_875_fast_isotrackuncDown: 0.00457297 +/- 0.00004778
T1tttt_1100_875_fast_lumiuncUp: 0.00457297 +/- 0.00004778
T1tttt_1100_875_fast_lumiuncDown: 0.00457297 +/- 0.00004778

RA2bin yield:
T1tttt_1100_875_fast_JECup: 0.00462389 +/- 0.00004754

RA2bin yield:
T1tttt_1100_875_fast_JECdown: 0.00456714 +/- 0.00004821

RA2bin yield:
T1tttt_1100_875_fast_JERup: 0.00458854 +/- 0.00004783

RA2bin yield:
T1tttt_1100_875_fast_JERdown: 0.00459022 +/- 0.00004789

Warning in <TInterpreter::ReadRootmapFile>: class  TUnfold found in libUnfold.so  is already in libHist.so 
Warning in <TInterpreter::ReadRootmapFile>: class  TUnfoldBinning found in libUnfold.so  is already in libHist.so 
Warning in <TInterpreter::ReadRootmapFile>: class  TUnfoldDensity found in libUnfold.so  is already in libHist.so 
Warning in <TInterpreter::ReadRootmapFile>: class  TUnfoldSys found in libUnfold.so  is already in libHist.so 
hadd Target file: datacards_fast/Combination_NJet3_MHT1_HT2_HTDPhiCut/FullScan/RA2bin_signal_T1tttt_1100_875_fast.root
hadd compression setting for all ouput: 1
hadd Source file 1: datacards_fast/Combination_NJet3_MHT1_HT2_HTDPhiCut/FullScan/RA2bin_signal_T1tttt_1100_875_fast_tmp.root
hadd Source file 2: datacards_fast/Combination_NJet3_MHT1_HT2_HTDPhiCut/FullScan/RA2bin_signal_JECup_T1tttt_1100_875_fast.root
hadd Source file 3: datacards_fast/Combination_NJet3_MHT1_HT2_HTDPhiCut/FullScan/RA2bin_signal_JECdown_T1tttt_1100_875_fast.root
hadd Source file 4: datacards_fast/Combination_NJet3_MHT1_HT2_HTDPhiCut/FullScan/RA2bin_signal_JERup_T1tttt_1100_875_fast.root
hadd Source file 5: datacards_fast/Combination_NJet3_MHT1_HT2_HTDPhiCut/FullScan/RA2bin_signal_JERdown_T1tttt_1100_875_fast.root
hadd Target path: datacards_fast/Combination_NJet3_MHT1_HT2_HTDPhiCut/FullScan/RA2bin_signal_T1tttt_1100_875_fast.root:/
