Warning in <TInterpreter::ReadRootmapFile>: class  TUnfold found in libUnfold.so  is already in libHist.so 
Warning in <TInterpreter::ReadRootmapFile>: class  TUnfoldBinning found in libUnfold.so  is already in libHist.so 
Warning in <TInterpreter::ReadRootmapFile>: class  TUnfoldDensity found in libUnfold.so  is already in libHist.so 
Warning in <TInterpreter::ReadRootmapFile>: class  TUnfoldSys found in libUnfold.so  is already in libHist.so 
Using /uscms/home/aperloff/.rootlogon.C
Loading shared libraries: 
 	 Style: tdrStyle_mod14
 	 CMSSW_BASE: /uscms_data/d2/aperloff/YOURWORKINGAREA/SUSY/slc6/CMSSW_8_0_25
 	 SCRAM_ARCH: slc6_amd64_gcc530
 	 HOME: /uscms/home/aperloff
 	 libFWCoreFWLite
 	 libDataFormatsFWLite
loaded


Processing MakeAllDCsyst.C+(1,"T1tttt_1050_400_fast","root://cmseos.fnal.gov//store/user/lpcsusyhad/SusyRA2Analysis2015/Skims/Run2ProductionV12/scan","Combination_NJet3_MHT1_HT2_HTDPhiCut/FullScan/")...
RA2bin yield:
T1tttt_1050_400_fast_nominal: 0.03054080 +/- 0.00013277
T1tttt_1050_400_fast_scaleuncUp: 0.03058506 +/- 0.00013316
T1tttt_1050_400_fast_scaleuncDown: 0.03050041 +/- 0.00013266
T1tttt_1050_400_fast_isruncUp: 0.03054080 +/- 0.00013277
T1tttt_1050_400_fast_isruncDown: 0.03054080 +/- 0.00013277
T1tttt_1050_400_fast_triguncUp: 0.03060311 +/- 0.00013304
T1tttt_1050_400_fast_triguncDown: 0.03045382 +/- 0.00013240
T1tttt_1050_400_fast_btagSFuncUp: 0.03054078 +/- 0.00013398
T1tttt_1050_400_fast_btagSFuncDown: 0.03054083 +/- 0.00013162
T1tttt_1050_400_fast_mistagSFuncUp: 0.03054080 +/- 0.00013286
T1tttt_1050_400_fast_mistagSFuncDown: 0.03054081 +/- 0.00013269
T1tttt_1050_400_fast_isotrackuncUp: 0.03054080 +/- 0.00013277
T1tttt_1050_400_fast_isotrackuncDown: 0.03054080 +/- 0.00013277
T1tttt_1050_400_fast_lumiuncUp: 0.03054080 +/- 0.00013277
T1tttt_1050_400_fast_lumiuncDown: 0.03054080 +/- 0.00013277

RA2bin yield:
T1tttt_1050_400_fast_JECup: 0.03100693 +/- 0.00013401

RA2bin yield:
T1tttt_1050_400_fast_JECdown: 0.03014740 +/- 0.00013173

RA2bin yield:
T1tttt_1050_400_fast_JERup: 0.03059615 +/- 0.00013291

RA2bin yield:
T1tttt_1050_400_fast_JERdown: 0.03051475 +/- 0.00013272

Warning in <TInterpreter::ReadRootmapFile>: class  TUnfold found in libUnfold.so  is already in libHist.so 
Warning in <TInterpreter::ReadRootmapFile>: class  TUnfoldBinning found in libUnfold.so  is already in libHist.so 
Warning in <TInterpreter::ReadRootmapFile>: class  TUnfoldDensity found in libUnfold.so  is already in libHist.so 
Warning in <TInterpreter::ReadRootmapFile>: class  TUnfoldSys found in libUnfold.so  is already in libHist.so 
hadd Target file: datacards_fast/Combination_NJet3_MHT1_HT2_HTDPhiCut/FullScan/RA2bin_signal_T1tttt_1050_400_fast.root
hadd compression setting for all ouput: 1
hadd Source file 1: datacards_fast/Combination_NJet3_MHT1_HT2_HTDPhiCut/FullScan/RA2bin_signal_T1tttt_1050_400_fast_tmp.root
hadd Source file 2: datacards_fast/Combination_NJet3_MHT1_HT2_HTDPhiCut/FullScan/RA2bin_signal_JECup_T1tttt_1050_400_fast.root
hadd Source file 3: datacards_fast/Combination_NJet3_MHT1_HT2_HTDPhiCut/FullScan/RA2bin_signal_JECdown_T1tttt_1050_400_fast.root
hadd Source file 4: datacards_fast/Combination_NJet3_MHT1_HT2_HTDPhiCut/FullScan/RA2bin_signal_JERup_T1tttt_1050_400_fast.root
hadd Source file 5: datacards_fast/Combination_NJet3_MHT1_HT2_HTDPhiCut/FullScan/RA2bin_signal_JERdown_T1tttt_1050_400_fast.root
hadd Target path: datacards_fast/Combination_NJet3_MHT1_HT2_HTDPhiCut/FullScan/RA2bin_signal_T1tttt_1050_400_fast.root:/
