Warning in <TInterpreter::ReadRootmapFile>: class  TUnfold found in libUnfold.so  is already in libHist.so 
Warning in <TInterpreter::ReadRootmapFile>: class  TUnfoldBinning found in libUnfold.so  is already in libHist.so 
Warning in <TInterpreter::ReadRootmapFile>: class  TUnfoldDensity found in libUnfold.so  is already in libHist.so 
Warning in <TInterpreter::ReadRootmapFile>: class  TUnfoldSys found in libUnfold.so  is already in libHist.so 
Using /uscms/home/aperloff/.rootlogon.C
Loading shared libraries: 
 	 Style: tdrStyle_mod14
 	 CMSSW_BASE: /uscms_data/d2/aperloff/YOURWORKINGAREA/SUSY/slc6/CMSSW_8_0_25
 	 SCRAM_ARCH: slc6_amd64_gcc530
 	 HOME: /uscms/home/aperloff
 	 libFWCoreFWLite
 	 libDataFormatsFWLite
loaded


Processing MakeAllDCsyst.C+(1,"T1tttt_800_500_fast","root://cmseos.fnal.gov//store/user/lpcsusyhad/SusyRA2Analysis2015/Skims/Run2ProductionV12/scan","Combination_NJet3_MHT1_HT2_HTDPhiCut/FullScan/")...
RA2bin yield:
T1tttt_800_500_fast_nominal: 0.02311721 +/- 0.00028232
T1tttt_800_500_fast_scaleuncUp: 0.02364176 +/- 0.00028886
T1tttt_800_500_fast_scaleuncDown: 0.02264447 +/- 0.00027675
T1tttt_800_500_fast_isruncUp: 0.02311721 +/- 0.00028232
T1tttt_800_500_fast_isruncDown: 0.02311721 +/- 0.00028232
T1tttt_800_500_fast_triguncUp: 0.02316600 +/- 0.00028291
T1tttt_800_500_fast_triguncDown: 0.02305175 +/- 0.00028152
T1tttt_800_500_fast_btagSFuncUp: 0.02311721 +/- 0.00028290
T1tttt_800_500_fast_btagSFuncDown: 0.02311721 +/- 0.00028181
T1tttt_800_500_fast_mistagSFuncUp: 0.02311721 +/- 0.00028201
T1tttt_800_500_fast_mistagSFuncDown: 0.02311721 +/- 0.00028263
T1tttt_800_500_fast_isotrackuncUp: 0.02311721 +/- 0.00028232
T1tttt_800_500_fast_isotrackuncDown: 0.02311721 +/- 0.00028232
T1tttt_800_500_fast_lumiuncUp: 0.02311721 +/- 0.00028232
T1tttt_800_500_fast_lumiuncDown: 0.02311721 +/- 0.00028232

RA2bin yield:
T1tttt_800_500_fast_JECup: 0.02360225 +/- 0.00028452

RA2bin yield:
T1tttt_800_500_fast_JECdown: 0.02291391 +/- 0.00028229

RA2bin yield:
T1tttt_800_500_fast_JERup: 0.02331720 +/- 0.00028379

RA2bin yield:
T1tttt_800_500_fast_JERdown: 0.02314664 +/- 0.00028248

Warning in <TInterpreter::ReadRootmapFile>: class  TUnfold found in libUnfold.so  is already in libHist.so 
Warning in <TInterpreter::ReadRootmapFile>: class  TUnfoldBinning found in libUnfold.so  is already in libHist.so 
Warning in <TInterpreter::ReadRootmapFile>: class  TUnfoldDensity found in libUnfold.so  is already in libHist.so 
Warning in <TInterpreter::ReadRootmapFile>: class  TUnfoldSys found in libUnfold.so  is already in libHist.so 
hadd Target file: datacards_fast/Combination_NJet3_MHT1_HT2_HTDPhiCut/FullScan/RA2bin_signal_T1tttt_800_500_fast.root
hadd compression setting for all ouput: 1
hadd Source file 1: datacards_fast/Combination_NJet3_MHT1_HT2_HTDPhiCut/FullScan/RA2bin_signal_T1tttt_800_500_fast_tmp.root
hadd Source file 2: datacards_fast/Combination_NJet3_MHT1_HT2_HTDPhiCut/FullScan/RA2bin_signal_JECup_T1tttt_800_500_fast.root
hadd Source file 3: datacards_fast/Combination_NJet3_MHT1_HT2_HTDPhiCut/FullScan/RA2bin_signal_JECdown_T1tttt_800_500_fast.root
hadd Source file 4: datacards_fast/Combination_NJet3_MHT1_HT2_HTDPhiCut/FullScan/RA2bin_signal_JERup_T1tttt_800_500_fast.root
hadd Source file 5: datacards_fast/Combination_NJet3_MHT1_HT2_HTDPhiCut/FullScan/RA2bin_signal_JERdown_T1tttt_800_500_fast.root
hadd Target path: datacards_fast/Combination_NJet3_MHT1_HT2_HTDPhiCut/FullScan/RA2bin_signal_T1tttt_800_500_fast.root:/
