Warning in <TInterpreter::ReadRootmapFile>: class  TUnfold found in libUnfold.so  is already in libHist.so 
Warning in <TInterpreter::ReadRootmapFile>: class  TUnfoldBinning found in libUnfold.so  is already in libHist.so 
Warning in <TInterpreter::ReadRootmapFile>: class  TUnfoldDensity found in libUnfold.so  is already in libHist.so 
Warning in <TInterpreter::ReadRootmapFile>: class  TUnfoldSys found in libUnfold.so  is already in libHist.so 
Using /uscms/home/aperloff/.rootlogon.C
Loading shared libraries: 
 	 Style: tdrStyle_mod14
 	 CMSSW_BASE: /uscms_data/d2/aperloff/YOURWORKINGAREA/SUSY/slc6/CMSSW_8_0_25
 	 SCRAM_ARCH: slc6_amd64_gcc530
 	 HOME: /uscms/home/aperloff
 	 libFWCoreFWLite
 	 libDataFormatsFWLite
loaded


Processing MakeAllDCsyst.C+(1,"T1tttt_900_400_fast","root://cmseos.fnal.gov//store/user/lpcsusyhad/SusyRA2Analysis2015/Skims/Run2ProductionV12/scan","Combination_NJet3_MHT1_HT2_HTDPhiCut/FullScan/")...
RA2bin yield:
T1tttt_900_400_fast_nominal: 0.04057661 +/- 0.00025971
T1tttt_900_400_fast_scaleuncUp: 0.04086428 +/- 0.00026188
T1tttt_900_400_fast_scaleuncDown: 0.04031678 +/- 0.00025819
T1tttt_900_400_fast_isruncUp: 0.04057661 +/- 0.00025971
T1tttt_900_400_fast_isruncDown: 0.04057661 +/- 0.00025971
T1tttt_900_400_fast_triguncUp: 0.04065614 +/- 0.00026022
T1tttt_900_400_fast_triguncDown: 0.04046893 +/- 0.00025903
T1tttt_900_400_fast_btagSFuncUp: 0.04057658 +/- 0.00026193
T1tttt_900_400_fast_btagSFuncDown: 0.04057664 +/- 0.00025760
T1tttt_900_400_fast_mistagSFuncUp: 0.04057661 +/- 0.00025984
T1tttt_900_400_fast_mistagSFuncDown: 0.04057662 +/- 0.00025959
T1tttt_900_400_fast_isotrackuncUp: 0.04057661 +/- 0.00025971
T1tttt_900_400_fast_isotrackuncDown: 0.04057661 +/- 0.00025971
T1tttt_900_400_fast_lumiuncUp: 0.04057661 +/- 0.00025971
T1tttt_900_400_fast_lumiuncDown: 0.04057661 +/- 0.00025971

RA2bin yield:
T1tttt_900_400_fast_JECup: 0.04206689 +/- 0.00026487

RA2bin yield:
T1tttt_900_400_fast_JECdown: 0.03942551 +/- 0.00025566

RA2bin yield:
T1tttt_900_400_fast_JERup: 0.04072195 +/- 0.00026016

RA2bin yield:
T1tttt_900_400_fast_JERdown: 0.04051856 +/- 0.00025956

Warning in <TInterpreter::ReadRootmapFile>: class  TUnfold found in libUnfold.so  is already in libHist.so 
Warning in <TInterpreter::ReadRootmapFile>: class  TUnfoldBinning found in libUnfold.so  is already in libHist.so 
Warning in <TInterpreter::ReadRootmapFile>: class  TUnfoldDensity found in libUnfold.so  is already in libHist.so 
Warning in <TInterpreter::ReadRootmapFile>: class  TUnfoldSys found in libUnfold.so  is already in libHist.so 
hadd Target file: datacards_fast/Combination_NJet3_MHT1_HT2_HTDPhiCut/FullScan/RA2bin_signal_T1tttt_900_400_fast.root
hadd compression setting for all ouput: 1
hadd Source file 1: datacards_fast/Combination_NJet3_MHT1_HT2_HTDPhiCut/FullScan/RA2bin_signal_T1tttt_900_400_fast_tmp.root
hadd Source file 2: datacards_fast/Combination_NJet3_MHT1_HT2_HTDPhiCut/FullScan/RA2bin_signal_JECup_T1tttt_900_400_fast.root
hadd Source file 3: datacards_fast/Combination_NJet3_MHT1_HT2_HTDPhiCut/FullScan/RA2bin_signal_JECdown_T1tttt_900_400_fast.root
hadd Source file 4: datacards_fast/Combination_NJet3_MHT1_HT2_HTDPhiCut/FullScan/RA2bin_signal_JERup_T1tttt_900_400_fast.root
hadd Source file 5: datacards_fast/Combination_NJet3_MHT1_HT2_HTDPhiCut/FullScan/RA2bin_signal_JERdown_T1tttt_900_400_fast.root
hadd Target path: datacards_fast/Combination_NJet3_MHT1_HT2_HTDPhiCut/FullScan/RA2bin_signal_T1tttt_900_400_fast.root:/
