Warning in <TInterpreter::ReadRootmapFile>: class  TUnfold found in libUnfold.so  is already in libHist.so 
Warning in <TInterpreter::ReadRootmapFile>: class  TUnfoldBinning found in libUnfold.so  is already in libHist.so 
Warning in <TInterpreter::ReadRootmapFile>: class  TUnfoldDensity found in libUnfold.so  is already in libHist.so 
Warning in <TInterpreter::ReadRootmapFile>: class  TUnfoldSys found in libUnfold.so  is already in libHist.so 
Using /uscms/home/aperloff/.rootlogon.C
Loading shared libraries: 
 	 Style: tdrStyle_mod14
 	 CMSSW_BASE: /uscms_data/d2/aperloff/YOURWORKINGAREA/SUSY/slc6/CMSSW_8_0_25
 	 SCRAM_ARCH: slc6_amd64_gcc530
 	 HOME: /uscms/home/aperloff
 	 libFWCoreFWLite
 	 libDataFormatsFWLite
loaded


Processing MakeAllDCsyst.C+(1,"T1tttt_750_450_fast","root://cmseos.fnal.gov//store/user/lpcsusyhad/SusyRA2Analysis2015/Skims/Run2ProductionV12/scan","Combination_NJet3_MHT1_HT2_HTDPhiCut/FullScan/")...
RA2bin yield:
T1tttt_750_450_fast_nominal: 0.03102435 +/- 0.00040856
T1tttt_750_450_fast_scaleuncUp: 0.03178402 +/- 0.00041879
T1tttt_750_450_fast_scaleuncDown: 0.03034895 +/- 0.00040000
T1tttt_750_450_fast_isruncUp: 0.03102435 +/- 0.00040856
T1tttt_750_450_fast_isruncDown: 0.03102435 +/- 0.00040856
T1tttt_750_450_fast_triguncUp: 0.03109153 +/- 0.00040944
T1tttt_750_450_fast_triguncDown: 0.03093444 +/- 0.00040739
T1tttt_750_450_fast_btagSFuncUp: 0.03102435 +/- 0.00040939
T1tttt_750_450_fast_btagSFuncDown: 0.03102436 +/- 0.00040784
T1tttt_750_450_fast_mistagSFuncUp: 0.03102433 +/- 0.00040807
T1tttt_750_450_fast_mistagSFuncDown: 0.03102437 +/- 0.00040907
T1tttt_750_450_fast_isotrackuncUp: 0.03102435 +/- 0.00040856
T1tttt_750_450_fast_isotrackuncDown: 0.03102435 +/- 0.00040856
T1tttt_750_450_fast_lumiuncUp: 0.03102435 +/- 0.00040856
T1tttt_750_450_fast_lumiuncDown: 0.03102435 +/- 0.00040856

RA2bin yield:
T1tttt_750_450_fast_JECup: 0.03182194 +/- 0.00041289

RA2bin yield:
T1tttt_750_450_fast_JECdown: 0.03068126 +/- 0.00040741

RA2bin yield:
T1tttt_750_450_fast_JERup: 0.03139722 +/- 0.00041108

RA2bin yield:
T1tttt_750_450_fast_JERdown: 0.03096174 +/- 0.00040823

Warning in <TInterpreter::ReadRootmapFile>: class  TUnfold found in libUnfold.so  is already in libHist.so 
Warning in <TInterpreter::ReadRootmapFile>: class  TUnfoldBinning found in libUnfold.so  is already in libHist.so 
Warning in <TInterpreter::ReadRootmapFile>: class  TUnfoldDensity found in libUnfold.so  is already in libHist.so 
Warning in <TInterpreter::ReadRootmapFile>: class  TUnfoldSys found in libUnfold.so  is already in libHist.so 
hadd Target file: datacards_fast/Combination_NJet3_MHT1_HT2_HTDPhiCut/FullScan/RA2bin_signal_T1tttt_750_450_fast.root
hadd compression setting for all ouput: 1
hadd Source file 1: datacards_fast/Combination_NJet3_MHT1_HT2_HTDPhiCut/FullScan/RA2bin_signal_T1tttt_750_450_fast_tmp.root
hadd Source file 2: datacards_fast/Combination_NJet3_MHT1_HT2_HTDPhiCut/FullScan/RA2bin_signal_JECup_T1tttt_750_450_fast.root
hadd Source file 3: datacards_fast/Combination_NJet3_MHT1_HT2_HTDPhiCut/FullScan/RA2bin_signal_JECdown_T1tttt_750_450_fast.root
hadd Source file 4: datacards_fast/Combination_NJet3_MHT1_HT2_HTDPhiCut/FullScan/RA2bin_signal_JERup_T1tttt_750_450_fast.root
hadd Source file 5: datacards_fast/Combination_NJet3_MHT1_HT2_HTDPhiCut/FullScan/RA2bin_signal_JERdown_T1tttt_750_450_fast.root
hadd Target path: datacards_fast/Combination_NJet3_MHT1_HT2_HTDPhiCut/FullScan/RA2bin_signal_T1tttt_750_450_fast.root:/
