Warning in <TInterpreter::ReadRootmapFile>: class  TUnfold found in libUnfold.so  is already in libHist.so 
Warning in <TInterpreter::ReadRootmapFile>: class  TUnfoldBinning found in libUnfold.so  is already in libHist.so 
Warning in <TInterpreter::ReadRootmapFile>: class  TUnfoldDensity found in libUnfold.so  is already in libHist.so 
Warning in <TInterpreter::ReadRootmapFile>: class  TUnfoldSys found in libUnfold.so  is already in libHist.so 
Using /uscms/home/aperloff/.rootlogon.C
Loading shared libraries: 
 	 Style: tdrStyle_mod14
 	 CMSSW_BASE: /uscms_data/d2/aperloff/YOURWORKINGAREA/SUSY/slc6/CMSSW_8_0_25
 	 SCRAM_ARCH: slc6_amd64_gcc530
 	 HOME: /uscms/home/aperloff
 	 libFWCoreFWLite
 	 libDataFormatsFWLite
loaded


Processing MakeAllDCsyst.C+(1,"T1tttt_950_400_fast","root://cmseos.fnal.gov//store/user/lpcsusyhad/SusyRA2Analysis2015/Skims/Run2ProductionV12/scan","Combination_NJet3_MHT1_HT2_HTDPhiCut/FullScan/")...
RA2bin yield:
T1tttt_950_400_fast_nominal: 0.04049138 +/- 0.00022194
T1tttt_950_400_fast_scaleuncUp: 0.04066112 +/- 0.00022321
T1tttt_950_400_fast_scaleuncDown: 0.04033982 +/- 0.00022120
T1tttt_950_400_fast_isruncUp: 0.04049138 +/- 0.00022194
T1tttt_950_400_fast_isruncDown: 0.04049138 +/- 0.00022194
T1tttt_950_400_fast_triguncUp: 0.04057157 +/- 0.00022238
T1tttt_950_400_fast_triguncDown: 0.04038166 +/- 0.00022134
T1tttt_950_400_fast_btagSFuncUp: 0.04049127 +/- 0.00022388
T1tttt_950_400_fast_btagSFuncDown: 0.04049148 +/- 0.00022009
T1tttt_950_400_fast_mistagSFuncUp: 0.04049138 +/- 0.00022206
T1tttt_950_400_fast_mistagSFuncDown: 0.04049138 +/- 0.00022183
T1tttt_950_400_fast_isotrackuncUp: 0.04049138 +/- 0.00022194
T1tttt_950_400_fast_isotrackuncDown: 0.04049138 +/- 0.00022194
T1tttt_950_400_fast_lumiuncUp: 0.04049138 +/- 0.00022194
T1tttt_950_400_fast_lumiuncDown: 0.04049138 +/- 0.00022194

RA2bin yield:
T1tttt_950_400_fast_JECup: 0.04136952 +/- 0.00022472

RA2bin yield:
T1tttt_950_400_fast_JECdown: 0.03942684 +/- 0.00021866

RA2bin yield:
T1tttt_950_400_fast_JERup: 0.04051733 +/- 0.00022190

RA2bin yield:
T1tttt_950_400_fast_JERdown: 0.04035475 +/- 0.00022157

Warning in <TInterpreter::ReadRootmapFile>: class  TUnfold found in libUnfold.so  is already in libHist.so 
Warning in <TInterpreter::ReadRootmapFile>: class  TUnfoldBinning found in libUnfold.so  is already in libHist.so 
Warning in <TInterpreter::ReadRootmapFile>: class  TUnfoldDensity found in libUnfold.so  is already in libHist.so 
Warning in <TInterpreter::ReadRootmapFile>: class  TUnfoldSys found in libUnfold.so  is already in libHist.so 
hadd Target file: datacards_fast/Combination_NJet3_MHT1_HT2_HTDPhiCut/FullScan/RA2bin_signal_T1tttt_950_400_fast.root
hadd compression setting for all ouput: 1
hadd Source file 1: datacards_fast/Combination_NJet3_MHT1_HT2_HTDPhiCut/FullScan/RA2bin_signal_T1tttt_950_400_fast_tmp.root
hadd Source file 2: datacards_fast/Combination_NJet3_MHT1_HT2_HTDPhiCut/FullScan/RA2bin_signal_JECup_T1tttt_950_400_fast.root
hadd Source file 3: datacards_fast/Combination_NJet3_MHT1_HT2_HTDPhiCut/FullScan/RA2bin_signal_JECdown_T1tttt_950_400_fast.root
hadd Source file 4: datacards_fast/Combination_NJet3_MHT1_HT2_HTDPhiCut/FullScan/RA2bin_signal_JERup_T1tttt_950_400_fast.root
hadd Source file 5: datacards_fast/Combination_NJet3_MHT1_HT2_HTDPhiCut/FullScan/RA2bin_signal_JERdown_T1tttt_950_400_fast.root
hadd Target path: datacards_fast/Combination_NJet3_MHT1_HT2_HTDPhiCut/FullScan/RA2bin_signal_T1tttt_950_400_fast.root:/
